#Build: Fabric Compiler 2021.4-SP1.2, Build 96435, May 30 04:40 2022
#Install: J:\PDS_2021.4\pango\PDS_2021.4-SP1.2\bin
#Application name: pds_shell.exe
#OS: Windows 7sp1 6.1.7601
#Hostname: USER-20180123QP
Generated by Fabric Compiler (version 2021.4-SP1.2 build 96435) at Wed Jul  6 11:55:28 2022
Compiling verification operator library.
Compiling common defs.
Loading technology operator library.
Compiling technology operator library.
Compiling technology operator (valence) library.
Compiling operator packing rules.
Compiling prim grid devices.
Compiling gate devices.
Compiling gate operators.
Compiling tech operator impls.
Building architecture model.
Loading device packaging model.
I: Parameter configuration file J:/pds/bc/ip_2port_ram/prj/testparam.txt cannot open.
Reading design from translate DB.
License checkout: fabric_inserter
Generating cores. Please be patient as this can take several minutes...
  >Generating core DebugCore0...
  >Running ADS for debugcore...
  >Making net connections...
Core Insertion Complete.
Flattening design 'ip_2port_ram'
W: Public-4008: Instance 'u_CORES/u_debug_core_0/u_hub_data_decode/conf_rden[1]' of 'GTP_DFF_C' unit is dangling and will be cleaned.
W: Public-4008: Instance 'u_CORES/u_debug_core_0/u_hub_data_decode/conf_rden[2]' of 'GTP_DFF_C' unit is dangling and will be cleaned.
W: Public-4008: Instance 'u_CORES/u_debug_core_0/u_hub_data_decode/conf_rden[3]' of 'GTP_DFF_C' unit is dangling and will be cleaned.
W: Public-4008: Instance 'u_CORES/u_debug_core_0/u_hub_data_decode/conf_rden[4]' of 'GTP_DFF_C' unit is dangling and will be cleaned.
W: Public-4008: Instance 'u_CORES/u_debug_core_0/u_hub_data_decode/conf_rden[5]' of 'GTP_DFF_C' unit is dangling and will be cleaned.
W: Public-4008: Instance 'u_CORES/u_debug_core_0/u_hub_data_decode/conf_rden[6]' of 'GTP_DFF_C' unit is dangling and will be cleaned.
W: Public-4008: Instance 'u_CORES/u_debug_core_0/u_hub_data_decode/conf_rden[7]' of 'GTP_DFF_C' unit is dangling and will be cleaned.
W: Public-4008: Instance 'u_CORES/u_debug_core_0/u_hub_data_decode/conf_rden[8]' of 'GTP_DFF_C' unit is dangling and will be cleaned.
W: Public-4008: Instance 'u_CORES/u_debug_core_0/u_hub_data_decode/conf_rden[9]' of 'GTP_DFF_C' unit is dangling and will be cleaned.
W: Public-4008: Instance 'u_CORES/u_debug_core_0/u_hub_data_decode/conf_rden[10]' of 'GTP_DFF_C' unit is dangling and will be cleaned.
W: Public-4008: Instance 'u_CORES/u_debug_core_0/u_hub_data_decode/conf_rden[11]' of 'GTP_DFF_C' unit is dangling and will be cleaned.
W: Public-4008: Instance 'u_CORES/u_debug_core_0/u_hub_data_decode/conf_rden[12]' of 'GTP_DFF_C' unit is dangling and will be cleaned.
W: Public-4008: Instance 'u_CORES/u_debug_core_0/u_hub_data_decode/conf_rden[13]' of 'GTP_DFF_C' unit is dangling and will be cleaned.
W: Public-4008: Instance 'u_CORES/u_debug_core_0/u_hub_data_decode/conf_rden[14]' of 'GTP_DFF_C' unit is dangling and will be cleaned.
W: Public-4008: Instance 'u_CORES/u_debug_core_0/u_hub_data_decode/conf_rden[15]' of 'GTP_DFF_C' unit is dangling and will be cleaned.
W: Public-4008: Instance 'u_CORES/u_debug_core_0/u_hub_data_decode/conf_rden[17]' of 'GTP_DFF_C' unit is dangling and will be cleaned.
W: Public-4008: Instance 'u_CORES/u_debug_core_0/u_hub_data_decode/conf_rden[19]' of 'GTP_DFF_C' unit is dangling and will be cleaned.
W: Public-4008: Instance 'u_CORES/u_debug_core_0/u_hub_data_decode/conf_sel_int[1]' of 'GTP_DFF_C' unit is dangling and will be cleaned.
W: Public-4008: Instance 'u_CORES/u_debug_core_0/u_hub_data_decode/conf_sel_int[2]' of 'GTP_DFF_C' unit is dangling and will be cleaned.
W: Public-4008: Instance 'u_CORES/u_debug_core_0/u_hub_data_decode/conf_sel_int[3]' of 'GTP_DFF_C' unit is dangling and will be cleaned.
W: Public-4008: Instance 'u_CORES/u_debug_core_0/u_hub_data_decode/conf_sel_int[4]' of 'GTP_DFF_C' unit is dangling and will be cleaned.
W: Public-4008: Instance 'u_CORES/u_debug_core_0/u_hub_data_decode/conf_sel_int[5]' of 'GTP_DFF_C' unit is dangling and will be cleaned.
W: Public-4008: Instance 'u_CORES/u_debug_core_0/u_hub_data_decode/conf_sel_int[6]' of 'GTP_DFF_C' unit is dangling and will be cleaned.
W: Public-4008: Instance 'u_CORES/u_debug_core_0/u_hub_data_decode/conf_sel_int[7]' of 'GTP_DFF_C' unit is dangling and will be cleaned.
W: Public-4008: Instance 'u_CORES/u_debug_core_0/u_hub_data_decode/conf_sel_int[8]' of 'GTP_DFF_C' unit is dangling and will be cleaned.
W: Public-4008: Instance 'u_CORES/u_debug_core_0/u_hub_data_decode/conf_sel_int[9]' of 'GTP_DFF_C' unit is dangling and will be cleaned.
W: Public-4008: Instance 'u_CORES/u_debug_core_0/u_hub_data_decode/conf_sel_int[10]' of 'GTP_DFF_C' unit is dangling and will be cleaned.
W: Public-4008: Instance 'u_CORES/u_debug_core_0/u_hub_data_decode/conf_sel_int[11]' of 'GTP_DFF_C' unit is dangling and will be cleaned.
W: Public-4008: Instance 'u_CORES/u_debug_core_0/u_hub_data_decode/conf_sel_int[12]' of 'GTP_DFF_C' unit is dangling and will be cleaned.
W: Public-4008: Instance 'u_CORES/u_debug_core_0/u_hub_data_decode/conf_sel_int[13]' of 'GTP_DFF_C' unit is dangling and will be cleaned.
W: Public-4008: Instance 'u_CORES/u_debug_core_0/u_hub_data_decode/conf_sel_int[14]' of 'GTP_DFF_C' unit is dangling and will be cleaned.
W: Public-4008: Instance 'u_CORES/u_debug_core_0/u_hub_data_decode/conf_sel_int[15]' of 'GTP_DFF_C' unit is dangling and will be cleaned.
W: Public-4008: Instance 'u_CORES/u_debug_core_0/u_hub_data_decode/conf_sel_int[17]' of 'GTP_DFF_C' unit is dangling and will be cleaned.
W: Public-4008: Instance 'u_CORES/u_debug_core_0/u_hub_data_decode/conf_sel_int[19]' of 'GTP_DFF_C' unit is dangling and will be cleaned.
Device mapping started.
Optimizing circuit logic.
Checking design netlist.
Processing tech operator.
I: The instance clkbufg_3(GTP_CLKBUFG) has been inserted on the net u_CORES/capt_o in design, driver pin CAPDR(instance u_CORES/u_GTP_SCANCHAIN_PG) -> load pin CLK(instance u_CORES/u_debug_core_0/u_hub_data_decode/id_sample.conf_id[0]).
I: The instance clkbufg_4(GTP_CLKBUFG) has been inserted on the net nt_clk_25m in design, driver pin CLKOUT1(instance u_pll_clk/u_pll_e1) -> load pin CLKB(instance ram_2port_inst/U_ipml_sdpram_ram_2port/ADDR_LOOP[0].DATA_LOOP[0].U_GTP_DRM9K).
I: The instance clkbufg_5(GTP_CLKBUFG) has been inserted on the net nt_clk_50m in design, driver pin CLKOUT0(instance u_pll_clk/u_pll_e1) -> load pin CLKA(instance ram_2port_inst/U_ipml_sdpram_ram_2port/ADDR_LOOP[0].DATA_LOOP[0].U_GTP_DRM9K).
I: The instance clkbufg_6(GTP_CLKBUFG) has been inserted on the net u_CORES/drck_o in design, driver pin TCK_USER(instance u_CORES/u_GTP_SCANCHAIN_PG) -> load pin CLK(instance u_CORES/u_debug_core_0/u0_trig_unit/conf_reg[0]).
I: The instance clkbufg_7(GTP_CLKBUFG) has been inserted on the net nt_sys_clk in design, driver pin O(instance sys_clk_ibuf) -> load pin CLK(instance u_CORES/u_debug_core_0/DATA_ff[0][0]).
Converting tech operator to gate operator.
Processing gate operator.
I: Infer CARRY group, base inst: u_ram_rd/N15_1_1/gateop, insts:5.
I: Infer CARRY group, base inst: u_ram_wr/N15_1_0/gateop, insts:6.
I: Infer CARRY group, base inst: u_ram_wr/N30_1_1/gateop, insts:7.
I: Infer CARRY group, base inst: u_CORES/u_debug_core_0/u_Storage_Condition/N257_1_0/gateop, insts:11.
I: Infer CARRY group, base inst: u_CORES/u_debug_core_0/u_Storage_Condition/N276_1.fsub_1/gateop, insts:10.
I: Infer CARRY group, base inst: u_CORES/u_debug_core_0/u_Storage_Condition/N309_1_1/gateop, insts:10.
I: Infer CARRY group, base inst: u_CORES/u_debug_core_0/u_Storage_Condition/N318_1_1/gateop, insts:10.
I: Infer CARRY group, base inst: u_CORES/u_debug_core_0/u_rd_addr_gen/N2_1_1/gateop, insts:7.
I: Infer CARRY group, base inst: u_CORES/u_debug_core_0/u_rd_addr_gen/N38_1_1/gateop, insts:10.
I: Infer CARRY group, base inst: u_CORES/u_debug_core_0/u0_trig_unit/u_cfg_reg_file/N164_1_1/gateop, insts:6.
Device mapping done.
Total device mapping takes 0.25 sec.

Device Utilization Summary:
+-------------------------------------------------------------------------+
| Logic Utilization     | Used     | Available     | Utilization(%)     
+-------------------------------------------------------------------------+
| APM                   | 0        | 30            | 0                   
| IOCKDLY               | 0        | 24            | 0                   
| FF                    | 667      | 26304         | 3                   
| LUT                   | 655      | 17536         | 4                   
| Distributed RAM       | 0        | 4440          | 0                   
| DLL                   | 0        | 6             | 0                   
| DQSL                  | 0        | 18            | 0                   
| DRM                   | 4.5      | 48            | 10                  
| FUSECODE              | 0        | 1             | 0                   
| IO                    | 33       | 240           | 14                  
| IOCKDIV               | 0        | 12            | 0                   
| IOCKGATE              | 0        | 12            | 0                   
| IPAL                  | 0        | 1             | 0                   
| PLL                   | 1        | 6             | 17                  
| RCKB                  | 0        | 24            | 0                   
| SCANCHAIN             | 1        | 4             | 25                  
| START                 | 0        | 1             | 0                   
| USCM                  | 5        | 20            | 25                  
| HMEMC                 | 0        | 2             | 0                   
| OSC                   | 0        | 1             | 0                   
| ADC                   | 0        | 1             | 0                   
| CRYSTAL               | 0        | 6             | 0                   
| FLSIF                 | 0        | 1             | 0                   
| RESCAL                | 0        | 6             | 0                   
| UDID                  | 0        | 1             | 0                   
+-------------------------------------------------------------------------+

Design 'ip_2port_ram' has been successfully mapped to architecture-specific objects.
Saving design to DB.
W: Public-4010: Pcf file J:/pds/bc/ip_2port_ram/prj/device_map/ip_2port_ram.pcf has been covered.
Action dev_map: Real time elapsed is 19.000 sec
Action dev_map: CPU time elapsed is 4.430 sec
Action dev_map: Process CPU time elapsed is 4.430 sec
Current time: Wed Jul  6 11:55:45 2022
Action dev_map: Peak memory pool usage is 205,889,536 bytes
