#Build: Fabric Compiler 2022.1, Build 99559, Jul 12 00:20 2022
#Install: E:\PDS_2022.1\Pango\PDS_2022.1\bin
#Application name: pds_shell.exe
#OS: Windows 10 10.0.19044
#Hostname: DESKTOP-HFJ50FN
Generated by Fabric Compiler (version 2022.1 build 99559) at Tue Oct 18 11:06:17 2022
Compiling verification operator library.
Compiling common defs.
Loading technology operator library.
Compiling technology operator library.
Compiling technology operator (valence) library.
Compiling operator packing rules.
Compiling prim grid devices.
Compiling gate devices.
Compiling gate operators.
Compiling tech operator impls.
Building architecture model.
Loading device packaging model.
Reading design from translate DB.
Flattening design 'ip_2port_ram'
Device mapping started.
Optimizing circuit logic.
Checking design netlist.
Processing tech operator.
I: The instance clkbufg_0(GTP_CLKBUFG) has been inserted on the net nt_clk_50m in design, driver pin CLKOUT0(instance u_pll_clk/u_pll_e1) -> load pin CLKA(instance ram_2port_inst/U_ipml_sdpram_ram_2port/ADDR_LOOP[0].DATA_LOOP[0].U_GTP_DRM9K).
I: The instance clkbufg_1(GTP_CLKBUFG) has been inserted on the net nt_clk_25m in design, driver pin CLKOUT1(instance u_pll_clk/u_pll_e1) -> load pin CLKB(instance ram_2port_inst/U_ipml_sdpram_ram_2port/ADDR_LOOP[0].DATA_LOOP[0].U_GTP_DRM9K).
Converting tech operator to gate operator.
Processing gate operator.
I: Infer CARRY group, base inst: u_ram_rd/N15_1_1/gateop, insts:5.
I: Infer CARRY group, base inst: u_ram_wr/N15_1_1/gateop, insts:5.
I: Infer CARRY group, base inst: u_ram_wr/N30_1_1/gateop, insts:7.
Device mapping done.
Total device mapping takes 0.02 sec.

Device Utilization Summary:
+------------------------------------------------------------------------+
| Logic Utilization     | Used     | Available     | Utilization(%)     
+------------------------------------------------------------------------+
| APM                   | 0        | 30            | 0                  
| IOCKDLY               | 0        | 24            | 0                  
| FF                    | 30       | 26304         | 1                  
| LUT                   | 37       | 17536         | 1                  
| Distributed RAM       | 0        | 4440          | 0                  
| DLL                   | 0        | 6             | 0                  
| DQSL                  | 0        | 18            | 0                  
| DRM                   | 0.5      | 48            | 2                  
| FUSECODE              | 0        | 1             | 0                  
| IO                    | 33       | 240           | 14                 
| IOCKDIV               | 0        | 12            | 0                  
| IOCKGATE              | 0        | 12            | 0                  
| IPAL                  | 0        | 1             | 0                  
| PLL                   | 1        | 6             | 17                 
| RCKB                  | 0        | 24            | 0                  
| SCANCHAIN             | 0        | 4             | 0                  
| START                 | 0        | 1             | 0                  
| USCM                  | 2        | 20            | 10                 
| HMEMC                 | 0        | 2             | 0                  
| OSC                   | 0        | 1             | 0                  
| ADC                   | 0        | 1             | 0                  
| CRYSTAL               | 0        | 6             | 0                  
| FLSIF                 | 0        | 1             | 0                  
| RESCAL                | 0        | 6             | 0                  
| UDID                  | 0        | 1             | 0                  
+------------------------------------------------------------------------+

Design 'ip_2port_ram' has been successfully mapped to architecture-specific objects.
Saving design to DB.
W: Public-4010: Pcf file C:/Users/ch/Desktop/2022.1/ip_2port_ram/prj/device_map/ip_2port_ram.pcf has been covered.
Action dev_map: Real time elapsed is 0h:0m:4s
Action dev_map: CPU time elapsed is 0h:0m:2s
Action dev_map: Process CPU time elapsed is 0h:0m:2s
Current time: Tue Oct 18 11:06:19 2022
Action dev_map: Peak memory pool usage is 227 MB
