#Build: Fabric Compiler 2021.4-SP1.2, Build 96435, May 30 04:40 2022
#Install: E:\pango\PDS_2021.4-SP1.2\bin
#Application name: pds_shell.exe
#OS: Windows 10 10.0.19044
#Hostname: DESKTOP-HFJ50FN
Generated by Fabric Compiler (version 2021.4-SP1.2 build 96435) at Wed Sep  7 15:54:00 2022
License checkout: fabric_ads
Compiling verification operator library.
Compiling common defs.
Loading technology operator library.
Compiling technology operator library.
Compiling technology operator (valence) library.
Reading design from compile DB
Reading design from compile DB successfully.
Constraint check start.
Compiling prim grid devices.
Building architecture model.
Loading device packaging model.
Building architecture floorplan logic view.
Executing : get_ports sys_clk
Executing : get_ports sys_clk successfully.
Executing : create_clock -name clk [get_ports sys_clk] -period 20 -waveform {0.000 10.000}
Executing : create_clock -name clk [get_ports sys_clk] -period 20 -waveform {0.000 10.000} successfully.
W: Timing-4106: Can not find the port 'clk_25m_75deg' in the design 'ip_pll'.
E: ConstraintEditor-0046: [C:/Users/ch/Desktop/90/ip_pll/prj/ip_pll.fdc(line number: 19)] Object 'p:clk_25m_75deg' can not be found in current view.
W: Timing-4106: Can not find the port 'clk_25m_75deg' in the design 'ip_pll'.
E: ConstraintEditor-0046: [C:/Users/ch/Desktop/90/ip_pll/prj/ip_pll.fdc(line number: 20)] Object 'p:clk_25m_75deg' can not be found in current view.
W: Timing-4106: Can not find the port 'clk_25m_75deg' in the design 'ip_pll'.
E: ConstraintEditor-0046: [C:/Users/ch/Desktop/90/ip_pll/prj/ip_pll.fdc(line number: 21)] Object 'p:clk_25m_75deg' can not be found in current view.
W: Timing-4106: Can not find the port 'clk_25m_75deg' in the design 'ip_pll'.
E: ConstraintEditor-0046: [C:/Users/ch/Desktop/90/ip_pll/prj/ip_pll.fdc(line number: 22)] Object 'p:clk_25m_75deg' can not be found in current view.
W: Timing-4106: Can not find the port 'clk_25m_75deg' in the design 'ip_pll'.
E: ConstraintEditor-0046: [C:/Users/ch/Desktop/90/ip_pll/prj/ip_pll.fdc(line number: 23)] Object 'p:clk_25m_75deg' can not be found in current view.
W: Timing-4106: Can not find the port 'clk_25m_75deg' in the design 'ip_pll'.
E: ConstraintEditor-0046: [C:/Users/ch/Desktop/90/ip_pll/prj/ip_pll.fdc(line number: 24)] Object 'p:clk_25m_75deg' can not be found in current view.
W: Timing-4106: Can not find the port 'clk_25m_75deg' in the design 'ip_pll'.
E: ConstraintEditor-0046: [C:/Users/ch/Desktop/90/ip_pll/prj/ip_pll.fdc(line number: 25)] Object 'p:clk_25m_75deg' can not be found in current view.
C: ConstraintEditor-2002: [C:/Users/ch/Desktop/90/ip_pll/prj/ip_pll.fdc(line number: 13)] | Port clk_25m has been placed at location G4, whose type is share pin.
C: ConstraintEditor-2002: [C:/Users/ch/Desktop/90/ip_pll/prj/ip_pll.fdc(line number: 27)] | Port clk_50m has been placed at location C1, whose type is share pin.
C: ConstraintEditor-2002: [C:/Users/ch/Desktop/90/ip_pll/prj/ip_pll.fdc(line number: 34)] | Port clk_100m has been placed at location A1, whose type is share pin.
C: ConstraintEditor-2002: [C:/Users/ch/Desktop/90/ip_pll/prj/ip_pll.fdc(line number: 41)] | Port clk_100m_180deg has been placed at location A2, whose type is share pin.
W: ConstraintEditor-4019: Port 'clk_25m_75' unspecified I/O constraint.
W: ConstraintEditor-4019: Port 'locked' unspecified I/O constraint.
Constraint check end.
Action synthesize: Real time elapsed is 3.000 sec
Action synthesize: CPU time elapsed is 2.094 sec
Action synthesize: Process CPU time elapsed is 2.094 sec
Current time: Wed Sep  7 15:54:02 2022
Action synthesize: Peak memory pool usage is 169,447,424 bytes
