#Build: Fabric Compiler 2022.1, Build 99559, Jul 12 00:20 2022
#Install: E:\PDS_2022.1\Pango\PDS_2022.1\bin
#Application name: pds_shell.exe
#OS: Windows 10 10.0.19044
#Hostname: DESKTOP-HFJ50FN
Generated by Fabric Compiler (version 2022.1 build 99559) at Tue Oct 18 10:21:24 2022
Compiling verification operator library.
Compiling common defs.
Compiling prim grid devices.
Compiling gate devices.
Compiling gate operators.
Building architecture model.
Loading device packaging model.
Building architecture floorplan logic view.
Constraint check start.
Executing : def_port {sys_clk} LOC=B5 VCCIO=3.3 IOSTANDARD=LVCMOS33 NONE=TRUE
Executing : def_port {sys_clk} LOC=B5 VCCIO=3.3 IOSTANDARD=LVCMOS33 NONE=TRUE successfully
Executing : def_port {sys_rst_n} LOC=G5 VCCIO=1.5 IOSTANDARD=LVCMOS15 NONE=TRUE
Executing : def_port {sys_rst_n} LOC=G5 VCCIO=1.5 IOSTANDARD=LVCMOS15 NONE=TRUE successfully
W: ConstraintEditor-4019: Port 'addra[0]' unspecified I/O constraint.
W: ConstraintEditor-4019: Port 'addra[1]' unspecified I/O constraint.
W: ConstraintEditor-4019: Port 'addra[2]' unspecified I/O constraint.
W: ConstraintEditor-4019: Port 'addra[3]' unspecified I/O constraint.
W: ConstraintEditor-4019: Port 'addra[4]' unspecified I/O constraint.
W: ConstraintEditor-4019: Port 'dina[0]' unspecified I/O constraint.
W: ConstraintEditor-4019: Port 'dina[1]' unspecified I/O constraint.
W: ConstraintEditor-4019: Port 'dina[2]' unspecified I/O constraint.
W: ConstraintEditor-4019: Port 'dina[3]' unspecified I/O constraint.
W: ConstraintEditor-4019: Port 'dina[4]' unspecified I/O constraint.
W: ConstraintEditor-4019: Port 'dina[5]' unspecified I/O constraint.
W: ConstraintEditor-4019: Port 'dina[6]' unspecified I/O constraint.
W: ConstraintEditor-4019: Port 'dina[7]' unspecified I/O constraint.
W: ConstraintEditor-4019: Port 'douta[0]' unspecified I/O constraint.
W: ConstraintEditor-4019: Port 'douta[1]' unspecified I/O constraint.
W: ConstraintEditor-4019: Port 'douta[2]' unspecified I/O constraint.
W: ConstraintEditor-4019: Port 'douta[3]' unspecified I/O constraint.
W: ConstraintEditor-4019: Port 'douta[4]' unspecified I/O constraint.
W: ConstraintEditor-4019: Port 'douta[5]' unspecified I/O constraint.
W: ConstraintEditor-4019: Port 'douta[6]' unspecified I/O constraint.
W: ConstraintEditor-4019: Port 'douta[7]' unspecified I/O constraint.
W: ConstraintEditor-4019: Port 'ena' unspecified I/O constraint.
W: ConstraintEditor-4019: Port 'wea' unspecified I/O constraint.
Constraint check end.
I: Column Clock Check close.

Placement started.
Phase 1 Pre global placement started.
Phase 1.1 1st GP placement started.
Design Utilization : 1%.
Wirelength after clock region global placement is 726.
1st GP placement takes 0.47 sec.

Phase 1.2 Clock placement started.
Mapping instance clkbufg_0/gopclkbufg to USCM_74_104.
Clock placement takes 0.05 sec.

Pre global placement takes 1.12 sec.

Phase 2 Global placement started.
Phase 2.1 Fixed placement started.
Placed fixed group with base inst sys_clk_ibuf/opit_1 on IOL_7_298.
Placed fixed group with base inst sys_rst_n_ibuf/opit_1 on IOL_7_241.
Placed fixed instance clkbufg_0/gopclkbufg on USCM_74_104.
Placed fixed instance BKCL_auto_0 on BKCL_2_268.
Placed fixed instance BKCL_auto_1 on BKCL_2_144.
Fixed placement takes 0.00 sec.

Phase 2.2 Process placement started.
Process placement takes 0.00 sec.

Phase 2.3 IO placement started.
IO placement takes 0.02 sec.

Phase 2.4 2nd GP placement started.
Run super clustering :
	Initial slack 16914.
	3 iterations finished.
	Final slack 17897.
Super clustering done.
Design Utilization : 1%.
2nd GP placement takes 0.30 sec.

Wirelength after global placement is 1053.
Global placement takes 0.31 sec.

Phase 3 Post global placement started.
Phase 3.1 Macro cell placement started.
Wirelength after macro cell placement is 1122.
Macro cell placement takes 0.00 sec.

Phase 3.2 3rd GP placement started.
Run super clustering :
	Initial slack 16914.
	3 iterations finished.
	Final slack 17897.
Super clustering done.
Design Utilization : 1%.
3rd GP placement takes 0.30 sec.

Wirelength after post global placement is 986.
Post global placement takes 0.30 sec.

Phase 4 Legalization started.
The average distance in LP is 4.062500.
Wirelength after legalization is 990.
Legalization takes 0.00 sec.

Phase 5 Timing-driven detailed placement started.
Phase 5.1 Replication placement started.
Worst slack before Replication Place is 18505.
Replication placement takes 0.02 sec.

Wirelength after replication placement is 990.
Phase 5.2 DP placement started.
Legalized cost 18505.000000.
The detailed placement ends at 0th iteration.
DP placement takes 0.00 sec.

Wirelength after detailed placement is 990.
Timing-driven detailed placement takes 0.02 sec.

Worst slack is 18505, TNS after placement is 0.
Placement done.
Total placement takes 1.78 sec.
Finished placement. (CPU time elapsed 0h:00m:01s)

Routing started.
Building routing graph takes 0.42 sec.
Worst slack is 18505, TNS before global route is 0.
Processing design graph takes 0.08 sec.
Total memory for routing:
	46.839447 M.
Total nets for routing : 89.
Rcf routing step 1 processed 0 nets, it takes 0.00 sec.
Rcf routing step 2 processed 0 nets, it takes 0.00 sec.
Rcf routing step 3 processed 0 nets, it takes 0.00 sec.
Unrouted nets 0 at the end of iteration 0.
Global Routing step 1 processed 6 nets, it takes 0.02 sec.
Unrouted nets 9 at the end of iteration 0.
Unrouted nets 5 at the end of iteration 1.
Unrouted nets 3 at the end of iteration 2.
Unrouted nets 2 at the end of iteration 3.
Unrouted nets 3 at the end of iteration 4.
Unrouted nets 0 at the end of iteration 5.
Global Routing step 2 processed 18 nets, it takes 0.05 sec.
Unrouted nets 2 at the end of iteration 0.
Unrouted nets 0 at the end of iteration 1.
Global Routing step 3 processed 14 nets, it takes 0.00 sec.
Global routing takes 0.06 sec.
Total 104 subnets.
    forward max bucket size 60 , backward 22.
        Unrouted nets 9 at the end of iteration 0.
    route iteration 0, CPU time elapsed 0.000000 sec.
    forward max bucket size 15 , backward 19.
        Unrouted nets 2 at the end of iteration 1.
    route iteration 1, CPU time elapsed 0.000000 sec.
    forward max bucket size 11 , backward 8.
        Unrouted nets 0 at the end of iteration 2.
    route iteration 2, CPU time elapsed 0.000000 sec.
Detailed routing takes 2 iterations
Detailed routing takes 0.00 sec.
Start fix hold violation.
Build tmp routing results takes 0.00 sec.
Timing analysis takes 0.00 sec.
Hold violation fix iter 0 takes 0.00 sec, total_step_forward 3.
Incremental timing analysis takes 0.00 sec.
Hold violation fix iter 1 takes 0.00 sec, total_step_forward 0.
Hold Violation Fix in router takes 2 iterations.
Fix hold violation Finished.
Hold Violation Fix in router takes 0.05 sec.

Dispose routing result:
    Collect routing result.
    Delete unused device instances.
    Annotate routing result.
    Change LUT configuration.
    Dispose misc instances.
    Annotate routing result again.
Finish routing takes 0.02 sec.
Used SRB routing arc is 474.
Cleanup routing takes 0.00 sec.
Routing done.
Total routing takes 0.75 sec.

C: Place-2025: The VCCIO 1.5 in BANK BANKL1 is incompatible.

Device Utilization Summary :
+---------------------------------------------------------------------------+
| Logic Utilization        | Used     | Available     | Utilization(%)     
+---------------------------------------------------------------------------+
| Use of ADC               | 0        | 1             | 0                  
| Use of APM               | 0        | 30            | 0                  
| Use of BKCL              | 2        | 6             | 34                 
| Use of CLMA              | 7        | 3274          | 1                  
|   FF                     | 19       | 19644         | 1                  
|   LUT                    | 24       | 13096         | 1                  
|   LUT-FF pairs           | 9        | 13096         | 1                  
| Use of CLMS              | 0        | 1110          | 0                  
|   FF                     | 0        | 6660          | 0                  
|   LUT                    | 0        | 4440          | 0                  
|   LUT-FF pairs           | 0        | 4440          | 0                  
|   Distributed RAM        | 0        | 4440          | 0                  
| Use of CRYSTAL           | 0        | 6             | 0                  
| Use of DLL               | 0        | 6             | 0                  
| Use of DQSL              | 0        | 18            | 0                  
| Use of DRM               | 0.5      | 48            | 2                  
| Use of FLSIF             | 0        | 1             | 0                  
| Use of FUSECODE          | 0        | 1             | 0                  
| Use of HARD0N1           | 0        | 2745          | 0                  
| Use of HMEMC             | 0        | 2             | 0                  
| Use of IO                | 25       | 240           | 11                 
|   IOBD                   | 13       | 120           | 11                 
|   IOBR                   | 1        | 6             | 17                 
|   IOBS                   | 11       | 114           | 10                 
| Use of IOCKDIV           | 0        | 12            | 0                  
| Use of IOCKDLY           | 0        | 24            | 0                  
| Use of IOCKGATE          | 0        | 12            | 0                  
| Use of IOCKGMUX_TEST     | 0        | 12            | 0                  
| Use of IOL               | 25       | 240           | 11                 
| Use of IPAL              | 0        | 1             | 0                  
| Use of MFG_TEST          | 0        | 1             | 0                  
| Use of OSC               | 0        | 1             | 0                  
| Use of PLL               | 0        | 6             | 0                  
| Use of PREGMUX_TEST      | 0        | 6             | 0                  
| Use of RCKB              | 0        | 24            | 0                  
| Use of RCKBMUX_TEST      | 0        | 12            | 0                  
| Use of RESCAL            | 0        | 6             | 0                  
| Use of SCANCHAIN         | 0        | 4             | 0                  
| Use of START             | 1        | 1             | 100                
| Use of UDID              | 0        | 1             | 0                  
| Use of USCM              | 1        | 20            | 5                  
| Use of USCMMUX_TEST      | 0        | 20            | 0                  
| Use of VCKBMUX_TEST      | 0        | 12            | 0                  
+---------------------------------------------------------------------------+

Finished routing. (CPU time elapsed 0h:00m:00s)
Design 'ip_1port_ram' has been placed and routed successfully.
Saving design to DB.
Finished placement and routing. (CPU time elapsed 0h:00m:05s)
Action pnr: Real time elapsed is 0h:0m:7s
Action pnr: CPU time elapsed is 0h:0m:6s
Action pnr: Process CPU time elapsed is 0h:0m:6s
Current time: Tue Oct 18 10:21:30 2022
Action pnr: Peak memory pool usage is 629 MB
