#Build: Fabric Compiler 2021.4-SP1.2, Build 96435, May 30 04:40 2022
#Install: E:\pango\PDS_2021.4-SP1.2\bin
#Application name: pds_shell.exe
#OS: Windows 10 10.0.19044
#Hostname: DESKTOP-HFJ50FN
Generated by Fabric Compiler (version 2021.4-SP1.2 build 96435) at Wed Sep  7 11:52:11 2022
Compiling verification operator library.
Compiling common defs.
Compiling prim grid devices.
Compiling gate devices.
Compiling gate operators.
Building architecture model.
Loading device packaging model.
I: Parameter configuration file C:/Users/ch/Desktop/90/ip_1port_ram/prj/testparam.txt cannot open.
Building architecture floorplan logic view.
Executing : apply_constraint -f C:/Users/ch/Desktop/90/ip_1port_ram/prj/device_map/ip_1port_ram.pcf
Constraint check start.
Executing : def_port sys_clk -LOC B5 -VCCIO 3.3 -IOSTANDARD LVCMOS33 -BUS_KEEPER NONE
Executing : def_port sys_clk -LOC B5 -VCCIO 3.3 -IOSTANDARD LVCMOS33 -BUS_KEEPER NONE successfully.
Executing : def_port sys_rst_n -LOC G5 -VCCIO 1.5 -IOSTANDARD LVCMOS15 -BUS_KEEPER NONE
Executing : def_port sys_rst_n -LOC G5 -VCCIO 1.5 -IOSTANDARD LVCMOS15 -BUS_KEEPER NONE successfully.
W: ConstraintEditor-4019: Port 'addra_tb[0]' unspecified I/O constraint.
W: ConstraintEditor-4019: Port 'addra_tb[1]' unspecified I/O constraint.
W: ConstraintEditor-4019: Port 'addra_tb[2]' unspecified I/O constraint.
W: ConstraintEditor-4019: Port 'addra_tb[3]' unspecified I/O constraint.
W: ConstraintEditor-4019: Port 'addra_tb[4]' unspecified I/O constraint.
W: ConstraintEditor-4019: Port 'dina_tb[0]' unspecified I/O constraint.
W: ConstraintEditor-4019: Port 'dina_tb[1]' unspecified I/O constraint.
W: ConstraintEditor-4019: Port 'dina_tb[2]' unspecified I/O constraint.
W: ConstraintEditor-4019: Port 'dina_tb[3]' unspecified I/O constraint.
W: ConstraintEditor-4019: Port 'dina_tb[4]' unspecified I/O constraint.
W: ConstraintEditor-4019: Port 'dina_tb[5]' unspecified I/O constraint.
W: ConstraintEditor-4019: Port 'dina_tb[6]' unspecified I/O constraint.
W: ConstraintEditor-4019: Port 'dina_tb[7]' unspecified I/O constraint.
W: ConstraintEditor-4019: Port 'douta_tb[0]' unspecified I/O constraint.
W: ConstraintEditor-4019: Port 'douta_tb[1]' unspecified I/O constraint.
W: ConstraintEditor-4019: Port 'douta_tb[2]' unspecified I/O constraint.
W: ConstraintEditor-4019: Port 'douta_tb[3]' unspecified I/O constraint.
W: ConstraintEditor-4019: Port 'douta_tb[4]' unspecified I/O constraint.
W: ConstraintEditor-4019: Port 'douta_tb[5]' unspecified I/O constraint.
W: ConstraintEditor-4019: Port 'douta_tb[6]' unspecified I/O constraint.
W: ConstraintEditor-4019: Port 'douta_tb[7]' unspecified I/O constraint.
W: ConstraintEditor-4019: Port 'ena_tb' unspecified I/O constraint.
W: ConstraintEditor-4019: Port 'wea_tb' unspecified I/O constraint.
Constraint check end.
Executing : apply_constraint -f C:/Users/ch/Desktop/90/ip_1port_ram/prj/device_map/ip_1port_ram.pcf successfully.
I: Column Clock Check close.

Placement started.
Pre global placement started.
Mapping instance u_CORES/u_GTP_SCANCHAIN_PG/scanchain to SCANCHAIN_48_328.
Wirelength after clock region placement is 3715.
Mapping instance clkbufg_5/gopclkbufg to USCM_74_104.
Mapping instance clkbufg_4/gopclkbufg to USCM_74_105.
Mapping instance clkbufg_3/gopclkbufg to USCM_74_106.
Pre global placement takes 2.20 sec.

Global placement started.
Run super clustering :
	Initial slack 13999.
	3 iterations finished.
	Final slack 15945.
Super clustering done.
Design Utilization : 4%.
Wirelength after global placement is 4205.
Global placement takes 0.30 sec.

Post global placement started.
Placed fixed group with base inst sys_clk_ibuf/opit_1 on IOL_7_298.
Placed fixed group with base inst sys_rst_n_ibuf/opit_1 on IOL_7_241.
Placed fixed instance clkbufg_3/gopclkbufg on USCM_74_106.
Placed fixed instance clkbufg_4/gopclkbufg on USCM_74_105.
Placed fixed instance clkbufg_5/gopclkbufg on USCM_74_104.
Placed fixed instance u_CORES/u_GTP_SCANCHAIN_PG/scanchain on SCANCHAIN_48_328.
Placed fixed instance BKCL_auto_0 on BKCL_2_268.
Placed fixed instance BKCL_auto_1 on BKCL_2_144.
IO placement started.
IO placement takes 0.02 sec.

Macro cell placement started.
Wirelength after Macro cell placement is 5388.
Macro cell placement takes 0.02 sec.

Run super clustering :
	Initial slack 13999.
	3 iterations finished.
	Final slack 15945.
Super clustering done.
Design Utilization : 4%.
Wirelength after post global placement is 4552.
Post global placement takes 0.34 sec.

Legalization started.
Wirelength after legalization is 5130.
Legalization takes 0.03 sec.

Timing-driven detailed placement started.
replication start
Worst slack before Replication Place is 17204.
Wirelength after replication placement is 5130.
Legalized cost 17204.000000.
The detailed placement ends at 0th iteration.
Wirelength after detailed placement is 5130.
Timing-driven detailed placement takes 0.09 sec.

Worst slack is 17204, TNS after placement is 0.
Placement done.
Total placement takes 3.20 sec.
Finished placement. (CPU time elapsed 0h:00m:03s)

Routing started.
Building routing graph takes 0.55 sec.
Worst slack is 17204, TNS before global route is 0.
Processing design graph takes 0.11 sec.
Total memory for routing:
	47.393967 M.
Total nets for routing : 945.
Rcf routing step 1 processed 0 nets, it takes 0.00 sec.
Rcf routing step 2 processed 0 nets, it takes 0.00 sec.
Rcf routing step 3 processed 0 nets, it takes 0.00 sec.
Unrouted nets 0 at the end of iteration 0.
Global Routing step 1 processed 133 nets, it takes 0.00 sec.
Unrouted nets 263 at the end of iteration 0.
Unrouted nets 114 at the end of iteration 1.
Unrouted nets 55 at the end of iteration 2.
Unrouted nets 36 at the end of iteration 3.
Unrouted nets 17 at the end of iteration 4.
Unrouted nets 7 at the end of iteration 5.
Unrouted nets 1 at the end of iteration 6.
Unrouted nets 2 at the end of iteration 7.
Unrouted nets 1 at the end of iteration 8.
Unrouted nets 1 at the end of iteration 9.
Unrouted nets 1 at the end of iteration 10.
Unrouted nets 1 at the end of iteration 11.
Unrouted nets 2 at the end of iteration 12.
Unrouted nets 1 at the end of iteration 13.
Unrouted nets 1 at the end of iteration 14.
Unrouted nets 1 at the end of iteration 15.
Unrouted nets 1 at the end of iteration 16.
Unrouted nets 1 at the end of iteration 17.
Unrouted nets 1 at the end of iteration 18.
Unrouted nets 1 at the end of iteration 19.
Unrouted nets 1 at the end of iteration 20.
Unrouted nets 1 at the end of iteration 21.
Unrouted nets 1 at the end of iteration 22.
Unrouted nets 1 at the end of iteration 23.
Unrouted nets 1 at the end of iteration 24.
Unrouted nets 1 at the end of iteration 25.
Unrouted nets 0 at the end of iteration 26.
Global Routing step 2 processed 353 nets, it takes 0.78 sec.
Unrouted nets 4 at the end of iteration 0.
Unrouted nets 0 at the end of iteration 1.
Global Routing step 3 processed 10 nets, it takes 0.02 sec.
Global routing takes 0.81 sec.
Total 958 subnets.
    forward max bucket size 18521 , backward 145.
        Unrouted nets 408 at the end of iteration 0.
    route iteration 0, CPU time elapsed 0.171875 sec.
    forward max bucket size 18519 , backward 174.
        Unrouted nets 309 at the end of iteration 1.
    route iteration 1, CPU time elapsed 0.171875 sec.
    forward max bucket size 18520 , backward 67.
        Unrouted nets 238 at the end of iteration 2.
    route iteration 2, CPU time elapsed 0.078125 sec.
    forward max bucket size 34 , backward 22.
        Unrouted nets 174 at the end of iteration 3.
    route iteration 3, CPU time elapsed 0.015625 sec.
    forward max bucket size 30 , backward 104.
        Unrouted nets 124 at the end of iteration 4.
    route iteration 4, CPU time elapsed 0.015625 sec.
    forward max bucket size 34 , backward 88.
        Unrouted nets 65 at the end of iteration 5.
    route iteration 5, CPU time elapsed 0.015625 sec.
    forward max bucket size 30 , backward 90.
        Unrouted nets 44 at the end of iteration 6.
    route iteration 6, CPU time elapsed 0.000000 sec.
    forward max bucket size 16 , backward 58.
        Unrouted nets 38 at the end of iteration 7.
    route iteration 7, CPU time elapsed 0.000000 sec.
    forward max bucket size 28 , backward 41.
        Unrouted nets 16 at the end of iteration 8.
    route iteration 8, CPU time elapsed 0.015625 sec.
    forward max bucket size 16 , backward 43.
        Unrouted nets 10 at the end of iteration 9.
    route iteration 9, CPU time elapsed 0.000000 sec.
    forward max bucket size 12 , backward 28.
        Unrouted nets 2 at the end of iteration 10.
    route iteration 10, CPU time elapsed 0.000000 sec.
    forward max bucket size 10 , backward 7.
        Unrouted nets 2 at the end of iteration 11.
    route iteration 11, CPU time elapsed 0.000000 sec.
    forward max bucket size 9 , backward 9.
        Unrouted nets 4 at the end of iteration 12.
    route iteration 12, CPU time elapsed 0.000000 sec.
    forward max bucket size 14 , backward 12.
        Unrouted nets 5 at the end of iteration 13.
    route iteration 13, CPU time elapsed 0.000000 sec.
    forward max bucket size 14 , backward 58.
        Unrouted nets 6 at the end of iteration 14.
    route iteration 14, CPU time elapsed 0.000000 sec.
    forward max bucket size 10 , backward 35.
        Unrouted nets 3 at the end of iteration 15.
    route iteration 15, CPU time elapsed 0.000000 sec.
    forward max bucket size 11 , backward 14.
        Unrouted nets 2 at the end of iteration 16.
    route iteration 16, CPU time elapsed 0.000000 sec.
    forward max bucket size 11 , backward 14.
        Unrouted nets 0 at the end of iteration 17.
    route iteration 17, CPU time elapsed 0.015625 sec.
C: Route-2036: The clock path from u_CORES/u_GTP_SCANCHAIN_PG/scanchain:TCK_USER to clkbufg_4/gopclkbufg:CLK is routed by SRB.
C: Route-2036: The clock path from u_CORES/u_GTP_SCANCHAIN_PG/scanchain:CAPDR to clkbufg_3/gopclkbufg:CLK is routed by SRB.
Detailed routing takes 0.50 sec.
Start fix hold violation.
Build tmp routing results takes 0.02 sec.
Timing analysis takes 0.05 sec.
Hold violation fix iter 0 takes 0.00 sec, total_step_forward 560.
Incremental timing analysis takes 0.05 sec.
Hold violation fix iter 1 takes 0.00 sec, total_step_forward 0.
Fix hold violation Finished.
Hold Violation Fix in router takes 0.22 sec.

Dispose routing result:
    Collect routing result.
    Delete unused device instances.
    Annotate routing result.
    Change LUT configuration.
    Dispose misc instances.
    Annotate routing result again.
Finish routing takes 0.13 sec.
Used srb routing arc is 7451.
Cleanup routing takes 0.02 sec.
Routing done.
Total routing takes 2.48 sec.

C: Place-2025: The VCCIO 1.5 in BANK BANKL1 is incompatible.

Device Utilization Summary :
+----------------------------------------------------------------------------+
| Logic Utilization        | Used     | Available     | Utilization(%)     
+----------------------------------------------------------------------------+
| Use of ADC               | 0        | 1             | 0                   
| Use of APM               | 0        | 30            | 0                   
| Use of BKCL              | 2        | 6             | 34                  
| Use of CLMA              | 165      | 3274          | 6                   
|   FF                     | 442      | 19644         | 3                   
|   LUT                    | 420      | 13096         | 4                   
|   LUT-FF pairs           | 246      | 13096         | 2                   
| Use of CLMS              | 58       | 1110          | 6                   
|   FF                     | 139      | 6660          | 3                   
|   LUT                    | 166      | 4440          | 4                   
|   LUT-FF pairs           | 112      | 4440          | 3                   
|   Distributed RAM        | 0        | 4440          | 0                   
| Use of CRYSTAL           | 0        | 6             | 0                   
| Use of DLL               | 0        | 6             | 0                   
| Use of DQSL              | 0        | 18            | 0                   
| Use of DRM               | 3.5      | 48            | 8                   
| Use of FLSIF             | 0        | 1             | 0                   
| Use of FUSECODE          | 0        | 1             | 0                   
| Use of HARD0N1           | 0        | 2745          | 0                   
| Use of HMEMC             | 0        | 2             | 0                   
| Use of IO                | 25       | 240           | 11                  
|   IOBD                   | 13       | 120           | 11                  
|   IOBR                   | 0        | 6             | 0                   
|   IOBS                   | 12       | 114           | 11                  
| Use of IOCKDIV           | 0        | 12            | 0                   
| Use of IOCKDLY           | 0        | 24            | 0                   
| Use of IOCKGATE          | 0        | 12            | 0                   
| Use of IOCKGMUX_TEST     | 0        | 12            | 0                   
| Use of IOL               | 25       | 240           | 11                  
| Use of IPAL              | 0        | 1             | 0                   
| Use of MFG_TEST          | 0        | 1             | 0                   
| Use of OSC               | 0        | 1             | 0                   
| Use of PLL               | 0        | 6             | 0                   
| Use of PREGMUX_TEST      | 0        | 6             | 0                   
| Use of RCKB              | 0        | 24            | 0                   
| Use of RCKBMUX_TEST      | 0        | 12            | 0                   
| Use of RESCAL            | 0        | 6             | 0                   
| Use of SCANCHAIN         | 1        | 4             | 25                  
| Use of START             | 1        | 1             | 100                 
| Use of UDID              | 0        | 1             | 0                   
| Use of USCM              | 3        | 20            | 15                  
| Use of USCMMUX_TEST      | 0        | 20            | 0                   
| Use of VCKBMUX_TEST      | 0        | 12            | 0                   
+----------------------------------------------------------------------------+

Finished routing. (CPU time elapsed 0h:00m:02s)
Design 'ip_1port_ram' has been placed and routed successfully.
Saving design to DB.
Finished placement and routing. (CPU time elapsed 0h:00m:09s)
Action pnr: Real time elapsed is 11.000 sec
Action pnr: CPU time elapsed is 9.641 sec
Action pnr: Process CPU time elapsed is 9.656 sec
Current time: Wed Sep  7 11:52:20 2022
Action pnr: Peak memory pool usage is 488,173,568 bytes
