#Build: Fabric Compiler 2022.1, Build 99559, Jul 12 00:20 2022
#Install: E:\PDS_2022.1\Pango\PDS_2022.1\bin
#Application name: pds_shell.exe
#OS: Windows 10 10.0.19044
#Hostname: DESKTOP-HFJ50FN
Generated by Fabric Compiler (version 2022.1 build 99559) at Tue Oct 18 10:54:11 2022
Compiling verification operator library.
Compiling common defs.
Compiling prim grid devices.
Compiling gate devices.
Compiling gate operators.
Building architecture model.
Loading device packaging model.
Building architecture floorplan logic view.
Constraint check start.
Executing : def_port {sys_clk} LOC=B5 VCCIO=3.3 IOSTANDARD=LVCMOS33 NONE=TRUE
Executing : def_port {sys_clk} LOC=B5 VCCIO=3.3 IOSTANDARD=LVCMOS33 NONE=TRUE successfully
Executing : def_port {sys_rst_n} LOC=G5 VCCIO=1.5 IOSTANDARD=LVCMOS15 NONE=TRUE
Executing : def_port {sys_rst_n} LOC=G5 VCCIO=1.5 IOSTANDARD=LVCMOS15 NONE=TRUE successfully
W: ConstraintEditor-4019: Port 'addra[0]' unspecified I/O constraint.
W: ConstraintEditor-4019: Port 'addra[1]' unspecified I/O constraint.
W: ConstraintEditor-4019: Port 'addra[2]' unspecified I/O constraint.
W: ConstraintEditor-4019: Port 'addra[3]' unspecified I/O constraint.
W: ConstraintEditor-4019: Port 'addra[4]' unspecified I/O constraint.
W: ConstraintEditor-4019: Port 'dina[0]' unspecified I/O constraint.
W: ConstraintEditor-4019: Port 'dina[1]' unspecified I/O constraint.
W: ConstraintEditor-4019: Port 'dina[2]' unspecified I/O constraint.
W: ConstraintEditor-4019: Port 'dina[3]' unspecified I/O constraint.
W: ConstraintEditor-4019: Port 'dina[4]' unspecified I/O constraint.
W: ConstraintEditor-4019: Port 'dina[5]' unspecified I/O constraint.
W: ConstraintEditor-4019: Port 'dina[6]' unspecified I/O constraint.
W: ConstraintEditor-4019: Port 'dina[7]' unspecified I/O constraint.
W: ConstraintEditor-4019: Port 'douta[0]' unspecified I/O constraint.
W: ConstraintEditor-4019: Port 'douta[1]' unspecified I/O constraint.
W: ConstraintEditor-4019: Port 'douta[2]' unspecified I/O constraint.
W: ConstraintEditor-4019: Port 'douta[3]' unspecified I/O constraint.
W: ConstraintEditor-4019: Port 'douta[4]' unspecified I/O constraint.
W: ConstraintEditor-4019: Port 'douta[5]' unspecified I/O constraint.
W: ConstraintEditor-4019: Port 'douta[6]' unspecified I/O constraint.
W: ConstraintEditor-4019: Port 'douta[7]' unspecified I/O constraint.
W: ConstraintEditor-4019: Port 'ena' unspecified I/O constraint.
W: ConstraintEditor-4019: Port 'wea' unspecified I/O constraint.
Constraint check end.
I: Column Clock Check close.

Placement started.
Phase 1 Pre global placement started.
Mapping instance u_CORES/u_GTP_SCANCHAIN_PG/scanchain to SCANCHAIN_48_328.
Phase 1.1 1st GP placement started.
Design Utilization : 4%.
Wirelength after clock region global placement is 3558.
1st GP placement takes 0.73 sec.

Phase 1.2 Clock placement started.
Mapping instance clkbufg_3/gopclkbufg to USCM_74_104.
C: Place-2028: GLOBAL_CLOCK: the driver u_CORES/u_GTP_SCANCHAIN_PG/scanchain fixed at SCANCHAIN_48_328 is unreasonable. Sub-optimal placement for a clock source and a clock buffer.
Mapping instance clkbufg_4/gopclkbufg to USCM_74_105.
C: Place-2028: GLOBAL_CLOCK: the driver u_CORES/u_GTP_SCANCHAIN_PG/scanchain fixed at SCANCHAIN_48_328 is unreasonable. Sub-optimal placement for a clock source and a clock buffer.
Mapping instance clkbufg_5/gopclkbufg to USCM_74_106.
Clock placement takes 0.77 sec.

Pre global placement takes 2.17 sec.

Phase 2 Global placement started.
Phase 2.1 Fixed placement started.
Placed fixed group with base inst sys_clk_ibuf/opit_1 on IOL_7_298.
Placed fixed group with base inst sys_rst_n_ibuf/opit_1 on IOL_7_241.
Placed fixed instance clkbufg_3/gopclkbufg on USCM_74_104.
Placed fixed instance clkbufg_4/gopclkbufg on USCM_74_105.
Placed fixed instance clkbufg_5/gopclkbufg on USCM_74_106.
Placed fixed instance u_CORES/u_GTP_SCANCHAIN_PG/scanchain on SCANCHAIN_48_328.
Placed fixed instance BKCL_auto_0 on BKCL_2_268.
Placed fixed instance BKCL_auto_1 on BKCL_2_144.
Fixed placement takes 0.00 sec.

Phase 2.2 Process placement started.
Process placement takes 0.00 sec.

Phase 2.3 IO placement started.
IO placement takes 0.02 sec.

Phase 2.4 2nd GP placement started.
Run super clustering :
	Initial slack 15174.
	2 iterations finished.
	Final slack 16044.
Super clustering done.
Design Utilization : 4%.
2nd GP placement takes 0.47 sec.

Wirelength after global placement is 3667.
Global placement takes 0.48 sec.

Phase 3 Post global placement started.
Phase 3.1 Macro cell placement started.
Wirelength after macro cell placement is 4055.
Macro cell placement takes 0.00 sec.

Phase 3.2 3rd GP placement started.
Run super clustering :
	Initial slack 15174.
	2 iterations finished.
	Final slack 16044.
Super clustering done.
Design Utilization : 4%.
3rd GP placement takes 0.47 sec.

Wirelength after post global placement is 3634.
Post global placement takes 0.47 sec.

Phase 4 Legalization started.
The average distance in LP is 1.127874.
Wirelength after legalization is 4199.
Legalization takes 0.03 sec.

Phase 5 Timing-driven detailed placement started.
Phase 5.1 Replication placement started.
Worst slack before Replication Place is 17245.
Replication placement takes 0.05 sec.

Wirelength after replication placement is 4199.
Phase 5.2 DP placement started.
Legalized cost 17245.000000.
The detailed placement ends at 0th iteration.
DP placement takes 0.02 sec.

Wirelength after detailed placement is 4199.
Timing-driven detailed placement takes 0.06 sec.

Worst slack is 17245, TNS after placement is 0.
Placement done.
Total placement takes 3.42 sec.
Finished placement. (CPU time elapsed 0h:00m:03s)

Routing started.
Building routing graph takes 0.45 sec.
Worst slack is 17245, TNS before global route is 0.
Processing design graph takes 0.09 sec.
Total memory for routing:
	47.369911 M.
Total nets for routing : 911.
Rcf routing step 1 processed 0 nets, it takes 0.00 sec.
Rcf routing step 2 processed 0 nets, it takes 0.00 sec.
Rcf routing step 3 processed 0 nets, it takes 0.00 sec.
Unrouted nets 0 at the end of iteration 0.
Global Routing step 1 processed 135 nets, it takes 0.00 sec.
Unrouted nets 277 at the end of iteration 0.
Unrouted nets 122 at the end of iteration 1.
Unrouted nets 55 at the end of iteration 2.
Unrouted nets 31 at the end of iteration 3.
Unrouted nets 12 at the end of iteration 4.
Unrouted nets 5 at the end of iteration 5.
Unrouted nets 9 at the end of iteration 6.
Unrouted nets 3 at the end of iteration 7.
Unrouted nets 2 at the end of iteration 8.
Unrouted nets 4 at the end of iteration 9.
Unrouted nets 1 at the end of iteration 10.
Unrouted nets 1 at the end of iteration 11.
Unrouted nets 2 at the end of iteration 12.
Unrouted nets 3 at the end of iteration 13.
Unrouted nets 2 at the end of iteration 14.
Unrouted nets 1 at the end of iteration 15.
Unrouted nets 1 at the end of iteration 16.
Unrouted nets 3 at the end of iteration 17.
Unrouted nets 1 at the end of iteration 18.
Unrouted nets 1 at the end of iteration 19.
Unrouted nets 2 at the end of iteration 20.
Unrouted nets 1 at the end of iteration 21.
Unrouted nets 1 at the end of iteration 22.
Unrouted nets 1 at the end of iteration 23.
Unrouted nets 0 at the end of iteration 24.
Global Routing step 2 processed 353 nets, it takes 0.89 sec.
Unrouted nets 6 at the end of iteration 0.
Unrouted nets 0 at the end of iteration 1.
Global Routing step 3 processed 23 nets, it takes 0.02 sec.
Global routing takes 0.92 sec.
Total 935 subnets.
    forward max bucket size 18509 , backward 63.
        Unrouted nets 381 at the end of iteration 0.
    route iteration 0, CPU time elapsed 0.156250 sec.
    forward max bucket size 18511 , backward 138.
        Unrouted nets 275 at the end of iteration 1.
    route iteration 1, CPU time elapsed 0.156250 sec.
    forward max bucket size 28 , backward 60.
        Unrouted nets 219 at the end of iteration 2.
    route iteration 2, CPU time elapsed 0.015625 sec.
    forward max bucket size 30 , backward 63.
        Unrouted nets 166 at the end of iteration 3.
    route iteration 3, CPU time elapsed 0.015625 sec.
    forward max bucket size 29 , backward 87.
        Unrouted nets 110 at the end of iteration 4.
    route iteration 4, CPU time elapsed 0.015625 sec.
    forward max bucket size 29 , backward 58.
        Unrouted nets 73 at the end of iteration 5.
    route iteration 5, CPU time elapsed 0.000000 sec.
    forward max bucket size 33 , backward 102.
        Unrouted nets 47 at the end of iteration 6.
    route iteration 6, CPU time elapsed 0.000000 sec.
    forward max bucket size 19 , backward 29.
        Unrouted nets 41 at the end of iteration 7.
    route iteration 7, CPU time elapsed 0.000000 sec.
    forward max bucket size 29 , backward 35.
        Unrouted nets 26 at the end of iteration 8.
    route iteration 8, CPU time elapsed 0.000000 sec.
    forward max bucket size 21 , backward 30.
        Unrouted nets 13 at the end of iteration 9.
    route iteration 9, CPU time elapsed 0.000000 sec.
    forward max bucket size 14 , backward 25.
        Unrouted nets 8 at the end of iteration 10.
    route iteration 10, CPU time elapsed 0.000000 sec.
    forward max bucket size 20 , backward 13.
        Unrouted nets 2 at the end of iteration 11.
    route iteration 11, CPU time elapsed 0.000000 sec.
    forward max bucket size 13 , backward 37.
        Unrouted nets 0 at the end of iteration 12.
    route iteration 12, CPU time elapsed 0.000000 sec.
Detailed routing takes 12 iterations
C: Route-2036: The clock path from u_CORES/u_GTP_SCANCHAIN_PG/scanchain:TCK_USER to clkbufg_4/gopclkbufg:CLK is routed by SRB.
C: Route-2036: The clock path from u_CORES/u_GTP_SCANCHAIN_PG/scanchain:CAPDR to clkbufg_5/gopclkbufg:CLK is routed by SRB.
Detailed routing takes 0.39 sec.
Start fix hold violation.
Build tmp routing results takes 0.02 sec.
Timing analysis takes 0.05 sec.
Hold violation fix iter 0 takes 0.02 sec, total_step_forward 302.
Incremental timing analysis takes 0.05 sec.
Hold violation fix iter 1 takes 0.00 sec, total_step_forward 0.
Hold Violation Fix in router takes 2 iterations.
Fix hold violation Finished.
Hold Violation Fix in router takes 0.22 sec.

Dispose routing result:
    Collect routing result.
    Delete unused device instances.
    Annotate routing result.
    Change LUT configuration.
    Dispose misc instances.
    Annotate routing result again.
Finish routing takes 0.08 sec.
Used SRB routing arc is 6629.
Cleanup routing takes 0.02 sec.
Routing done.
Total routing takes 2.33 sec.

C: Place-2025: The VCCIO 1.5 in BANK BANKL1 is incompatible.

Device Utilization Summary :
+---------------------------------------------------------------------------+
| Logic Utilization        | Used     | Available     | Utilization(%)     
+---------------------------------------------------------------------------+
| Use of ADC               | 0        | 1             | 0                  
| Use of APM               | 0        | 30            | 0                  
| Use of BKCL              | 2        | 6             | 34                 
| Use of CLMA              | 159      | 3274          | 5                  
|   FF                     | 411      | 19644         | 3                  
|   LUT                    | 414      | 13096         | 4                  
|   LUT-FF pairs           | 247      | 13096         | 2                  
| Use of CLMS              | 56       | 1110          | 6                  
|   FF                     | 151      | 6660          | 3                  
|   LUT                    | 151      | 4440          | 4                  
|   LUT-FF pairs           | 104      | 4440          | 3                  
|   Distributed RAM        | 0        | 4440          | 0                  
| Use of CRYSTAL           | 0        | 6             | 0                  
| Use of DLL               | 0        | 6             | 0                  
| Use of DQSL              | 0        | 18            | 0                  
| Use of DRM               | 1.5      | 48            | 4                  
| Use of FLSIF             | 0        | 1             | 0                  
| Use of FUSECODE          | 0        | 1             | 0                  
| Use of HARD0N1           | 0        | 2745          | 0                  
| Use of HMEMC             | 0        | 2             | 0                  
| Use of IO                | 25       | 240           | 11                 
|   IOBD                   | 13       | 120           | 11                 
|   IOBR                   | 1        | 6             | 17                 
|   IOBS                   | 11       | 114           | 10                 
| Use of IOCKDIV           | 0        | 12            | 0                  
| Use of IOCKDLY           | 0        | 24            | 0                  
| Use of IOCKGATE          | 0        | 12            | 0                  
| Use of IOCKGMUX_TEST     | 0        | 12            | 0                  
| Use of IOL               | 25       | 240           | 11                 
| Use of IPAL              | 0        | 1             | 0                  
| Use of MFG_TEST          | 0        | 1             | 0                  
| Use of OSC               | 0        | 1             | 0                  
| Use of PLL               | 0        | 6             | 0                  
| Use of PREGMUX_TEST      | 0        | 6             | 0                  
| Use of RCKB              | 0        | 24            | 0                  
| Use of RCKBMUX_TEST      | 0        | 12            | 0                  
| Use of RESCAL            | 0        | 6             | 0                  
| Use of SCANCHAIN         | 1        | 4             | 25                 
| Use of START             | 1        | 1             | 100                
| Use of UDID              | 0        | 1             | 0                  
| Use of USCM              | 3        | 20            | 15                 
| Use of USCMMUX_TEST      | 0        | 20            | 0                  
| Use of VCKBMUX_TEST      | 0        | 12            | 0                  
+---------------------------------------------------------------------------+

Finished routing. (CPU time elapsed 0h:00m:02s)
Design 'ip_1port_ram' has been placed and routed successfully.
Saving design to DB.
Finished placement and routing. (CPU time elapsed 0h:00m:09s)
Action pnr: Real time elapsed is 0h:0m:11s
Action pnr: CPU time elapsed is 0h:0m:10s
Action pnr: Process CPU time elapsed is 0h:0m:10s
Current time: Tue Oct 18 10:54:21 2022
Action pnr: Peak memory pool usage is 631 MB
