#Build: Fabric Compiler 2021.4-SP1.2, Build 96435, May 30 04:40 2022
#Install: D:\pango\PDS_2021.4-SP1.2\bin
#Application name: pds_shell.exe
#OS: Windows 10 10.0.19044
#Hostname: DESKTOP-HL6DT46
Generated by Fabric Compiler (version 2021.4-SP1.2 build 96435) at Sat Nov  5 16:35:20 2022
Compiling verification operator library.
Compiling common defs.
Compiling prim grid devices.
Compiling gate devices.
Compiling gate operators.
Building architecture model.
Loading device packaging model.
Reading design from pnr DB.
Start Report Post-PnR timing.
Constructing timing graph ...
Timing graph has been constructed successfully
W: Timing-4087: Port 'addra[0]' is not constrained, it is treated as combinational output.
W: Timing-4087: Port 'addra[1]' is not constrained, it is treated as combinational output.
W: Timing-4087: Port 'addra[2]' is not constrained, it is treated as combinational output.
W: Timing-4087: Port 'addra[3]' is not constrained, it is treated as combinational output.
W: Timing-4087: Port 'addra[4]' is not constrained, it is treated as combinational output.
W: Timing-4087: Port 'dina[0]' is not constrained, it is treated as combinational output.
W: Timing-4087: Port 'dina[1]' is not constrained, it is treated as combinational output.
W: Timing-4087: Port 'dina[2]' is not constrained, it is treated as combinational output.
W: Timing-4087: Port 'dina[3]' is not constrained, it is treated as combinational output.
W: Timing-4087: Port 'dina[4]' is not constrained, it is treated as combinational output.
W: Timing-4087: Port 'dina[5]' is not constrained, it is treated as combinational output.
W: Timing-4087: Port 'dina[6]' is not constrained, it is treated as combinational output.
W: Timing-4087: Port 'dina[7]' is not constrained, it is treated as combinational output.
W: Timing-4087: Port 'douta[0]' is not constrained, it is treated as combinational output.
W: Timing-4087: Port 'douta[1]' is not constrained, it is treated as combinational output.
W: Timing-4087: Port 'douta[2]' is not constrained, it is treated as combinational output.
W: Timing-4087: Port 'douta[3]' is not constrained, it is treated as combinational output.
W: Timing-4087: Port 'douta[4]' is not constrained, it is treated as combinational output.
W: Timing-4087: Port 'douta[5]' is not constrained, it is treated as combinational output.
W: Timing-4087: Port 'douta[6]' is not constrained, it is treated as combinational output.
W: Timing-4087: Port 'douta[7]' is not constrained, it is treated as combinational output.
W: Timing-4087: Port 'ena' is not constrained, it is treated as combinational output.
W: Timing-4087: Port 'wea' is not constrained, it is treated as combinational output.
W: Timing-4086: Port 'sys_rst_n' is not constrained, it is treated as combinational input.
Report timing is finished successfully.
Action report_timing: Real time elapsed is 6.000 sec
Action report_timing: CPU time elapsed is 4.516 sec
Action report_timing: Process CPU time elapsed is 4.531 sec
Current time: Sat Nov  5 16:35:24 2022
Action report_timing: Peak memory pool usage is 445,575,168 bytes
