#Build: Fabric Compiler 2021.4-SP1.2, Build 96435, May 30 04:40 2022
#Install: E:\PDS_2021.4-SP1.2\bin
#Application name: pds.exe
#OS: Windows 10 10.0.19044
#Hostname: DESKTOP-HFJ50FN
Generated by Fabric Compiler (version 2021.4-SP1.2 build 96435) at Tue Oct 25 09:52:03 2022
Compiling architecture definition.
Analyzing project file 'C:/Users/ch/Desktop/2021.4-SP1.2/ip_2port_ram/prj/ip_2port_ram.pds'.
License checkout: fabric_ads
Compiling verification operator library.
Loading technology operator library.
Compiling technology operator library.
Compiling technology operator (valence) library.
Start rtl-analyze.
I: Enable Verilog2k features and keywords
Executing : .rtl_analyze -work work -include_path {C:/Users/ch/Desktop/2021.4-SP1.2/ip_2port_ram/prj} C:/Users/ch/Desktop/2021.4-SP1.2/ip_2port_ram/rtl/ram_wr.v
I: Verilog-0001: Analyzing file C:/Users/ch/Desktop/2021.4-SP1.2/ip_2port_ram/rtl/ram_wr.v
I: Verilog-0002: [C:/Users/ch/Desktop/2021.4-SP1.2/ip_2port_ram/rtl/ram_wr.v(line number: 23)] Analyzing module ram_wr (library work)
Parsing done.
Executing : .rtl_analyze -work work -include_path {C:/Users/ch/Desktop/2021.4-SP1.2/ip_2port_ram/prj} C:/Users/ch/Desktop/2021.4-SP1.2/ip_2port_ram/rtl/ram_wr.v successfully.
Executing : .rtl_analyze -work work -include_path {C:/Users/ch/Desktop/2021.4-SP1.2/ip_2port_ram/prj} C:/Users/ch/Desktop/2021.4-SP1.2/ip_2port_ram/rtl/ram_rd.v
I: Verilog-0001: Analyzing file C:/Users/ch/Desktop/2021.4-SP1.2/ip_2port_ram/rtl/ram_rd.v
I: Verilog-0002: [C:/Users/ch/Desktop/2021.4-SP1.2/ip_2port_ram/rtl/ram_rd.v(line number: 23)] Analyzing module ram_rd (library work)
Parsing done.
Executing : .rtl_analyze -work work -include_path {C:/Users/ch/Desktop/2021.4-SP1.2/ip_2port_ram/prj} C:/Users/ch/Desktop/2021.4-SP1.2/ip_2port_ram/rtl/ram_rd.v successfully.
Executing : .rtl_analyze -work work -include_path {C:/Users/ch/Desktop/2021.4-SP1.2/ip_2port_ram/prj} C:/Users/ch/Desktop/2021.4-SP1.2/ip_2port_ram/rtl/ip_2port_ram.v
I: Verilog-0001: Analyzing file C:/Users/ch/Desktop/2021.4-SP1.2/ip_2port_ram/rtl/ip_2port_ram.v
I: Verilog-0002: [C:/Users/ch/Desktop/2021.4-SP1.2/ip_2port_ram/rtl/ip_2port_ram.v(line number: 23)] Analyzing module ip_2port_ram (library work)
Parsing done.
Executing : .rtl_analyze -work work -include_path {C:/Users/ch/Desktop/2021.4-SP1.2/ip_2port_ram/prj} C:/Users/ch/Desktop/2021.4-SP1.2/ip_2port_ram/rtl/ip_2port_ram.v successfully.
Executing : .rtl_analyze -include_path {C:/Users/ch/Desktop/2021.4-SP1.2/ip_2port_ram/prj} C:/Users/ch/Desktop/2021.4-SP1.2/ip_2port_ram/prj/ipcore/ram_2port/rtl/ipml_sdpram_v1_6_ram_2port.v
I: Verilog-0001: Analyzing file C:/Users/ch/Desktop/2021.4-SP1.2/ip_2port_ram/prj/ipcore/ram_2port/rtl/ipml_sdpram_v1_6_ram_2port.v
I: Verilog-0002: [C:/Users/ch/Desktop/2021.4-SP1.2/ip_2port_ram/prj/ipcore/ram_2port/rtl/ipml_sdpram_v1_6_ram_2port.v(line number: 20)] Analyzing module ipml_sdpram_v1_6_ram_2port (library work)
W: Verilog-2008: [C:/Users/ch/Desktop/2021.4-SP1.2/ip_2port_ram/prj/ipcore/ram_2port/rtl/ipml_sdpram_v1_6_ram_2port.v(line number: 313)] Ignore 'system task' $display
W: Verilog-2008: [C:/Users/ch/Desktop/2021.4-SP1.2/ip_2port_ram/prj/ipcore/ram_2port/rtl/ipml_sdpram_v1_6_ram_2port.v(line number: 314)] Ignore 'system task' $finish
W: Verilog-2008: [C:/Users/ch/Desktop/2021.4-SP1.2/ip_2port_ram/prj/ipcore/ram_2port/rtl/ipml_sdpram_v1_6_ram_2port.v(line number: 317)] Ignore 'system task' $display
W: Verilog-2008: [C:/Users/ch/Desktop/2021.4-SP1.2/ip_2port_ram/prj/ipcore/ram_2port/rtl/ipml_sdpram_v1_6_ram_2port.v(line number: 321)] Ignore 'system task' $display
W: Verilog-2008: [C:/Users/ch/Desktop/2021.4-SP1.2/ip_2port_ram/prj/ipcore/ram_2port/rtl/ipml_sdpram_v1_6_ram_2port.v(line number: 325)] Ignore 'system task' $display
W: Verilog-2008: [C:/Users/ch/Desktop/2021.4-SP1.2/ip_2port_ram/prj/ipcore/ram_2port/rtl/ipml_sdpram_v1_6_ram_2port.v(line number: 329)] Ignore 'system task' $display
W: Verilog-2008: [C:/Users/ch/Desktop/2021.4-SP1.2/ip_2port_ram/prj/ipcore/ram_2port/rtl/ipml_sdpram_v1_6_ram_2port.v(line number: 333)] Ignore 'system task' $display
W: Verilog-2008: [C:/Users/ch/Desktop/2021.4-SP1.2/ip_2port_ram/prj/ipcore/ram_2port/rtl/ipml_sdpram_v1_6_ram_2port.v(line number: 334)] Ignore 'system task' $finish
W: Verilog-2008: [C:/Users/ch/Desktop/2021.4-SP1.2/ip_2port_ram/prj/ipcore/ram_2port/rtl/ipml_sdpram_v1_6_ram_2port.v(line number: 337)] Ignore 'system task' $display
W: Verilog-2008: [C:/Users/ch/Desktop/2021.4-SP1.2/ip_2port_ram/prj/ipcore/ram_2port/rtl/ipml_sdpram_v1_6_ram_2port.v(line number: 338)] Ignore 'system task' $finish
W: Verilog-2008: [C:/Users/ch/Desktop/2021.4-SP1.2/ip_2port_ram/prj/ipcore/ram_2port/rtl/ipml_sdpram_v1_6_ram_2port.v(line number: 341)] Ignore 'system task' $display
W: Verilog-2008: [C:/Users/ch/Desktop/2021.4-SP1.2/ip_2port_ram/prj/ipcore/ram_2port/rtl/ipml_sdpram_v1_6_ram_2port.v(line number: 342)] Ignore 'system task' $finish
W: Verilog-2008: [C:/Users/ch/Desktop/2021.4-SP1.2/ip_2port_ram/prj/ipcore/ram_2port/rtl/ipml_sdpram_v1_6_ram_2port.v(line number: 345)] Ignore 'system task' $display
W: Verilog-2008: [C:/Users/ch/Desktop/2021.4-SP1.2/ip_2port_ram/prj/ipcore/ram_2port/rtl/ipml_sdpram_v1_6_ram_2port.v(line number: 346)] Ignore 'system task' $finish
W: Verilog-2008: [C:/Users/ch/Desktop/2021.4-SP1.2/ip_2port_ram/prj/ipcore/ram_2port/rtl/ipml_sdpram_v1_6_ram_2port.v(line number: 349)] Ignore 'system task' $display
W: Verilog-2008: [C:/Users/ch/Desktop/2021.4-SP1.2/ip_2port_ram/prj/ipcore/ram_2port/rtl/ipml_sdpram_v1_6_ram_2port.v(line number: 350)] Ignore 'system task' $finish
W: Verilog-2008: [C:/Users/ch/Desktop/2021.4-SP1.2/ip_2port_ram/prj/ipcore/ram_2port/rtl/ipml_sdpram_v1_6_ram_2port.v(line number: 353)] Ignore 'system task' $display
W: Verilog-2008: [C:/Users/ch/Desktop/2021.4-SP1.2/ip_2port_ram/prj/ipcore/ram_2port/rtl/ipml_sdpram_v1_6_ram_2port.v(line number: 354)] Ignore 'system task' $finish
W: Verilog-2008: [C:/Users/ch/Desktop/2021.4-SP1.2/ip_2port_ram/prj/ipcore/ram_2port/rtl/ipml_sdpram_v1_6_ram_2port.v(line number: 357)] Ignore 'system task' $display
W: Verilog-2008: [C:/Users/ch/Desktop/2021.4-SP1.2/ip_2port_ram/prj/ipcore/ram_2port/rtl/ipml_sdpram_v1_6_ram_2port.v(line number: 358)] Ignore 'system task' $finish
W: Verilog-2008: [C:/Users/ch/Desktop/2021.4-SP1.2/ip_2port_ram/prj/ipcore/ram_2port/rtl/ipml_sdpram_v1_6_ram_2port.v(line number: 361)] Ignore 'system task' $display
W: Verilog-2008: [C:/Users/ch/Desktop/2021.4-SP1.2/ip_2port_ram/prj/ipcore/ram_2port/rtl/ipml_sdpram_v1_6_ram_2port.v(line number: 362)] Ignore 'system task' $finish
W: Verilog-2008: [C:/Users/ch/Desktop/2021.4-SP1.2/ip_2port_ram/prj/ipcore/ram_2port/rtl/ipml_sdpram_v1_6_ram_2port.v(line number: 365)] Ignore 'system task' $display
W: Verilog-2008: [C:/Users/ch/Desktop/2021.4-SP1.2/ip_2port_ram/prj/ipcore/ram_2port/rtl/ipml_sdpram_v1_6_ram_2port.v(line number: 366)] Ignore 'system task' $finish
W: Verilog-2008: [C:/Users/ch/Desktop/2021.4-SP1.2/ip_2port_ram/prj/ipcore/ram_2port/rtl/ipml_sdpram_v1_6_ram_2port.v(line number: 369)] Ignore 'system task' $display
W: Verilog-2008: [C:/Users/ch/Desktop/2021.4-SP1.2/ip_2port_ram/prj/ipcore/ram_2port/rtl/ipml_sdpram_v1_6_ram_2port.v(line number: 370)] Ignore 'system task' $finish
W: Verilog-2008: [C:/Users/ch/Desktop/2021.4-SP1.2/ip_2port_ram/prj/ipcore/ram_2port/rtl/ipml_sdpram_v1_6_ram_2port.v(line number: 373)] Ignore 'system task' $display
W: Verilog-2008: [C:/Users/ch/Desktop/2021.4-SP1.2/ip_2port_ram/prj/ipcore/ram_2port/rtl/ipml_sdpram_v1_6_ram_2port.v(line number: 374)] Ignore 'system task' $finish
W: Verilog-2008: [C:/Users/ch/Desktop/2021.4-SP1.2/ip_2port_ram/prj/ipcore/ram_2port/rtl/ipml_sdpram_v1_6_ram_2port.v(line number: 378)] Ignore 'system task' $display
W: Verilog-2008: [C:/Users/ch/Desktop/2021.4-SP1.2/ip_2port_ram/prj/ipcore/ram_2port/rtl/ipml_sdpram_v1_6_ram_2port.v(line number: 379)] Ignore 'system task' $finish
W: Verilog-2008: [C:/Users/ch/Desktop/2021.4-SP1.2/ip_2port_ram/prj/ipcore/ram_2port/rtl/ipml_sdpram_v1_6_ram_2port.v(line number: 382)] Ignore 'system task' $display
W: Verilog-2008: [C:/Users/ch/Desktop/2021.4-SP1.2/ip_2port_ram/prj/ipcore/ram_2port/rtl/ipml_sdpram_v1_6_ram_2port.v(line number: 383)] Ignore 'system task' $finish
W: Verilog-2008: [C:/Users/ch/Desktop/2021.4-SP1.2/ip_2port_ram/prj/ipcore/ram_2port/rtl/ipml_sdpram_v1_6_ram_2port.v(line number: 387)] Ignore 'system task' $display
W: Verilog-2008: [C:/Users/ch/Desktop/2021.4-SP1.2/ip_2port_ram/prj/ipcore/ram_2port/rtl/ipml_sdpram_v1_6_ram_2port.v(line number: 388)] Ignore 'system task' $finish
W: Verilog-2008: [C:/Users/ch/Desktop/2021.4-SP1.2/ip_2port_ram/prj/ipcore/ram_2port/rtl/ipml_sdpram_v1_6_ram_2port.v(line number: 391)] Ignore 'system task' $display
W: Verilog-2008: [C:/Users/ch/Desktop/2021.4-SP1.2/ip_2port_ram/prj/ipcore/ram_2port/rtl/ipml_sdpram_v1_6_ram_2port.v(line number: 392)] Ignore 'system task' $finish
W: Verilog-2008: [C:/Users/ch/Desktop/2021.4-SP1.2/ip_2port_ram/prj/ipcore/ram_2port/rtl/ipml_sdpram_v1_6_ram_2port.v(line number: 395)] Ignore 'system task' $display
W: Verilog-2008: [C:/Users/ch/Desktop/2021.4-SP1.2/ip_2port_ram/prj/ipcore/ram_2port/rtl/ipml_sdpram_v1_6_ram_2port.v(line number: 396)] Ignore 'system task' $finish
W: Verilog-2008: [C:/Users/ch/Desktop/2021.4-SP1.2/ip_2port_ram/prj/ipcore/ram_2port/rtl/ipml_sdpram_v1_6_ram_2port.v(line number: 399)] Ignore 'system task' $display
W: Verilog-2008: [C:/Users/ch/Desktop/2021.4-SP1.2/ip_2port_ram/prj/ipcore/ram_2port/rtl/ipml_sdpram_v1_6_ram_2port.v(line number: 400)] Ignore 'system task' $finish
W: Verilog-2008: [C:/Users/ch/Desktop/2021.4-SP1.2/ip_2port_ram/prj/ipcore/ram_2port/rtl/ipml_sdpram_v1_6_ram_2port.v(line number: 403)] Ignore 'system task' $display
W: Verilog-2008: [C:/Users/ch/Desktop/2021.4-SP1.2/ip_2port_ram/prj/ipcore/ram_2port/rtl/ipml_sdpram_v1_6_ram_2port.v(line number: 404)] Ignore 'system task' $finish
W: Verilog-2008: [C:/Users/ch/Desktop/2021.4-SP1.2/ip_2port_ram/prj/ipcore/ram_2port/rtl/ipml_sdpram_v1_6_ram_2port.v(line number: 409)] Ignore 'system task' $display
W: Verilog-2008: [C:/Users/ch/Desktop/2021.4-SP1.2/ip_2port_ram/prj/ipcore/ram_2port/rtl/ipml_sdpram_v1_6_ram_2port.v(line number: 410)] Ignore 'system task' $finish
W: Verilog-2008: [C:/Users/ch/Desktop/2021.4-SP1.2/ip_2port_ram/prj/ipcore/ram_2port/rtl/ipml_sdpram_v1_6_ram_2port.v(line number: 413)] Ignore 'system task' $display
W: Verilog-2008: [C:/Users/ch/Desktop/2021.4-SP1.2/ip_2port_ram/prj/ipcore/ram_2port/rtl/ipml_sdpram_v1_6_ram_2port.v(line number: 414)] Ignore 'system task' $finish
W: Verilog-2008: [C:/Users/ch/Desktop/2021.4-SP1.2/ip_2port_ram/prj/ipcore/ram_2port/rtl/ipml_sdpram_v1_6_ram_2port.v(line number: 419)] Ignore 'system task' $display
W: Verilog-2008: [C:/Users/ch/Desktop/2021.4-SP1.2/ip_2port_ram/prj/ipcore/ram_2port/rtl/ipml_sdpram_v1_6_ram_2port.v(line number: 420)] Ignore 'system task' $finish
W: Verilog-2010: [C:/Users/ch/Desktop/2021.4-SP1.2/ip_2port_ram/prj/ipcore/ram_2port/rtl/ipml_sdpram_v1_6_ram_2port.v(line number: 311)] Ignore initial statements except memory $readmemh/$readmemb initialization statements
Parsing done.
Executing : .rtl_analyze -include_path {C:/Users/ch/Desktop/2021.4-SP1.2/ip_2port_ram/prj} C:/Users/ch/Desktop/2021.4-SP1.2/ip_2port_ram/prj/ipcore/ram_2port/rtl/ipml_sdpram_v1_6_ram_2port.v successfully.
Executing : .rtl_analyze -include_path {C:/Users/ch/Desktop/2021.4-SP1.2/ip_2port_ram/prj} C:/Users/ch/Desktop/2021.4-SP1.2/ip_2port_ram/prj/ipcore/ram_2port/ram_2port.v
I: Verilog-0001: Analyzing file C:/Users/ch/Desktop/2021.4-SP1.2/ip_2port_ram/prj/ipcore/ram_2port/ram_2port.v
I: Verilog-0002: [C:/Users/ch/Desktop/2021.4-SP1.2/ip_2port_ram/prj/ipcore/ram_2port/ram_2port.v(line number: 18)] Analyzing module ram_2port (library work)
Parsing done.
Executing : .rtl_analyze -include_path {C:/Users/ch/Desktop/2021.4-SP1.2/ip_2port_ram/prj} C:/Users/ch/Desktop/2021.4-SP1.2/ip_2port_ram/prj/ipcore/ram_2port/ram_2port.v successfully.
Executing : .rtl_analyze -include_path {C:/Users/ch/Desktop/2021.4-SP1.2/ip_2port_ram/prj} C:/Users/ch/Desktop/2021.4-SP1.2/ip_2port_ram/prj/ipcore/pll_clk/pll_clk.v
I: Verilog-0001: Analyzing file C:/Users/ch/Desktop/2021.4-SP1.2/ip_2port_ram/prj/ipcore/pll_clk/pll_clk.v
I: Verilog-0002: [C:/Users/ch/Desktop/2021.4-SP1.2/ip_2port_ram/prj/ipcore/pll_clk/pll_clk.v(line number: 20)] Analyzing module pll_clk (library work)
Parsing done.
Executing : .rtl_analyze -include_path {C:/Users/ch/Desktop/2021.4-SP1.2/ip_2port_ram/prj} C:/Users/ch/Desktop/2021.4-SP1.2/ip_2port_ram/prj/ipcore/pll_clk/pll_clk.v successfully.
I: Module "ip_2port_ram" is set as top module.
Executing : rtl-analyze successfully. Time elapsed: 0.564s wall, 0.000s user + 0.016s system = 0.016s CPU (2.8%)

Start rtl-elaborate.
I: Verilog-0003: [C:/Users/ch/Desktop/2021.4-SP1.2/ip_2port_ram/rtl/ip_2port_ram.v(line number: 23)] Elaborating module ip_2port_ram
I: Verilog-0004: [C:/Users/ch/Desktop/2021.4-SP1.2/ip_2port_ram/rtl/ip_2port_ram.v(line number: 42)] Elaborating instance u_pll_clk
I: Verilog-0003: [C:/Users/ch/Desktop/2021.4-SP1.2/ip_2port_ram/prj/ipcore/pll_clk/pll_clk.v(line number: 20)] Elaborating module pll_clk
I: Verilog-0004: [C:/Users/ch/Desktop/2021.4-SP1.2/ip_2port_ram/prj/ipcore/pll_clk/pll_clk.v(line number: 243)] Elaborating instance u_pll_e1
W: Verilog-2021: [C:/Users/ch/Desktop/2021.4-SP1.2/ip_2port_ram/prj/ipcore/pll_clk/pll_clk.v(line number: 120)] Net clkfb in pll_clk(original module pll_clk) does not have a driver, tie it to 0
W: Verilog-2021: [C:/Users/ch/Desktop/2021.4-SP1.2/ip_2port_ram/prj/ipcore/pll_clk/pll_clk.v(line number: 123)] Net pfden in pll_clk(original module pll_clk) does not have a driver, tie it to 0
W: Verilog-2021: [C:/Users/ch/Desktop/2021.4-SP1.2/ip_2port_ram/prj/ipcore/pll_clk/pll_clk.v(line number: 124)] Net clkout0_gate in pll_clk(original module pll_clk) does not have a driver, tie it to 0
W: Verilog-2021: [C:/Users/ch/Desktop/2021.4-SP1.2/ip_2port_ram/prj/ipcore/pll_clk/pll_clk.v(line number: 125)] Net clkout0_2pad_gate in pll_clk(original module pll_clk) does not have a driver, tie it to 0
W: Verilog-2021: [C:/Users/ch/Desktop/2021.4-SP1.2/ip_2port_ram/prj/ipcore/pll_clk/pll_clk.v(line number: 126)] Net clkout1_gate in pll_clk(original module pll_clk) does not have a driver, tie it to 0
W: Verilog-2021: [C:/Users/ch/Desktop/2021.4-SP1.2/ip_2port_ram/prj/ipcore/pll_clk/pll_clk.v(line number: 127)] Net clkout2_gate in pll_clk(original module pll_clk) does not have a driver, tie it to 0
W: Verilog-2021: [C:/Users/ch/Desktop/2021.4-SP1.2/ip_2port_ram/prj/ipcore/pll_clk/pll_clk.v(line number: 128)] Net clkout3_gate in pll_clk(original module pll_clk) does not have a driver, tie it to 0
W: Verilog-2021: [C:/Users/ch/Desktop/2021.4-SP1.2/ip_2port_ram/prj/ipcore/pll_clk/pll_clk.v(line number: 129)] Net clkout4_gate in pll_clk(original module pll_clk) does not have a driver, tie it to 0
W: Verilog-2021: [C:/Users/ch/Desktop/2021.4-SP1.2/ip_2port_ram/prj/ipcore/pll_clk/pll_clk.v(line number: 130)] Net clkout5_gate in pll_clk(original module pll_clk) does not have a driver, tie it to 0
W: Verilog-2021: [C:/Users/ch/Desktop/2021.4-SP1.2/ip_2port_ram/prj/ipcore/pll_clk/pll_clk.v(line number: 131)] Net dyn_idiv in pll_clk(original module pll_clk) does not have a driver, tie it to 0
W: Verilog-2021: [C:/Users/ch/Desktop/2021.4-SP1.2/ip_2port_ram/prj/ipcore/pll_clk/pll_clk.v(line number: 132)] Net dyn_odiv0 in pll_clk(original module pll_clk) does not have a driver, tie it to 0
W: Verilog-2021: [C:/Users/ch/Desktop/2021.4-SP1.2/ip_2port_ram/prj/ipcore/pll_clk/pll_clk.v(line number: 133)] Net dyn_odiv1 in pll_clk(original module pll_clk) does not have a driver, tie it to 0
W: Verilog-2021: [C:/Users/ch/Desktop/2021.4-SP1.2/ip_2port_ram/prj/ipcore/pll_clk/pll_clk.v(line number: 134)] Net dyn_odiv2 in pll_clk(original module pll_clk) does not have a driver, tie it to 0
W: Verilog-2021: [C:/Users/ch/Desktop/2021.4-SP1.2/ip_2port_ram/prj/ipcore/pll_clk/pll_clk.v(line number: 135)] Net dyn_odiv3 in pll_clk(original module pll_clk) does not have a driver, tie it to 0
W: Verilog-2021: [C:/Users/ch/Desktop/2021.4-SP1.2/ip_2port_ram/prj/ipcore/pll_clk/pll_clk.v(line number: 136)] Net dyn_odiv4 in pll_clk(original module pll_clk) does not have a driver, tie it to 0
W: Verilog-2021: [C:/Users/ch/Desktop/2021.4-SP1.2/ip_2port_ram/prj/ipcore/pll_clk/pll_clk.v(line number: 137)] Net dyn_fdiv in pll_clk(original module pll_clk) does not have a driver, tie it to 0
W: Verilog-2021: [C:/Users/ch/Desktop/2021.4-SP1.2/ip_2port_ram/prj/ipcore/pll_clk/pll_clk.v(line number: 138)] Net dyn_duty0 in pll_clk(original module pll_clk) does not have a driver, tie it to 0
W: Verilog-2021: [C:/Users/ch/Desktop/2021.4-SP1.2/ip_2port_ram/prj/ipcore/pll_clk/pll_clk.v(line number: 139)] Net dyn_duty1 in pll_clk(original module pll_clk) does not have a driver, tie it to 0
W: Verilog-2021: [C:/Users/ch/Desktop/2021.4-SP1.2/ip_2port_ram/prj/ipcore/pll_clk/pll_clk.v(line number: 140)] Net dyn_duty2 in pll_clk(original module pll_clk) does not have a driver, tie it to 0
W: Verilog-2021: [C:/Users/ch/Desktop/2021.4-SP1.2/ip_2port_ram/prj/ipcore/pll_clk/pll_clk.v(line number: 141)] Net dyn_duty3 in pll_clk(original module pll_clk) does not have a driver, tie it to 0
W: Verilog-2021: [C:/Users/ch/Desktop/2021.4-SP1.2/ip_2port_ram/prj/ipcore/pll_clk/pll_clk.v(line number: 142)] Net dyn_duty4 in pll_clk(original module pll_clk) does not have a driver, tie it to 0
W: Verilog-2020: [C:/Users/ch/Desktop/2021.4-SP1.2/ip_2port_ram/prj/ipcore/pll_clk/pll_clk.v(line number: 143)] Net dyn_phase0[0] in pll_clk(original module pll_clk) does not have a driver, tie it to 0
W: Verilog-2020: [C:/Users/ch/Desktop/2021.4-SP1.2/ip_2port_ram/prj/ipcore/pll_clk/pll_clk.v(line number: 143)] Net dyn_phase0[1] in pll_clk(original module pll_clk) does not have a driver, tie it to 0
W: Verilog-2020: [C:/Users/ch/Desktop/2021.4-SP1.2/ip_2port_ram/prj/ipcore/pll_clk/pll_clk.v(line number: 143)] Net dyn_phase0[2] in pll_clk(original module pll_clk) does not have a driver, tie it to 0
W: Verilog-2020: [C:/Users/ch/Desktop/2021.4-SP1.2/ip_2port_ram/prj/ipcore/pll_clk/pll_clk.v(line number: 143)] Net dyn_phase0[3] in pll_clk(original module pll_clk) does not have a driver, tie it to 0
W: Verilog-2020: [C:/Users/ch/Desktop/2021.4-SP1.2/ip_2port_ram/prj/ipcore/pll_clk/pll_clk.v(line number: 143)] Net dyn_phase0[4] in pll_clk(original module pll_clk) does not have a driver, tie it to 0
W: Verilog-2020: [C:/Users/ch/Desktop/2021.4-SP1.2/ip_2port_ram/prj/ipcore/pll_clk/pll_clk.v(line number: 143)] Net dyn_phase0[5] in pll_clk(original module pll_clk) does not have a driver, tie it to 0
W: Verilog-2020: [C:/Users/ch/Desktop/2021.4-SP1.2/ip_2port_ram/prj/ipcore/pll_clk/pll_clk.v(line number: 143)] Net dyn_phase0[6] in pll_clk(original module pll_clk) does not have a driver, tie it to 0
W: Verilog-2020: [C:/Users/ch/Desktop/2021.4-SP1.2/ip_2port_ram/prj/ipcore/pll_clk/pll_clk.v(line number: 143)] Net dyn_phase0[7] in pll_clk(original module pll_clk) does not have a driver, tie it to 0
W: Verilog-2020: [C:/Users/ch/Desktop/2021.4-SP1.2/ip_2port_ram/prj/ipcore/pll_clk/pll_clk.v(line number: 143)] Net dyn_phase0[8] in pll_clk(original module pll_clk) does not have a driver, tie it to 0
W: Verilog-2020: [C:/Users/ch/Desktop/2021.4-SP1.2/ip_2port_ram/prj/ipcore/pll_clk/pll_clk.v(line number: 143)] Net dyn_phase0[9] in pll_clk(original module pll_clk) does not have a driver, tie it to 0
W: Verilog-2020: [C:/Users/ch/Desktop/2021.4-SP1.2/ip_2port_ram/prj/ipcore/pll_clk/pll_clk.v(line number: 143)] Net dyn_phase0[10] in pll_clk(original module pll_clk) does not have a driver, tie it to 0
W: Verilog-2020: [C:/Users/ch/Desktop/2021.4-SP1.2/ip_2port_ram/prj/ipcore/pll_clk/pll_clk.v(line number: 143)] Net dyn_phase0[11] in pll_clk(original module pll_clk) does not have a driver, tie it to 0
W: Verilog-2020: [C:/Users/ch/Desktop/2021.4-SP1.2/ip_2port_ram/prj/ipcore/pll_clk/pll_clk.v(line number: 143)] Net dyn_phase0[12] in pll_clk(original module pll_clk) does not have a driver, tie it to 0
W: Verilog-2020: [C:/Users/ch/Desktop/2021.4-SP1.2/ip_2port_ram/prj/ipcore/pll_clk/pll_clk.v(line number: 144)] Net dyn_phase1[0] in pll_clk(original module pll_clk) does not have a driver, tie it to 0
W: Verilog-2020: [C:/Users/ch/Desktop/2021.4-SP1.2/ip_2port_ram/prj/ipcore/pll_clk/pll_clk.v(line number: 144)] Net dyn_phase1[1] in pll_clk(original module pll_clk) does not have a driver, tie it to 0
W: Verilog-2020: [C:/Users/ch/Desktop/2021.4-SP1.2/ip_2port_ram/prj/ipcore/pll_clk/pll_clk.v(line number: 144)] Net dyn_phase1[2] in pll_clk(original module pll_clk) does not have a driver, tie it to 0
W: Verilog-2020: [C:/Users/ch/Desktop/2021.4-SP1.2/ip_2port_ram/prj/ipcore/pll_clk/pll_clk.v(line number: 144)] Net dyn_phase1[3] in pll_clk(original module pll_clk) does not have a driver, tie it to 0
W: Verilog-2020: [C:/Users/ch/Desktop/2021.4-SP1.2/ip_2port_ram/prj/ipcore/pll_clk/pll_clk.v(line number: 144)] Net dyn_phase1[4] in pll_clk(original module pll_clk) does not have a driver, tie it to 0
W: Verilog-2020: [C:/Users/ch/Desktop/2021.4-SP1.2/ip_2port_ram/prj/ipcore/pll_clk/pll_clk.v(line number: 144)] Net dyn_phase1[5] in pll_clk(original module pll_clk) does not have a driver, tie it to 0
W: Verilog-2020: [C:/Users/ch/Desktop/2021.4-SP1.2/ip_2port_ram/prj/ipcore/pll_clk/pll_clk.v(line number: 144)] Net dyn_phase1[6] in pll_clk(original module pll_clk) does not have a driver, tie it to 0
W: Verilog-2020: [C:/Users/ch/Desktop/2021.4-SP1.2/ip_2port_ram/prj/ipcore/pll_clk/pll_clk.v(line number: 144)] Net dyn_phase1[7] in pll_clk(original module pll_clk) does not have a driver, tie it to 0
W: Verilog-2020: [C:/Users/ch/Desktop/2021.4-SP1.2/ip_2port_ram/prj/ipcore/pll_clk/pll_clk.v(line number: 144)] Net dyn_phase1[8] in pll_clk(original module pll_clk) does not have a driver, tie it to 0
W: Verilog-2020: [C:/Users/ch/Desktop/2021.4-SP1.2/ip_2port_ram/prj/ipcore/pll_clk/pll_clk.v(line number: 144)] Net dyn_phase1[9] in pll_clk(original module pll_clk) does not have a driver, tie it to 0
W: Verilog-2020: [C:/Users/ch/Desktop/2021.4-SP1.2/ip_2port_ram/prj/ipcore/pll_clk/pll_clk.v(line number: 144)] Net dyn_phase1[10] in pll_clk(original module pll_clk) does not have a driver, tie it to 0
W: Verilog-2020: [C:/Users/ch/Desktop/2021.4-SP1.2/ip_2port_ram/prj/ipcore/pll_clk/pll_clk.v(line number: 144)] Net dyn_phase1[11] in pll_clk(original module pll_clk) does not have a driver, tie it to 0
W: Verilog-2020: [C:/Users/ch/Desktop/2021.4-SP1.2/ip_2port_ram/prj/ipcore/pll_clk/pll_clk.v(line number: 144)] Net dyn_phase1[12] in pll_clk(original module pll_clk) does not have a driver, tie it to 0
W: Verilog-2020: [C:/Users/ch/Desktop/2021.4-SP1.2/ip_2port_ram/prj/ipcore/pll_clk/pll_clk.v(line number: 145)] Net dyn_phase2[0] in pll_clk(original module pll_clk) does not have a driver, tie it to 0
W: Verilog-2020: [C:/Users/ch/Desktop/2021.4-SP1.2/ip_2port_ram/prj/ipcore/pll_clk/pll_clk.v(line number: 145)] Net dyn_phase2[1] in pll_clk(original module pll_clk) does not have a driver, tie it to 0
W: Verilog-2020: [C:/Users/ch/Desktop/2021.4-SP1.2/ip_2port_ram/prj/ipcore/pll_clk/pll_clk.v(line number: 145)] Net dyn_phase2[2] in pll_clk(original module pll_clk) does not have a driver, tie it to 0
W: Verilog-2020: [C:/Users/ch/Desktop/2021.4-SP1.2/ip_2port_ram/prj/ipcore/pll_clk/pll_clk.v(line number: 145)] Net dyn_phase2[3] in pll_clk(original module pll_clk) does not have a driver, tie it to 0
W: Verilog-2020: [C:/Users/ch/Desktop/2021.4-SP1.2/ip_2port_ram/prj/ipcore/pll_clk/pll_clk.v(line number: 145)] Net dyn_phase2[4] in pll_clk(original module pll_clk) does not have a driver, tie it to 0
W: Verilog-2020: [C:/Users/ch/Desktop/2021.4-SP1.2/ip_2port_ram/prj/ipcore/pll_clk/pll_clk.v(line number: 145)] Net dyn_phase2[5] in pll_clk(original module pll_clk) does not have a driver, tie it to 0
W: Verilog-2020: [C:/Users/ch/Desktop/2021.4-SP1.2/ip_2port_ram/prj/ipcore/pll_clk/pll_clk.v(line number: 145)] Net dyn_phase2[6] in pll_clk(original module pll_clk) does not have a driver, tie it to 0
W: Verilog-2020: [C:/Users/ch/Desktop/2021.4-SP1.2/ip_2port_ram/prj/ipcore/pll_clk/pll_clk.v(line number: 145)] Net dyn_phase2[7] in pll_clk(original module pll_clk) does not have a driver, tie it to 0
W: Verilog-2020: [C:/Users/ch/Desktop/2021.4-SP1.2/ip_2port_ram/prj/ipcore/pll_clk/pll_clk.v(line number: 145)] Net dyn_phase2[8] in pll_clk(original module pll_clk) does not have a driver, tie it to 0
W: Verilog-2020: [C:/Users/ch/Desktop/2021.4-SP1.2/ip_2port_ram/prj/ipcore/pll_clk/pll_clk.v(line number: 145)] Net dyn_phase2[9] in pll_clk(original module pll_clk) does not have a driver, tie it to 0
W: Verilog-2020: [C:/Users/ch/Desktop/2021.4-SP1.2/ip_2port_ram/prj/ipcore/pll_clk/pll_clk.v(line number: 145)] Net dyn_phase2[10] in pll_clk(original module pll_clk) does not have a driver, tie it to 0
W: Verilog-2020: [C:/Users/ch/Desktop/2021.4-SP1.2/ip_2port_ram/prj/ipcore/pll_clk/pll_clk.v(line number: 145)] Net dyn_phase2[11] in pll_clk(original module pll_clk) does not have a driver, tie it to 0
W: Verilog-2020: [C:/Users/ch/Desktop/2021.4-SP1.2/ip_2port_ram/prj/ipcore/pll_clk/pll_clk.v(line number: 145)] Net dyn_phase2[12] in pll_clk(original module pll_clk) does not have a driver, tie it to 0
W: Verilog-2020: [C:/Users/ch/Desktop/2021.4-SP1.2/ip_2port_ram/prj/ipcore/pll_clk/pll_clk.v(line number: 146)] Net dyn_phase3[0] in pll_clk(original module pll_clk) does not have a driver, tie it to 0
W: Verilog-2020: [C:/Users/ch/Desktop/2021.4-SP1.2/ip_2port_ram/prj/ipcore/pll_clk/pll_clk.v(line number: 146)] Net dyn_phase3[1] in pll_clk(original module pll_clk) does not have a driver, tie it to 0
W: Verilog-2020: [C:/Users/ch/Desktop/2021.4-SP1.2/ip_2port_ram/prj/ipcore/pll_clk/pll_clk.v(line number: 146)] Net dyn_phase3[2] in pll_clk(original module pll_clk) does not have a driver, tie it to 0
W: Verilog-2020: [C:/Users/ch/Desktop/2021.4-SP1.2/ip_2port_ram/prj/ipcore/pll_clk/pll_clk.v(line number: 146)] Net dyn_phase3[3] in pll_clk(original module pll_clk) does not have a driver, tie it to 0
W: Verilog-2020: [C:/Users/ch/Desktop/2021.4-SP1.2/ip_2port_ram/prj/ipcore/pll_clk/pll_clk.v(line number: 146)] Net dyn_phase3[4] in pll_clk(original module pll_clk) does not have a driver, tie it to 0
W: Verilog-2020: [C:/Users/ch/Desktop/2021.4-SP1.2/ip_2port_ram/prj/ipcore/pll_clk/pll_clk.v(line number: 146)] Net dyn_phase3[5] in pll_clk(original module pll_clk) does not have a driver, tie it to 0
W: Verilog-2020: [C:/Users/ch/Desktop/2021.4-SP1.2/ip_2port_ram/prj/ipcore/pll_clk/pll_clk.v(line number: 146)] Net dyn_phase3[6] in pll_clk(original module pll_clk) does not have a driver, tie it to 0
W: Verilog-2020: [C:/Users/ch/Desktop/2021.4-SP1.2/ip_2port_ram/prj/ipcore/pll_clk/pll_clk.v(line number: 146)] Net dyn_phase3[7] in pll_clk(original module pll_clk) does not have a driver, tie it to 0
W: Verilog-2020: [C:/Users/ch/Desktop/2021.4-SP1.2/ip_2port_ram/prj/ipcore/pll_clk/pll_clk.v(line number: 146)] Net dyn_phase3[8] in pll_clk(original module pll_clk) does not have a driver, tie it to 0
W: Verilog-2020: [C:/Users/ch/Desktop/2021.4-SP1.2/ip_2port_ram/prj/ipcore/pll_clk/pll_clk.v(line number: 146)] Net dyn_phase3[9] in pll_clk(original module pll_clk) does not have a driver, tie it to 0
W: Verilog-2020: [C:/Users/ch/Desktop/2021.4-SP1.2/ip_2port_ram/prj/ipcore/pll_clk/pll_clk.v(line number: 146)] Net dyn_phase3[10] in pll_clk(original module pll_clk) does not have a driver, tie it to 0
W: Verilog-2020: [C:/Users/ch/Desktop/2021.4-SP1.2/ip_2port_ram/prj/ipcore/pll_clk/pll_clk.v(line number: 146)] Net dyn_phase3[11] in pll_clk(original module pll_clk) does not have a driver, tie it to 0
W: Verilog-2020: [C:/Users/ch/Desktop/2021.4-SP1.2/ip_2port_ram/prj/ipcore/pll_clk/pll_clk.v(line number: 146)] Net dyn_phase3[12] in pll_clk(original module pll_clk) does not have a driver, tie it to 0
W: Verilog-2020: [C:/Users/ch/Desktop/2021.4-SP1.2/ip_2port_ram/prj/ipcore/pll_clk/pll_clk.v(line number: 147)] Net dyn_phase4[0] in pll_clk(original module pll_clk) does not have a driver, tie it to 0
W: Verilog-2020: [C:/Users/ch/Desktop/2021.4-SP1.2/ip_2port_ram/prj/ipcore/pll_clk/pll_clk.v(line number: 147)] Net dyn_phase4[1] in pll_clk(original module pll_clk) does not have a driver, tie it to 0
W: Verilog-2020: [C:/Users/ch/Desktop/2021.4-SP1.2/ip_2port_ram/prj/ipcore/pll_clk/pll_clk.v(line number: 147)] Net dyn_phase4[2] in pll_clk(original module pll_clk) does not have a driver, tie it to 0
W: Verilog-2020: [C:/Users/ch/Desktop/2021.4-SP1.2/ip_2port_ram/prj/ipcore/pll_clk/pll_clk.v(line number: 147)] Net dyn_phase4[3] in pll_clk(original module pll_clk) does not have a driver, tie it to 0
W: Verilog-2020: [C:/Users/ch/Desktop/2021.4-SP1.2/ip_2port_ram/prj/ipcore/pll_clk/pll_clk.v(line number: 147)] Net dyn_phase4[4] in pll_clk(original module pll_clk) does not have a driver, tie it to 0
W: Verilog-2020: [C:/Users/ch/Desktop/2021.4-SP1.2/ip_2port_ram/prj/ipcore/pll_clk/pll_clk.v(line number: 147)] Net dyn_phase4[5] in pll_clk(original module pll_clk) does not have a driver, tie it to 0
W: Verilog-2020: [C:/Users/ch/Desktop/2021.4-SP1.2/ip_2port_ram/prj/ipcore/pll_clk/pll_clk.v(line number: 147)] Net dyn_phase4[6] in pll_clk(original module pll_clk) does not have a driver, tie it to 0
W: Verilog-2020: [C:/Users/ch/Desktop/2021.4-SP1.2/ip_2port_ram/prj/ipcore/pll_clk/pll_clk.v(line number: 147)] Net dyn_phase4[7] in pll_clk(original module pll_clk) does not have a driver, tie it to 0
W: Verilog-2020: [C:/Users/ch/Desktop/2021.4-SP1.2/ip_2port_ram/prj/ipcore/pll_clk/pll_clk.v(line number: 147)] Net dyn_phase4[8] in pll_clk(original module pll_clk) does not have a driver, tie it to 0
W: Verilog-2020: [C:/Users/ch/Desktop/2021.4-SP1.2/ip_2port_ram/prj/ipcore/pll_clk/pll_clk.v(line number: 147)] Net dyn_phase4[9] in pll_clk(original module pll_clk) does not have a driver, tie it to 0
W: Verilog-2020: [C:/Users/ch/Desktop/2021.4-SP1.2/ip_2port_ram/prj/ipcore/pll_clk/pll_clk.v(line number: 147)] Net dyn_phase4[10] in pll_clk(original module pll_clk) does not have a driver, tie it to 0
W: Verilog-2020: [C:/Users/ch/Desktop/2021.4-SP1.2/ip_2port_ram/prj/ipcore/pll_clk/pll_clk.v(line number: 147)] Net dyn_phase4[11] in pll_clk(original module pll_clk) does not have a driver, tie it to 0
W: Verilog-2020: [C:/Users/ch/Desktop/2021.4-SP1.2/ip_2port_ram/prj/ipcore/pll_clk/pll_clk.v(line number: 147)] Net dyn_phase4[12] in pll_clk(original module pll_clk) does not have a driver, tie it to 0
I: Verilog-0004: [C:/Users/ch/Desktop/2021.4-SP1.2/ip_2port_ram/rtl/ip_2port_ram.v(line number: 51)] Elaborating instance u_ram_wr
I: Verilog-0003: [C:/Users/ch/Desktop/2021.4-SP1.2/ip_2port_ram/rtl/ram_wr.v(line number: 23)] Elaborating module ram_wr
I: Verilog-0004: [C:/Users/ch/Desktop/2021.4-SP1.2/ip_2port_ram/rtl/ip_2port_ram.v(line number: 60)] Elaborating instance ram_2port_inst
I: Verilog-0003: [C:/Users/ch/Desktop/2021.4-SP1.2/ip_2port_ram/prj/ipcore/ram_2port/ram_2port.v(line number: 18)] Elaborating module ram_2port
I: Verilog-0004: [C:/Users/ch/Desktop/2021.4-SP1.2/ip_2port_ram/prj/ipcore/ram_2port/ram_2port.v(line number: 159)] Elaborating instance U_ipml_sdpram_ram_2port
I: Verilog-0003: [C:/Users/ch/Desktop/2021.4-SP1.2/ip_2port_ram/prj/ipcore/ram_2port/rtl/ipml_sdpram_v1_6_ram_2port.v(line number: 20)] Elaborating module ipml_sdpram_v1_6_ram_2port
I: Module instance {ip_2port_ram.ram_2port_inst.U_ipml_sdpram_ram_2port} parameter value:
    c_SIM_DEVICE = PGL22G
    c_WR_ADDR_WIDTH = 32'b00000000000000000000000000000101
    c_WR_DATA_WIDTH = 32'b00000000000000000000000000001000
    c_RD_ADDR_WIDTH = 32'b00000000000000000000000000000101
    c_RD_DATA_WIDTH = 32'b00000000000000000000000000001000
    c_OUTPUT_REG = 32'b00000000000000000000000000000000
    c_RD_OCE_EN = 32'b00000000000000000000000000000000
    c_WR_ADDR_STROBE_EN = 32'b00000000000000000000000000000000
    c_RD_ADDR_STROBE_EN = 32'b00000000000000000000000000000000
    c_WR_CLK_EN = 32'b00000000000000000000000000000000
    c_RD_CLK_EN = 32'b00000000000000000000000000000000
    c_RD_CLK_OR_POL_INV = 32'b00000000000000000000000000000000
    c_RESET_TYPE = ASYNC_RESET
    c_POWER_OPT = 32'b00000000000000000000000000000000
    c_INIT_FILE = NONE
    c_INIT_FORMAT = BIN
    c_WR_BYTE_EN = 32'b00000000000000000000000000000000
    c_BE_WIDTH = 32'b00000000000000000000000000000001
C: [C:/Users/ch/Desktop/2021.4-SP1.2/ip_2port_ram/prj/ipcore/ram_2port/rtl/ipml_sdpram_v1_6_ram_2port.v(line number: 317)] IPSpecCheck: 01030102 ipml_flex_sdpram parameter setting error !!!: c_WR_ADDR_WIDTH must between 8-20 (module instance : ip_2port_ram.ram_2port_inst.U_ipml_sdpram_ram_2port)
W: Verilog-2038: [C:/Users/ch/Desktop/2021.4-SP1.2/ip_2port_ram/prj/ipcore/ram_2port/rtl/ipml_sdpram_v1_6_ram_2port.v(line number: 490)] Case condition never applies
W: Verilog-2038: [C:/Users/ch/Desktop/2021.4-SP1.2/ip_2port_ram/prj/ipcore/ram_2port/rtl/ipml_sdpram_v1_6_ram_2port.v(line number: 491)] Case condition never applies
W: Verilog-2038: [C:/Users/ch/Desktop/2021.4-SP1.2/ip_2port_ram/prj/ipcore/ram_2port/rtl/ipml_sdpram_v1_6_ram_2port.v(line number: 492)] Case condition never applies
W: Verilog-2038: [C:/Users/ch/Desktop/2021.4-SP1.2/ip_2port_ram/prj/ipcore/ram_2port/rtl/ipml_sdpram_v1_6_ram_2port.v(line number: 493)] Case condition never applies
W: Verilog-2038: [C:/Users/ch/Desktop/2021.4-SP1.2/ip_2port_ram/prj/ipcore/ram_2port/rtl/ipml_sdpram_v1_6_ram_2port.v(line number: 493)] Case condition never applies
W: Verilog-2038: [C:/Users/ch/Desktop/2021.4-SP1.2/ip_2port_ram/prj/ipcore/ram_2port/rtl/ipml_sdpram_v1_6_ram_2port.v(line number: 494)] Case condition never applies
W: Verilog-2038: [C:/Users/ch/Desktop/2021.4-SP1.2/ip_2port_ram/prj/ipcore/ram_2port/rtl/ipml_sdpram_v1_6_ram_2port.v(line number: 494)] Case condition never applies
W: Verilog-2038: [C:/Users/ch/Desktop/2021.4-SP1.2/ip_2port_ram/prj/ipcore/ram_2port/rtl/ipml_sdpram_v1_6_ram_2port.v(line number: 686)] Case condition never applies
W: Verilog-2038: [C:/Users/ch/Desktop/2021.4-SP1.2/ip_2port_ram/prj/ipcore/ram_2port/rtl/ipml_sdpram_v1_6_ram_2port.v(line number: 687)] Case condition never applies
W: Verilog-2038: [C:/Users/ch/Desktop/2021.4-SP1.2/ip_2port_ram/prj/ipcore/ram_2port/rtl/ipml_sdpram_v1_6_ram_2port.v(line number: 688)] Case condition never applies
W: Verilog-2038: [C:/Users/ch/Desktop/2021.4-SP1.2/ip_2port_ram/prj/ipcore/ram_2port/rtl/ipml_sdpram_v1_6_ram_2port.v(line number: 689)] Case condition never applies
W: Verilog-2038: [C:/Users/ch/Desktop/2021.4-SP1.2/ip_2port_ram/prj/ipcore/ram_2port/rtl/ipml_sdpram_v1_6_ram_2port.v(line number: 689)] Case condition never applies
W: Verilog-2038: [C:/Users/ch/Desktop/2021.4-SP1.2/ip_2port_ram/prj/ipcore/ram_2port/rtl/ipml_sdpram_v1_6_ram_2port.v(line number: 690)] Case condition never applies
W: Verilog-2038: [C:/Users/ch/Desktop/2021.4-SP1.2/ip_2port_ram/prj/ipcore/ram_2port/rtl/ipml_sdpram_v1_6_ram_2port.v(line number: 690)] Case condition never applies
I: Verilog-0004: [C:/Users/ch/Desktop/2021.4-SP1.2/ip_2port_ram/prj/ipcore/ram_2port/rtl/ipml_sdpram_v1_6_ram_2port.v(line number: 857)] Elaborating instance U_GTP_DRM9K
W: Verilog-2020: [C:/Users/ch/Desktop/2021.4-SP1.2/ip_2port_ram/prj/ipcore/ram_2port/rtl/ipml_sdpram_v1_6_ram_2port.v(line number: 777)] Net DA_bus[8] in ipml_sdpram_v1_6_ram_2port(original module ipml_sdpram_v1_6_ram_2port) does not have a driver, tie it to 0
W: Verilog-2020: [C:/Users/ch/Desktop/2021.4-SP1.2/ip_2port_ram/prj/ipcore/ram_2port/rtl/ipml_sdpram_v1_6_ram_2port.v(line number: 777)] Net DA_bus[17] in ipml_sdpram_v1_6_ram_2port(original module ipml_sdpram_v1_6_ram_2port) does not have a driver, tie it to 0
W: Verilog-2020: [C:/Users/ch/Desktop/2021.4-SP1.2/ip_2port_ram/prj/ipcore/ram_2port/rtl/ipml_sdpram_v1_6_ram_2port.v(line number: 778)] Net DB_bus[8] in ipml_sdpram_v1_6_ram_2port(original module ipml_sdpram_v1_6_ram_2port) does not have a driver, tie it to 0
W: Verilog-2020: [C:/Users/ch/Desktop/2021.4-SP1.2/ip_2port_ram/prj/ipcore/ram_2port/rtl/ipml_sdpram_v1_6_ram_2port.v(line number: 778)] Net DB_bus[17] in ipml_sdpram_v1_6_ram_2port(original module ipml_sdpram_v1_6_ram_2port) does not have a driver, tie it to 0
I: Verilog-0004: [C:/Users/ch/Desktop/2021.4-SP1.2/ip_2port_ram/rtl/ip_2port_ram.v(line number: 73)] Elaborating instance u_ram_rd
I: Verilog-0003: [C:/Users/ch/Desktop/2021.4-SP1.2/ip_2port_ram/rtl/ram_rd.v(line number: 23)] Elaborating module ram_rd
Executing : rtl-elaborate successfully. Time elapsed: 0.010s wall, 0.000s user + 0.000s system = 0.000s CPU (n/a%)

Start rtl-prep.
Executing : rtl-prep successfully. Time elapsed: 0.004s wall, 0.016s user + 0.000s system = 0.016s CPU (382.3%)

Start rtl-infer.
Executing : rtl-infer successfully. Time elapsed: 0.024s wall, 0.000s user + 0.016s system = 0.016s CPU (64.1%)

Start rtl-control-opt.
Executing : rtl-control-opt successfully. Time elapsed: 0.001s wall, 0.000s user + 0.000s system = 0.000s CPU (n/a%)

Start rtl-data-opt.
Executing : rtl-data-opt successfully. Time elapsed: 0.004s wall, 0.016s user + 0.000s system = 0.016s CPU (383.7%)

Start FSM inference.
Executing : FSM inference successfully. Time elapsed: 0.000s wall, 0.000s user + 0.000s system = 0.000s CPU (n/a%)

Start sdm2adm.
I: Constant propagation done on N123 (bmsWIDEINV).
I: Constant propagation done on N127 (bmsWIDEINV).
I: Constant propagation done on N126 (bmsREDAND).
I: Constant propagation done on N130 (bmsREDAND).
I: Constant propagation done on N107 (bmsREDAND).
I: Constant propagation done on N108 (bmsREDAND).
Executing : sdm2adm successfully. Time elapsed: 0.009s wall, 0.000s user + 0.000s system = 0.000s CPU (n/a%)

Saving design to DB.
Action compile: Real time elapsed is 3.000 sec
Action compile: CPU time elapsed is 0.828 sec
Action compile: Process CPU time elapsed is 0.828 sec
Current time: Tue Oct 25 09:52:05 2022
Action compile: Peak memory pool usage is 102,207,488 bytes
Compiling architecture definition.
Analyzing project file 'C:/Users/ch/Desktop/2021.4-SP1.2/ip_2port_ram/prj/ip_2port_ram.pds'.
License checkout: fabric_ads
Compiling verification operator library.
Compiling common defs.
Loading technology operator library.
Compiling technology operator library.
Compiling technology operator (valence) library.
Reading design from compile DB
Reading design from compile DB successfully.
NOTE: The technology fpga was specified.
NOTE: delay_model specified was generic_cmos.
NOTE: Using the fpga syntax tables...
Totals:
 Calls to malloc = 0
 Calls to calloc = 350860

Constraint check start.
Compiling prim grid devices.
Building architecture model.
Loading device packaging model.
Building architecture floorplan logic view.
Executing : get_ports sys_clk
Executing : get_ports sys_clk successfully.
Executing : create_clock -name clk [get_ports sys_clk] -period 20 -waveform {0.000 10.000}
Executing : create_clock -name clk [get_ports sys_clk] -period 20 -waveform {0.000 10.000} successfully.
W: ConstraintEditor-4019: Port 'clk_25m' unspecified I/O constraint.
W: ConstraintEditor-4019: Port 'clk_50m' unspecified I/O constraint.
W: ConstraintEditor-4019: Port 'locked' unspecified I/O constraint.
W: ConstraintEditor-4019: Port 'ram_rd_addr[0]' unspecified I/O constraint.
W: ConstraintEditor-4019: Port 'ram_rd_addr[1]' unspecified I/O constraint.
W: ConstraintEditor-4019: Port 'ram_rd_addr[2]' unspecified I/O constraint.
W: ConstraintEditor-4019: Port 'ram_rd_addr[3]' unspecified I/O constraint.
W: ConstraintEditor-4019: Port 'ram_rd_addr[4]' unspecified I/O constraint.
W: ConstraintEditor-4019: Port 'ram_rd_data[0]' unspecified I/O constraint.
W: ConstraintEditor-4019: Port 'ram_rd_data[1]' unspecified I/O constraint.
W: ConstraintEditor-4019: Port 'ram_rd_data[2]' unspecified I/O constraint.
W: ConstraintEditor-4019: Port 'ram_rd_data[3]' unspecified I/O constraint.
W: ConstraintEditor-4019: Port 'ram_rd_data[4]' unspecified I/O constraint.
W: ConstraintEditor-4019: Port 'ram_rd_data[5]' unspecified I/O constraint.
W: ConstraintEditor-4019: Port 'ram_rd_data[6]' unspecified I/O constraint.
W: ConstraintEditor-4019: Port 'ram_rd_data[7]' unspecified I/O constraint.
W: ConstraintEditor-4019: Port 'ram_rd_en' unspecified I/O constraint.
W: ConstraintEditor-4019: Port 'ram_wr_addr[0]' unspecified I/O constraint.
W: ConstraintEditor-4019: Port 'ram_wr_addr[1]' unspecified I/O constraint.
W: ConstraintEditor-4019: Port 'ram_wr_addr[2]' unspecified I/O constraint.
W: ConstraintEditor-4019: Port 'ram_wr_addr[3]' unspecified I/O constraint.
W: ConstraintEditor-4019: Port 'ram_wr_addr[4]' unspecified I/O constraint.
W: ConstraintEditor-4019: Port 'ram_wr_data[0]' unspecified I/O constraint.
W: ConstraintEditor-4019: Port 'ram_wr_data[1]' unspecified I/O constraint.
W: ConstraintEditor-4019: Port 'ram_wr_data[2]' unspecified I/O constraint.
W: ConstraintEditor-4019: Port 'ram_wr_data[3]' unspecified I/O constraint.
W: ConstraintEditor-4019: Port 'ram_wr_data[4]' unspecified I/O constraint.
W: ConstraintEditor-4019: Port 'ram_wr_data[5]' unspecified I/O constraint.
W: ConstraintEditor-4019: Port 'ram_wr_data[6]' unspecified I/O constraint.
W: ConstraintEditor-4019: Port 'ram_wr_data[7]' unspecified I/O constraint.
W: ConstraintEditor-4019: Port 'ram_wr_en' unspecified I/O constraint.
Constraint check end.
C: SDC-2025: Clock source 'n:u_pll_clk/clkout0' need a clock constraint, please use 'create_clock' or 'create_generate_clock' to generate.
C: SDC-2025: Clock source 'n:u_pll_clk/clkout1' need a clock constraint, please use 'create_clock' or 'create_generate_clock' to generate.
Executing : get_ports sys_clk
Executing : get_ports sys_clk successfully.
Executing : get_pins u_pll_clk/u_pll_e1:CLKOUT1
Executing : get_pins u_pll_clk/u_pll_e1:CLKOUT1 successfully.
Executing : create_generated_clock -name clk|u_pll_clk/u_pll_e1/CLKOUT1_Inferred -source [get_ports sys_clk] [get_pins u_pll_clk/u_pll_e1:CLKOUT1] -master_clock clk -edges {1 2 3} -edge_shift {0.000000 10.000000 20.000000} -add
Executing : create_generated_clock -name clk|u_pll_clk/u_pll_e1/CLKOUT1_Inferred -source [get_ports sys_clk] [get_pins u_pll_clk/u_pll_e1:CLKOUT1] -master_clock clk -edges {1 2 3} -edge_shift {0.000000 10.000000 20.000000} -add successfully.
Executing : get_ports sys_clk
Executing : get_ports sys_clk successfully.
Executing : get_pins u_pll_clk/u_pll_e1:CLKOUT0
Executing : get_pins u_pll_clk/u_pll_e1:CLKOUT0 successfully.
Executing : create_generated_clock -name clk|u_pll_clk/u_pll_e1/CLKOUT0_Inferred -source [get_ports sys_clk] [get_pins u_pll_clk/u_pll_e1:CLKOUT0] -master_clock clk -edges {1 2 3} -edge_shift {0.000000 0.000000 0.000000} -add
Executing : create_generated_clock -name clk|u_pll_clk/u_pll_e1/CLKOUT0_Inferred -source [get_ports sys_clk] [get_pins u_pll_clk/u_pll_e1:CLKOUT0] -master_clock clk -edges {1 2 3} -edge_shift {0.000000 0.000000 0.000000} -add successfully.
Start pre-mapping.
Executing : pre-mapping successfully. Time elapsed: 0.008s wall, 0.000s user + 0.000s system = 0.000s CPU (n/a%)

Start mod-gen.
I: Constant propagation done on out_xor (bmsREDXOR).
I: Constant propagation done on out_xor_1 (bmsREDXOR).
I: Constant propagation done on out_xor_2 (bmsREDXOR).
I: Constant propagation done on out_xor_3 (bmsREDXOR).
I: Constant propagation done on out_xor_4 (bmsREDXOR).
I: Constant propagation done on out_xor_5 (bmsREDXOR).
I: Constant propagation done on u_ram_wr/N15_inv (bmsINV).
I: Constant propagation done on u_ram_wr/N15_inv_1 (bmsINV).
I: Constant propagation done on u_ram_wr/N15_inv_2 (bmsINV).
I: Constant propagation done on u_ram_wr/N15_inv_3 (bmsINV).
I: Adm-6003: Trying to disconnect un-connected pin 'Z[0]' of instance 'u_ram_rd/N4_mux2'.
I: Adm-6003: Trying to disconnect un-connected pin 'Z[0]' of instance 'u_ram_rd/N4_mux4'.
I: Adm-6003: Trying to disconnect un-connected pin 'Z[0]' of instance 'u_ram_wr/N4_mux2'.
I: Adm-6003: Trying to disconnect un-connected pin 'Z[0]' of instance 'u_ram_wr/N4_mux4'.
I: Adm-6003: Trying to disconnect un-connected pin 'Z[0]' of instance 'u_ram_rd/N4_mux3'.
I: Adm-6003: Trying to disconnect un-connected pin 'Z[0]' of instance 'u_ram_rd/N4_mux5'.
I: Adm-6003: Trying to disconnect un-connected pin 'Z[0]' of instance 'u_ram_wr/N4_mux3'.
I: Adm-6003: Trying to disconnect un-connected pin 'Z[0]' of instance 'u_ram_wr/N4_mux5'.
Executing : mod-gen successfully. Time elapsed: 0.013s wall, 0.000s user + 0.000s system = 0.000s CPU (n/a%)

Start logic-optimization.
I: Adm-6003: Trying to disconnect un-connected pin 'Z[0]' of instance 'u_ram_rd/N37[0]'.
I: Adm-6003: Trying to disconnect un-connected pin 'Z[0]' of instance 'u_ram_rd/N37[1]'.
I: Adm-6003: Trying to disconnect un-connected pin 'Z[0]' of instance 'u_ram_rd/N37[2]'.
I: Adm-6003: Trying to disconnect un-connected pin 'Z[0]' of instance 'u_ram_rd/N37[3]'.
I: Adm-6003: Trying to disconnect un-connected pin 'Z[0]' of instance 'u_ram_rd/N37[4]'.
I: Adm-6003: Trying to disconnect un-connected pin 'Z[0]' of instance 'u_ram_wr/N52[0]'.
I: Adm-6003: Trying to disconnect un-connected pin 'Z[0]' of instance 'u_ram_wr/N52[1]'.
I: Adm-6003: Trying to disconnect un-connected pin 'Z[0]' of instance 'u_ram_wr/N52[2]'.
I: Adm-6003: Trying to disconnect un-connected pin 'Z[0]' of instance 'u_ram_wr/N52[3]'.
I: Adm-6003: Trying to disconnect un-connected pin 'Z[0]' of instance 'u_ram_wr/N52[4]'.
I: Adm-6003: Trying to disconnect un-connected pin 'Z[0]' of instance 'u_ram_wr/N52[5]'.
I: Adm-6003: Trying to disconnect un-connected pin 'Z[0]' of instance 'u_ram_wr/N53[0]'.
I: Adm-6003: Trying to disconnect un-connected pin 'Z[0]' of instance 'u_ram_wr/N53[1]'.
I: Adm-6003: Trying to disconnect un-connected pin 'Z[0]' of instance 'u_ram_wr/N53[2]'.
I: Adm-6003: Trying to disconnect un-connected pin 'Z[0]' of instance 'u_ram_wr/N53[3]'.
I: Adm-6003: Trying to disconnect un-connected pin 'Z[0]' of instance 'u_ram_wr/N53[4]'.
I: Adm-6003: Trying to disconnect un-connected pin 'Z[0]' of instance 'u_ram_wr/N53[5]'.
I: Adm-6003: Trying to disconnect un-connected pin 'Z[0]' of instance 'u_ram_wr/N53[6]'.
I: Adm-6003: Trying to disconnect un-connected pin 'Z[0]' of instance 'u_ram_wr/N53[7]'.
I: Adm-6003: Trying to disconnect un-connected pin 'Z[0]' of instance 'u_ram_wr/N54[0]'.
I: Adm-6003: Trying to disconnect un-connected pin 'Z[0]' of instance 'u_ram_wr/N54[1]'.
I: Adm-6003: Trying to disconnect un-connected pin 'Z[0]' of instance 'u_ram_wr/N54[2]'.
I: Adm-6003: Trying to disconnect un-connected pin 'Z[0]' of instance 'u_ram_wr/N54[3]'.
I: Adm-6003: Trying to disconnect un-connected pin 'Z[0]' of instance 'u_ram_wr/N54[4]'.
Executing : logic-optimization successfully. Time elapsed: 0.018s wall, 0.016s user + 0.000s system = 0.016s CPU (86.7%)

Start tech-mapping phase 1.
I: Adm-6003: Trying to disconnect un-connected pin 'Z[0]' of instance 'u_ram_wr/N53[0]_1'.
I: Adm-6003: Trying to disconnect un-connected pin 'Z[0]' of instance 'u_ram_wr/N53[1]_1'.
I: Adm-6003: Trying to disconnect un-connected pin 'Z[0]' of instance 'u_ram_wr/N53[2]_1'.
I: Adm-6003: Trying to disconnect un-connected pin 'Z[0]' of instance 'u_ram_wr/N53[3]_1'.
I: Adm-6003: Trying to disconnect un-connected pin 'Z[0]' of instance 'u_ram_wr/N53[4]_1'.
I: Adm-6003: Trying to disconnect un-connected pin 'Z[0]' of instance 'u_ram_wr/N53[5]_1'.
I: Adm-6003: Trying to disconnect un-connected pin 'Z[0]' of instance 'u_ram_wr/N53[6]_1'.
I: Adm-6003: Trying to disconnect un-connected pin 'Z[0]' of instance 'u_ram_wr/N53[7]_1'.
I: Adm-6003: Trying to disconnect un-connected pin 'Z[0]' of instance 'u_ram_rd/N37[0]_1'.
I: Adm-6003: Trying to disconnect un-connected pin 'Z[0]' of instance 'u_ram_rd/N37[1]_1'.
I: Adm-6003: Trying to disconnect un-connected pin 'Z[0]' of instance 'u_ram_rd/N37[2]_1'.
I: Adm-6003: Trying to disconnect un-connected pin 'Z[0]' of instance 'u_ram_rd/N37[3]_1'.
I: Adm-6003: Trying to disconnect un-connected pin 'Z[0]' of instance 'u_ram_rd/N37[4]_1'.
I: Adm-6003: Trying to disconnect un-connected pin 'Z[0]' of instance 'u_ram_wr/N54[0]_1'.
I: Adm-6003: Trying to disconnect un-connected pin 'Z[0]' of instance 'u_ram_wr/N54[1]_1'.
I: Adm-6003: Trying to disconnect un-connected pin 'Z[0]' of instance 'u_ram_wr/N54[2]_1'.
I: Adm-6003: Trying to disconnect un-connected pin 'Z[0]' of instance 'u_ram_wr/N54[3]_1'.
I: Adm-6003: Trying to disconnect un-connected pin 'Z[0]' of instance 'u_ram_wr/N54[4]_1'.
Executing : tech-mapping phase 1 successfully. Time elapsed: 0.005s wall, 0.016s user + 0.000s system = 0.016s CPU (296.1%)

Start tech-mapping phase 2.
Executing : tech-mapping phase 2 successfully. Time elapsed: 0.045s wall, 0.047s user + 0.000s system = 0.047s CPU (104.6%)

Start tech-optimization.
Executing : tech-optimization successfully. Time elapsed: 0.013s wall, 0.000s user + 0.000s system = 0.000s CPU (n/a%)

Start phys-optimization.
Executing : phys-optimization successfully. Time elapsed: 0.000s wall, 0.000s user + 0.000s system = 0.000s CPU (n/a%)

Start restore-hierarchy.
Executing : restore-hierarchy successfully. Time elapsed: 0.001s wall, 0.016s user + 0.000s system = 0.016s CPU (1107.1%)

W: Unable to honor max fanout constraint for gtp_inv driven net N0_0
W: Unable to honor max fanout constraint for gtp_inv driven net N0_0

Cell Usage:
GTP_DFF_C                    30 uses
GTP_DRM9K                     1 use
GTP_GRS                       1 use
GTP_INV                       1 use
GTP_LUT1                      2 uses
GTP_LUT2                      7 uses
GTP_LUT3                      4 uses
GTP_LUT4                      4 uses
GTP_LUT5                      3 uses
GTP_LUT5CARRY                18 uses
GTP_PLL_E1                    1 use

I/O ports: 33
GTP_INBUF                   2 uses
GTP_OUTBUF                 31 uses

Mapping Summary:
Total LUTs: 38 of 17536 (0.22%)
	LUTs as dram: 0 of 4440 (0.00%)
	LUTs as logic: 38
Total Registers: 30 of 26304 (0.11%)
Total Latches: 0

DRM18K:
Total DRM18K = 0.5 of 48 (1.04%)

APMs:
Total APMs = 0.00 of 30 (0.00%)

Total I/O ports = 33 of 240 (13.75%)

Design 'ip_2port_ram' has been successfully synthesized to architecture-specific objects.
Saving design to DB.
Saving design to ip_2port_ram_syn.vm
Constructing timing graph ...
Timing graph has been constructed successfully
W: Timing-4087: Port 'clk_25m' is not constrained, it is treated as combinational output.
W: Timing-4087: Port 'clk_50m' is not constrained, it is treated as combinational output.
W: Timing-4087: Port 'locked' is not constrained, it is treated as combinational output.
W: Timing-4087: Port 'ram_rd_addr[0]' is not constrained, it is treated as combinational output.
W: Timing-4087: Port 'ram_rd_addr[1]' is not constrained, it is treated as combinational output.
W: Timing-4087: Port 'ram_rd_addr[2]' is not constrained, it is treated as combinational output.
W: Timing-4087: Port 'ram_rd_addr[3]' is not constrained, it is treated as combinational output.
W: Timing-4087: Port 'ram_rd_addr[4]' is not constrained, it is treated as combinational output.
W: Timing-4087: Port 'ram_rd_data[0]' is not constrained, it is treated as combinational output.
W: Timing-4087: Port 'ram_rd_data[1]' is not constrained, it is treated as combinational output.
W: Timing-4087: Port 'ram_rd_data[2]' is not constrained, it is treated as combinational output.
W: Timing-4087: Port 'ram_rd_data[3]' is not constrained, it is treated as combinational output.
W: Timing-4087: Port 'ram_rd_data[4]' is not constrained, it is treated as combinational output.
W: Timing-4087: Port 'ram_rd_data[5]' is not constrained, it is treated as combinational output.
W: Timing-4087: Port 'ram_rd_data[6]' is not constrained, it is treated as combinational output.
W: Timing-4087: Port 'ram_rd_data[7]' is not constrained, it is treated as combinational output.
W: Timing-4087: Port 'ram_rd_en' is not constrained, it is treated as combinational output.
W: Timing-4087: Port 'ram_wr_addr[0]' is not constrained, it is treated as combinational output.
W: Timing-4087: Port 'ram_wr_addr[1]' is not constrained, it is treated as combinational output.
W: Timing-4087: Port 'ram_wr_addr[2]' is not constrained, it is treated as combinational output.
W: Timing-4087: Port 'ram_wr_addr[3]' is not constrained, it is treated as combinational output.
W: Timing-4087: Port 'ram_wr_addr[4]' is not constrained, it is treated as combinational output.
W: Timing-4087: Port 'ram_wr_data[0]' is not constrained, it is treated as combinational output.
W: Timing-4087: Port 'ram_wr_data[1]' is not constrained, it is treated as combinational output.
W: Timing-4087: Port 'ram_wr_data[2]' is not constrained, it is treated as combinational output.
W: Timing-4087: Port 'ram_wr_data[3]' is not constrained, it is treated as combinational output.
W: Timing-4087: Port 'ram_wr_data[4]' is not constrained, it is treated as combinational output.
W: Timing-4087: Port 'ram_wr_data[5]' is not constrained, it is treated as combinational output.
W: Timing-4087: Port 'ram_wr_data[6]' is not constrained, it is treated as combinational output.
W: Timing-4087: Port 'ram_wr_data[7]' is not constrained, it is treated as combinational output.
W: Timing-4087: Port 'ram_wr_en' is not constrained, it is treated as combinational output.
W: Timing-4086: Port 'sys_rst_n' is not constrained, it is treated as combinational input.
Action synthesize: Real time elapsed is 3.000 sec
Action synthesize: CPU time elapsed is 1.953 sec
Action synthesize: Process CPU time elapsed is 1.953 sec
Current time: Tue Oct 25 09:52:07 2022
Action synthesize: Peak memory pool usage is 202,190,848 bytes
Compiling architecture definition.
Analyzing project file 'C:/Users/ch/Desktop/2021.4-SP1.2/ip_2port_ram/prj/ip_2port_ram.pds'.
Compiling verification operator library.
Compiling common defs.
Loading technology operator library.
Compiling technology operator library.
Compiling technology operator (valence) library.
Compiling operator packing rules.
Compiling prim grid devices.
Compiling gate devices.
Compiling gate operators.
Compiling tech operator impls.
Building architecture model.
Loading device packaging model.
I: Parameter configuration file C:/Users/ch/Desktop/2021.4-SP1.2/ip_2port_ram/prj/testparam.txt cannot open.
Reading design from translate DB.
NOTE: The technology fpga was specified.
NOTE: delay_model specified was generic_cmos.
NOTE: Using the fpga syntax tables...
Totals:
 Calls to malloc = 0
 Calls to calloc = 350860

License checkout: fabric_inserter
Generating cores. Please be patient as this can take several minutes...
  >Generating core DebugCore0...
  >Running ADS for debugcore...
  >Making net connections...
Core Insertion Complete.
Flattening design 'ip_2port_ram'
W: Public-4008: Instance 'u_CORES/u_debug_core_0/u_hub_data_decode/conf_rden[1]' of 'GTP_DFF_C' unit is dangling and will be cleaned.
W: Public-4008: Instance 'u_CORES/u_debug_core_0/u_hub_data_decode/conf_rden[2]' of 'GTP_DFF_C' unit is dangling and will be cleaned.
W: Public-4008: Instance 'u_CORES/u_debug_core_0/u_hub_data_decode/conf_rden[3]' of 'GTP_DFF_C' unit is dangling and will be cleaned.
W: Public-4008: Instance 'u_CORES/u_debug_core_0/u_hub_data_decode/conf_rden[4]' of 'GTP_DFF_C' unit is dangling and will be cleaned.
W: Public-4008: Instance 'u_CORES/u_debug_core_0/u_hub_data_decode/conf_rden[5]' of 'GTP_DFF_C' unit is dangling and will be cleaned.
W: Public-4008: Instance 'u_CORES/u_debug_core_0/u_hub_data_decode/conf_rden[6]' of 'GTP_DFF_C' unit is dangling and will be cleaned.
W: Public-4008: Instance 'u_CORES/u_debug_core_0/u_hub_data_decode/conf_rden[7]' of 'GTP_DFF_C' unit is dangling and will be cleaned.
W: Public-4008: Instance 'u_CORES/u_debug_core_0/u_hub_data_decode/conf_rden[8]' of 'GTP_DFF_C' unit is dangling and will be cleaned.
W: Public-4008: Instance 'u_CORES/u_debug_core_0/u_hub_data_decode/conf_rden[9]' of 'GTP_DFF_C' unit is dangling and will be cleaned.
W: Public-4008: Instance 'u_CORES/u_debug_core_0/u_hub_data_decode/conf_rden[10]' of 'GTP_DFF_C' unit is dangling and will be cleaned.
W: Public-4008: Instance 'u_CORES/u_debug_core_0/u_hub_data_decode/conf_rden[11]' of 'GTP_DFF_C' unit is dangling and will be cleaned.
W: Public-4008: Instance 'u_CORES/u_debug_core_0/u_hub_data_decode/conf_rden[12]' of 'GTP_DFF_C' unit is dangling and will be cleaned.
W: Public-4008: Instance 'u_CORES/u_debug_core_0/u_hub_data_decode/conf_rden[13]' of 'GTP_DFF_C' unit is dangling and will be cleaned.
W: Public-4008: Instance 'u_CORES/u_debug_core_0/u_hub_data_decode/conf_rden[14]' of 'GTP_DFF_C' unit is dangling and will be cleaned.
W: Public-4008: Instance 'u_CORES/u_debug_core_0/u_hub_data_decode/conf_rden[15]' of 'GTP_DFF_C' unit is dangling and will be cleaned.
W: Public-4008: Instance 'u_CORES/u_debug_core_0/u_hub_data_decode/conf_rden[17]' of 'GTP_DFF_C' unit is dangling and will be cleaned.
W: Public-4008: Instance 'u_CORES/u_debug_core_0/u_hub_data_decode/conf_rden[19]' of 'GTP_DFF_C' unit is dangling and will be cleaned.
W: Public-4008: Instance 'u_CORES/u_debug_core_0/u_hub_data_decode/conf_sel_int[1]' of 'GTP_DFF_C' unit is dangling and will be cleaned.
W: Public-4008: Instance 'u_CORES/u_debug_core_0/u_hub_data_decode/conf_sel_int[2]' of 'GTP_DFF_C' unit is dangling and will be cleaned.
W: Public-4008: Instance 'u_CORES/u_debug_core_0/u_hub_data_decode/conf_sel_int[3]' of 'GTP_DFF_C' unit is dangling and will be cleaned.
W: Public-4008: Instance 'u_CORES/u_debug_core_0/u_hub_data_decode/conf_sel_int[4]' of 'GTP_DFF_C' unit is dangling and will be cleaned.
W: Public-4008: Instance 'u_CORES/u_debug_core_0/u_hub_data_decode/conf_sel_int[5]' of 'GTP_DFF_C' unit is dangling and will be cleaned.
W: Public-4008: Instance 'u_CORES/u_debug_core_0/u_hub_data_decode/conf_sel_int[6]' of 'GTP_DFF_C' unit is dangling and will be cleaned.
W: Public-4008: Instance 'u_CORES/u_debug_core_0/u_hub_data_decode/conf_sel_int[7]' of 'GTP_DFF_C' unit is dangling and will be cleaned.
W: Public-4008: Instance 'u_CORES/u_debug_core_0/u_hub_data_decode/conf_sel_int[8]' of 'GTP_DFF_C' unit is dangling and will be cleaned.
W: Public-4008: Instance 'u_CORES/u_debug_core_0/u_hub_data_decode/conf_sel_int[9]' of 'GTP_DFF_C' unit is dangling and will be cleaned.
W: Public-4008: Instance 'u_CORES/u_debug_core_0/u_hub_data_decode/conf_sel_int[10]' of 'GTP_DFF_C' unit is dangling and will be cleaned.
W: Public-4008: Instance 'u_CORES/u_debug_core_0/u_hub_data_decode/conf_sel_int[11]' of 'GTP_DFF_C' unit is dangling and will be cleaned.
W: Public-4008: Instance 'u_CORES/u_debug_core_0/u_hub_data_decode/conf_sel_int[12]' of 'GTP_DFF_C' unit is dangling and will be cleaned.
W: Public-4008: Instance 'u_CORES/u_debug_core_0/u_hub_data_decode/conf_sel_int[13]' of 'GTP_DFF_C' unit is dangling and will be cleaned.
W: Public-4008: Instance 'u_CORES/u_debug_core_0/u_hub_data_decode/conf_sel_int[14]' of 'GTP_DFF_C' unit is dangling and will be cleaned.
W: Public-4008: Instance 'u_CORES/u_debug_core_0/u_hub_data_decode/conf_sel_int[15]' of 'GTP_DFF_C' unit is dangling and will be cleaned.
W: Public-4008: Instance 'u_CORES/u_debug_core_0/u_hub_data_decode/conf_sel_int[17]' of 'GTP_DFF_C' unit is dangling and will be cleaned.
W: Public-4008: Instance 'u_CORES/u_debug_core_0/u_hub_data_decode/conf_sel_int[19]' of 'GTP_DFF_C' unit is dangling and will be cleaned.
Device mapping started.
Optimizing circuit logic.
Checking design netlist.
Processing tech operator.
I: The instance clkbufg_3(GTP_CLKBUFG) has been inserted on the net u_CORES/capt_o in design, driver pin CAPDR(instance u_CORES/u_GTP_SCANCHAIN_PG) -> load pin CLK(instance u_CORES/u_debug_core_0/u_hub_data_decode/id_sample.conf_id[0]).
I: The instance clkbufg_4(GTP_CLKBUFG) has been inserted on the net nt_clk_25m in design, driver pin CLKOUT1(instance u_pll_clk/u_pll_e1) -> load pin CLKB(instance ram_2port_inst/U_ipml_sdpram_ram_2port/ADDR_LOOP[0].DATA_LOOP[0].U_GTP_DRM9K).
I: The instance clkbufg_5(GTP_CLKBUFG) has been inserted on the net nt_clk_50m in design, driver pin CLKOUT0(instance u_pll_clk/u_pll_e1) -> load pin CLKA(instance ram_2port_inst/U_ipml_sdpram_ram_2port/ADDR_LOOP[0].DATA_LOOP[0].U_GTP_DRM9K).
I: The instance clkbufg_6(GTP_CLKBUFG) has been inserted on the net u_CORES/drck_o in design, driver pin TCK_USER(instance u_CORES/u_GTP_SCANCHAIN_PG) -> load pin CLK(instance u_CORES/u_debug_core_0/u0_trig_unit/conf_reg[0]).
I: The instance clkbufg_7(GTP_CLKBUFG) has been inserted on the net nt_sys_clk in design, driver pin O(instance sys_clk_ibuf) -> load pin CLK(instance u_CORES/u_debug_core_0/DATA_ff[0][0]).
Converting tech operator to gate operator.
Processing gate operator.
I: Infer CARRY group, base inst: u_ram_rd/N15_1_1/gateop, insts:5.
I: Infer CARRY group, base inst: u_ram_wr/N15_1_0/gateop, insts:6.
I: Infer CARRY group, base inst: u_ram_wr/N30_1_1/gateop, insts:7.
I: Infer CARRY group, base inst: u_CORES/u_debug_core_0/u_Storage_Condition/N260_1_0/gateop, insts:12.
I: Infer CARRY group, base inst: u_CORES/u_debug_core_0/u_Storage_Condition/N279_1.fsub_1/gateop, insts:11.
I: Infer CARRY group, base inst: u_CORES/u_debug_core_0/u_Storage_Condition/N312_1_1/gateop, insts:11.
I: Infer CARRY group, base inst: u_CORES/u_debug_core_0/u_Storage_Condition/N321_1_1/gateop, insts:11.
I: Infer CARRY group, base inst: u_CORES/u_debug_core_0/u_rd_addr_gen/N2_1_1/gateop, insts:7.
I: Infer CARRY group, base inst: u_CORES/u_debug_core_0/u_rd_addr_gen/N38_1_1/gateop, insts:11.
I: Infer CARRY group, base inst: u_CORES/u_debug_core_0/u0_trig_unit/u_cfg_reg_file/N164_1_1/gateop, insts:6.
Device mapping done.
Total device mapping takes 0.14 sec.

Device Utilization Summary:
+-------------------------------------------------------------------------+
| Logic Utilization     | Used     | Available     | Utilization(%)     
+-------------------------------------------------------------------------+
| APM                   | 0        | 30            | 0                   
| IOCKDLY               | 0        | 24            | 0                   
| FF                    | 678      | 26304         | 3                   
| LUT                   | 679      | 17536         | 4                   
| Distributed RAM       | 0        | 4440          | 0                   
| DLL                   | 0        | 6             | 0                   
| DQSL                  | 0        | 18            | 0                   
| DRM                   | 7.5      | 48            | 16                  
| FUSECODE              | 0        | 1             | 0                   
| IO                    | 33       | 240           | 14                  
| IOCKDIV               | 0        | 12            | 0                   
| IOCKGATE              | 0        | 12            | 0                   
| IPAL                  | 0        | 1             | 0                   
| PLL                   | 1        | 6             | 17                  
| RCKB                  | 0        | 24            | 0                   
| SCANCHAIN             | 1        | 4             | 25                  
| START                 | 0        | 1             | 0                   
| USCM                  | 5        | 20            | 25                  
| HMEMC                 | 0        | 2             | 0                   
| OSC                   | 0        | 1             | 0                   
| ADC                   | 0        | 1             | 0                   
| CRYSTAL               | 0        | 6             | 0                   
| FLSIF                 | 0        | 1             | 0                   
| RESCAL                | 0        | 6             | 0                   
| UDID                  | 0        | 1             | 0                   
+-------------------------------------------------------------------------+

Design 'ip_2port_ram' has been successfully mapped to architecture-specific objects.
Saving design to DB.
W: Public-4010: Pcf file C:/Users/ch/Desktop/2021.4-SP1.2/ip_2port_ram/prj/device_map/ip_2port_ram.pcf has been covered.
Action dev_map: Real time elapsed is 12.000 sec
Action dev_map: CPU time elapsed is 2.609 sec
Action dev_map: Process CPU time elapsed is 2.609 sec
Current time: Tue Oct 25 09:52:18 2022
Action dev_map: Peak memory pool usage is 201,244,672 bytes
Compiling architecture definition.
Analyzing project file 'C:/Users/ch/Desktop/2021.4-SP1.2/ip_2port_ram/prj/ip_2port_ram.pds'.
Compiling verification operator library.
Compiling common defs.
Compiling prim grid devices.
Compiling gate devices.
Compiling gate operators.
Building architecture model.
Loading device packaging model.
I: Parameter configuration file C:/Users/ch/Desktop/2021.4-SP1.2/ip_2port_ram/prj/testparam.txt cannot open.
Building architecture floorplan logic view.
Executing : apply_constraint -f C:/Users/ch/Desktop/2021.4-SP1.2/ip_2port_ram/prj/device_map/ip_2port_ram.pcf
Constraint check start.
Executing : def_port sys_clk -LOC B5 -VCCIO 3.3 -IOSTANDARD LVCMOS33 -BUS_KEEPER NONE
Executing : def_port sys_clk -LOC B5 -VCCIO 3.3 -IOSTANDARD LVCMOS33 -BUS_KEEPER NONE successfully.
Executing : def_port sys_rst_n -LOC G5 -VCCIO 1.5 -IOSTANDARD LVCMOS15 -BUS_KEEPER NONE
Executing : def_port sys_rst_n -LOC G5 -VCCIO 1.5 -IOSTANDARD LVCMOS15 -BUS_KEEPER NONE successfully.
W: ConstraintEditor-4019: Port 'clk_25m' unspecified I/O constraint.
W: ConstraintEditor-4019: Port 'clk_50m' unspecified I/O constraint.
W: ConstraintEditor-4019: Port 'locked' unspecified I/O constraint.
W: ConstraintEditor-4019: Port 'ram_rd_addr[0]' unspecified I/O constraint.
W: ConstraintEditor-4019: Port 'ram_rd_addr[1]' unspecified I/O constraint.
W: ConstraintEditor-4019: Port 'ram_rd_addr[2]' unspecified I/O constraint.
W: ConstraintEditor-4019: Port 'ram_rd_addr[3]' unspecified I/O constraint.
W: ConstraintEditor-4019: Port 'ram_rd_addr[4]' unspecified I/O constraint.
W: ConstraintEditor-4019: Port 'ram_rd_data[0]' unspecified I/O constraint.
W: ConstraintEditor-4019: Port 'ram_rd_data[1]' unspecified I/O constraint.
W: ConstraintEditor-4019: Port 'ram_rd_data[2]' unspecified I/O constraint.
W: ConstraintEditor-4019: Port 'ram_rd_data[3]' unspecified I/O constraint.
W: ConstraintEditor-4019: Port 'ram_rd_data[4]' unspecified I/O constraint.
W: ConstraintEditor-4019: Port 'ram_rd_data[5]' unspecified I/O constraint.
W: ConstraintEditor-4019: Port 'ram_rd_data[6]' unspecified I/O constraint.
W: ConstraintEditor-4019: Port 'ram_rd_data[7]' unspecified I/O constraint.
W: ConstraintEditor-4019: Port 'ram_rd_en' unspecified I/O constraint.
W: ConstraintEditor-4019: Port 'ram_wr_addr[0]' unspecified I/O constraint.
W: ConstraintEditor-4019: Port 'ram_wr_addr[1]' unspecified I/O constraint.
W: ConstraintEditor-4019: Port 'ram_wr_addr[2]' unspecified I/O constraint.
W: ConstraintEditor-4019: Port 'ram_wr_addr[3]' unspecified I/O constraint.
W: ConstraintEditor-4019: Port 'ram_wr_addr[4]' unspecified I/O constraint.
W: ConstraintEditor-4019: Port 'ram_wr_data[0]' unspecified I/O constraint.
W: ConstraintEditor-4019: Port 'ram_wr_data[1]' unspecified I/O constraint.
W: ConstraintEditor-4019: Port 'ram_wr_data[2]' unspecified I/O constraint.
W: ConstraintEditor-4019: Port 'ram_wr_data[3]' unspecified I/O constraint.
W: ConstraintEditor-4019: Port 'ram_wr_data[4]' unspecified I/O constraint.
W: ConstraintEditor-4019: Port 'ram_wr_data[5]' unspecified I/O constraint.
W: ConstraintEditor-4019: Port 'ram_wr_data[6]' unspecified I/O constraint.
W: ConstraintEditor-4019: Port 'ram_wr_data[7]' unspecified I/O constraint.
W: ConstraintEditor-4019: Port 'ram_wr_en' unspecified I/O constraint.
Constraint check end.
Executing : apply_constraint -f C:/Users/ch/Desktop/2021.4-SP1.2/ip_2port_ram/prj/device_map/ip_2port_ram.pcf successfully.
NOTE: The technology fpga was specified.
NOTE: delay_model specified was generic_cmos.
NOTE: Using the fpga syntax tables...
Totals:
 Calls to malloc = 0
 Calls to calloc = 1345561

I: Column Clock Check close.

Placement started.
Pre global placement started.
Mapping instance u_CORES/u_GTP_SCANCHAIN_PG/scanchain to SCANCHAIN_48_328.
Mapping instance u_pll_clk/u_pll_e1/goppll to PLL_82_319.
Wirelength after clock region placement is 5635.
Mapping instance clkbufg_7/gopclkbufg to USCM_74_104.
Mapping instance clkbufg_5/gopclkbufg to USCM_74_105.
Mapping instance clkbufg_4/gopclkbufg to USCM_74_106.
Mapping instance clkbufg_6/gopclkbufg to USCM_74_107.
Mapping instance clkbufg_3/gopclkbufg to USCM_74_108.
Pre global placement takes 2.53 sec.

Global placement started.
Run super clustering :
	Initial slack 13987.
	2 iterations finished.
	Final slack 14892.
Super clustering done.
Design Utilization : 4%.
Wirelength after global placement is 5274.
Global placement takes 0.77 sec.

Post global placement started.
Placed fixed group with base inst sys_clk_ibuf/opit_1 on IOL_7_298.
Placed fixed group with base inst sys_rst_n_ibuf/opit_1 on IOL_7_241.
Placed fixed instance clkbufg_3/gopclkbufg on USCM_74_108.
Placed fixed instance clkbufg_4/gopclkbufg on USCM_74_106.
Placed fixed instance clkbufg_5/gopclkbufg on USCM_74_105.
Placed fixed instance clkbufg_6/gopclkbufg on USCM_74_107.
Placed fixed instance clkbufg_7/gopclkbufg on USCM_74_104.
Placed fixed instance u_CORES/u_GTP_SCANCHAIN_PG/scanchain on SCANCHAIN_48_328.
Placed fixed instance u_pll_clk/u_pll_e1/goppll on PLL_82_319.
Placed fixed instance BKCL_auto_0 on BKCL_2_268.
Placed fixed instance BKCL_auto_1 on BKCL_2_144.
IO placement started.
IO placement takes 0.03 sec.

Macro cell placement started.
Wirelength after Macro cell placement is 6598.
Macro cell placement takes 0.00 sec.

Run super clustering :
	Initial slack 13987.
	2 iterations finished.
	Final slack 14892.
Super clustering done.
Design Utilization : 4%.
Wirelength after post global placement is 5832.
Post global placement takes 0.38 sec.

Legalization started.
Wirelength after legalization is 6596.
Legalization takes 0.05 sec.

Timing-driven detailed placement started.
replication start
Worst slack before Replication Place is 15087.
Wirelength after replication placement is 6596.
Legalized cost 15087.000000.
The detailed placement ends at 0th iteration.
Wirelength after detailed placement is 6596.
Timing-driven detailed placement takes 0.09 sec.

Worst slack is 16854, TNS after placement is 0.
Placement done.
Total placement takes 4.09 sec.
Finished placement. (CPU time elapsed 0h:00m:04s)

Routing started.
Building routing graph takes 0.53 sec.
Worst slack is 16854, TNS before global route is 0.
Processing design graph takes 0.09 sec.
Total memory for routing:
	47.541359 M.
Total nets for routing : 1139.
Rcf routing step 1 processed 0 nets, it takes 0.00 sec.
Rcf routing step 2 processed 0 nets, it takes 0.00 sec.
Rcf routing step 3 processed 0 nets, it takes 0.00 sec.
Unrouted nets 0 at the end of iteration 0.
Global Routing step 1 processed 169 nets, it takes 0.00 sec.
Unrouted nets 192 at the end of iteration 0.
Unrouted nets 104 at the end of iteration 1.
Unrouted nets 50 at the end of iteration 2.
Unrouted nets 38 at the end of iteration 3.
Unrouted nets 14 at the end of iteration 4.
Unrouted nets 3 at the end of iteration 5.
Unrouted nets 1 at the end of iteration 6.
Unrouted nets 1 at the end of iteration 7.
Unrouted nets 1 at the end of iteration 8.
Unrouted nets 0 at the end of iteration 9.
Global Routing step 2 processed 296 nets, it takes 0.56 sec.
Unrouted nets 5 at the end of iteration 0.
Unrouted nets 0 at the end of iteration 1.
Global Routing step 3 processed 21 nets, it takes 0.02 sec.
Global routing takes 0.59 sec.
Total 1180 subnets.
    forward max bucket size 18497 , backward 226.
        Unrouted nets 609 at the end of iteration 0.
    route iteration 0, CPU time elapsed 0.203125 sec.
    forward max bucket size 18496 , backward 116.
        Unrouted nets 435 at the end of iteration 1.
    route iteration 1, CPU time elapsed 0.125000 sec.
    forward max bucket size 1275 , backward 334.
        Unrouted nets 315 at the end of iteration 2.
    route iteration 2, CPU time elapsed 0.062500 sec.
    forward max bucket size 1245 , backward 74.
        Unrouted nets 260 at the end of iteration 3.
    route iteration 3, CPU time elapsed 0.046875 sec.
    forward max bucket size 91 , backward 240.
        Unrouted nets 179 at the end of iteration 4.
    route iteration 4, CPU time elapsed 0.015625 sec.
    forward max bucket size 81 , backward 67.
        Unrouted nets 134 at the end of iteration 5.
    route iteration 5, CPU time elapsed 0.015625 sec.
    forward max bucket size 314 , backward 238.
        Unrouted nets 99 at the end of iteration 6.
    route iteration 6, CPU time elapsed 0.015625 sec.
    forward max bucket size 20 , backward 108.
        Unrouted nets 60 at the end of iteration 7.
    route iteration 7, CPU time elapsed 0.015625 sec.
    forward max bucket size 20 , backward 22.
        Unrouted nets 42 at the end of iteration 8.
    route iteration 8, CPU time elapsed 0.000000 sec.
    forward max bucket size 21 , backward 21.
        Unrouted nets 23 at the end of iteration 9.
    route iteration 9, CPU time elapsed 0.015625 sec.
    forward max bucket size 21 , backward 52.
        Unrouted nets 19 at the end of iteration 10.
    route iteration 10, CPU time elapsed 0.000000 sec.
    forward max bucket size 24 , backward 53.
        Unrouted nets 18 at the end of iteration 11.
    route iteration 11, CPU time elapsed 0.000000 sec.
    forward max bucket size 17 , backward 62.
        Unrouted nets 11 at the end of iteration 12.
    route iteration 12, CPU time elapsed 0.000000 sec.
    forward max bucket size 20 , backward 62.
        Unrouted nets 7 at the end of iteration 13.
    route iteration 13, CPU time elapsed 0.000000 sec.
    forward max bucket size 18 , backward 60.
        Unrouted nets 2 at the end of iteration 14.
    route iteration 14, CPU time elapsed 0.015625 sec.
    forward max bucket size 5 , backward 2.
        Unrouted nets 0 at the end of iteration 15.
    route iteration 15, CPU time elapsed 0.000000 sec.
C: Route-2036: The clock path from u_CORES/u_GTP_SCANCHAIN_PG/scanchain:CAPDR to clkbufg_3/gopclkbufg:CLK is routed by SRB.
C: Route-2036: The clock path from u_CORES/u_GTP_SCANCHAIN_PG/scanchain:TCK_USER to clkbufg_6/gopclkbufg:CLK is routed by SRB.
Detailed routing takes 0.53 sec.
Start fix hold violation.
Build tmp routing results takes 0.02 sec.
Timing analysis takes 0.06 sec.
Hold violation fix iter 0 takes 0.02 sec, total_step_forward 345.
Incremental timing analysis takes 0.05 sec.
Hold violation fix iter 1 takes 0.00 sec, total_step_forward 0.
Fix hold violation Finished.
Hold Violation Fix in router takes 0.25 sec.

Dispose routing result:
    Collect routing result.
    Delete unused device instances.
    Annotate routing result.
    Change LUT configuration.
    Dispose misc instances.
    Annotate routing result again.
Finish routing takes 0.14 sec.
Used srb routing arc is 9982.
Cleanup routing takes 0.02 sec.
Routing done.
Total routing takes 2.34 sec.

C: Place-2025: The VCCIO 1.5 in BANK BANKL1 is incompatible.

Device Utilization Summary :
+----------------------------------------------------------------------------+
| Logic Utilization        | Used     | Available     | Utilization(%)     
+----------------------------------------------------------------------------+
| Use of ADC               | 0        | 1             | 0                   
| Use of APM               | 0        | 30            | 0                   
| Use of BKCL              | 2        | 6             | 34                  
| Use of CLMA              | 208      | 3274          | 7                   
|   FF                     | 528      | 19644         | 3                   
|   LUT                    | 542      | 13096         | 5                   
|   LUT-FF pairs           | 316      | 13096         | 3                   
| Use of CLMS              | 61       | 1110          | 6                   
|   FF                     | 150      | 6660          | 3                   
|   LUT                    | 164      | 4440          | 4                   
|   LUT-FF pairs           | 105      | 4440          | 3                   
|   Distributed RAM        | 0        | 4440          | 0                   
| Use of CRYSTAL           | 0        | 6             | 0                   
| Use of DLL               | 0        | 6             | 0                   
| Use of DQSL              | 0        | 18            | 0                   
| Use of DRM               | 7.5      | 48            | 16                  
| Use of FLSIF             | 0        | 1             | 0                   
| Use of FUSECODE          | 0        | 1             | 0                   
| Use of HARD0N1           | 0        | 2745          | 0                   
| Use of HMEMC             | 0        | 2             | 0                   
| Use of IO                | 33       | 240           | 14                  
|   IOBD                   | 18       | 120           | 15                  
|   IOBR                   | 1        | 6             | 17                  
|   IOBS                   | 14       | 114           | 13                  
| Use of IOCKDIV           | 0        | 12            | 0                   
| Use of IOCKDLY           | 0        | 24            | 0                   
| Use of IOCKGATE          | 0        | 12            | 0                   
| Use of IOCKGMUX_TEST     | 0        | 12            | 0                   
| Use of IOL               | 33       | 240           | 14                  
| Use of IPAL              | 0        | 1             | 0                   
| Use of MFG_TEST          | 0        | 1             | 0                   
| Use of OSC               | 0        | 1             | 0                   
| Use of PLL               | 1        | 6             | 17                  
| Use of PREGMUX_TEST      | 0        | 6             | 0                   
| Use of RCKB              | 0        | 24            | 0                   
| Use of RCKBMUX_TEST      | 0        | 12            | 0                   
| Use of RESCAL            | 0        | 6             | 0                   
| Use of SCANCHAIN         | 1        | 4             | 25                  
| Use of START             | 1        | 1             | 100                 
| Use of UDID              | 0        | 1             | 0                   
| Use of USCM              | 7        | 20            | 35                  
| Use of USCMMUX_TEST      | 0        | 20            | 0                   
| Use of VCKBMUX_TEST      | 0        | 12            | 0                   
+----------------------------------------------------------------------------+

Finished routing. (CPU time elapsed 0h:00m:02s)
Design 'ip_2port_ram' has been placed and routed successfully.
Saving design to DB.
Finished placement and routing. (CPU time elapsed 0h:00m:10s)
Action pnr: Real time elapsed is 12.000 sec
Action pnr: CPU time elapsed is 10.625 sec
Action pnr: Process CPU time elapsed is 10.625 sec
Current time: Tue Oct 25 09:52:29 2022
Action pnr: Peak memory pool usage is 499,601,408 bytes
Compiling architecture definition.
Analyzing project file 'C:/Users/ch/Desktop/2021.4-SP1.2/ip_2port_ram/prj/ip_2port_ram.pds'.
Compiling verification operator library.
Compiling common defs.
Compiling prim grid devices.
Compiling gate devices.
Compiling gate operators.
Building architecture model.
Loading device packaging model.
Reading design from pnr DB.
Start Report Post-PnR timing.
NOTE: The technology fpga was specified.
NOTE: delay_model specified was generic_cmos.
NOTE: Using the fpga syntax tables...
Totals:
 Calls to malloc = 0
 Calls to calloc = 1345561

Constructing timing graph ...
Timing graph has been constructed successfully
W: Timing-4087: Port 'clk_25m' is not constrained, it is treated as combinational output.
W: Timing-4087: Port 'clk_50m' is not constrained, it is treated as combinational output.
W: Timing-4087: Port 'locked' is not constrained, it is treated as combinational output.
W: Timing-4087: Port 'ram_rd_addr[0]' is not constrained, it is treated as combinational output.
W: Timing-4087: Port 'ram_rd_addr[1]' is not constrained, it is treated as combinational output.
W: Timing-4087: Port 'ram_rd_addr[2]' is not constrained, it is treated as combinational output.
W: Timing-4087: Port 'ram_rd_addr[3]' is not constrained, it is treated as combinational output.
W: Timing-4087: Port 'ram_rd_addr[4]' is not constrained, it is treated as combinational output.
W: Timing-4087: Port 'ram_rd_data[0]' is not constrained, it is treated as combinational output.
W: Timing-4087: Port 'ram_rd_data[1]' is not constrained, it is treated as combinational output.
W: Timing-4087: Port 'ram_rd_data[2]' is not constrained, it is treated as combinational output.
W: Timing-4087: Port 'ram_rd_data[3]' is not constrained, it is treated as combinational output.
W: Timing-4087: Port 'ram_rd_data[4]' is not constrained, it is treated as combinational output.
W: Timing-4087: Port 'ram_rd_data[5]' is not constrained, it is treated as combinational output.
W: Timing-4087: Port 'ram_rd_data[6]' is not constrained, it is treated as combinational output.
W: Timing-4087: Port 'ram_rd_data[7]' is not constrained, it is treated as combinational output.
W: Timing-4087: Port 'ram_rd_en' is not constrained, it is treated as combinational output.
W: Timing-4087: Port 'ram_wr_addr[0]' is not constrained, it is treated as combinational output.
W: Timing-4087: Port 'ram_wr_addr[1]' is not constrained, it is treated as combinational output.
W: Timing-4087: Port 'ram_wr_addr[2]' is not constrained, it is treated as combinational output.
W: Timing-4087: Port 'ram_wr_addr[3]' is not constrained, it is treated as combinational output.
W: Timing-4087: Port 'ram_wr_addr[4]' is not constrained, it is treated as combinational output.
W: Timing-4087: Port 'ram_wr_data[0]' is not constrained, it is treated as combinational output.
W: Timing-4087: Port 'ram_wr_data[1]' is not constrained, it is treated as combinational output.
W: Timing-4087: Port 'ram_wr_data[2]' is not constrained, it is treated as combinational output.
W: Timing-4087: Port 'ram_wr_data[3]' is not constrained, it is treated as combinational output.
W: Timing-4087: Port 'ram_wr_data[4]' is not constrained, it is treated as combinational output.
W: Timing-4087: Port 'ram_wr_data[5]' is not constrained, it is treated as combinational output.
W: Timing-4087: Port 'ram_wr_data[6]' is not constrained, it is treated as combinational output.
W: Timing-4087: Port 'ram_wr_data[7]' is not constrained, it is treated as combinational output.
W: Timing-4087: Port 'ram_wr_en' is not constrained, it is treated as combinational output.
W: Timing-4086: Port 'sys_rst_n' is not constrained, it is treated as combinational input.
Report timing is finished successfully.
Action report_timing: Real time elapsed is 5.000 sec
Action report_timing: CPU time elapsed is 3.750 sec
Action report_timing: Process CPU time elapsed is 3.766 sec
Current time: Tue Oct 25 09:52:33 2022
Action report_timing: Peak memory pool usage is 452,292,608 bytes
Compiling architecture definition.
Analyzing project file 'C:/Users/ch/Desktop/2021.4-SP1.2/ip_2port_ram/prj/ip_2port_ram.pds'.
Compiling verification operator library.
Compiling common defs.
Compiling prim grid devices.
Compiling gate devices.
Compiling gate operators.
Building architecture model.
Loading device packaging model.
Reading design from DB.
Start Generating Programming File...
Reading design from DB takes 0.218750 sec.
Generating architecture configuration.
The bitstream file is "C:/Users/ch/Desktop/2021.4-SP1.2/ip_2port_ram/prj/generate_bitstream/ip_2port_ram.sbit"
Generate programming file takes 2.734375 sec.
Generating Programming File done.
Action gen_bit_stream: Real time elapsed is 7.000 sec
Action gen_bit_stream: CPU time elapsed is 5.281 sec
Action gen_bit_stream: Process CPU time elapsed is 5.297 sec
Current time: Tue Oct 25 09:52:39 2022
Action gen_bit_stream: Peak memory pool usage is 332,406,784 bytes
