IP Generator (Version 2021.4-SP1.2 build 96435)
Check out license ...
Start generating at 2022-10-25 09:48
Instance: ram_2port (C:\Users\ch\Desktop\2021.4-SP1.2\ip_2port_ram\prj\ipcore\ram_2port\ram_2port.idf)
IP: DRM Based Simple Dual Port RAM (1.6)
Part: Logos-PGL22G-MBG324--6
Create directory 'rtl' ...
Copy 'rtl\ipml_sdpram_v1_6.v.xml' to 'rtl' ...
Compile file 'rtl\ipml_sdpram_v1_6.v.xml' to 'rtl\ipml_sdpram_v1_6_ram_2port.v' ...
Copy 'ipml_sdpram_wrapper_v1_6.v.xml' ...
Compile file 'ipml_sdpram_wrapper_v1_6.v.xml' to 'ram_2port.v' ...
Found top module 'ram_2port' in file 'ram_2port.v'.
Copy 'ipml_sdpram_wrapper_v1_3_tb.v.xml' ...
Compile file 'ipml_sdpram_wrapper_v1_3_tb.v.xml' to 'ram_2port_tb.v' ...
Copy 'init_param_bin_exmp.dat' ...
Copy 'init_param_hex_exmp.dat' ...
Run file 'createParam.tcl' ...
Create template file 'ram_2port_tmpl.v' ...
Create template file 'ram_2port_tmpl.vhdl' ...
There are 2 source files to synthesize.
Synthesis is disabled.
Done: 0 error(s), 0 warning(s)
