#Build: Fabric Compiler 2021.4-SP1.2, Build 96435, May 30 04:40 2022
#Install: J:\PDS_2021.4\pango\PDS_2021.4-SP1.2\bin
#Application name: pds_shell.exe
#OS: Windows 7sp1 6.1.7601
#Hostname: USER-20180123QP
Generated by Fabric Compiler (version 2021.4-SP1.2 build 96435) at Mon Jul  4 09:35:15 2022
Compiling verification operator library.
Compiling common defs.
Compiling prim grid devices.
Compiling gate devices.
Compiling gate operators.
Building architecture model.
Loading device packaging model.
I: Parameter configuration file J:/pds/ip_fifo/prj/testparam.txt cannot open.
Building architecture floorplan logic view.
Executing : apply_constraint -f J:/pds/ip_fifo/prj/device_map/ip_fifo.pcf
Constraint check start.
Executing : def_port sys_clk -LOC B5 -VCCIO 3.3 -IOSTANDARD LVCMOS33 -BUS_KEEPER NONE
Executing : def_port sys_clk -LOC B5 -VCCIO 3.3 -IOSTANDARD LVCMOS33 -BUS_KEEPER NONE successfully.
Executing : def_port sys_rst_n -LOC F2 -VCCIO 1.5 -IOSTANDARD LVCMOS15 -BUS_KEEPER NONE
Executing : def_port sys_rst_n -LOC F2 -VCCIO 1.5 -IOSTANDARD LVCMOS15 -BUS_KEEPER NONE successfully.
Constraint check end.
Executing : apply_constraint -f J:/pds/ip_fifo/prj/device_map/ip_fifo.pcf successfully.
I: Column Clock Check close.

Placement started.
Pre global placement started.
W: Place-4013: Connections not created.
W: Place-4013: Connections not created.
W: Place-4013: Connections not created.
W: Place-4013: Connections not created.
W: Place-4013: Connections not created.
Wirelength after clock region placement is 4.
Pre global placement takes 1.29 sec.

Global placement started.
Run super clustering :
	Initial slack 2147483647.
	1 iterations finished.
	Final slack 2147483647.
Super clustering done.
Design Utilization : 0%.
W: Place-4013: Connections not created.
W: Place-4013: Connections not created.
W: Place-4013: Connections not created.
W: Place-4013: Connections not created.
W: Place-4013: Connections not created.
Wirelength after global placement is 4.
Global placement takes 0.03 sec.

Post global placement started.
Placed fixed group with base inst sys_clk_ibuf/opit_1 on IOL_7_298.
Placed fixed group with base inst sys_rst_n_ibuf/opit_1 on IOL_7_237.
Placed fixed instance BKCL_auto_0 on BKCL_2_268.
Placed fixed instance BKCL_auto_1 on BKCL_2_144.
IO placement started.
IO placement takes 0.02 sec.

Macro cell placement started.
Wirelength after Macro cell placement is 4.
Macro cell placement takes 0.00 sec.

Run super clustering :
	Initial slack 2147483647.
	1 iterations finished.
	Final slack 2147483647.
Super clustering done.
Design Utilization : 0%.
W: Place-4013: Connections not created.
W: Place-4013: Connections not created.
W: Place-4013: Connections not created.
W: Place-4013: Connections not created.
W: Place-4013: Connections not created.
Wirelength after post global placement is 4.
Post global placement takes 0.05 sec.

Legalization started.
Wirelength after legalization is 4.
Legalization takes 0.00 sec.

Timing-driven detailed placement started.
replication start
Worst slack before Replication Place is 2147483647.
Wirelength after replication placement is 4.
Legalized cost 2147483647.000000.
The detailed placement ends at 0th iteration.
Wirelength after detailed placement is 4.
Timing-driven detailed placement takes 0.02 sec.

Worst slack is 2147483647, TNS after placement is 0.
Placement done.
Total placement takes 1.39 sec.
Finished placement. (CPU time elapsed 0h:00m:01s)

Routing started.
Building routing graph takes 0.94 sec.
Worst slack is 2147483647, TNS before global route is 0.
Processing design graph takes 0.11 sec.
Total memory for routing:
	46.800345 M.
Total nets for routing : 4.
Rcf routing step 1 processed 0 nets, it takes 0.00 sec.
Rcf routing step 2 processed 0 nets, it takes 0.00 sec.
Rcf routing step 3 processed 0 nets, it takes 0.00 sec.
Global Routing step 1 processed 0 nets, it takes 0.00 sec.
Global Routing step 2 processed 0 nets, it takes 0.00 sec.
Global Routing step 3 processed 0 nets, it takes 0.00 sec.
Global routing takes 0.02 sec.
Total 4 subnets.
    forward max bucket size 0 , backward 0.
        Unrouted nets 0 at the end of iteration 0.
    route iteration 0, CPU time elapsed 0.000000 sec.
Detailed routing takes 0.02 sec.
Start fix hold violation.
Build tmp routing results takes 0.00 sec.
Timing analysis takes 0.00 sec.
No hold violation.
Fix hold violation Finished.
Hold Violation Fix in router takes 0.09 sec.

Dispose routing result:
    Collect routing result.
    Delete unused device instances.
    Annotate routing result.
    Change LUT configuration.
    Dispose misc instances.
    Annotate routing result again.
Finish routing takes 0.00 sec.
Used srb routing arc is 0.
Cleanup routing takes 0.02 sec.
Routing done.
Total routing takes 1.36 sec.


Device Utilization Summary :
+----------------------------------------------------------------------------+
| Logic Utilization        | Used     | Available     | Utilization(%)     
+----------------------------------------------------------------------------+
| Use of ADC               | 0        | 1             | 0                   
| Use of APM               | 0        | 30            | 0                   
| Use of BKCL              | 2        | 6             | 34                  
| Use of CLMA              | 0        | 3274          | 0                   
|   FF                     | 0        | 19644         | 0                   
|   LUT                    | 0        | 13096         | 0                   
|   LUT-FF pairs           | 0        | 13096         | 0                   
| Use of CLMS              | 0        | 1110          | 0                   
|   FF                     | 0        | 6660          | 0                   
|   LUT                    | 0        | 4440          | 0                   
|   LUT-FF pairs           | 0        | 4440          | 0                   
|   Distributed RAM        | 0        | 4440          | 0                   
| Use of CRYSTAL           | 0        | 6             | 0                   
| Use of DLL               | 0        | 6             | 0                   
| Use of DQSL              | 0        | 18            | 0                   
| Use of DRM               | 0        | 48            | 0                   
| Use of FLSIF             | 0        | 1             | 0                   
| Use of FUSECODE          | 0        | 1             | 0                   
| Use of HARD0N1           | 0        | 2745          | 0                   
| Use of HMEMC             | 0        | 2             | 0                   
| Use of IO                | 2        | 240           | 1                   
|   IOBD                   | 1        | 120           | 1                   
|   IOBR                   | 0        | 6             | 0                   
|   IOBS                   | 1        | 114           | 1                   
| Use of IOCKDIV           | 0        | 12            | 0                   
| Use of IOCKDLY           | 0        | 24            | 0                   
| Use of IOCKGATE          | 0        | 12            | 0                   
| Use of IOCKGMUX_TEST     | 0        | 12            | 0                   
| Use of IOL               | 2        | 240           | 1                   
| Use of IPAL              | 0        | 1             | 0                   
| Use of MFG_TEST          | 0        | 1             | 0                   
| Use of OSC               | 0        | 1             | 0                   
| Use of PLL               | 0        | 6             | 0                   
| Use of PREGMUX_TEST      | 0        | 6             | 0                   
| Use of RCKB              | 0        | 24            | 0                   
| Use of RCKBMUX_TEST      | 0        | 12            | 0                   
| Use of RESCAL            | 0        | 6             | 0                   
| Use of SCANCHAIN         | 0        | 4             | 0                   
| Use of START             | 1        | 1             | 100                 
| Use of UDID              | 0        | 1             | 0                   
| Use of USCM              | 0        | 20            | 0                   
| Use of USCMMUX_TEST      | 0        | 20            | 0                   
| Use of VCKBMUX_TEST      | 0        | 12            | 0                   
+----------------------------------------------------------------------------+

Finished routing. (CPU time elapsed 0h:00m:01s)
Design 'ip_fifo' has been placed and routed successfully.
Saving design to DB.
Finished placement and routing. (CPU time elapsed 0h:00m:06s)
Action pnr: Real time elapsed is 10.000 sec
Action pnr: CPU time elapsed is 7.675 sec
Action pnr: Process CPU time elapsed is 7.675 sec
Current time: Mon Jul  4 09:35:23 2022
Action pnr: Peak memory pool usage is 443,363,328 bytes
