#Build: Fabric Compiler 2022.1, Build 99559, Jul 12 00:20 2022
#Install: E:\PDS_2022.1\Pango\PDS_2022.1\bin
#Application name: pds_shell.exe
#OS: Windows 10 10.0.19044
#Hostname: DESKTOP-HFJ50FN
Generated by Fabric Compiler (version 2022.1 build 99559) at Tue Oct 11 17:13:28 2022
Compiling verification operator library.
Compiling common defs.
Compiling prim grid devices.
Compiling gate devices.
Compiling gate operators.
Building architecture model.
Loading device packaging model.
Building architecture floorplan logic view.
Constraint check start.
Executing : def_port {sys_clk} LOC=B5 VCCIO=3.3 IOSTANDARD=LVCMOS33 NONE=TRUE
C: ConstraintEditor-2001: [C:/Users/ch/Desktop/2022.1/ip_fifo/prj/device_map/ip_fifo.pcf(line number: 3)] Object 'sys_clk' is dangling, which has no connection. it will be ignored.
Executing : def_port {sys_clk} LOC=B5 VCCIO=3.3 IOSTANDARD=LVCMOS33 NONE=TRUE failed
Executing : def_port {sys_rst_n} LOC=G5 VCCIO=1.5 IOSTANDARD=LVCMOS15 NONE=TRUE
C: ConstraintEditor-2001: [C:/Users/ch/Desktop/2022.1/ip_fifo/prj/device_map/ip_fifo.pcf(line number: 4)] Object 'sys_rst_n' is dangling, which has no connection. it will be ignored.
Executing : def_port {sys_rst_n} LOC=G5 VCCIO=1.5 IOSTANDARD=LVCMOS15 NONE=TRUE failed
Constraint check end.
I: Column Clock Check close.

Placement started.
Phase 1 Pre global placement started.
Phase 1.1 1st GP placement started.
Design Utilization : 0%.
Wirelength after clock region global placement is 0.
1st GP placement takes 0.45 sec.

Phase 1.2 Clock placement started.
Clock placement takes 0.02 sec.

Pre global placement takes 1.06 sec.

Phase 2 Global placement started.
Phase 2.1 Fixed placement started.
Fixed placement takes 0.00 sec.

Phase 2.2 Process placement started.
Process placement takes 0.00 sec.

Phase 2.3 IO placement started.
IO placement takes 0.00 sec.

Phase 2.4 2nd GP placement started.
Run super clustering :
	Initial slack 2147483647.
	1 iterations finished.
	Final slack 2147483647.
Super clustering done.
Design Utilization : 0%.
2nd GP placement takes 0.30 sec.

Wirelength after global placement is 0.
Global placement takes 0.30 sec.

Phase 3 Post global placement started.
Phase 3.1 Macro cell placement started.
Wirelength after macro cell placement is 0.
Macro cell placement takes 0.00 sec.

Phase 3.2 3rd GP placement started.
Run super clustering :
	Initial slack 2147483647.
	1 iterations finished.
	Final slack 2147483647.
Super clustering done.
Design Utilization : 0%.
3rd GP placement takes 0.30 sec.

Wirelength after post global placement is 0.
Post global placement takes 0.30 sec.

Phase 4 Legalization started.
The average distance in LP is 62.000000.
Wirelength after legalization is 0.
Legalization takes 0.00 sec.

Phase 5 Timing-driven detailed placement started.
Phase 5.1 Replication placement started.
Worst slack before Replication Place is 2147483647.
Replication placement takes 0.00 sec.

Wirelength after replication placement is 0.
Phase 5.2 DP placement started.
Legalized cost 2147483647.000000.
The detailed placement ends at 0th iteration.
DP placement takes 0.00 sec.

Wirelength after detailed placement is 0.
Timing-driven detailed placement takes 0.00 sec.

Worst slack is 2147483647, TNS after placement is 0.
Placement done.
Total placement takes 1.66 sec.
Finished placement. (CPU time elapsed 0h:00m:01s)

Routing started.
Building routing graph takes 0.41 sec.
Worst slack is 2147483647, TNS before global route is 0.
Processing design graph takes 0.06 sec.
Total memory for routing:
	46.799262 M.
Total nets for routing : 0.
Rcf routing step 1 processed 0 nets, it takes 0.00 sec.
Rcf routing step 2 processed 0 nets, it takes 0.00 sec.
Rcf routing step 3 processed 0 nets, it takes 0.00 sec.
Global Routing step 1 processed 0 nets, it takes 0.00 sec.
Global Routing step 2 processed 0 nets, it takes 0.00 sec.
Global Routing step 3 processed 0 nets, it takes 0.00 sec.
Global routing takes 0.00 sec.
Total 0 subnets.
    forward max bucket size 0 , backward 0.
        Unrouted nets 0 at the end of iteration 0.
    route iteration 0, CPU time elapsed 0.000000 sec.
Detailed routing takes 0 iterations
Detailed routing takes 0.00 sec.
Start fix hold violation.
Build tmp routing results takes 0.00 sec.
Timing analysis takes 0.00 sec.
No hold violation.
Hold Violation Fix in router takes 0 iterations.
Fix hold violation Finished.
Hold Violation Fix in router takes 0.05 sec.

Dispose routing result:
    Collect routing result.
    Delete unused device instances.
    Annotate routing result.
    Change LUT configuration.
    Dispose misc instances.
    Annotate routing result again.
Finish routing takes 0.00 sec.
Used SRB routing arc is 0.
Cleanup routing takes 0.02 sec.
Routing done.
Total routing takes 0.67 sec.


Device Utilization Summary :
+---------------------------------------------------------------------------+
| Logic Utilization        | Used     | Available     | Utilization(%)     
+---------------------------------------------------------------------------+
| Use of ADC               | 0        | 1             | 0                  
| Use of APM               | 0        | 30            | 0                  
| Use of BKCL              | 0        | 6             | 0                  
| Use of CLMA              | 0        | 3274          | 0                  
|   FF                     | 0        | 19644         | 0                  
|   LUT                    | 0        | 13096         | 0                  
|   LUT-FF pairs           | 0        | 13096         | 0                  
| Use of CLMS              | 0        | 1110          | 0                  
|   FF                     | 0        | 6660          | 0                  
|   LUT                    | 0        | 4440          | 0                  
|   LUT-FF pairs           | 0        | 4440          | 0                  
|   Distributed RAM        | 0        | 4440          | 0                  
| Use of CRYSTAL           | 0        | 6             | 0                  
| Use of DLL               | 0        | 6             | 0                  
| Use of DQSL              | 0        | 18            | 0                  
| Use of DRM               | 0        | 48            | 0                  
| Use of FLSIF             | 0        | 1             | 0                  
| Use of FUSECODE          | 0        | 1             | 0                  
| Use of HARD0N1           | 0        | 2745          | 0                  
| Use of HMEMC             | 0        | 2             | 0                  
| Use of IO                | 0        | 240           | 0                  
|   IOBD                   | 0        | 120           | 0                  
|   IOBR                   | 0        | 6             | 0                  
|   IOBS                   | 0        | 114           | 0                  
| Use of IOCKDIV           | 0        | 12            | 0                  
| Use of IOCKDLY           | 0        | 24            | 0                  
| Use of IOCKGATE          | 0        | 12            | 0                  
| Use of IOCKGMUX_TEST     | 0        | 12            | 0                  
| Use of IOL               | 0        | 240           | 0                  
| Use of IPAL              | 0        | 1             | 0                  
| Use of MFG_TEST          | 0        | 1             | 0                  
| Use of OSC               | 0        | 1             | 0                  
| Use of PLL               | 0        | 6             | 0                  
| Use of PREGMUX_TEST      | 0        | 6             | 0                  
| Use of RCKB              | 0        | 24            | 0                  
| Use of RCKBMUX_TEST      | 0        | 12            | 0                  
| Use of RESCAL            | 0        | 6             | 0                  
| Use of SCANCHAIN         | 0        | 4             | 0                  
| Use of START             | 1        | 1             | 100                
| Use of UDID              | 0        | 1             | 0                  
| Use of USCM              | 0        | 20            | 0                  
| Use of USCMMUX_TEST      | 0        | 20            | 0                  
| Use of VCKBMUX_TEST      | 0        | 12            | 0                  
+---------------------------------------------------------------------------+

Finished routing. (CPU time elapsed 0h:00m:00s)
Design 'ip_fifo' has been placed and routed successfully.
Saving design to DB.
Finished placement and routing. (CPU time elapsed 0h:00m:05s)
Action pnr: Real time elapsed is 0h:0m:7s
Action pnr: CPU time elapsed is 0h:0m:5s
Action pnr: Process CPU time elapsed is 0h:0m:5s
Current time: Tue Oct 11 17:13:33 2022
Action pnr: Peak memory pool usage is 627 MB
