#Build: Fabric Compiler 2021.4-SP1.2, Build 96435, May 30 04:40 2022
#Install: E:\PDS_2021.4-SP1.2\bin
#Application name: pds.exe
#OS: Windows 10 10.0.19044
#Hostname: DESKTOP-HFJ50FN
Generated by Fabric Compiler (version 2021.4-SP1.2 build 96435) at Tue Oct 25 09:54:45 2022
ADS Parser
Compiling architecture definition.
License checkout: fabric_ads
Compiling verification operator library.
Loading technology operator library.
Compiling technology operator library.
Compiling technology operator (valence) library.
Open IP Compiler ...
Customize IP 'C:/Users/ch/Desktop/2021.4-SP1.2/ip_fifo/prj/ipcore/fifo_generator_0/fifo_generator_0.idf' ...
C: Flow-2008: IP file modified: "C:/Users/ch/Desktop/2021.4-SP1.2/ip_fifo/prj/ipcore/fifo_generator_0/fifo_generator_0.idf". 
ADS Parser
Compiling architecture definition.
License checkout: fabric_ads
Compiling verification operator library.
Loading technology operator library.
Compiling technology operator library.
Compiling technology operator (valence) library.
ADS Parser
Compiling architecture definition.
License checkout: fabric_ads
Compiling verification operator library.
Loading technology operator library.
Compiling technology operator library.
Compiling technology operator (valence) library.
IP Compiler exited.
IP Compiler exited.


Process "Compile" started.
Current time: Tue Oct 25 09:58:09 2022
Compiling architecture definition.
Analyzing project file 'C:/Users/ch/Desktop/2021.4-SP1.2/ip_fifo/prj/ip_fifo.pds'.
License checkout: fabric_ads
Compiling verification operator library.
Loading technology operator library.
Compiling technology operator library.
Compiling technology operator (valence) library.
Start rtl-analyze.
I: Enable Verilog2k features and keywords
Executing : .rtl_analyze -work work -include_path {C:/Users/ch/Desktop/2021.4-SP1.2/ip_fifo/prj} C:/Users/ch/Desktop/2021.4-SP1.2/ip_fifo/rtl/ip_fifo.v
I: Verilog-0001: Analyzing file C:/Users/ch/Desktop/2021.4-SP1.2/ip_fifo/rtl/ip_fifo.v
I: Verilog-0002: [C:/Users/ch/Desktop/2021.4-SP1.2/ip_fifo/rtl/ip_fifo.v(line number: 23)] Analyzing module ip_fifo (library work)
I: [C:/Users/ch/Desktop/2021.4-SP1.2/ip_fifo/rtl/ip_fifo.v(line number: 29)] Convert attribute name from syn_keep to PAP_KEEP
I: [C:/Users/ch/Desktop/2021.4-SP1.2/ip_fifo/rtl/ip_fifo.v(line number: 30)] Convert attribute name from syn_keep to PAP_KEEP
I: [C:/Users/ch/Desktop/2021.4-SP1.2/ip_fifo/rtl/ip_fifo.v(line number: 31)] Convert attribute name from syn_keep to PAP_KEEP
I: [C:/Users/ch/Desktop/2021.4-SP1.2/ip_fifo/rtl/ip_fifo.v(line number: 32)] Convert attribute name from syn_keep to PAP_KEEP
I: [C:/Users/ch/Desktop/2021.4-SP1.2/ip_fifo/rtl/ip_fifo.v(line number: 33)] Convert attribute name from syn_keep to PAP_KEEP
I: [C:/Users/ch/Desktop/2021.4-SP1.2/ip_fifo/rtl/ip_fifo.v(line number: 34)] Convert attribute name from syn_keep to PAP_KEEP
I: [C:/Users/ch/Desktop/2021.4-SP1.2/ip_fifo/rtl/ip_fifo.v(line number: 35)] Convert attribute name from syn_keep to PAP_KEEP
I: [C:/Users/ch/Desktop/2021.4-SP1.2/ip_fifo/rtl/ip_fifo.v(line number: 36)] Convert attribute name from syn_keep to PAP_KEEP
I: [C:/Users/ch/Desktop/2021.4-SP1.2/ip_fifo/rtl/ip_fifo.v(line number: 37)] Convert attribute name from syn_keep to PAP_KEEP
I: [C:/Users/ch/Desktop/2021.4-SP1.2/ip_fifo/rtl/ip_fifo.v(line number: 38)] Convert attribute name from syn_keep to PAP_KEEP
Parsing done.
Executing : .rtl_analyze -work work -include_path {C:/Users/ch/Desktop/2021.4-SP1.2/ip_fifo/prj} C:/Users/ch/Desktop/2021.4-SP1.2/ip_fifo/rtl/ip_fifo.v successfully.
Executing : .rtl_analyze -work work -include_path {C:/Users/ch/Desktop/2021.4-SP1.2/ip_fifo/prj} C:/Users/ch/Desktop/2021.4-SP1.2/ip_fifo/rtl/fifo_rd.v
I: Verilog-0001: Analyzing file C:/Users/ch/Desktop/2021.4-SP1.2/ip_fifo/rtl/fifo_rd.v
I: Verilog-0002: [C:/Users/ch/Desktop/2021.4-SP1.2/ip_fifo/rtl/fifo_rd.v(line number: 23)] Analyzing module fifo_rd (library work)
Parsing done.
Executing : .rtl_analyze -work work -include_path {C:/Users/ch/Desktop/2021.4-SP1.2/ip_fifo/prj} C:/Users/ch/Desktop/2021.4-SP1.2/ip_fifo/rtl/fifo_rd.v successfully.
Executing : .rtl_analyze -work work -include_path {C:/Users/ch/Desktop/2021.4-SP1.2/ip_fifo/prj} C:/Users/ch/Desktop/2021.4-SP1.2/ip_fifo/rtl/fifo_wr.v
I: Verilog-0001: Analyzing file C:/Users/ch/Desktop/2021.4-SP1.2/ip_fifo/rtl/fifo_wr.v
I: Verilog-0002: [C:/Users/ch/Desktop/2021.4-SP1.2/ip_fifo/rtl/fifo_wr.v(line number: 23)] Analyzing module fifo_wr (library work)
Parsing done.
Executing : .rtl_analyze -work work -include_path {C:/Users/ch/Desktop/2021.4-SP1.2/ip_fifo/prj} C:/Users/ch/Desktop/2021.4-SP1.2/ip_fifo/rtl/fifo_wr.v successfully.
Executing : .rtl_analyze -include_path {C:/Users/ch/Desktop/2021.4-SP1.2/ip_fifo/prj} C:/Users/ch/Desktop/2021.4-SP1.2/ip_fifo/prj/ipcore/fifo_generator_0/rtl/ipml_fifo_ctrl_v1_3.v
I: Verilog-0001: Analyzing file C:/Users/ch/Desktop/2021.4-SP1.2/ip_fifo/prj/ipcore/fifo_generator_0/rtl/ipml_fifo_ctrl_v1_3.v
I: Verilog-0002: [C:/Users/ch/Desktop/2021.4-SP1.2/ip_fifo/prj/ipcore/fifo_generator_0/rtl/ipml_fifo_ctrl_v1_3.v(line number: 21)] Analyzing module ipml_fifo_ctrl_v1_3 (library work)
Parsing done.
Executing : .rtl_analyze -include_path {C:/Users/ch/Desktop/2021.4-SP1.2/ip_fifo/prj} C:/Users/ch/Desktop/2021.4-SP1.2/ip_fifo/prj/ipcore/fifo_generator_0/rtl/ipml_fifo_ctrl_v1_3.v successfully.
Executing : .rtl_analyze -include_path {C:/Users/ch/Desktop/2021.4-SP1.2/ip_fifo/prj} C:/Users/ch/Desktop/2021.4-SP1.2/ip_fifo/prj/ipcore/fifo_generator_0/rtl/ipml_sdpram_v1_6_fifo_generator_0.v
I: Verilog-0001: Analyzing file C:/Users/ch/Desktop/2021.4-SP1.2/ip_fifo/prj/ipcore/fifo_generator_0/rtl/ipml_sdpram_v1_6_fifo_generator_0.v
I: Verilog-0002: [C:/Users/ch/Desktop/2021.4-SP1.2/ip_fifo/prj/ipcore/fifo_generator_0/rtl/ipml_sdpram_v1_6_fifo_generator_0.v(line number: 20)] Analyzing module ipml_sdpram_v1_6_fifo_generator_0 (library work)
W: Verilog-2008: [C:/Users/ch/Desktop/2021.4-SP1.2/ip_fifo/prj/ipcore/fifo_generator_0/rtl/ipml_sdpram_v1_6_fifo_generator_0.v(line number: 309)] Ignore 'system task' $display
W: Verilog-2008: [C:/Users/ch/Desktop/2021.4-SP1.2/ip_fifo/prj/ipcore/fifo_generator_0/rtl/ipml_sdpram_v1_6_fifo_generator_0.v(line number: 310)] Ignore 'system task' $finish
W: Verilog-2008: [C:/Users/ch/Desktop/2021.4-SP1.2/ip_fifo/prj/ipcore/fifo_generator_0/rtl/ipml_sdpram_v1_6_fifo_generator_0.v(line number: 313)] Ignore 'system task' $display
W: Verilog-2008: [C:/Users/ch/Desktop/2021.4-SP1.2/ip_fifo/prj/ipcore/fifo_generator_0/rtl/ipml_sdpram_v1_6_fifo_generator_0.v(line number: 317)] Ignore 'system task' $display
W: Verilog-2008: [C:/Users/ch/Desktop/2021.4-SP1.2/ip_fifo/prj/ipcore/fifo_generator_0/rtl/ipml_sdpram_v1_6_fifo_generator_0.v(line number: 321)] Ignore 'system task' $display
W: Verilog-2008: [C:/Users/ch/Desktop/2021.4-SP1.2/ip_fifo/prj/ipcore/fifo_generator_0/rtl/ipml_sdpram_v1_6_fifo_generator_0.v(line number: 325)] Ignore 'system task' $display
W: Verilog-2008: [C:/Users/ch/Desktop/2021.4-SP1.2/ip_fifo/prj/ipcore/fifo_generator_0/rtl/ipml_sdpram_v1_6_fifo_generator_0.v(line number: 329)] Ignore 'system task' $display
W: Verilog-2008: [C:/Users/ch/Desktop/2021.4-SP1.2/ip_fifo/prj/ipcore/fifo_generator_0/rtl/ipml_sdpram_v1_6_fifo_generator_0.v(line number: 330)] Ignore 'system task' $finish
W: Verilog-2008: [C:/Users/ch/Desktop/2021.4-SP1.2/ip_fifo/prj/ipcore/fifo_generator_0/rtl/ipml_sdpram_v1_6_fifo_generator_0.v(line number: 333)] Ignore 'system task' $display
W: Verilog-2008: [C:/Users/ch/Desktop/2021.4-SP1.2/ip_fifo/prj/ipcore/fifo_generator_0/rtl/ipml_sdpram_v1_6_fifo_generator_0.v(line number: 334)] Ignore 'system task' $finish
W: Verilog-2008: [C:/Users/ch/Desktop/2021.4-SP1.2/ip_fifo/prj/ipcore/fifo_generator_0/rtl/ipml_sdpram_v1_6_fifo_generator_0.v(line number: 337)] Ignore 'system task' $display
W: Verilog-2008: [C:/Users/ch/Desktop/2021.4-SP1.2/ip_fifo/prj/ipcore/fifo_generator_0/rtl/ipml_sdpram_v1_6_fifo_generator_0.v(line number: 338)] Ignore 'system task' $finish
W: Verilog-2008: [C:/Users/ch/Desktop/2021.4-SP1.2/ip_fifo/prj/ipcore/fifo_generator_0/rtl/ipml_sdpram_v1_6_fifo_generator_0.v(line number: 341)] Ignore 'system task' $display
W: Verilog-2008: [C:/Users/ch/Desktop/2021.4-SP1.2/ip_fifo/prj/ipcore/fifo_generator_0/rtl/ipml_sdpram_v1_6_fifo_generator_0.v(line number: 342)] Ignore 'system task' $finish
W: Verilog-2008: [C:/Users/ch/Desktop/2021.4-SP1.2/ip_fifo/prj/ipcore/fifo_generator_0/rtl/ipml_sdpram_v1_6_fifo_generator_0.v(line number: 345)] Ignore 'system task' $display
W: Verilog-2008: [C:/Users/ch/Desktop/2021.4-SP1.2/ip_fifo/prj/ipcore/fifo_generator_0/rtl/ipml_sdpram_v1_6_fifo_generator_0.v(line number: 346)] Ignore 'system task' $finish
W: Verilog-2008: [C:/Users/ch/Desktop/2021.4-SP1.2/ip_fifo/prj/ipcore/fifo_generator_0/rtl/ipml_sdpram_v1_6_fifo_generator_0.v(line number: 349)] Ignore 'system task' $display
W: Verilog-2008: [C:/Users/ch/Desktop/2021.4-SP1.2/ip_fifo/prj/ipcore/fifo_generator_0/rtl/ipml_sdpram_v1_6_fifo_generator_0.v(line number: 350)] Ignore 'system task' $finish
W: Verilog-2008: [C:/Users/ch/Desktop/2021.4-SP1.2/ip_fifo/prj/ipcore/fifo_generator_0/rtl/ipml_sdpram_v1_6_fifo_generator_0.v(line number: 353)] Ignore 'system task' $display
W: Verilog-2008: [C:/Users/ch/Desktop/2021.4-SP1.2/ip_fifo/prj/ipcore/fifo_generator_0/rtl/ipml_sdpram_v1_6_fifo_generator_0.v(line number: 354)] Ignore 'system task' $finish
W: Verilog-2008: [C:/Users/ch/Desktop/2021.4-SP1.2/ip_fifo/prj/ipcore/fifo_generator_0/rtl/ipml_sdpram_v1_6_fifo_generator_0.v(line number: 357)] Ignore 'system task' $display
W: Verilog-2008: [C:/Users/ch/Desktop/2021.4-SP1.2/ip_fifo/prj/ipcore/fifo_generator_0/rtl/ipml_sdpram_v1_6_fifo_generator_0.v(line number: 358)] Ignore 'system task' $finish
W: Verilog-2008: [C:/Users/ch/Desktop/2021.4-SP1.2/ip_fifo/prj/ipcore/fifo_generator_0/rtl/ipml_sdpram_v1_6_fifo_generator_0.v(line number: 361)] Ignore 'system task' $display
W: Verilog-2008: [C:/Users/ch/Desktop/2021.4-SP1.2/ip_fifo/prj/ipcore/fifo_generator_0/rtl/ipml_sdpram_v1_6_fifo_generator_0.v(line number: 362)] Ignore 'system task' $finish
W: Verilog-2008: [C:/Users/ch/Desktop/2021.4-SP1.2/ip_fifo/prj/ipcore/fifo_generator_0/rtl/ipml_sdpram_v1_6_fifo_generator_0.v(line number: 365)] Ignore 'system task' $display
W: Verilog-2008: [C:/Users/ch/Desktop/2021.4-SP1.2/ip_fifo/prj/ipcore/fifo_generator_0/rtl/ipml_sdpram_v1_6_fifo_generator_0.v(line number: 366)] Ignore 'system task' $finish
W: Verilog-2008: [C:/Users/ch/Desktop/2021.4-SP1.2/ip_fifo/prj/ipcore/fifo_generator_0/rtl/ipml_sdpram_v1_6_fifo_generator_0.v(line number: 369)] Ignore 'system task' $display
W: Verilog-2008: [C:/Users/ch/Desktop/2021.4-SP1.2/ip_fifo/prj/ipcore/fifo_generator_0/rtl/ipml_sdpram_v1_6_fifo_generator_0.v(line number: 370)] Ignore 'system task' $finish
W: Verilog-2008: [C:/Users/ch/Desktop/2021.4-SP1.2/ip_fifo/prj/ipcore/fifo_generator_0/rtl/ipml_sdpram_v1_6_fifo_generator_0.v(line number: 374)] Ignore 'system task' $display
W: Verilog-2008: [C:/Users/ch/Desktop/2021.4-SP1.2/ip_fifo/prj/ipcore/fifo_generator_0/rtl/ipml_sdpram_v1_6_fifo_generator_0.v(line number: 375)] Ignore 'system task' $finish
W: Verilog-2008: [C:/Users/ch/Desktop/2021.4-SP1.2/ip_fifo/prj/ipcore/fifo_generator_0/rtl/ipml_sdpram_v1_6_fifo_generator_0.v(line number: 378)] Ignore 'system task' $display
W: Verilog-2008: [C:/Users/ch/Desktop/2021.4-SP1.2/ip_fifo/prj/ipcore/fifo_generator_0/rtl/ipml_sdpram_v1_6_fifo_generator_0.v(line number: 379)] Ignore 'system task' $finish
W: Verilog-2008: [C:/Users/ch/Desktop/2021.4-SP1.2/ip_fifo/prj/ipcore/fifo_generator_0/rtl/ipml_sdpram_v1_6_fifo_generator_0.v(line number: 383)] Ignore 'system task' $display
W: Verilog-2008: [C:/Users/ch/Desktop/2021.4-SP1.2/ip_fifo/prj/ipcore/fifo_generator_0/rtl/ipml_sdpram_v1_6_fifo_generator_0.v(line number: 384)] Ignore 'system task' $finish
W: Verilog-2008: [C:/Users/ch/Desktop/2021.4-SP1.2/ip_fifo/prj/ipcore/fifo_generator_0/rtl/ipml_sdpram_v1_6_fifo_generator_0.v(line number: 387)] Ignore 'system task' $display
W: Verilog-2008: [C:/Users/ch/Desktop/2021.4-SP1.2/ip_fifo/prj/ipcore/fifo_generator_0/rtl/ipml_sdpram_v1_6_fifo_generator_0.v(line number: 388)] Ignore 'system task' $finish
W: Verilog-2008: [C:/Users/ch/Desktop/2021.4-SP1.2/ip_fifo/prj/ipcore/fifo_generator_0/rtl/ipml_sdpram_v1_6_fifo_generator_0.v(line number: 391)] Ignore 'system task' $display
W: Verilog-2008: [C:/Users/ch/Desktop/2021.4-SP1.2/ip_fifo/prj/ipcore/fifo_generator_0/rtl/ipml_sdpram_v1_6_fifo_generator_0.v(line number: 392)] Ignore 'system task' $finish
W: Verilog-2008: [C:/Users/ch/Desktop/2021.4-SP1.2/ip_fifo/prj/ipcore/fifo_generator_0/rtl/ipml_sdpram_v1_6_fifo_generator_0.v(line number: 395)] Ignore 'system task' $display
W: Verilog-2008: [C:/Users/ch/Desktop/2021.4-SP1.2/ip_fifo/prj/ipcore/fifo_generator_0/rtl/ipml_sdpram_v1_6_fifo_generator_0.v(line number: 396)] Ignore 'system task' $finish
W: Verilog-2008: [C:/Users/ch/Desktop/2021.4-SP1.2/ip_fifo/prj/ipcore/fifo_generator_0/rtl/ipml_sdpram_v1_6_fifo_generator_0.v(line number: 399)] Ignore 'system task' $display
W: Verilog-2008: [C:/Users/ch/Desktop/2021.4-SP1.2/ip_fifo/prj/ipcore/fifo_generator_0/rtl/ipml_sdpram_v1_6_fifo_generator_0.v(line number: 400)] Ignore 'system task' $finish
W: Verilog-2008: [C:/Users/ch/Desktop/2021.4-SP1.2/ip_fifo/prj/ipcore/fifo_generator_0/rtl/ipml_sdpram_v1_6_fifo_generator_0.v(line number: 405)] Ignore 'system task' $display
W: Verilog-2008: [C:/Users/ch/Desktop/2021.4-SP1.2/ip_fifo/prj/ipcore/fifo_generator_0/rtl/ipml_sdpram_v1_6_fifo_generator_0.v(line number: 406)] Ignore 'system task' $finish
W: Verilog-2008: [C:/Users/ch/Desktop/2021.4-SP1.2/ip_fifo/prj/ipcore/fifo_generator_0/rtl/ipml_sdpram_v1_6_fifo_generator_0.v(line number: 409)] Ignore 'system task' $display
W: Verilog-2008: [C:/Users/ch/Desktop/2021.4-SP1.2/ip_fifo/prj/ipcore/fifo_generator_0/rtl/ipml_sdpram_v1_6_fifo_generator_0.v(line number: 410)] Ignore 'system task' $finish
W: Verilog-2008: [C:/Users/ch/Desktop/2021.4-SP1.2/ip_fifo/prj/ipcore/fifo_generator_0/rtl/ipml_sdpram_v1_6_fifo_generator_0.v(line number: 415)] Ignore 'system task' $display
W: Verilog-2008: [C:/Users/ch/Desktop/2021.4-SP1.2/ip_fifo/prj/ipcore/fifo_generator_0/rtl/ipml_sdpram_v1_6_fifo_generator_0.v(line number: 416)] Ignore 'system task' $finish
W: Verilog-2010: [C:/Users/ch/Desktop/2021.4-SP1.2/ip_fifo/prj/ipcore/fifo_generator_0/rtl/ipml_sdpram_v1_6_fifo_generator_0.v(line number: 307)] Ignore initial statements except memory $readmemh/$readmemb initialization statements
Parsing done.
Executing : .rtl_analyze -include_path {C:/Users/ch/Desktop/2021.4-SP1.2/ip_fifo/prj} C:/Users/ch/Desktop/2021.4-SP1.2/ip_fifo/prj/ipcore/fifo_generator_0/rtl/ipml_sdpram_v1_6_fifo_generator_0.v successfully.
Executing : .rtl_analyze -include_path {C:/Users/ch/Desktop/2021.4-SP1.2/ip_fifo/prj} C:/Users/ch/Desktop/2021.4-SP1.2/ip_fifo/prj/ipcore/fifo_generator_0/rtl/ipml_fifo_v1_6_fifo_generator_0.v
I: Verilog-0001: Analyzing file C:/Users/ch/Desktop/2021.4-SP1.2/ip_fifo/prj/ipcore/fifo_generator_0/rtl/ipml_fifo_v1_6_fifo_generator_0.v
I: Verilog-0002: [C:/Users/ch/Desktop/2021.4-SP1.2/ip_fifo/prj/ipcore/fifo_generator_0/rtl/ipml_fifo_v1_6_fifo_generator_0.v(line number: 25)] Analyzing module ipml_fifo_v1_6_fifo_generator_0 (library work)
Parsing done.
Executing : .rtl_analyze -include_path {C:/Users/ch/Desktop/2021.4-SP1.2/ip_fifo/prj} C:/Users/ch/Desktop/2021.4-SP1.2/ip_fifo/prj/ipcore/fifo_generator_0/rtl/ipml_fifo_v1_6_fifo_generator_0.v successfully.
Executing : .rtl_analyze -include_path {C:/Users/ch/Desktop/2021.4-SP1.2/ip_fifo/prj} C:/Users/ch/Desktop/2021.4-SP1.2/ip_fifo/prj/ipcore/fifo_generator_0/fifo_generator_0.v
I: Verilog-0001: Analyzing file C:/Users/ch/Desktop/2021.4-SP1.2/ip_fifo/prj/ipcore/fifo_generator_0/fifo_generator_0.v
I: Verilog-0002: [C:/Users/ch/Desktop/2021.4-SP1.2/ip_fifo/prj/ipcore/fifo_generator_0/fifo_generator_0.v(line number: 18)] Analyzing module fifo_generator_0 (library work)
Parsing done.
Executing : .rtl_analyze -include_path {C:/Users/ch/Desktop/2021.4-SP1.2/ip_fifo/prj} C:/Users/ch/Desktop/2021.4-SP1.2/ip_fifo/prj/ipcore/fifo_generator_0/fifo_generator_0.v successfully.
I: Module "ip_fifo" is set as top module.
Executing : rtl-analyze successfully. Time elapsed: 0.549s wall, 0.000s user + 0.000s system = 0.000s CPU (n/a%)

Start rtl-elaborate.
I: Verilog-0003: [C:/Users/ch/Desktop/2021.4-SP1.2/ip_fifo/rtl/ip_fifo.v(line number: 23)] Elaborating module ip_fifo
I: Verilog-0004: [C:/Users/ch/Desktop/2021.4-SP1.2/ip_fifo/rtl/ip_fifo.v(line number: 82)] Elaborating instance u_fifo_generator_0
I: Verilog-0003: [C:/Users/ch/Desktop/2021.4-SP1.2/ip_fifo/prj/ipcore/fifo_generator_0/fifo_generator_0.v(line number: 18)] Elaborating module fifo_generator_0
I: Verilog-0004: [C:/Users/ch/Desktop/2021.4-SP1.2/ip_fifo/prj/ipcore/fifo_generator_0/fifo_generator_0.v(line number: 164)] Elaborating instance U_ipml_fifo_fifo_generator_0
I: Verilog-0003: [C:/Users/ch/Desktop/2021.4-SP1.2/ip_fifo/prj/ipcore/fifo_generator_0/rtl/ipml_fifo_v1_6_fifo_generator_0.v(line number: 25)] Elaborating module ipml_fifo_v1_6_fifo_generator_0
I: Module instance {ip_fifo.u_fifo_generator_0.U_ipml_fifo_fifo_generator_0} parameter value:
    c_SIM_DEVICE = PGL22G
    c_WR_DEPTH_WIDTH = 32'b00000000000000000000000000001000
    c_WR_DATA_WIDTH = 32'b00000000000000000000000000001000
    c_RD_DEPTH_WIDTH = 32'b00000000000000000000000000001000
    c_RD_DATA_WIDTH = 32'b00000000000000000000000000001000
    c_OUTPUT_REG = 32'b00000000000000000000000000000000
    c_RD_OCE_EN = 32'b00000000000000000000000000000000
    c_RESET_TYPE = ASYNC_RESET
    c_POWER_OPT = 32'b00000000000000000000000000000000
    c_RD_CLK_OR_POL_INV = 32'b00000000000000000000000000000000
    c_WR_BYTE_EN = 32'b00000000000000000000000000000000
    c_BE_WIDTH = 32'b00000000000000000000000000000001
    c_FIFO_TYPE = ASYN
    c_ALMOST_FULL_NUM = 32'b00000000000000000000000011111100
    c_ALMOST_EMPTY_NUM = 32'b00000000000000000000000000000100
I: Verilog-0004: [C:/Users/ch/Desktop/2021.4-SP1.2/ip_fifo/prj/ipcore/fifo_generator_0/rtl/ipml_fifo_v1_6_fifo_generator_0.v(line number: 93)] Elaborating instance U_ipml_sdpram
I: Verilog-0003: [C:/Users/ch/Desktop/2021.4-SP1.2/ip_fifo/prj/ipcore/fifo_generator_0/rtl/ipml_sdpram_v1_6_fifo_generator_0.v(line number: 20)] Elaborating module ipml_sdpram_v1_6_fifo_generator_0
I: Module instance {ip_fifo.u_fifo_generator_0.U_ipml_fifo_fifo_generator_0.U_ipml_sdpram} parameter value:
    c_SIM_DEVICE = PGL22G
    c_WR_ADDR_WIDTH = 32'b00000000000000000000000000001000
    c_WR_DATA_WIDTH = 32'b00000000000000000000000000001000
    c_RD_ADDR_WIDTH = 32'b00000000000000000000000000001000
    c_RD_DATA_WIDTH = 32'b00000000000000000000000000001000
    c_OUTPUT_REG = 32'b00000000000000000000000000000000
    c_RD_OCE_EN = 32'b00000000000000000000000000000000
    c_WR_ADDR_STROBE_EN = 32'b00000000000000000000000000000000
    c_RD_ADDR_STROBE_EN = 32'b00000000000000000000000000000000
    c_WR_CLK_EN = 32'b00000000000000000000000000000001
    c_RD_CLK_EN = 32'b00000000000000000000000000000001
    c_RD_CLK_OR_POL_INV = 32'b00000000000000000000000000000000
    c_RESET_TYPE = ASYNC_RESET
    c_POWER_OPT = 32'b00000000000000000000000000000000
    c_INIT_FILE = NONE
    c_INIT_FORMAT = BIN
    c_WR_BYTE_EN = 32'b00000000000000000000000000000000
    c_BE_WIDTH = 32'b00000000000000000000000000000001
W: Verilog-2039: [C:/Users/ch/Desktop/2021.4-SP1.2/ip_fifo/prj/ipcore/fifo_generator_0/rtl/ipml_sdpram_v1_6_fifo_generator_0.v(line number: 476)] Repeat multiplier in concatenation evaluates to 0
W: Verilog-2038: [C:/Users/ch/Desktop/2021.4-SP1.2/ip_fifo/prj/ipcore/fifo_generator_0/rtl/ipml_sdpram_v1_6_fifo_generator_0.v(line number: 486)] Case condition never applies
W: Verilog-2038: [C:/Users/ch/Desktop/2021.4-SP1.2/ip_fifo/prj/ipcore/fifo_generator_0/rtl/ipml_sdpram_v1_6_fifo_generator_0.v(line number: 487)] Case condition never applies
W: Verilog-2038: [C:/Users/ch/Desktop/2021.4-SP1.2/ip_fifo/prj/ipcore/fifo_generator_0/rtl/ipml_sdpram_v1_6_fifo_generator_0.v(line number: 488)] Case condition never applies
W: Verilog-2038: [C:/Users/ch/Desktop/2021.4-SP1.2/ip_fifo/prj/ipcore/fifo_generator_0/rtl/ipml_sdpram_v1_6_fifo_generator_0.v(line number: 489)] Case condition never applies
W: Verilog-2038: [C:/Users/ch/Desktop/2021.4-SP1.2/ip_fifo/prj/ipcore/fifo_generator_0/rtl/ipml_sdpram_v1_6_fifo_generator_0.v(line number: 489)] Case condition never applies
W: Verilog-2038: [C:/Users/ch/Desktop/2021.4-SP1.2/ip_fifo/prj/ipcore/fifo_generator_0/rtl/ipml_sdpram_v1_6_fifo_generator_0.v(line number: 490)] Case condition never applies
W: Verilog-2038: [C:/Users/ch/Desktop/2021.4-SP1.2/ip_fifo/prj/ipcore/fifo_generator_0/rtl/ipml_sdpram_v1_6_fifo_generator_0.v(line number: 490)] Case condition never applies
W: Verilog-2039: [C:/Users/ch/Desktop/2021.4-SP1.2/ip_fifo/prj/ipcore/fifo_generator_0/rtl/ipml_sdpram_v1_6_fifo_generator_0.v(line number: 622)] Repeat multiplier in concatenation evaluates to 0
W: Verilog-2038: [C:/Users/ch/Desktop/2021.4-SP1.2/ip_fifo/prj/ipcore/fifo_generator_0/rtl/ipml_sdpram_v1_6_fifo_generator_0.v(line number: 682)] Case condition never applies
W: Verilog-2038: [C:/Users/ch/Desktop/2021.4-SP1.2/ip_fifo/prj/ipcore/fifo_generator_0/rtl/ipml_sdpram_v1_6_fifo_generator_0.v(line number: 683)] Case condition never applies
W: Verilog-2038: [C:/Users/ch/Desktop/2021.4-SP1.2/ip_fifo/prj/ipcore/fifo_generator_0/rtl/ipml_sdpram_v1_6_fifo_generator_0.v(line number: 684)] Case condition never applies
W: Verilog-2038: [C:/Users/ch/Desktop/2021.4-SP1.2/ip_fifo/prj/ipcore/fifo_generator_0/rtl/ipml_sdpram_v1_6_fifo_generator_0.v(line number: 685)] Case condition never applies
W: Verilog-2038: [C:/Users/ch/Desktop/2021.4-SP1.2/ip_fifo/prj/ipcore/fifo_generator_0/rtl/ipml_sdpram_v1_6_fifo_generator_0.v(line number: 685)] Case condition never applies
W: Verilog-2038: [C:/Users/ch/Desktop/2021.4-SP1.2/ip_fifo/prj/ipcore/fifo_generator_0/rtl/ipml_sdpram_v1_6_fifo_generator_0.v(line number: 686)] Case condition never applies
W: Verilog-2038: [C:/Users/ch/Desktop/2021.4-SP1.2/ip_fifo/prj/ipcore/fifo_generator_0/rtl/ipml_sdpram_v1_6_fifo_generator_0.v(line number: 686)] Case condition never applies
I: Verilog-0004: [C:/Users/ch/Desktop/2021.4-SP1.2/ip_fifo/prj/ipcore/fifo_generator_0/rtl/ipml_sdpram_v1_6_fifo_generator_0.v(line number: 852)] Elaborating instance U_GTP_DRM9K
W: Verilog-2020: [C:/Users/ch/Desktop/2021.4-SP1.2/ip_fifo/prj/ipcore/fifo_generator_0/rtl/ipml_sdpram_v1_6_fifo_generator_0.v(line number: 773)] Net DA_bus[8] in ipml_sdpram_v1_6_fifo_generator_0(original module ipml_sdpram_v1_6_fifo_generator_0) does not have a driver, tie it to 0
W: Verilog-2020: [C:/Users/ch/Desktop/2021.4-SP1.2/ip_fifo/prj/ipcore/fifo_generator_0/rtl/ipml_sdpram_v1_6_fifo_generator_0.v(line number: 773)] Net DA_bus[17] in ipml_sdpram_v1_6_fifo_generator_0(original module ipml_sdpram_v1_6_fifo_generator_0) does not have a driver, tie it to 0
W: Verilog-2020: [C:/Users/ch/Desktop/2021.4-SP1.2/ip_fifo/prj/ipcore/fifo_generator_0/rtl/ipml_sdpram_v1_6_fifo_generator_0.v(line number: 774)] Net DB_bus[8] in ipml_sdpram_v1_6_fifo_generator_0(original module ipml_sdpram_v1_6_fifo_generator_0) does not have a driver, tie it to 0
W: Verilog-2020: [C:/Users/ch/Desktop/2021.4-SP1.2/ip_fifo/prj/ipcore/fifo_generator_0/rtl/ipml_sdpram_v1_6_fifo_generator_0.v(line number: 774)] Net DB_bus[17] in ipml_sdpram_v1_6_fifo_generator_0(original module ipml_sdpram_v1_6_fifo_generator_0) does not have a driver, tie it to 0
I: Verilog-0004: [C:/Users/ch/Desktop/2021.4-SP1.2/ip_fifo/prj/ipcore/fifo_generator_0/rtl/ipml_fifo_v1_6_fifo_generator_0.v(line number: 121)] Elaborating instance U_ipml_fifo_ctrl
I: Verilog-0003: [C:/Users/ch/Desktop/2021.4-SP1.2/ip_fifo/prj/ipcore/fifo_generator_0/rtl/ipml_fifo_ctrl_v1_3.v(line number: 21)] Elaborating module ipml_fifo_ctrl_v1_3
I: Module instance {ip_fifo.u_fifo_generator_0.U_ipml_fifo_fifo_generator_0.U_ipml_fifo_ctrl} parameter value:
    c_WR_DEPTH_WIDTH = 32'b00000000000000000000000000001000
    c_RD_DEPTH_WIDTH = 32'b00000000000000000000000000001000
    c_FIFO_TYPE = ASYN
    c_ALMOST_FULL_NUM = 32'b00000000000000000000000011111100
    c_ALMOST_EMPTY_NUM = 32'b00000000000000000000000000000100
W: Verilog-2039: [C:/Users/ch/Desktop/2021.4-SP1.2/ip_fifo/prj/ipcore/fifo_generator_0/rtl/ipml_fifo_ctrl_v1_3.v(line number: 196)] Repeat multiplier in concatenation evaluates to 0
W: Verilog-2019: [C:/Users/ch/Desktop/2021.4-SP1.2/ip_fifo/rtl/ip_fifo.v(line number: 88)] Width mismatch between port wr_water_level and signal bound to it for instantiated module fifo_generator_0
W: Verilog-2019: [C:/Users/ch/Desktop/2021.4-SP1.2/ip_fifo/rtl/ip_fifo.v(line number: 95)] Width mismatch between port rd_water_level and signal bound to it for instantiated module fifo_generator_0
I: Verilog-0004: [C:/Users/ch/Desktop/2021.4-SP1.2/ip_fifo/rtl/ip_fifo.v(line number: 100)] Elaborating instance u_fifo_wr
I: Verilog-0003: [C:/Users/ch/Desktop/2021.4-SP1.2/ip_fifo/rtl/fifo_wr.v(line number: 23)] Elaborating module fifo_wr
I: Verilog-0004: [C:/Users/ch/Desktop/2021.4-SP1.2/ip_fifo/rtl/ip_fifo.v(line number: 111)] Elaborating instance u_fifo_rd
I: Verilog-0003: [C:/Users/ch/Desktop/2021.4-SP1.2/ip_fifo/rtl/fifo_rd.v(line number: 23)] Elaborating module fifo_rd
Executing : rtl-elaborate successfully. Time elapsed: 0.013s wall, 0.016s user + 0.000s system = 0.016s CPU (119.2%)

Start rtl-prep.
Executing : rtl-prep successfully. Time elapsed: 0.006s wall, 0.016s user + 0.000s system = 0.016s CPU (259.3%)

Start rtl-infer.
Executing : rtl-infer successfully. Time elapsed: 0.064s wall, 0.031s user + 0.031s system = 0.062s CPU (97.8%)

Start rtl-control-opt.
Executing : rtl-control-opt successfully. Time elapsed: 0.001s wall, 0.000s user + 0.000s system = 0.000s CPU (n/a%)

Start rtl-data-opt.
Executing : rtl-data-opt successfully. Time elapsed: 0.007s wall, 0.000s user + 0.000s system = 0.000s CPU (n/a%)

Start FSM inference.
I: FSM state_fsm[1:0] inferred.
FSM state_fsm[1:0] STG:
Number of reachable states: 3
Input nets: N48 almost_empty almost_full 
S0(00)-->S0(00): x0x
S0(00)-->S1(01): x1x
S1(01)-->S2(10): 1xx
S2(10)-->S0(00): xx1

I: FSM state_fsm[1:0] inferred.
FSM state_fsm[1:0] STG:
Number of reachable states: 3
Input nets: N40 almost_empty almost_full_syn 
S0(00)-->S0(00): xx0
S0(00)-->S1(01): xx1
S1(01)-->S2(10): 1xx
S2(10)-->S0(00): x1x

Executing : FSM inference successfully. Time elapsed: 0.015s wall, 0.016s user + 0.000s system = 0.016s CPU (104.3%)

Start sdm2adm.
I: Constant propagation done on N74_8 (bmsREDXOR).
I: Constant propagation done on N29 (bmsREDXOR).
I: Constant propagation done on N7_8 (bmsREDXOR).
I: Constant propagation done on N96 (bmsREDXOR).
I: Constant propagation done on N39 (bmsREDXOR).
I: Constant propagation done on N106 (bmsREDXOR).
I: Constant propagation done on N49 (bmsREDXOR).
I: Constant propagation done on N116 (bmsREDXOR).
I: Constant propagation done on N59 (bmsREDXOR).
I: Constant propagation done on N126 (bmsREDXOR).
I: Adm-6003: Trying to disconnect un-connected pin 'Z[0]' of instance 'N57_1'.
Executing : sdm2adm successfully. Time elapsed: 0.012s wall, 0.016s user + 0.000s system = 0.016s CPU (133.1%)

Saving design to DB.
Action compile: Real time elapsed is 3.000 sec
Action compile: CPU time elapsed is 0.922 sec
Action compile: Process CPU time elapsed is 0.922 sec
Current time: Tue Oct 25 09:58:11 2022
Action compile: Peak memory pool usage is 102,969,344 bytes
Process "Compile" done.


Process "Synthesize" started.
Current time: Tue Oct 25 09:58:11 2022
Compiling architecture definition.
Analyzing project file 'C:/Users/ch/Desktop/2021.4-SP1.2/ip_fifo/prj/ip_fifo.pds'.
License checkout: fabric_ads
Compiling verification operator library.
Compiling common defs.
Loading technology operator library.
Compiling technology operator library.
Compiling technology operator (valence) library.
Reading design from compile DB
Reading design from compile DB successfully.
NOTE: The technology fpga was specified.
NOTE: delay_model specified was generic_cmos.
NOTE: Using the fpga syntax tables...
Totals:
 Calls to malloc = 0
 Calls to calloc = 350860

Constraint check start.
Compiling prim grid devices.
Building architecture model.
Loading device packaging model.
Building architecture floorplan logic view.
Executing : get_ports sys_clk
Executing : get_ports sys_clk successfully.
Executing : create_clock -name clk [get_ports sys_clk] -period 20 -waveform {0.000 10.000}
Executing : create_clock -name clk [get_ports sys_clk] -period 20 -waveform {0.000 10.000} successfully.
Constraint check end.
Start pre-mapping.
I: Encoding type of FSM 'state_fsm[1:0]' is: onehot.
I: Encoding table of FSM 'state_fsm[1:0]':
I: from  u_fifo_rd/state[1] u_fifo_rd/state[0]
I: to  u_fifo_rd/state_2 u_fifo_rd/state_1 u_fifo_rd/state_0
I: 00 => 001
I: 01 => 010
I: 10 => 100
I: Encoding type of FSM 'state_fsm[1:0]' is: onehot.
I: Encoding table of FSM 'state_fsm[1:0]':
I: from  u_fifo_wr/state[1] u_fifo_wr/state[0]
I: to  u_fifo_wr/state_2 u_fifo_wr/state_1 u_fifo_wr/state_0
I: 00 => 001
I: 01 => 010
I: 10 => 100
I: Constant propagation done on u_fifo_generator_0/U_ipml_fifo_fifo_generator_0/U_ipml_fifo_ctrl/N3_1 (bmsWIDEMUX).
I: Constant propagation done on u_fifo_generator_0/U_ipml_fifo_fifo_generator_0/U_ipml_fifo_ctrl/N70_1 (bmsWIDEMUX).
I: Adm-6003: Trying to disconnect un-connected pin 'Z[0]' of instance 'N3_1'.
I: Constant propagation done on u_fifo_generator_0/U_ipml_fifo_fifo_generator_0/U_ipml_fifo_ctrl/N3_1 (bmsWIDEMUX).
I: Adm-6003: Trying to disconnect un-connected pin 'Z[0]' of instance 'N70_1'.
I: Constant propagation done on u_fifo_generator_0/U_ipml_fifo_fifo_generator_0/U_ipml_fifo_ctrl/N70_1 (bmsWIDEMUX).
Executing : pre-mapping successfully. Time elapsed: 0.018s wall, 0.031s user + 0.000s system = 0.031s CPU (171.8%)

Start mod-gen.
I: Constant propagation done on out_xor (bmsREDXOR).
I: Constant propagation done on out_xor_1 (bmsREDXOR).
I: Constant propagation done on out_xor_2 (bmsREDXOR).
I: Constant propagation done on out_xor_3 (bmsREDXOR).
I: Constant propagation done on out_xor (bmsREDXOR).
I: Constant propagation done on out_xor_1 (bmsREDXOR).
I: Adm-6003: Trying to disconnect un-connected pin 'Z[0]' of instance 'u_fifo_generator_0/U_ipml_fifo_fifo_generator_0/U_ipml_fifo_ctrl/N144_mux2'.
I: Adm-6003: Trying to disconnect un-connected pin 'Z[0]' of instance 'u_fifo_generator_0/U_ipml_fifo_fifo_generator_0/U_ipml_fifo_ctrl/N144_mux4'.
I: Adm-6003: Trying to disconnect un-connected pin 'Z[0]' of instance 'u_fifo_generator_0/U_ipml_fifo_fifo_generator_0/U_ipml_fifo_ctrl/N144_mux6'.
I: Adm-6003: Trying to disconnect un-connected pin 'Z[0]' of instance 'u_fifo_generator_0/U_ipml_fifo_fifo_generator_0/U_ipml_fifo_ctrl/N196_mux2'.
I: Adm-6003: Trying to disconnect un-connected pin 'Z[0]' of instance 'u_fifo_generator_0/U_ipml_fifo_fifo_generator_0/U_ipml_fifo_ctrl/N196_mux4'.
I: Adm-6003: Trying to disconnect un-connected pin 'Z[0]' of instance 'u_fifo_generator_0/U_ipml_fifo_fifo_generator_0/U_ipml_fifo_ctrl/N196_mux6'.
I: Adm-6003: Trying to disconnect un-connected pin 'Z[0]' of instance 'u_fifo_generator_0/U_ipml_fifo_fifo_generator_0/U_ipml_fifo_ctrl/N196_mux8'.
I: Adm-6003: Trying to disconnect un-connected pin 'Z[0]' of instance 'u_fifo_generator_0/U_ipml_fifo_fifo_generator_0/U_ipml_fifo_ctrl/N144_mux1'.
I: Adm-6003: Trying to disconnect un-connected pin 'Z[0]' of instance 'u_fifo_generator_0/U_ipml_fifo_fifo_generator_0/U_ipml_fifo_ctrl/N144_mux3'.
I: Adm-6003: Trying to disconnect un-connected pin 'Z[0]' of instance 'u_fifo_generator_0/U_ipml_fifo_fifo_generator_0/U_ipml_fifo_ctrl/N144_mux5'.
I: Adm-6003: Trying to disconnect un-connected pin 'Z[0]' of instance 'u_fifo_generator_0/U_ipml_fifo_fifo_generator_0/U_ipml_fifo_ctrl/N196_mux1'.
I: Adm-6003: Trying to disconnect un-connected pin 'Z[0]' of instance 'u_fifo_generator_0/U_ipml_fifo_fifo_generator_0/U_ipml_fifo_ctrl/N196_mux3'.
I: Adm-6003: Trying to disconnect un-connected pin 'Z[0]' of instance 'u_fifo_generator_0/U_ipml_fifo_fifo_generator_0/U_ipml_fifo_ctrl/N196_mux5'.
I: Adm-6003: Trying to disconnect un-connected pin 'Z[0]' of instance 'u_fifo_generator_0/U_ipml_fifo_fifo_generator_0/U_ipml_fifo_ctrl/N196_mux7'.
Executing : mod-gen successfully. Time elapsed: 0.024s wall, 0.016s user + 0.000s system = 0.016s CPU (65.8%)

Start logic-optimization.
I: Adm-6003: Trying to disconnect un-connected pin 'Z[0]' of instance 'u_fifo_generator_0/U_ipml_fifo_fifo_generator_0/U_ipml_fifo_ctrl/N290_4'.
I: Adm-6003: Trying to disconnect un-connected pin 'Z[0]' of instance 'u_fifo_generator_0/U_ipml_fifo_fifo_generator_0/U_ipml_fifo_ctrl/N262_4'.
I: Adm-6003: Trying to disconnect un-connected pin 'Z[0]' of instance 'u_fifo_rd/N16[0]'.
I: Adm-6003: Trying to disconnect un-connected pin 'Z[0]' of instance 'u_fifo_rd/N16[1]'.
I: Adm-6003: Trying to disconnect un-connected pin 'Z[0]' of instance 'u_fifo_rd/N16[2]'.
I: Adm-6003: Trying to disconnect un-connected pin 'Z[0]' of instance 'u_fifo_wr/N17[0]'.
I: Adm-6003: Trying to disconnect un-connected pin 'Z[0]' of instance 'u_fifo_wr/N17[1]'.
I: Adm-6003: Trying to disconnect un-connected pin 'Z[0]' of instance 'u_fifo_wr/N17[2]'.
I: Adm-6003: Trying to disconnect un-connected pin 'Z[0]' of instance 'u_fifo_wr/N26[0]'.
I: Adm-6003: Trying to disconnect un-connected pin 'Z[0]' of instance 'u_fifo_wr/N26[1]'.
I: Adm-6003: Trying to disconnect un-connected pin 'Z[0]' of instance 'u_fifo_wr/N26[2]'.
I: Adm-6003: Trying to disconnect un-connected pin 'Z[0]' of instance 'u_fifo_wr/N26[3]'.
I: Adm-6003: Trying to disconnect un-connected pin 'Z[0]' of instance 'u_fifo_wr/N26[4]'.
I: Adm-6003: Trying to disconnect un-connected pin 'Z[0]' of instance 'u_fifo_wr/N26[5]'.
I: Adm-6003: Trying to disconnect un-connected pin 'Z[0]' of instance 'u_fifo_wr/N26[6]'.
I: Adm-6003: Trying to disconnect un-connected pin 'Z[0]' of instance 'u_fifo_wr/N26[7]'.
Executing : logic-optimization successfully. Time elapsed: 0.044s wall, 0.047s user + 0.000s system = 0.047s CPU (107.0%)

Start tech-mapping phase 1.
I: Removed GTP_DFF_C inst u_fifo_generator_0/U_ipml_fifo_fifo_generator_0/U_ipml_fifo_ctrl/ASYN_CTRL.rptr[8] that is redundant to u_fifo_generator_0/U_ipml_fifo_fifo_generator_0/U_ipml_fifo_ctrl/ASYN_CTRL.rbin[8]
I: Removed GTP_DFF_C inst u_fifo_generator_0/U_ipml_fifo_fifo_generator_0/U_ipml_fifo_ctrl/ASYN_CTRL.wptr[8] that is redundant to u_fifo_generator_0/U_ipml_fifo_fifo_generator_0/U_ipml_fifo_ctrl/ASYN_CTRL.wbin[8]
Executing : tech-mapping phase 1 successfully. Time elapsed: 0.010s wall, 0.000s user + 0.000s system = 0.000s CPU (n/a%)

Start tech-mapping phase 2.
Executing : tech-mapping phase 2 successfully. Time elapsed: 0.121s wall, 0.125s user + 0.000s system = 0.125s CPU (103.4%)

Start tech-optimization.
Executing : tech-optimization successfully. Time elapsed: 0.034s wall, 0.031s user + 0.000s system = 0.031s CPU (91.0%)

Start phys-optimization.
Executing : phys-optimization successfully. Time elapsed: 0.000s wall, 0.000s user + 0.000s system = 0.000s CPU (n/a%)

Start restore-hierarchy.
Executing : restore-hierarchy successfully. Time elapsed: 0.011s wall, 0.016s user + 0.000s system = 0.016s CPU (141.1%)

W: Unable to honor max fanout constraint for gtp_inv driven net N0
W: Unable to honor max fanout constraint for gtp_inv driven net N0

Cell Usage:
GTP_DFF_C                    89 uses
GTP_DFF_P                     1 use
GTP_DFF_R                    10 uses
GTP_DFF_RE                   20 uses
GTP_DFF_SE                    2 uses
GTP_DRM9K                     1 use
GTP_GRS                       1 use
GTP_INV                       1 use
GTP_LUT2                     25 uses
GTP_LUT3                     10 uses
GTP_LUT4                     16 uses
GTP_LUT5                      7 uses
GTP_LUT5CARRY                54 uses

I/O ports: 2
GTP_INBUF                   2 uses

Mapping Summary:
Total LUTs: 112 of 17536 (0.64%)
	LUTs as dram: 0 of 4440 (0.00%)
	LUTs as logic: 112
Total Registers: 122 of 26304 (0.46%)
Total Latches: 0

DRM18K:
Total DRM18K = 0.5 of 48 (1.04%)

APMs:
Total APMs = 0.00 of 30 (0.00%)

Total I/O ports = 2 of 240 (0.83%)

Design 'ip_fifo' has been successfully synthesized to architecture-specific objects.
Saving design to DB.
Saving design to ip_fifo_syn.vm
W: Public-4008: Instance 'almost_empty_d0' of 'GTP_DFF_R' unit is dangling and will be cleaned.
W: Public-4008: Instance 'almost_empty_d1' of 'GTP_DFF_R' unit is dangling and will be cleaned.
W: Public-4008: Instance 'almost_empty_syn' of 'GTP_DFF_R' unit is dangling and will be cleaned.
W: Public-4008: Instance 'almost_full_d0' of 'GTP_DFF_R' unit is dangling and will be cleaned.
W: Public-4008: Instance 'almost_full_d1' of 'GTP_DFF_R' unit is dangling and will be cleaned.
W: Public-4008: Instance 'almost_full_syn' of 'GTP_DFF_R' unit is dangling and will be cleaned.
W: Public-4008: Instance 'u_fifo_generator_0/U_ipml_fifo_fifo_generator_0/U_ipml_fifo_ctrl/ASYN_CTRL.asyn_rempty' of 'GTP_DFF_P' unit is dangling and will be cleaned.
W: Public-4008: Instance 'u_fifo_rd/almost_full_d0' of 'GTP_DFF_R' unit is dangling and will be cleaned.
W: Public-4008: Instance 'u_fifo_rd/almost_full_syn' of 'GTP_DFF_R' unit is dangling and will be cleaned.
W: Public-4008: Instance 'u_fifo_rd/dly_cnt[0]' of 'GTP_DFF_RE' unit is dangling and will be cleaned.
W: Public-4008: Instance 'u_fifo_rd/dly_cnt[1]' of 'GTP_DFF_RE' unit is dangling and will be cleaned.
W: Public-4008: Instance 'u_fifo_rd/dly_cnt[2]' of 'GTP_DFF_RE' unit is dangling and will be cleaned.
W: Public-4008: Instance 'u_fifo_rd/dly_cnt[3]' of 'GTP_DFF_RE' unit is dangling and will be cleaned.
W: Public-4008: Instance 'u_fifo_rd/fifo_rd_en' of 'GTP_DFF_R' unit is dangling and will be cleaned.
W: Public-4008: Instance 'u_fifo_rd/state_0' of 'GTP_DFF_SE' unit is dangling and will be cleaned.
W: Public-4008: Instance 'u_fifo_rd/state_1' of 'GTP_DFF_RE' unit is dangling and will be cleaned.
W: Public-4008: Instance 'u_fifo_rd/state_2' of 'GTP_DFF_RE' unit is dangling and will be cleaned.
W: Public-4008: Instance 'u_fifo_wr/dly_cnt[0]' of 'GTP_DFF_RE' unit is dangling and will be cleaned.
W: Public-4008: Instance 'u_fifo_wr/dly_cnt[1]' of 'GTP_DFF_RE' unit is dangling and will be cleaned.
W: Public-4008: Instance 'u_fifo_wr/dly_cnt[2]' of 'GTP_DFF_RE' unit is dangling and will be cleaned.
W: Public-4008: Instance 'u_fifo_wr/dly_cnt[3]' of 'GTP_DFF_RE' unit is dangling and will be cleaned.
W: Public-4008: Instance 'u_fifo_wr/fifo_wr_data[0]' of 'GTP_DFF_RE' unit is dangling and will be cleaned.
W: Public-4008: Instance 'u_fifo_wr/fifo_wr_data[1]' of 'GTP_DFF_RE' unit is dangling and will be cleaned.
W: Public-4008: Instance 'u_fifo_wr/fifo_wr_data[2]' of 'GTP_DFF_RE' unit is dangling and will be cleaned.
W: Public-4008: Instance 'u_fifo_wr/fifo_wr_data[3]' of 'GTP_DFF_RE' unit is dangling and will be cleaned.
W: Public-4008: Instance 'u_fifo_wr/fifo_wr_data[4]' of 'GTP_DFF_RE' unit is dangling and will be cleaned.
W: Public-4008: Instance 'u_fifo_wr/fifo_wr_data[5]' of 'GTP_DFF_RE' unit is dangling and will be cleaned.
W: Public-4008: Instance 'u_fifo_wr/fifo_wr_data[6]' of 'GTP_DFF_RE' unit is dangling and will be cleaned.
W: Public-4008: Instance 'u_fifo_wr/fifo_wr_data[7]' of 'GTP_DFF_RE' unit is dangling and will be cleaned.
W: Public-4008: Instance 'u_fifo_wr/fifo_wr_en' of 'GTP_DFF_R' unit is dangling and will be cleaned.
W: Public-4008: Instance 'u_fifo_wr/state_0' of 'GTP_DFF_SE' unit is dangling and will be cleaned.
W: Public-4008: Instance 'u_fifo_wr/state_1' of 'GTP_DFF_RE' unit is dangling and will be cleaned.
W: Public-4008: Instance 'u_fifo_wr/state_2' of 'GTP_DFF_RE' unit is dangling and will be cleaned.
W: Public-4008: Instance 'u_fifo_generator_0/U_ipml_fifo_fifo_generator_0/U_ipml_fifo_ctrl/ASYN_CTRL.asyn_wfull' of 'GTP_DFF_C' unit is dangling and will be cleaned.
W: Public-4008: Instance 'u_fifo_generator_0/U_ipml_fifo_fifo_generator_0/U_ipml_fifo_ctrl/ASYN_CTRL.rbin[0]' of 'GTP_DFF_C' unit is dangling and will be cleaned.
W: Public-4008: Instance 'u_fifo_generator_0/U_ipml_fifo_fifo_generator_0/U_ipml_fifo_ctrl/ASYN_CTRL.rbin[1]' of 'GTP_DFF_C' unit is dangling and will be cleaned.
W: Public-4008: Instance 'u_fifo_generator_0/U_ipml_fifo_fifo_generator_0/U_ipml_fifo_ctrl/ASYN_CTRL.rbin[2]' of 'GTP_DFF_C' unit is dangling and will be cleaned.
W: Public-4008: Instance 'u_fifo_generator_0/U_ipml_fifo_fifo_generator_0/U_ipml_fifo_ctrl/ASYN_CTRL.rbin[3]' of 'GTP_DFF_C' unit is dangling and will be cleaned.
W: Public-4008: Instance 'u_fifo_generator_0/U_ipml_fifo_fifo_generator_0/U_ipml_fifo_ctrl/ASYN_CTRL.rbin[4]' of 'GTP_DFF_C' unit is dangling and will be cleaned.
W: Public-4008: Instance 'u_fifo_generator_0/U_ipml_fifo_fifo_generator_0/U_ipml_fifo_ctrl/ASYN_CTRL.rbin[5]' of 'GTP_DFF_C' unit is dangling and will be cleaned.
W: Public-4008: Instance 'u_fifo_generator_0/U_ipml_fifo_fifo_generator_0/U_ipml_fifo_ctrl/ASYN_CTRL.rbin[6]' of 'GTP_DFF_C' unit is dangling and will be cleaned.
W: Public-4008: Instance 'u_fifo_generator_0/U_ipml_fifo_fifo_generator_0/U_ipml_fifo_ctrl/ASYN_CTRL.rbin[7]' of 'GTP_DFF_C' unit is dangling and will be cleaned.
W: Public-4008: Instance 'u_fifo_generator_0/U_ipml_fifo_fifo_generator_0/U_ipml_fifo_ctrl/ASYN_CTRL.rbin[8]' of 'GTP_DFF_C' unit is dangling and will be cleaned.
W: Public-4008: Instance 'u_fifo_generator_0/U_ipml_fifo_fifo_generator_0/U_ipml_fifo_ctrl/ASYN_CTRL.rptr[0]' of 'GTP_DFF_C' unit is dangling and will be cleaned.
W: Public-4008: Instance 'u_fifo_generator_0/U_ipml_fifo_fifo_generator_0/U_ipml_fifo_ctrl/ASYN_CTRL.rptr[1]' of 'GTP_DFF_C' unit is dangling and will be cleaned.
W: Public-4008: Instance 'u_fifo_generator_0/U_ipml_fifo_fifo_generator_0/U_ipml_fifo_ctrl/ASYN_CTRL.rptr[2]' of 'GTP_DFF_C' unit is dangling and will be cleaned.
W: Public-4008: Instance 'u_fifo_generator_0/U_ipml_fifo_fifo_generator_0/U_ipml_fifo_ctrl/ASYN_CTRL.rptr[3]' of 'GTP_DFF_C' unit is dangling and will be cleaned.
W: Public-4008: Instance 'u_fifo_generator_0/U_ipml_fifo_fifo_generator_0/U_ipml_fifo_ctrl/ASYN_CTRL.rptr[4]' of 'GTP_DFF_C' unit is dangling and will be cleaned.
W: Public-4008: Instance 'u_fifo_generator_0/U_ipml_fifo_fifo_generator_0/U_ipml_fifo_ctrl/ASYN_CTRL.rptr[5]' of 'GTP_DFF_C' unit is dangling and will be cleaned.
W: Public-4008: Instance 'u_fifo_generator_0/U_ipml_fifo_fifo_generator_0/U_ipml_fifo_ctrl/ASYN_CTRL.rptr[6]' of 'GTP_DFF_C' unit is dangling and will be cleaned.
W: Public-4008: Instance 'u_fifo_generator_0/U_ipml_fifo_fifo_generator_0/U_ipml_fifo_ctrl/ASYN_CTRL.rptr[7]' of 'GTP_DFF_C' unit is dangling and will be cleaned.
W: Public-4008: Instance 'u_fifo_generator_0/U_ipml_fifo_fifo_generator_0/U_ipml_fifo_ctrl/ASYN_CTRL.rwptr1[0]' of 'GTP_DFF_C' unit is dangling and will be cleaned.
W: Public-4008: Instance 'u_fifo_generator_0/U_ipml_fifo_fifo_generator_0/U_ipml_fifo_ctrl/ASYN_CTRL.rwptr1[1]' of 'GTP_DFF_C' unit is dangling and will be cleaned.
W: Public-4008: Instance 'u_fifo_generator_0/U_ipml_fifo_fifo_generator_0/U_ipml_fifo_ctrl/ASYN_CTRL.rwptr1[2]' of 'GTP_DFF_C' unit is dangling and will be cleaned.
W: Public-4008: Instance 'u_fifo_generator_0/U_ipml_fifo_fifo_generator_0/U_ipml_fifo_ctrl/ASYN_CTRL.rwptr1[3]' of 'GTP_DFF_C' unit is dangling and will be cleaned.
W: Public-4008: Instance 'u_fifo_generator_0/U_ipml_fifo_fifo_generator_0/U_ipml_fifo_ctrl/ASYN_CTRL.rwptr1[4]' of 'GTP_DFF_C' unit is dangling and will be cleaned.
W: Public-4008: Instance 'u_fifo_generator_0/U_ipml_fifo_fifo_generator_0/U_ipml_fifo_ctrl/ASYN_CTRL.rwptr1[5]' of 'GTP_DFF_C' unit is dangling and will be cleaned.
W: Public-4008: Instance 'u_fifo_generator_0/U_ipml_fifo_fifo_generator_0/U_ipml_fifo_ctrl/ASYN_CTRL.rwptr1[6]' of 'GTP_DFF_C' unit is dangling and will be cleaned.
W: Public-4008: Instance 'u_fifo_generator_0/U_ipml_fifo_fifo_generator_0/U_ipml_fifo_ctrl/ASYN_CTRL.rwptr1[7]' of 'GTP_DFF_C' unit is dangling and will be cleaned.
W: Public-4008: Instance 'u_fifo_generator_0/U_ipml_fifo_fifo_generator_0/U_ipml_fifo_ctrl/ASYN_CTRL.rwptr1[8]' of 'GTP_DFF_C' unit is dangling and will be cleaned.
W: Public-4008: Instance 'u_fifo_generator_0/U_ipml_fifo_fifo_generator_0/U_ipml_fifo_ctrl/ASYN_CTRL.wbin[0]' of 'GTP_DFF_C' unit is dangling and will be cleaned.
W: Public-4008: Instance 'u_fifo_generator_0/U_ipml_fifo_fifo_generator_0/U_ipml_fifo_ctrl/ASYN_CTRL.wbin[1]' of 'GTP_DFF_C' unit is dangling and will be cleaned.
W: Public-4008: Instance 'u_fifo_generator_0/U_ipml_fifo_fifo_generator_0/U_ipml_fifo_ctrl/ASYN_CTRL.wbin[2]' of 'GTP_DFF_C' unit is dangling and will be cleaned.
W: Public-4008: Instance 'u_fifo_generator_0/U_ipml_fifo_fifo_generator_0/U_ipml_fifo_ctrl/ASYN_CTRL.wbin[3]' of 'GTP_DFF_C' unit is dangling and will be cleaned.
W: Public-4008: Instance 'u_fifo_generator_0/U_ipml_fifo_fifo_generator_0/U_ipml_fifo_ctrl/ASYN_CTRL.wbin[4]' of 'GTP_DFF_C' unit is dangling and will be cleaned.
W: Public-4008: Instance 'u_fifo_generator_0/U_ipml_fifo_fifo_generator_0/U_ipml_fifo_ctrl/ASYN_CTRL.wbin[5]' of 'GTP_DFF_C' unit is dangling and will be cleaned.
W: Public-4008: Instance 'u_fifo_generator_0/U_ipml_fifo_fifo_generator_0/U_ipml_fifo_ctrl/ASYN_CTRL.wbin[6]' of 'GTP_DFF_C' unit is dangling and will be cleaned.
W: Public-4008: Instance 'u_fifo_generator_0/U_ipml_fifo_fifo_generator_0/U_ipml_fifo_ctrl/ASYN_CTRL.wbin[7]' of 'GTP_DFF_C' unit is dangling and will be cleaned.
W: Public-4008: Instance 'u_fifo_generator_0/U_ipml_fifo_fifo_generator_0/U_ipml_fifo_ctrl/ASYN_CTRL.wbin[8]' of 'GTP_DFF_C' unit is dangling and will be cleaned.
W: Public-4008: Instance 'u_fifo_generator_0/U_ipml_fifo_fifo_generator_0/U_ipml_fifo_ctrl/ASYN_CTRL.wptr[0]' of 'GTP_DFF_C' unit is dangling and will be cleaned.
W: Public-4008: Instance 'u_fifo_generator_0/U_ipml_fifo_fifo_generator_0/U_ipml_fifo_ctrl/ASYN_CTRL.wptr[1]' of 'GTP_DFF_C' unit is dangling and will be cleaned.
W: Public-4008: Instance 'u_fifo_generator_0/U_ipml_fifo_fifo_generator_0/U_ipml_fifo_ctrl/ASYN_CTRL.wptr[2]' of 'GTP_DFF_C' unit is dangling and will be cleaned.
W: Public-4008: Instance 'u_fifo_generator_0/U_ipml_fifo_fifo_generator_0/U_ipml_fifo_ctrl/ASYN_CTRL.wptr[3]' of 'GTP_DFF_C' unit is dangling and will be cleaned.
W: Public-4008: Instance 'u_fifo_generator_0/U_ipml_fifo_fifo_generator_0/U_ipml_fifo_ctrl/ASYN_CTRL.wptr[4]' of 'GTP_DFF_C' unit is dangling and will be cleaned.
W: Public-4008: Instance 'u_fifo_generator_0/U_ipml_fifo_fifo_generator_0/U_ipml_fifo_ctrl/ASYN_CTRL.wptr[5]' of 'GTP_DFF_C' unit is dangling and will be cleaned.
W: Public-4008: Instance 'u_fifo_generator_0/U_ipml_fifo_fifo_generator_0/U_ipml_fifo_ctrl/ASYN_CTRL.wptr[6]' of 'GTP_DFF_C' unit is dangling and will be cleaned.
W: Public-4008: Instance 'u_fifo_generator_0/U_ipml_fifo_fifo_generator_0/U_ipml_fifo_ctrl/ASYN_CTRL.wptr[7]' of 'GTP_DFF_C' unit is dangling and will be cleaned.
W: Public-4008: Instance 'u_fifo_generator_0/U_ipml_fifo_fifo_generator_0/U_ipml_fifo_ctrl/ASYN_CTRL.wrptr1[0]' of 'GTP_DFF_C' unit is dangling and will be cleaned.
W: Public-4008: Instance 'u_fifo_generator_0/U_ipml_fifo_fifo_generator_0/U_ipml_fifo_ctrl/ASYN_CTRL.wrptr1[1]' of 'GTP_DFF_C' unit is dangling and will be cleaned.
W: Public-4008: Instance 'u_fifo_generator_0/U_ipml_fifo_fifo_generator_0/U_ipml_fifo_ctrl/ASYN_CTRL.wrptr1[2]' of 'GTP_DFF_C' unit is dangling and will be cleaned.
W: Public-4008: Instance 'u_fifo_generator_0/U_ipml_fifo_fifo_generator_0/U_ipml_fifo_ctrl/ASYN_CTRL.wrptr1[3]' of 'GTP_DFF_C' unit is dangling and will be cleaned.
W: Public-4008: Instance 'u_fifo_generator_0/U_ipml_fifo_fifo_generator_0/U_ipml_fifo_ctrl/ASYN_CTRL.wrptr1[4]' of 'GTP_DFF_C' unit is dangling and will be cleaned.
W: Public-4008: Instance 'u_fifo_generator_0/U_ipml_fifo_fifo_generator_0/U_ipml_fifo_ctrl/ASYN_CTRL.wrptr1[5]' of 'GTP_DFF_C' unit is dangling and will be cleaned.
W: Public-4008: Instance 'u_fifo_generator_0/U_ipml_fifo_fifo_generator_0/U_ipml_fifo_ctrl/ASYN_CTRL.wrptr1[6]' of 'GTP_DFF_C' unit is dangling and will be cleaned.
W: Public-4008: Instance 'u_fifo_generator_0/U_ipml_fifo_fifo_generator_0/U_ipml_fifo_ctrl/ASYN_CTRL.wrptr1[7]' of 'GTP_DFF_C' unit is dangling and will be cleaned.
W: Public-4008: Instance 'u_fifo_generator_0/U_ipml_fifo_fifo_generator_0/U_ipml_fifo_ctrl/ASYN_CTRL.wrptr1[8]' of 'GTP_DFF_C' unit is dangling and will be cleaned.
W: Public-4008: Instance 'u_fifo_generator_0/U_ipml_fifo_fifo_generator_0/U_ipml_fifo_ctrl/rd_water_level[0]' of 'GTP_DFF_C' unit is dangling and will be cleaned.
W: Public-4008: Instance 'u_fifo_generator_0/U_ipml_fifo_fifo_generator_0/U_ipml_fifo_ctrl/rd_water_level[1]' of 'GTP_DFF_C' unit is dangling and will be cleaned.
W: Public-4008: Instance 'u_fifo_generator_0/U_ipml_fifo_fifo_generator_0/U_ipml_fifo_ctrl/rd_water_level[2]' of 'GTP_DFF_C' unit is dangling and will be cleaned.
W: Public-4008: Instance 'u_fifo_generator_0/U_ipml_fifo_fifo_generator_0/U_ipml_fifo_ctrl/rd_water_level[3]' of 'GTP_DFF_C' unit is dangling and will be cleaned.
W: Public-4008: Instance 'u_fifo_generator_0/U_ipml_fifo_fifo_generator_0/U_ipml_fifo_ctrl/rd_water_level[4]' of 'GTP_DFF_C' unit is dangling and will be cleaned.
W: Public-4008: Instance 'u_fifo_generator_0/U_ipml_fifo_fifo_generator_0/U_ipml_fifo_ctrl/rd_water_level[5]' of 'GTP_DFF_C' unit is dangling and will be cleaned.
W: Public-4008: Instance 'u_fifo_generator_0/U_ipml_fifo_fifo_generator_0/U_ipml_fifo_ctrl/rd_water_level[6]' of 'GTP_DFF_C' unit is dangling and will be cleaned.
W: Public-4008: Instance 'u_fifo_generator_0/U_ipml_fifo_fifo_generator_0/U_ipml_fifo_ctrl/rd_water_level[7]' of 'GTP_DFF_C' unit is dangling and will be cleaned.
W: Public-4008: Instance 'u_fifo_generator_0/U_ipml_fifo_fifo_generator_0/U_ipml_fifo_ctrl/rd_water_level[8]' of 'GTP_DFF_C' unit is dangling and will be cleaned.
W: Public-4008: Instance 'u_fifo_generator_0/U_ipml_fifo_fifo_generator_0/U_ipml_fifo_ctrl/rwptr2[0]' of 'GTP_DFF_C' unit is dangling and will be cleaned.
W: Public-4008: Instance 'u_fifo_generator_0/U_ipml_fifo_fifo_generator_0/U_ipml_fifo_ctrl/rwptr2[1]' of 'GTP_DFF_C' unit is dangling and will be cleaned.
W: Public-4008: Instance 'u_fifo_generator_0/U_ipml_fifo_fifo_generator_0/U_ipml_fifo_ctrl/rwptr2[2]' of 'GTP_DFF_C' unit is dangling and will be cleaned.
W: Public-4008: Instance 'u_fifo_generator_0/U_ipml_fifo_fifo_generator_0/U_ipml_fifo_ctrl/rwptr2[3]' of 'GTP_DFF_C' unit is dangling and will be cleaned.
W: Public-4008: Instance 'u_fifo_generator_0/U_ipml_fifo_fifo_generator_0/U_ipml_fifo_ctrl/rwptr2[4]' of 'GTP_DFF_C' unit is dangling and will be cleaned.
W: Public-4008: Instance 'u_fifo_generator_0/U_ipml_fifo_fifo_generator_0/U_ipml_fifo_ctrl/rwptr2[5]' of 'GTP_DFF_C' unit is dangling and will be cleaned.
W: Public-4008: Instance 'u_fifo_generator_0/U_ipml_fifo_fifo_generator_0/U_ipml_fifo_ctrl/rwptr2[6]' of 'GTP_DFF_C' unit is dangling and will be cleaned.
W: Public-4008: Instance 'u_fifo_generator_0/U_ipml_fifo_fifo_generator_0/U_ipml_fifo_ctrl/rwptr2[7]' of 'GTP_DFF_C' unit is dangling and will be cleaned.
W: Public-4008: Instance 'u_fifo_generator_0/U_ipml_fifo_fifo_generator_0/U_ipml_fifo_ctrl/rwptr2[8]' of 'GTP_DFF_C' unit is dangling and will be cleaned.
W: Public-4008: Instance 'u_fifo_generator_0/U_ipml_fifo_fifo_generator_0/U_ipml_fifo_ctrl/wr_water_level[0]' of 'GTP_DFF_C' unit is dangling and will be cleaned.
W: Public-4008: Instance 'u_fifo_generator_0/U_ipml_fifo_fifo_generator_0/U_ipml_fifo_ctrl/wr_water_level[1]' of 'GTP_DFF_C' unit is dangling and will be cleaned.
W: Public-4008: Instance 'u_fifo_generator_0/U_ipml_fifo_fifo_generator_0/U_ipml_fifo_ctrl/wr_water_level[2]' of 'GTP_DFF_C' unit is dangling and will be cleaned.
W: Public-4008: Instance 'u_fifo_generator_0/U_ipml_fifo_fifo_generator_0/U_ipml_fifo_ctrl/wr_water_level[3]' of 'GTP_DFF_C' unit is dangling and will be cleaned.
W: Public-4008: Instance 'u_fifo_generator_0/U_ipml_fifo_fifo_generator_0/U_ipml_fifo_ctrl/wr_water_level[4]' of 'GTP_DFF_C' unit is dangling and will be cleaned.
W: Public-4008: Instance 'u_fifo_generator_0/U_ipml_fifo_fifo_generator_0/U_ipml_fifo_ctrl/wr_water_level[5]' of 'GTP_DFF_C' unit is dangling and will be cleaned.
W: Public-4008: Instance 'u_fifo_generator_0/U_ipml_fifo_fifo_generator_0/U_ipml_fifo_ctrl/wr_water_level[6]' of 'GTP_DFF_C' unit is dangling and will be cleaned.
W: Public-4008: Instance 'u_fifo_generator_0/U_ipml_fifo_fifo_generator_0/U_ipml_fifo_ctrl/wr_water_level[7]' of 'GTP_DFF_C' unit is dangling and will be cleaned.
W: Public-4008: Instance 'u_fifo_generator_0/U_ipml_fifo_fifo_generator_0/U_ipml_fifo_ctrl/wr_water_level[8]' of 'GTP_DFF_C' unit is dangling and will be cleaned.
W: Public-4008: Instance 'u_fifo_generator_0/U_ipml_fifo_fifo_generator_0/U_ipml_fifo_ctrl/wrptr2[0]' of 'GTP_DFF_C' unit is dangling and will be cleaned.
W: Public-4008: Instance 'u_fifo_generator_0/U_ipml_fifo_fifo_generator_0/U_ipml_fifo_ctrl/wrptr2[1]' of 'GTP_DFF_C' unit is dangling and will be cleaned.
W: Public-4008: Instance 'u_fifo_generator_0/U_ipml_fifo_fifo_generator_0/U_ipml_fifo_ctrl/wrptr2[2]' of 'GTP_DFF_C' unit is dangling and will be cleaned.
W: Public-4008: Instance 'u_fifo_generator_0/U_ipml_fifo_fifo_generator_0/U_ipml_fifo_ctrl/wrptr2[3]' of 'GTP_DFF_C' unit is dangling and will be cleaned.
W: Public-4008: Instance 'u_fifo_generator_0/U_ipml_fifo_fifo_generator_0/U_ipml_fifo_ctrl/wrptr2[4]' of 'GTP_DFF_C' unit is dangling and will be cleaned.
W: Public-4008: Instance 'u_fifo_generator_0/U_ipml_fifo_fifo_generator_0/U_ipml_fifo_ctrl/wrptr2[5]' of 'GTP_DFF_C' unit is dangling and will be cleaned.
W: Public-4008: Instance 'u_fifo_generator_0/U_ipml_fifo_fifo_generator_0/U_ipml_fifo_ctrl/wrptr2[6]' of 'GTP_DFF_C' unit is dangling and will be cleaned.
W: Public-4008: Instance 'u_fifo_generator_0/U_ipml_fifo_fifo_generator_0/U_ipml_fifo_ctrl/wrptr2[7]' of 'GTP_DFF_C' unit is dangling and will be cleaned.
W: Public-4008: Instance 'u_fifo_generator_0/U_ipml_fifo_fifo_generator_0/U_ipml_fifo_ctrl/wrptr2[8]' of 'GTP_DFF_C' unit is dangling and will be cleaned.
Constructing timing graph ...
Timing graph has been constructed successfully
C: STA-3009: The clock clk is not connected to any clock endpoints,it will be treated as a normal port or pin.
W: Timing-4086: Port 'sys_rst_n' is not constrained, it is treated as combinational input.
Action synthesize: Real time elapsed is 4.000 sec
Action synthesize: CPU time elapsed is 2.266 sec
Action synthesize: Process CPU time elapsed is 2.266 sec
Current time: Tue Oct 25 09:58:14 2022
Action synthesize: Peak memory pool usage is 203,194,368 bytes
Process "Synthesize" done.


Process "Device Map" started.
Current time: Tue Oct 25 09:58:14 2022
Compiling architecture definition.
Analyzing project file 'C:/Users/ch/Desktop/2021.4-SP1.2/ip_fifo/prj/ip_fifo.pds'.
Compiling verification operator library.
Compiling common defs.
Loading technology operator library.
Compiling technology operator library.
Compiling technology operator (valence) library.
Compiling operator packing rules.
Compiling prim grid devices.
Compiling gate devices.
Compiling gate operators.
Compiling tech operator impls.
Building architecture model.
Loading device packaging model.
I: Parameter configuration file C:/Users/ch/Desktop/2021.4-SP1.2/ip_fifo/prj/testparam.txt cannot open.
Reading design from translate DB.
NOTE: The technology fpga was specified.
NOTE: delay_model specified was generic_cmos.
NOTE: Using the fpga syntax tables...
Totals:
 Calls to malloc = 0
 Calls to calloc = 350860

Flattening design 'ip_fifo'
W: Public-4008: Instance 'almost_empty_d0' of 'GTP_DFF_R' unit is dangling and will be cleaned.
W: Public-4008: Instance 'almost_empty_d1' of 'GTP_DFF_R' unit is dangling and will be cleaned.
W: Public-4008: Instance 'almost_empty_syn' of 'GTP_DFF_R' unit is dangling and will be cleaned.
W: Public-4008: Instance 'almost_full_d0' of 'GTP_DFF_R' unit is dangling and will be cleaned.
W: Public-4008: Instance 'almost_full_d1' of 'GTP_DFF_R' unit is dangling and will be cleaned.
W: Public-4008: Instance 'almost_full_syn' of 'GTP_DFF_R' unit is dangling and will be cleaned.
W: Public-4008: Instance 'u_fifo_generator_0/U_ipml_fifo_fifo_generator_0/U_ipml_fifo_ctrl/ASYN_CTRL.asyn_rempty' of 'GTP_DFF_P' unit is dangling and will be cleaned.
W: Public-4008: Instance 'u_fifo_rd/almost_full_d0' of 'GTP_DFF_R' unit is dangling and will be cleaned.
W: Public-4008: Instance 'u_fifo_rd/almost_full_syn' of 'GTP_DFF_R' unit is dangling and will be cleaned.
W: Public-4008: Instance 'u_fifo_rd/dly_cnt[0]' of 'GTP_DFF_RE' unit is dangling and will be cleaned.
W: Public-4008: Instance 'u_fifo_rd/dly_cnt[1]' of 'GTP_DFF_RE' unit is dangling and will be cleaned.
W: Public-4008: Instance 'u_fifo_rd/dly_cnt[2]' of 'GTP_DFF_RE' unit is dangling and will be cleaned.
W: Public-4008: Instance 'u_fifo_rd/dly_cnt[3]' of 'GTP_DFF_RE' unit is dangling and will be cleaned.
W: Public-4008: Instance 'u_fifo_rd/fifo_rd_en' of 'GTP_DFF_R' unit is dangling and will be cleaned.
W: Public-4008: Instance 'u_fifo_rd/state_0' of 'GTP_DFF_SE' unit is dangling and will be cleaned.
W: Public-4008: Instance 'u_fifo_rd/state_1' of 'GTP_DFF_RE' unit is dangling and will be cleaned.
W: Public-4008: Instance 'u_fifo_rd/state_2' of 'GTP_DFF_RE' unit is dangling and will be cleaned.
W: Public-4008: Instance 'u_fifo_wr/dly_cnt[0]' of 'GTP_DFF_RE' unit is dangling and will be cleaned.
W: Public-4008: Instance 'u_fifo_wr/dly_cnt[1]' of 'GTP_DFF_RE' unit is dangling and will be cleaned.
W: Public-4008: Instance 'u_fifo_wr/dly_cnt[2]' of 'GTP_DFF_RE' unit is dangling and will be cleaned.
W: Public-4008: Instance 'u_fifo_wr/dly_cnt[3]' of 'GTP_DFF_RE' unit is dangling and will be cleaned.
W: Public-4008: Instance 'u_fifo_wr/fifo_wr_data[0]' of 'GTP_DFF_RE' unit is dangling and will be cleaned.
W: Public-4008: Instance 'u_fifo_wr/fifo_wr_data[1]' of 'GTP_DFF_RE' unit is dangling and will be cleaned.
W: Public-4008: Instance 'u_fifo_wr/fifo_wr_data[2]' of 'GTP_DFF_RE' unit is dangling and will be cleaned.
W: Public-4008: Instance 'u_fifo_wr/fifo_wr_data[3]' of 'GTP_DFF_RE' unit is dangling and will be cleaned.
W: Public-4008: Instance 'u_fifo_wr/fifo_wr_data[4]' of 'GTP_DFF_RE' unit is dangling and will be cleaned.
W: Public-4008: Instance 'u_fifo_wr/fifo_wr_data[5]' of 'GTP_DFF_RE' unit is dangling and will be cleaned.
W: Public-4008: Instance 'u_fifo_wr/fifo_wr_data[6]' of 'GTP_DFF_RE' unit is dangling and will be cleaned.
W: Public-4008: Instance 'u_fifo_wr/fifo_wr_data[7]' of 'GTP_DFF_RE' unit is dangling and will be cleaned.
W: Public-4008: Instance 'u_fifo_wr/fifo_wr_en' of 'GTP_DFF_R' unit is dangling and will be cleaned.
W: Public-4008: Instance 'u_fifo_wr/state_0' of 'GTP_DFF_SE' unit is dangling and will be cleaned.
W: Public-4008: Instance 'u_fifo_wr/state_1' of 'GTP_DFF_RE' unit is dangling and will be cleaned.
W: Public-4008: Instance 'u_fifo_wr/state_2' of 'GTP_DFF_RE' unit is dangling and will be cleaned.
W: Public-4008: Instance 'u_fifo_generator_0/U_ipml_fifo_fifo_generator_0/U_ipml_fifo_ctrl/ASYN_CTRL.asyn_wfull' of 'GTP_DFF_C' unit is dangling and will be cleaned.
W: Public-4008: Instance 'u_fifo_generator_0/U_ipml_fifo_fifo_generator_0/U_ipml_fifo_ctrl/ASYN_CTRL.rbin[0]' of 'GTP_DFF_C' unit is dangling and will be cleaned.
W: Public-4008: Instance 'u_fifo_generator_0/U_ipml_fifo_fifo_generator_0/U_ipml_fifo_ctrl/ASYN_CTRL.rbin[1]' of 'GTP_DFF_C' unit is dangling and will be cleaned.
W: Public-4008: Instance 'u_fifo_generator_0/U_ipml_fifo_fifo_generator_0/U_ipml_fifo_ctrl/ASYN_CTRL.rbin[2]' of 'GTP_DFF_C' unit is dangling and will be cleaned.
W: Public-4008: Instance 'u_fifo_generator_0/U_ipml_fifo_fifo_generator_0/U_ipml_fifo_ctrl/ASYN_CTRL.rbin[3]' of 'GTP_DFF_C' unit is dangling and will be cleaned.
W: Public-4008: Instance 'u_fifo_generator_0/U_ipml_fifo_fifo_generator_0/U_ipml_fifo_ctrl/ASYN_CTRL.rbin[4]' of 'GTP_DFF_C' unit is dangling and will be cleaned.
W: Public-4008: Instance 'u_fifo_generator_0/U_ipml_fifo_fifo_generator_0/U_ipml_fifo_ctrl/ASYN_CTRL.rbin[5]' of 'GTP_DFF_C' unit is dangling and will be cleaned.
W: Public-4008: Instance 'u_fifo_generator_0/U_ipml_fifo_fifo_generator_0/U_ipml_fifo_ctrl/ASYN_CTRL.rbin[6]' of 'GTP_DFF_C' unit is dangling and will be cleaned.
W: Public-4008: Instance 'u_fifo_generator_0/U_ipml_fifo_fifo_generator_0/U_ipml_fifo_ctrl/ASYN_CTRL.rbin[7]' of 'GTP_DFF_C' unit is dangling and will be cleaned.
W: Public-4008: Instance 'u_fifo_generator_0/U_ipml_fifo_fifo_generator_0/U_ipml_fifo_ctrl/ASYN_CTRL.rbin[8]' of 'GTP_DFF_C' unit is dangling and will be cleaned.
W: Public-4008: Instance 'u_fifo_generator_0/U_ipml_fifo_fifo_generator_0/U_ipml_fifo_ctrl/ASYN_CTRL.rptr[0]' of 'GTP_DFF_C' unit is dangling and will be cleaned.
W: Public-4008: Instance 'u_fifo_generator_0/U_ipml_fifo_fifo_generator_0/U_ipml_fifo_ctrl/ASYN_CTRL.rptr[1]' of 'GTP_DFF_C' unit is dangling and will be cleaned.
W: Public-4008: Instance 'u_fifo_generator_0/U_ipml_fifo_fifo_generator_0/U_ipml_fifo_ctrl/ASYN_CTRL.rptr[2]' of 'GTP_DFF_C' unit is dangling and will be cleaned.
W: Public-4008: Instance 'u_fifo_generator_0/U_ipml_fifo_fifo_generator_0/U_ipml_fifo_ctrl/ASYN_CTRL.rptr[3]' of 'GTP_DFF_C' unit is dangling and will be cleaned.
W: Public-4008: Instance 'u_fifo_generator_0/U_ipml_fifo_fifo_generator_0/U_ipml_fifo_ctrl/ASYN_CTRL.rptr[4]' of 'GTP_DFF_C' unit is dangling and will be cleaned.
W: Public-4008: Instance 'u_fifo_generator_0/U_ipml_fifo_fifo_generator_0/U_ipml_fifo_ctrl/ASYN_CTRL.rptr[5]' of 'GTP_DFF_C' unit is dangling and will be cleaned.
W: Public-4008: Instance 'u_fifo_generator_0/U_ipml_fifo_fifo_generator_0/U_ipml_fifo_ctrl/ASYN_CTRL.rptr[6]' of 'GTP_DFF_C' unit is dangling and will be cleaned.
W: Public-4008: Instance 'u_fifo_generator_0/U_ipml_fifo_fifo_generator_0/U_ipml_fifo_ctrl/ASYN_CTRL.rptr[7]' of 'GTP_DFF_C' unit is dangling and will be cleaned.
W: Public-4008: Instance 'u_fifo_generator_0/U_ipml_fifo_fifo_generator_0/U_ipml_fifo_ctrl/ASYN_CTRL.rwptr1[0]' of 'GTP_DFF_C' unit is dangling and will be cleaned.
W: Public-4008: Instance 'u_fifo_generator_0/U_ipml_fifo_fifo_generator_0/U_ipml_fifo_ctrl/ASYN_CTRL.rwptr1[1]' of 'GTP_DFF_C' unit is dangling and will be cleaned.
W: Public-4008: Instance 'u_fifo_generator_0/U_ipml_fifo_fifo_generator_0/U_ipml_fifo_ctrl/ASYN_CTRL.rwptr1[2]' of 'GTP_DFF_C' unit is dangling and will be cleaned.
W: Public-4008: Instance 'u_fifo_generator_0/U_ipml_fifo_fifo_generator_0/U_ipml_fifo_ctrl/ASYN_CTRL.rwptr1[3]' of 'GTP_DFF_C' unit is dangling and will be cleaned.
W: Public-4008: Instance 'u_fifo_generator_0/U_ipml_fifo_fifo_generator_0/U_ipml_fifo_ctrl/ASYN_CTRL.rwptr1[4]' of 'GTP_DFF_C' unit is dangling and will be cleaned.
W: Public-4008: Instance 'u_fifo_generator_0/U_ipml_fifo_fifo_generator_0/U_ipml_fifo_ctrl/ASYN_CTRL.rwptr1[5]' of 'GTP_DFF_C' unit is dangling and will be cleaned.
W: Public-4008: Instance 'u_fifo_generator_0/U_ipml_fifo_fifo_generator_0/U_ipml_fifo_ctrl/ASYN_CTRL.rwptr1[6]' of 'GTP_DFF_C' unit is dangling and will be cleaned.
W: Public-4008: Instance 'u_fifo_generator_0/U_ipml_fifo_fifo_generator_0/U_ipml_fifo_ctrl/ASYN_CTRL.rwptr1[7]' of 'GTP_DFF_C' unit is dangling and will be cleaned.
W: Public-4008: Instance 'u_fifo_generator_0/U_ipml_fifo_fifo_generator_0/U_ipml_fifo_ctrl/ASYN_CTRL.rwptr1[8]' of 'GTP_DFF_C' unit is dangling and will be cleaned.
W: Public-4008: Instance 'u_fifo_generator_0/U_ipml_fifo_fifo_generator_0/U_ipml_fifo_ctrl/ASYN_CTRL.wbin[0]' of 'GTP_DFF_C' unit is dangling and will be cleaned.
W: Public-4008: Instance 'u_fifo_generator_0/U_ipml_fifo_fifo_generator_0/U_ipml_fifo_ctrl/ASYN_CTRL.wbin[1]' of 'GTP_DFF_C' unit is dangling and will be cleaned.
W: Public-4008: Instance 'u_fifo_generator_0/U_ipml_fifo_fifo_generator_0/U_ipml_fifo_ctrl/ASYN_CTRL.wbin[2]' of 'GTP_DFF_C' unit is dangling and will be cleaned.
W: Public-4008: Instance 'u_fifo_generator_0/U_ipml_fifo_fifo_generator_0/U_ipml_fifo_ctrl/ASYN_CTRL.wbin[3]' of 'GTP_DFF_C' unit is dangling and will be cleaned.
W: Public-4008: Instance 'u_fifo_generator_0/U_ipml_fifo_fifo_generator_0/U_ipml_fifo_ctrl/ASYN_CTRL.wbin[4]' of 'GTP_DFF_C' unit is dangling and will be cleaned.
W: Public-4008: Instance 'u_fifo_generator_0/U_ipml_fifo_fifo_generator_0/U_ipml_fifo_ctrl/ASYN_CTRL.wbin[5]' of 'GTP_DFF_C' unit is dangling and will be cleaned.
W: Public-4008: Instance 'u_fifo_generator_0/U_ipml_fifo_fifo_generator_0/U_ipml_fifo_ctrl/ASYN_CTRL.wbin[6]' of 'GTP_DFF_C' unit is dangling and will be cleaned.
W: Public-4008: Instance 'u_fifo_generator_0/U_ipml_fifo_fifo_generator_0/U_ipml_fifo_ctrl/ASYN_CTRL.wbin[7]' of 'GTP_DFF_C' unit is dangling and will be cleaned.
W: Public-4008: Instance 'u_fifo_generator_0/U_ipml_fifo_fifo_generator_0/U_ipml_fifo_ctrl/ASYN_CTRL.wbin[8]' of 'GTP_DFF_C' unit is dangling and will be cleaned.
W: Public-4008: Instance 'u_fifo_generator_0/U_ipml_fifo_fifo_generator_0/U_ipml_fifo_ctrl/ASYN_CTRL.wptr[0]' of 'GTP_DFF_C' unit is dangling and will be cleaned.
W: Public-4008: Instance 'u_fifo_generator_0/U_ipml_fifo_fifo_generator_0/U_ipml_fifo_ctrl/ASYN_CTRL.wptr[1]' of 'GTP_DFF_C' unit is dangling and will be cleaned.
W: Public-4008: Instance 'u_fifo_generator_0/U_ipml_fifo_fifo_generator_0/U_ipml_fifo_ctrl/ASYN_CTRL.wptr[2]' of 'GTP_DFF_C' unit is dangling and will be cleaned.
W: Public-4008: Instance 'u_fifo_generator_0/U_ipml_fifo_fifo_generator_0/U_ipml_fifo_ctrl/ASYN_CTRL.wptr[3]' of 'GTP_DFF_C' unit is dangling and will be cleaned.
W: Public-4008: Instance 'u_fifo_generator_0/U_ipml_fifo_fifo_generator_0/U_ipml_fifo_ctrl/ASYN_CTRL.wptr[4]' of 'GTP_DFF_C' unit is dangling and will be cleaned.
W: Public-4008: Instance 'u_fifo_generator_0/U_ipml_fifo_fifo_generator_0/U_ipml_fifo_ctrl/ASYN_CTRL.wptr[5]' of 'GTP_DFF_C' unit is dangling and will be cleaned.
W: Public-4008: Instance 'u_fifo_generator_0/U_ipml_fifo_fifo_generator_0/U_ipml_fifo_ctrl/ASYN_CTRL.wptr[6]' of 'GTP_DFF_C' unit is dangling and will be cleaned.
W: Public-4008: Instance 'u_fifo_generator_0/U_ipml_fifo_fifo_generator_0/U_ipml_fifo_ctrl/ASYN_CTRL.wptr[7]' of 'GTP_DFF_C' unit is dangling and will be cleaned.
W: Public-4008: Instance 'u_fifo_generator_0/U_ipml_fifo_fifo_generator_0/U_ipml_fifo_ctrl/ASYN_CTRL.wrptr1[0]' of 'GTP_DFF_C' unit is dangling and will be cleaned.
W: Public-4008: Instance 'u_fifo_generator_0/U_ipml_fifo_fifo_generator_0/U_ipml_fifo_ctrl/ASYN_CTRL.wrptr1[1]' of 'GTP_DFF_C' unit is dangling and will be cleaned.
W: Public-4008: Instance 'u_fifo_generator_0/U_ipml_fifo_fifo_generator_0/U_ipml_fifo_ctrl/ASYN_CTRL.wrptr1[2]' of 'GTP_DFF_C' unit is dangling and will be cleaned.
W: Public-4008: Instance 'u_fifo_generator_0/U_ipml_fifo_fifo_generator_0/U_ipml_fifo_ctrl/ASYN_CTRL.wrptr1[3]' of 'GTP_DFF_C' unit is dangling and will be cleaned.
W: Public-4008: Instance 'u_fifo_generator_0/U_ipml_fifo_fifo_generator_0/U_ipml_fifo_ctrl/ASYN_CTRL.wrptr1[4]' of 'GTP_DFF_C' unit is dangling and will be cleaned.
W: Public-4008: Instance 'u_fifo_generator_0/U_ipml_fifo_fifo_generator_0/U_ipml_fifo_ctrl/ASYN_CTRL.wrptr1[5]' of 'GTP_DFF_C' unit is dangling and will be cleaned.
W: Public-4008: Instance 'u_fifo_generator_0/U_ipml_fifo_fifo_generator_0/U_ipml_fifo_ctrl/ASYN_CTRL.wrptr1[6]' of 'GTP_DFF_C' unit is dangling and will be cleaned.
W: Public-4008: Instance 'u_fifo_generator_0/U_ipml_fifo_fifo_generator_0/U_ipml_fifo_ctrl/ASYN_CTRL.wrptr1[7]' of 'GTP_DFF_C' unit is dangling and will be cleaned.
W: Public-4008: Instance 'u_fifo_generator_0/U_ipml_fifo_fifo_generator_0/U_ipml_fifo_ctrl/ASYN_CTRL.wrptr1[8]' of 'GTP_DFF_C' unit is dangling and will be cleaned.
W: Public-4008: Instance 'u_fifo_generator_0/U_ipml_fifo_fifo_generator_0/U_ipml_fifo_ctrl/rd_water_level[0]' of 'GTP_DFF_C' unit is dangling and will be cleaned.
W: Public-4008: Instance 'u_fifo_generator_0/U_ipml_fifo_fifo_generator_0/U_ipml_fifo_ctrl/rd_water_level[1]' of 'GTP_DFF_C' unit is dangling and will be cleaned.
W: Public-4008: Instance 'u_fifo_generator_0/U_ipml_fifo_fifo_generator_0/U_ipml_fifo_ctrl/rd_water_level[2]' of 'GTP_DFF_C' unit is dangling and will be cleaned.
W: Public-4008: Instance 'u_fifo_generator_0/U_ipml_fifo_fifo_generator_0/U_ipml_fifo_ctrl/rd_water_level[3]' of 'GTP_DFF_C' unit is dangling and will be cleaned.
W: Public-4008: Instance 'u_fifo_generator_0/U_ipml_fifo_fifo_generator_0/U_ipml_fifo_ctrl/rd_water_level[4]' of 'GTP_DFF_C' unit is dangling and will be cleaned.
W: Public-4008: Instance 'u_fifo_generator_0/U_ipml_fifo_fifo_generator_0/U_ipml_fifo_ctrl/rd_water_level[5]' of 'GTP_DFF_C' unit is dangling and will be cleaned.
W: Public-4008: Instance 'u_fifo_generator_0/U_ipml_fifo_fifo_generator_0/U_ipml_fifo_ctrl/rd_water_level[6]' of 'GTP_DFF_C' unit is dangling and will be cleaned.
W: Public-4008: Instance 'u_fifo_generator_0/U_ipml_fifo_fifo_generator_0/U_ipml_fifo_ctrl/rd_water_level[7]' of 'GTP_DFF_C' unit is dangling and will be cleaned.
W: Public-4008: Instance 'u_fifo_generator_0/U_ipml_fifo_fifo_generator_0/U_ipml_fifo_ctrl/rd_water_level[8]' of 'GTP_DFF_C' unit is dangling and will be cleaned.
W: Public-4008: Instance 'u_fifo_generator_0/U_ipml_fifo_fifo_generator_0/U_ipml_fifo_ctrl/rwptr2[0]' of 'GTP_DFF_C' unit is dangling and will be cleaned.
W: Public-4008: Instance 'u_fifo_generator_0/U_ipml_fifo_fifo_generator_0/U_ipml_fifo_ctrl/rwptr2[1]' of 'GTP_DFF_C' unit is dangling and will be cleaned.
W: Public-4008: Instance 'u_fifo_generator_0/U_ipml_fifo_fifo_generator_0/U_ipml_fifo_ctrl/rwptr2[2]' of 'GTP_DFF_C' unit is dangling and will be cleaned.
W: Public-4008: Instance 'u_fifo_generator_0/U_ipml_fifo_fifo_generator_0/U_ipml_fifo_ctrl/rwptr2[3]' of 'GTP_DFF_C' unit is dangling and will be cleaned.
W: Public-4008: Instance 'u_fifo_generator_0/U_ipml_fifo_fifo_generator_0/U_ipml_fifo_ctrl/rwptr2[4]' of 'GTP_DFF_C' unit is dangling and will be cleaned.
W: Public-4008: Instance 'u_fifo_generator_0/U_ipml_fifo_fifo_generator_0/U_ipml_fifo_ctrl/rwptr2[5]' of 'GTP_DFF_C' unit is dangling and will be cleaned.
W: Public-4008: Instance 'u_fifo_generator_0/U_ipml_fifo_fifo_generator_0/U_ipml_fifo_ctrl/rwptr2[6]' of 'GTP_DFF_C' unit is dangling and will be cleaned.
W: Public-4008: Instance 'u_fifo_generator_0/U_ipml_fifo_fifo_generator_0/U_ipml_fifo_ctrl/rwptr2[7]' of 'GTP_DFF_C' unit is dangling and will be cleaned.
W: Public-4008: Instance 'u_fifo_generator_0/U_ipml_fifo_fifo_generator_0/U_ipml_fifo_ctrl/rwptr2[8]' of 'GTP_DFF_C' unit is dangling and will be cleaned.
W: Public-4008: Instance 'u_fifo_generator_0/U_ipml_fifo_fifo_generator_0/U_ipml_fifo_ctrl/wr_water_level[0]' of 'GTP_DFF_C' unit is dangling and will be cleaned.
W: Public-4008: Instance 'u_fifo_generator_0/U_ipml_fifo_fifo_generator_0/U_ipml_fifo_ctrl/wr_water_level[1]' of 'GTP_DFF_C' unit is dangling and will be cleaned.
W: Public-4008: Instance 'u_fifo_generator_0/U_ipml_fifo_fifo_generator_0/U_ipml_fifo_ctrl/wr_water_level[2]' of 'GTP_DFF_C' unit is dangling and will be cleaned.
W: Public-4008: Instance 'u_fifo_generator_0/U_ipml_fifo_fifo_generator_0/U_ipml_fifo_ctrl/wr_water_level[3]' of 'GTP_DFF_C' unit is dangling and will be cleaned.
W: Public-4008: Instance 'u_fifo_generator_0/U_ipml_fifo_fifo_generator_0/U_ipml_fifo_ctrl/wr_water_level[4]' of 'GTP_DFF_C' unit is dangling and will be cleaned.
W: Public-4008: Instance 'u_fifo_generator_0/U_ipml_fifo_fifo_generator_0/U_ipml_fifo_ctrl/wr_water_level[5]' of 'GTP_DFF_C' unit is dangling and will be cleaned.
W: Public-4008: Instance 'u_fifo_generator_0/U_ipml_fifo_fifo_generator_0/U_ipml_fifo_ctrl/wr_water_level[6]' of 'GTP_DFF_C' unit is dangling and will be cleaned.
W: Public-4008: Instance 'u_fifo_generator_0/U_ipml_fifo_fifo_generator_0/U_ipml_fifo_ctrl/wr_water_level[7]' of 'GTP_DFF_C' unit is dangling and will be cleaned.
W: Public-4008: Instance 'u_fifo_generator_0/U_ipml_fifo_fifo_generator_0/U_ipml_fifo_ctrl/wr_water_level[8]' of 'GTP_DFF_C' unit is dangling and will be cleaned.
W: Public-4008: Instance 'u_fifo_generator_0/U_ipml_fifo_fifo_generator_0/U_ipml_fifo_ctrl/wrptr2[0]' of 'GTP_DFF_C' unit is dangling and will be cleaned.
W: Public-4008: Instance 'u_fifo_generator_0/U_ipml_fifo_fifo_generator_0/U_ipml_fifo_ctrl/wrptr2[1]' of 'GTP_DFF_C' unit is dangling and will be cleaned.
W: Public-4008: Instance 'u_fifo_generator_0/U_ipml_fifo_fifo_generator_0/U_ipml_fifo_ctrl/wrptr2[2]' of 'GTP_DFF_C' unit is dangling and will be cleaned.
W: Public-4008: Instance 'u_fifo_generator_0/U_ipml_fifo_fifo_generator_0/U_ipml_fifo_ctrl/wrptr2[3]' of 'GTP_DFF_C' unit is dangling and will be cleaned.
W: Public-4008: Instance 'u_fifo_generator_0/U_ipml_fifo_fifo_generator_0/U_ipml_fifo_ctrl/wrptr2[4]' of 'GTP_DFF_C' unit is dangling and will be cleaned.
W: Public-4008: Instance 'u_fifo_generator_0/U_ipml_fifo_fifo_generator_0/U_ipml_fifo_ctrl/wrptr2[5]' of 'GTP_DFF_C' unit is dangling and will be cleaned.
W: Public-4008: Instance 'u_fifo_generator_0/U_ipml_fifo_fifo_generator_0/U_ipml_fifo_ctrl/wrptr2[6]' of 'GTP_DFF_C' unit is dangling and will be cleaned.
W: Public-4008: Instance 'u_fifo_generator_0/U_ipml_fifo_fifo_generator_0/U_ipml_fifo_ctrl/wrptr2[7]' of 'GTP_DFF_C' unit is dangling and will be cleaned.
W: Public-4008: Instance 'u_fifo_generator_0/U_ipml_fifo_fifo_generator_0/U_ipml_fifo_ctrl/wrptr2[8]' of 'GTP_DFF_C' unit is dangling and will be cleaned.
Device mapping started.
Optimizing circuit logic.
Checking design netlist.
Processing tech operator.
Converting tech operator to gate operator.
Processing gate operator.
Device mapping done.
Total device mapping takes 0.00 sec.

Device Utilization Summary:
+-------------------------------------------------------------------------+
| Logic Utilization     | Used     | Available     | Utilization(%)     
+-------------------------------------------------------------------------+
| APM                   | 0        | 30            | 0                   
| IOCKDLY               | 0        | 24            | 0                   
| FF                    | 0        | 26304         | 0                   
| LUT                   | 0        | 17536         | 0                   
| Distributed RAM       | 0        | 4440          | 0                   
| DLL                   | 0        | 6             | 0                   
| DQSL                  | 0        | 18            | 0                   
| DRM                   | 0        | 48            | 0                   
| FUSECODE              | 0        | 1             | 0                   
| IO                    | 2        | 240           | 1                   
| IOCKDIV               | 0        | 12            | 0                   
| IOCKGATE              | 0        | 12            | 0                   
| IPAL                  | 0        | 1             | 0                   
| PLL                   | 0        | 6             | 0                   
| RCKB                  | 0        | 24            | 0                   
| SCANCHAIN             | 0        | 4             | 0                   
| START                 | 0        | 1             | 0                   
| USCM                  | 0        | 20            | 0                   
| HMEMC                 | 0        | 2             | 0                   
| OSC                   | 0        | 1             | 0                   
| ADC                   | 0        | 1             | 0                   
| CRYSTAL               | 0        | 6             | 0                   
| FLSIF                 | 0        | 1             | 0                   
| RESCAL                | 0        | 6             | 0                   
| UDID                  | 0        | 1             | 0                   
+-------------------------------------------------------------------------+

Design 'ip_fifo' has been successfully mapped to architecture-specific objects.
Saving design to DB.
W: Public-4010: Pcf file C:/Users/ch/Desktop/2021.4-SP1.2/ip_fifo/prj/device_map/ip_fifo.pcf has been covered.
Action dev_map: Real time elapsed is 3.000 sec
Action dev_map: CPU time elapsed is 2.141 sec
Action dev_map: Process CPU time elapsed is 2.141 sec
Current time: Tue Oct 25 09:58:16 2022
Action dev_map: Peak memory pool usage is 198,950,912 bytes
Process "Device Map" done.


Process "Place & Route" started.
Current time: Tue Oct 25 09:58:16 2022
Compiling architecture definition.
Analyzing project file 'C:/Users/ch/Desktop/2021.4-SP1.2/ip_fifo/prj/ip_fifo.pds'.
Compiling verification operator library.
Compiling common defs.
Compiling prim grid devices.
Compiling gate devices.
Compiling gate operators.
Building architecture model.
Loading device packaging model.
I: Parameter configuration file C:/Users/ch/Desktop/2021.4-SP1.2/ip_fifo/prj/testparam.txt cannot open.
Building architecture floorplan logic view.
Executing : apply_constraint -f C:/Users/ch/Desktop/2021.4-SP1.2/ip_fifo/prj/device_map/ip_fifo.pcf
Constraint check start.
Executing : def_port sys_clk -LOC B5 -VCCIO 3.3 -IOSTANDARD LVCMOS33 -BUS_KEEPER NONE
Executing : def_port sys_clk -LOC B5 -VCCIO 3.3 -IOSTANDARD LVCMOS33 -BUS_KEEPER NONE successfully.
Executing : def_port sys_rst_n -LOC G5 -VCCIO 1.5 -IOSTANDARD LVCMOS15 -BUS_KEEPER NONE
Executing : def_port sys_rst_n -LOC G5 -VCCIO 1.5 -IOSTANDARD LVCMOS15 -BUS_KEEPER NONE successfully.
Constraint check end.
Executing : apply_constraint -f C:/Users/ch/Desktop/2021.4-SP1.2/ip_fifo/prj/device_map/ip_fifo.pcf successfully.
NOTE: The technology fpga was specified.
NOTE: delay_model specified was generic_cmos.
NOTE: Using the fpga syntax tables...
Totals:
 Calls to malloc = 0
 Calls to calloc = 1345561

I: Column Clock Check close.

Placement started.
Pre global placement started.
W: Place-4013: Connections not created.
W: Place-4013: Connections not created.
W: Place-4013: Connections not created.
W: Place-4013: Connections not created.
W: Place-4013: Connections not created.
Wirelength after clock region placement is 4.
Pre global placement takes 0.72 sec.

Global placement started.
Run super clustering :
	Initial slack 2147483647.
	1 iterations finished.
	Final slack 2147483647.
Super clustering done.
Design Utilization : 0%.
W: Place-4013: Connections not created.
W: Place-4013: Connections not created.
W: Place-4013: Connections not created.
W: Place-4013: Connections not created.
W: Place-4013: Connections not created.
Wirelength after global placement is 4.
Global placement takes 0.02 sec.

Post global placement started.
Placed fixed group with base inst sys_clk_ibuf/opit_1 on IOL_7_298.
Placed fixed group with base inst sys_rst_n_ibuf/opit_1 on IOL_7_241.
Placed fixed instance BKCL_auto_0 on BKCL_2_268.
Placed fixed instance BKCL_auto_1 on BKCL_2_144.
IO placement started.
IO placement takes 0.02 sec.

Macro cell placement started.
Wirelength after Macro cell placement is 4.
Macro cell placement takes 0.00 sec.

Run super clustering :
	Initial slack 2147483647.
	1 iterations finished.
	Final slack 2147483647.
Super clustering done.
Design Utilization : 0%.
W: Place-4013: Connections not created.
W: Place-4013: Connections not created.
W: Place-4013: Connections not created.
W: Place-4013: Connections not created.
W: Place-4013: Connections not created.
Wirelength after post global placement is 4.
Post global placement takes 0.03 sec.

Legalization started.
Wirelength after legalization is 4.
Legalization takes 0.00 sec.

Timing-driven detailed placement started.
replication start
Worst slack before Replication Place is 2147483647.
Wirelength after replication placement is 4.
Legalized cost 2147483647.000000.
The detailed placement ends at 0th iteration.
Wirelength after detailed placement is 4.
Timing-driven detailed placement takes 0.00 sec.

Worst slack is 2147483647, TNS after placement is 0.
Placement done.
Total placement takes 0.77 sec.
Finished placement. (CPU time elapsed 0h:00m:00s)

Routing started.
Building routing graph takes 0.48 sec.
Worst slack is 2147483647, TNS before global route is 0.
Processing design graph takes 0.06 sec.
Total memory for routing:
	46.800345 M.
Total nets for routing : 4.
Rcf routing step 1 processed 0 nets, it takes 0.00 sec.
Rcf routing step 2 processed 0 nets, it takes 0.00 sec.
Rcf routing step 3 processed 0 nets, it takes 0.00 sec.
Global Routing step 1 processed 0 nets, it takes 0.00 sec.
Global Routing step 2 processed 0 nets, it takes 0.00 sec.
Global Routing step 3 processed 0 nets, it takes 0.00 sec.
Global routing takes 0.00 sec.
Total 4 subnets.
    forward max bucket size 0 , backward 0.
        Unrouted nets 0 at the end of iteration 0.
    route iteration 0, CPU time elapsed 0.000000 sec.
Detailed routing takes 0.02 sec.
Start fix hold violation.
Build tmp routing results takes 0.00 sec.
Timing analysis takes 0.00 sec.
No hold violation.
Fix hold violation Finished.
Hold Violation Fix in router takes 0.05 sec.

Dispose routing result:
    Collect routing result.
    Delete unused device instances.
    Annotate routing result.
    Change LUT configuration.
    Dispose misc instances.
    Annotate routing result again.
Finish routing takes 0.00 sec.
Used srb routing arc is 0.
Cleanup routing takes 0.02 sec.
Routing done.
Total routing takes 0.77 sec.


Device Utilization Summary :
+----------------------------------------------------------------------------+
| Logic Utilization        | Used     | Available     | Utilization(%)     
+----------------------------------------------------------------------------+
| Use of ADC               | 0        | 1             | 0                   
| Use of APM               | 0        | 30            | 0                   
| Use of BKCL              | 2        | 6             | 34                  
| Use of CLMA              | 0        | 3274          | 0                   
|   FF                     | 0        | 19644         | 0                   
|   LUT                    | 0        | 13096         | 0                   
|   LUT-FF pairs           | 0        | 13096         | 0                   
| Use of CLMS              | 0        | 1110          | 0                   
|   FF                     | 0        | 6660          | 0                   
|   LUT                    | 0        | 4440          | 0                   
|   LUT-FF pairs           | 0        | 4440          | 0                   
|   Distributed RAM        | 0        | 4440          | 0                   
| Use of CRYSTAL           | 0        | 6             | 0                   
| Use of DLL               | 0        | 6             | 0                   
| Use of DQSL              | 0        | 18            | 0                   
| Use of DRM               | 0        | 48            | 0                   
| Use of FLSIF             | 0        | 1             | 0                   
| Use of FUSECODE          | 0        | 1             | 0                   
| Use of HARD0N1           | 0        | 2745          | 0                   
| Use of HMEMC             | 0        | 2             | 0                   
| Use of IO                | 2        | 240           | 1                   
|   IOBD                   | 1        | 120           | 1                   
|   IOBR                   | 0        | 6             | 0                   
|   IOBS                   | 1        | 114           | 1                   
| Use of IOCKDIV           | 0        | 12            | 0                   
| Use of IOCKDLY           | 0        | 24            | 0                   
| Use of IOCKGATE          | 0        | 12            | 0                   
| Use of IOCKGMUX_TEST     | 0        | 12            | 0                   
| Use of IOL               | 2        | 240           | 1                   
| Use of IPAL              | 0        | 1             | 0                   
| Use of MFG_TEST          | 0        | 1             | 0                   
| Use of OSC               | 0        | 1             | 0                   
| Use of PLL               | 0        | 6             | 0                   
| Use of PREGMUX_TEST      | 0        | 6             | 0                   
| Use of RCKB              | 0        | 24            | 0                   
| Use of RCKBMUX_TEST      | 0        | 12            | 0                   
| Use of RESCAL            | 0        | 6             | 0                   
| Use of SCANCHAIN         | 0        | 4             | 0                   
| Use of START             | 1        | 1             | 100                 
| Use of UDID              | 0        | 1             | 0                   
| Use of USCM              | 0        | 20            | 0                   
| Use of USCMMUX_TEST      | 0        | 20            | 0                   
| Use of VCKBMUX_TEST      | 0        | 12            | 0                   
+----------------------------------------------------------------------------+

Finished routing. (CPU time elapsed 0h:00m:00s)
Design 'ip_fifo' has been placed and routed successfully.
Saving design to DB.
Finished placement and routing. (CPU time elapsed 0h:00m:04s)
Action pnr: Real time elapsed is 6.000 sec
Action pnr: CPU time elapsed is 4.531 sec
Action pnr: Process CPU time elapsed is 4.531 sec
Current time: Tue Oct 25 09:58:21 2022
Action pnr: Peak memory pool usage is 430,571,520 bytes
Process "Place & Route" done.


Process "Report Timing" started.
Current time: Tue Oct 25 09:58:21 2022
Compiling architecture definition.
Analyzing project file 'C:/Users/ch/Desktop/2021.4-SP1.2/ip_fifo/prj/ip_fifo.pds'.
Compiling verification operator library.
Compiling common defs.
Compiling prim grid devices.
Compiling gate devices.
Compiling gate operators.
Building architecture model.
Loading device packaging model.
Reading design from pnr DB.
Start Report Post-PnR timing.
NOTE: The technology fpga was specified.
NOTE: delay_model specified was generic_cmos.
NOTE: Using the fpga syntax tables...
Totals:
 Calls to malloc = 0
 Calls to calloc = 1345561

Constructing timing graph ...
Timing graph has been constructed successfully
C: STA-3009: The clock clk is not connected to any clock endpoints,it will be treated as a normal port or pin.
W: Timing-4086: Port 'sys_rst_n' is not constrained, it is treated as combinational input.
Report timing is finished successfully.
Action report_timing: Real time elapsed is 5.000 sec
Action report_timing: CPU time elapsed is 3.313 sec
Action report_timing: Process CPU time elapsed is 3.313 sec
Current time: Tue Oct 25 09:58:25 2022
Action report_timing: Peak memory pool usage is 421,412,864 bytes
Process "Report Timing" done.


Process "Generate Bitstream" started.
Current time: Tue Oct 25 09:58:25 2022
Compiling architecture definition.
Analyzing project file 'C:/Users/ch/Desktop/2021.4-SP1.2/ip_fifo/prj/ip_fifo.pds'.
Compiling verification operator library.
Compiling common defs.
Compiling prim grid devices.
Compiling gate devices.
Compiling gate operators.
Building architecture model.
Loading device packaging model.
Reading design from DB.
Start Generating Programming File...
Reading design from DB takes 0.000000 sec.
Generating architecture configuration.
The bitstream file is "C:/Users/ch/Desktop/2021.4-SP1.2/ip_fifo/prj/generate_bitstream/ip_fifo.sbit"
Generate programming file takes 0.984375 sec.
Generating Programming File done.
Action gen_bit_stream: Real time elapsed is 5.000 sec
Action gen_bit_stream: CPU time elapsed is 3.563 sec
Action gen_bit_stream: Process CPU time elapsed is 3.563 sec
Current time: Tue Oct 25 09:58:29 2022
Action gen_bit_stream: Peak memory pool usage is 305,872,896 bytes
Process "Generate Bitstream" done.
