#Build: Fabric Compiler 2021.4-SP1.2, Build 96435, May 30 04:40 2022
#Install: E:\pango\PDS_2021.4-SP1.2\bin
#Application name: pds_shell.exe
#OS: Windows 10 10.0.19044
#Hostname: DESKTOP-HFJ50FN
Generated by Fabric Compiler (version 2021.4-SP1.2 build 96435) at Wed Sep  7 11:50:59 2022
Compiling verification operator library.
Compiling common defs.
Compiling prim grid devices.
Compiling gate devices.
Compiling gate operators.
Building architecture model.
Loading device packaging model.
Reading design from pnr DB.
Start Report Post-PnR timing.
Constructing timing graph ...
Timing graph has been constructed successfully
W: Timing-4087: Port 'clk_25m' is not constrained, it is treated as combinational output.
W: Timing-4087: Port 'clk_50m' is not constrained, it is treated as combinational output.
W: Timing-4087: Port 'locked' is not constrained, it is treated as combinational output.
W: Timing-4087: Port 'rd_addr_tb[0]' is not constrained, it is treated as combinational output.
W: Timing-4087: Port 'rd_addr_tb[1]' is not constrained, it is treated as combinational output.
W: Timing-4087: Port 'rd_addr_tb[2]' is not constrained, it is treated as combinational output.
W: Timing-4087: Port 'rd_addr_tb[3]' is not constrained, it is treated as combinational output.
W: Timing-4087: Port 'rd_addr_tb[4]' is not constrained, it is treated as combinational output.
W: Timing-4087: Port 'rd_data_tb[0]' is not constrained, it is treated as combinational output.
W: Timing-4087: Port 'rd_data_tb[1]' is not constrained, it is treated as combinational output.
W: Timing-4087: Port 'rd_data_tb[2]' is not constrained, it is treated as combinational output.
W: Timing-4087: Port 'rd_data_tb[3]' is not constrained, it is treated as combinational output.
W: Timing-4087: Port 'rd_data_tb[4]' is not constrained, it is treated as combinational output.
W: Timing-4087: Port 'rd_data_tb[5]' is not constrained, it is treated as combinational output.
W: Timing-4087: Port 'rd_data_tb[6]' is not constrained, it is treated as combinational output.
W: Timing-4087: Port 'rd_data_tb[7]' is not constrained, it is treated as combinational output.
W: Timing-4087: Port 'rd_en_tb' is not constrained, it is treated as combinational output.
W: Timing-4087: Port 'wr_addr_tb[0]' is not constrained, it is treated as combinational output.
W: Timing-4087: Port 'wr_addr_tb[1]' is not constrained, it is treated as combinational output.
W: Timing-4087: Port 'wr_addr_tb[2]' is not constrained, it is treated as combinational output.
W: Timing-4087: Port 'wr_addr_tb[3]' is not constrained, it is treated as combinational output.
W: Timing-4087: Port 'wr_addr_tb[4]' is not constrained, it is treated as combinational output.
W: Timing-4087: Port 'wr_data_tb[0]' is not constrained, it is treated as combinational output.
W: Timing-4087: Port 'wr_data_tb[1]' is not constrained, it is treated as combinational output.
W: Timing-4087: Port 'wr_data_tb[2]' is not constrained, it is treated as combinational output.
W: Timing-4087: Port 'wr_data_tb[3]' is not constrained, it is treated as combinational output.
W: Timing-4087: Port 'wr_data_tb[4]' is not constrained, it is treated as combinational output.
W: Timing-4087: Port 'wr_data_tb[5]' is not constrained, it is treated as combinational output.
W: Timing-4087: Port 'wr_data_tb[6]' is not constrained, it is treated as combinational output.
W: Timing-4087: Port 'wr_data_tb[7]' is not constrained, it is treated as combinational output.
W: Timing-4087: Port 'wr_en_tb' is not constrained, it is treated as combinational output.
W: Timing-4086: Port 'sys_rst_n' is not constrained, it is treated as combinational input.
Report timing is finished successfully.
Action report_timing: Real time elapsed is 5.000 sec
Action report_timing: CPU time elapsed is 3.875 sec
Action report_timing: Process CPU time elapsed is 3.875 sec
Current time: Wed Sep  7 11:51:03 2022
Action report_timing: Peak memory pool usage is 450,625,536 bytes
