[Debug] [2022-6-23 16:21:32] /*************************** 2022-06-23 16:21:32  Start ***************************/
[Debug] [2022-6-23 16:21:32] Path: J:/PDS_2021.4/pango/PDS_2021.4-SP1.2/bin
[Debug] [2022-6-23 16:21:32] #Generated by Fabric Debugger (version 2021.4-SP1.2 build 96435) at Thu Jun 23 16:21:32 2022


[Debug] [2022-6-23 16:21:33] Main window show.
[Debug] [2022-6-23 16:21:41] Operation: Scan.
[Debug] [2022-6-23 16:21:41] Client Local host name:USER-20180123QP
[Debug] [2022-6-23 16:21:41] Client Local Address:192.168.2.196
[Debug] [2022-6-23 16:21:41] Client Local Address:192.168.2.1
[Debug] [2022-6-23 16:21:41] Client Local Address:192.168.65.1
[Debug] [2022-6-23 16:21:41] Server Address:127.0.0.1, Port:65420
[Info] [2022-6-23 16:21:42] Connect OK, Server: 127.0.0.1  Port: 65420
[Debug] [2022-6-23 16:21:42] Finish.
[Debug] [2022-6-23 16:21:42] Send RPC: 1.
[Debug] [2022-6-23 16:21:42] Send cmd [check version information:40004] OK
[Debug] [2022-6-23 16:21:44] Send RPC: 2.
[Debug] [2022-6-23 16:21:44] Send cmd [get_cable_paras:40010] OK
[Debug] [2022-6-23 16:21:44] Send RPC: 3.
[Debug] [2022-6-23 16:21:44] Send cmd [open_cable:10001] OK
[Debug] [2022-6-23 16:21:44] COMMAND[check version information] execute successfully, takes 2.2 secs.
[Debug] [2022-6-23 16:21:47] COMMAND[get_cable_paras] execute successfully, takes 2.8 secs.
[Debug] [2022-6-23 16:21:47] Operation: Try to close window.
[Debug] [2022-6-23 16:21:47] /*************************** 2022-06-23 16:21:47  End ***************************/
[Debug] [2022-6-28 16:16:26] /*************************** 2022-06-28 16:16:26  Start ***************************/
[Debug] [2022-6-28 16:16:26] Path: J:/PDS_2021.4/pango/PDS_2021.4-SP1.2/bin
[Debug] [2022-6-28 16:16:26] #Generated by Fabric Debugger (version 2021.4-SP1.2 build 96435) at Tue Jun 28 16:16:26 2022


[Debug] [2022-6-28 16:16:27] Main window show.
[Debug] [2022-6-28 16:16:29] Operation: Scan.
[Debug] [2022-6-28 16:16:29] Client Local host name:USER-20180123QP
[Debug] [2022-6-28 16:16:29] Client Local Address:192.168.2.196
[Debug] [2022-6-28 16:16:29] Client Local Address:192.168.2.1
[Debug] [2022-6-28 16:16:29] Client Local Address:192.168.65.1
[Debug] [2022-6-28 16:16:29] Server Address:127.0.0.1, Port:65420
[Info] [2022-6-28 16:16:30] Connect OK, Server: 127.0.0.1  Port: 65420
[Debug] [2022-6-28 16:16:30] Finish.
[Debug] [2022-6-28 16:16:30] Send RPC: 1.
[Debug] [2022-6-28 16:16:30] Send cmd [check version information:40004] OK
[Debug] [2022-6-28 16:16:32] Send RPC: 2.
[Debug] [2022-6-28 16:16:32] Send cmd [get_cable_paras:40010] OK
[Debug] [2022-6-28 16:16:32] Send RPC: 3.
[Debug] [2022-6-28 16:16:32] Send cmd [open_cable:10001] OK
[Debug] [2022-6-28 16:16:32] COMMAND[check version information] execute successfully, takes 2.2 secs.
[Debug] [2022-6-28 16:16:34] COMMAND[get_cable_paras] execute successfully, takes 2.3 secs.
[Debug] [2022-6-28 16:16:40] COMMAND[open_cable] execute successfully, takes 8.2 secs.
[Debug] [2022-6-28 16:16:43] Operation: Scan.
[Debug] [2022-6-28 16:16:43] Send RPC: 4.
[Debug] [2022-6-28 16:16:43] Send cmd [open_cable:10001] OK
[Debug] [2022-6-28 16:16:46] COMMAND[open_cable] execute successfully, takes 3.1 secs.
[Debug] [2022-6-28 16:16:55] Operation: Program.
[Debug] [2022-6-28 16:16:55] Send RPC: 5.
[Debug] [2022-6-28 16:16:55] Send cmd [configure:10002] OK
[Debug] [2022-6-28 16:16:55] The value is 6.
[Debug] [2022-6-28 16:16:55] The value is 10.
[Debug] [2022-6-28 16:16:55] The value is 15.
[Debug] [2022-6-28 16:16:55] The value is 20.
[Debug] [2022-6-28 16:16:55] The value is 25.
[Debug] [2022-6-28 16:16:55] The value is 30.
[Debug] [2022-6-28 16:16:55] The value is 35.
[Debug] [2022-6-28 16:16:55] The value is 40.
[Debug] [2022-6-28 16:16:55] The value is 45.
[Debug] [2022-6-28 16:16:55] The value is 50.
[Debug] [2022-6-28 16:16:55] The value is 55.
[Debug] [2022-6-28 16:16:55] The value is 60.
[Debug] [2022-6-28 16:16:56] The value is 65.
[Debug] [2022-6-28 16:16:56] The value is 70.
[Debug] [2022-6-28 16:16:56] The value is 75.
[Debug] [2022-6-28 16:16:56] The value is 80.
[Debug] [2022-6-28 16:16:56] The value is 85.
[Debug] [2022-6-28 16:16:56] The value is 90.
[Debug] [2022-6-28 16:16:56] The value is 95.
[Debug] [2022-6-28 16:16:56] The value is 100.
[Debug] [2022-6-28 16:17:19] COMMAND[configure] execute successfully, takes 24.2 secs.
[Debug] [2022-6-28 16:17:20] Operation: Try to close window.
[Debug] [2022-6-28 16:17:20] /*************************** 2022-06-28 16:17:20  End ***************************/
[Debug] [2022-6-28 16:39:05] /*************************** 2022-06-28 16:39:05  Start ***************************/
[Debug] [2022-6-28 16:39:05] Path: J:/PDS_2021.4/pango/PDS_2021.4-SP1.2/bin
[Debug] [2022-6-28 16:39:05] #Generated by Fabric Debugger (version 2021.4-SP1.2 build 96435) at Tue Jun 28 16:39:05 2022


[Debug] [2022-6-28 16:39:05] Main window show.
[Debug] [2022-6-28 16:39:07] Operation: Scan.
[Debug] [2022-6-28 16:39:07] Client Local host name:USER-20180123QP
[Debug] [2022-6-28 16:39:07] Client Local Address:192.168.2.196
[Debug] [2022-6-28 16:39:07] Client Local Address:192.168.2.1
[Debug] [2022-6-28 16:39:07] Client Local Address:192.168.65.1
[Debug] [2022-6-28 16:39:07] Server Address:127.0.0.1, Port:65420
[Info] [2022-6-28 16:39:08] Connect OK, Server: 127.0.0.1  Port: 65420
[Debug] [2022-6-28 16:39:08] Finish.
[Debug] [2022-6-28 16:39:08] Send RPC: 1.
[Debug] [2022-6-28 16:39:08] Send cmd [check version information:40004] OK
[Debug] [2022-6-28 16:39:09] Send RPC: 2.
[Debug] [2022-6-28 16:39:09] Send cmd [get_cable_paras:40010] OK
[Debug] [2022-6-28 16:39:09] Send RPC: 3.
[Debug] [2022-6-28 16:39:09] Send cmd [open_cable:10001] OK
[Debug] [2022-6-28 16:39:09] COMMAND[check version information] execute successfully, takes 1.3 secs.
[Debug] [2022-6-28 16:39:11] COMMAND[get_cable_paras] execute successfully, takes 1.8 secs.
[Debug] [2022-6-28 16:39:14] COMMAND[open_cable] execute successfully, takes 5.2 secs.
[Debug] [2022-6-28 16:39:22] Operation: Program.
[Debug] [2022-6-28 16:39:22] Send RPC: 4.
[Debug] [2022-6-28 16:39:22] Send cmd [configure:10002] OK
[Debug] [2022-6-28 16:39:23] The value is 6.
[Debug] [2022-6-28 16:39:23] The value is 10.
[Debug] [2022-6-28 16:39:23] The value is 15.
[Debug] [2022-6-28 16:39:23] The value is 20.
[Debug] [2022-6-28 16:39:23] The value is 25.
[Debug] [2022-6-28 16:39:23] The value is 30.
[Debug] [2022-6-28 16:39:23] The value is 35.
[Debug] [2022-6-28 16:39:23] The value is 40.
[Debug] [2022-6-28 16:39:23] The value is 45.
[Debug] [2022-6-28 16:39:23] The value is 50.
[Debug] [2022-6-28 16:39:23] The value is 55.
[Debug] [2022-6-28 16:39:23] The value is 60.
[Debug] [2022-6-28 16:39:23] The value is 65.
[Debug] [2022-6-28 16:39:23] The value is 70.
[Debug] [2022-6-28 16:39:23] The value is 75.
[Debug] [2022-6-28 16:39:23] The value is 80.
[Debug] [2022-6-28 16:39:23] The value is 85.
[Debug] [2022-6-28 16:39:23] The value is 90.
[Debug] [2022-6-28 16:39:23] The value is 95.
[Debug] [2022-6-28 16:39:23] The value is 100.
[Debug] [2022-6-28 16:39:25] [BusValue] Opt:Add.
[Debug] [2022-6-28 16:39:25] [BusValue] Opt:Add.
[Debug] [2022-6-28 16:39:25] [BusValue] Opt:Add.
[Debug] [2022-6-28 16:39:25] COMMAND[configure] execute successfully, takes 2.8 secs.
[Debug] [2022-6-28 16:39:25] Log::Print : Import Core: 0 OK
[Debug] [2022-6-28 16:40:08] Operation: Trigger.
[Debug] [2022-6-28 16:40:09] Send RPC: 5.
[Debug] [2022-6-28 16:40:09] Send cmd [run:10003] OK
[Warn] [2022-6-28 16:40:39] the connection with server is timeout.
[Warn] [2022-6-28 16:41:09] the connection with server is timeout.
[Debug] [2022-6-28 16:41:36] Operation: Stop trigger.
[Debug] [2022-6-28 16:41:36] Send RPC: 6.
[Debug] [2022-6-28 16:41:36] Send cmd [stop:10010] OK
[Debug] [2022-6-28 16:41:36] COMMAND[stop] execute successfully, takes 0.0 secs.
[Error] [2022-6-28 16:41:36] Fail to exec trigger command.
[Warn] [2022-6-28 16:41:36] cmdid:10003 HandleWarnExec msg:Core 0 is stopped by user
[Debug] [2022-6-28 16:41:36] HandleErrorExec run Show Core:
[Debug] [2022-6-28 16:41:36] /******************** Core Information *************************/
[Debug] [2022-6-28 16:41:36] Core basic info: 
[Debug] [2022-6-28 16:41:36] 	Core version: 0x9001f003
[Debug] [2022-6-28 16:41:36] 	Index: 0
[Debug] [2022-6-28 16:41:36] 	Name: MyFLA0
[Debug] [2022-6-28 16:41:36] 	Core type: 3
[Debug] [2022-6-28 16:41:36] 	Data same as trigger: true
[Debug] [2022-6-28 16:41:36] 	Storage qualification: false
[Debug] [2022-6-28 16:41:36] 	Max data depth: 800
[Debug] [2022-6-28 16:41:36] 	Sample data width: 17
[Debug] [2022-6-28 16:41:36] 	Trigger sequencer level: 1
[Debug] [2022-6-28 16:41:36] 	Trigger output enabled: false
[Debug] [2022-6-28 16:41:36] 	Multi windows enabled: false
[Debug] [2022-6-28 16:41:36] 	Reset wave property status: false
[Debug] [2022-6-28 16:41:36] Core Property: 
[Debug] [2022-6-28 16:41:36] 	Core version: 0x9001f003
[Debug] [2022-6-28 16:41:36] 	Index: 0
[Debug] [2022-6-28 16:41:36] 	Core type: 3
[Debug] [2022-6-28 16:41:36] 	Data same as trigger: true
[Debug] [2022-6-28 16:41:36] 	Storage qualification: false
[Debug] [2022-6-28 16:41:36] 	Trigger output enabled: false
[Debug] [2022-6-28 16:41:36] 	Multi windows enabled: false
[Debug] [2022-6-28 16:41:36] 	Max data depth: 800
[Debug] [2022-6-28 16:41:36] 	Sample data width: 17
[Debug] [2022-6-28 16:41:36] 	Trigger sequencer level: 1
[Debug] [2022-6-28 16:41:36] 	Channel num		Match unit num		Match unit type		Counter width		Port is data
[Debug] [2022-6-28 16:41:36] 	Trigger port 0 : 	17	1	1	0	true
[Debug] [2022-6-28 16:41:36] Signals Property: 
[Debug] [2022-6-28 16:41:36] 	Window num: 0
[Debug] [2022-6-28 16:41:36] 	Samples num in window: 0
[Debug] [2022-6-28 16:41:36] 	Trigger time in window: 0
[Debug] [2022-6-28 16:41:36] 	Samples num: 0
[Debug] [2022-6-28 16:41:36] 	Negative time: true
[Debug] [2022-6-28 16:41:36] 	Signal type: 0
[Debug] [2022-6-28 16:41:36] 	Total trigger position: 0
[Debug] [2022-6-28 16:41:36] Storage Style Property: 
[Debug] [2022-6-28 16:41:36] 	Style type: 0
[Debug] [2022-6-28 16:41:36] 	Windows num: 1
[Debug] [2022-6-28 16:41:36] 	Depth per window: 800
[Debug] [2022-6-28 16:41:36] 	Window position: 400
[Debug] [2022-6-28 16:41:36] 	Samples per trigger: 800
[Debug] [2022-6-28 16:41:36] 	Storage qualification: All Data
[Debug] [2022-6-28 16:41:36] Data Port: 
[Debug] [2022-6-28 16:41:36] 	Max depth: 0
[Debug] [2022-6-28 16:41:36] 	Depth: 0
[Debug] [2022-6-28 16:41:36] Trigger Port: 
[Debug] [2022-6-28 16:41:36] Trigger Port 0 :
[Debug] [2022-6-28 16:41:36] 	Port index: 0
[Debug] [2022-6-28 16:41:36] 	Match type: 1
[Debug] [2022-6-28 16:41:36] 	Counter width: 0
[Debug] [2022-6-28 16:41:36] 	Is data: true
[Debug] [2022-6-28 16:41:36] Match Unit: 
[Debug] [2022-6-28 16:41:36] Match Unit 0 :
[Debug] [2022-6-28 16:41:36] 	Trigger port index: 0
[Debug] [2022-6-28 16:41:36] 	Value: XXXXXXXXXXXXXXXXXXXXXXX
[Debug] [2022-6-28 16:41:36] 	Index: 0
[Debug] [2022-6-28 16:41:36] 	Function: 0
[Debug] [2022-6-28 16:41:36] 	Radix: 0
[Debug] [2022-6-28 16:41:36] 	Counter match event: 0
[Debug] [2022-6-28 16:41:36] 	Counter cycles: 1
[Debug] [2022-6-28 16:41:36] 	Trigger output enabled: true
[Debug] [2022-6-28 16:41:36] 	Range form : 00000000000000000000000 to 00000000000000000000000
[Debug] [2022-6-28 16:41:36] 	Is tp need deleted: false
[Debug] [2022-6-28 16:41:36] Bus: 
[Debug] [2022-6-28 16:41:36] Bus 0 :
[Debug] [2022-6-28 16:41:36] 	nt_douta_tb
[Debug] [2022-6-28 16:41:36] Channel Index 0 :	Data Port: 2	Channel name: nt_douta_tb[0]
[Debug] [2022-6-28 16:41:36] Channel Index 1 :	Data Port: 3	Channel name: nt_douta_tb[1]
[Debug] [2022-6-28 16:41:36] Channel Index 2 :	Data Port: 4	Channel name: nt_douta_tb[2]
[Debug] [2022-6-28 16:41:36] Channel Index 3 :	Data Port: 5	Channel name: nt_douta_tb[3]
[Debug] [2022-6-28 16:41:36] Channel Index 4 :	Data Port: 6	Channel name: nt_douta_tb[4]
[Debug] [2022-6-28 16:41:36] Channel Index 5 :	Data Port: 7	Channel name: nt_douta_tb[5]
[Debug] [2022-6-28 16:41:36] Channel Index 6 :	Data Port: 8	Channel name: nt_douta_tb[6]
[Debug] [2022-6-28 16:41:36] Channel Index 7 :	Data Port: 9	Channel name: nt_douta_tb[7]
[Debug] [2022-6-28 16:41:36] Bus 1 :
[Debug] [2022-6-28 16:41:36] 	nt_dina_tb
[Debug] [2022-6-28 16:41:36] Channel Index 0 :	Data Port: a	Channel name: nt_dina_tb[0]
[Debug] [2022-6-28 16:41:36] Channel Index 1 :	Data Port: b	Channel name: nt_dina_tb[1]
[Debug] [2022-6-28 16:41:36] Channel Index 2 :	Data Port: c	Channel name: nt_dina_tb[2]
[Debug] [2022-6-28 16:41:36] Channel Index 3 :	Data Port: d	Channel name: nt_dina_tb[3]
[Debug] [2022-6-28 16:41:36] Channel Index 4 :	Data Port: e	Channel name: nt_dina_tb[4]
[Debug] [2022-6-28 16:41:36] Channel Index 5 :	Data Port: f	Channel name: nt_dina_tb[5]
[Debug] [2022-6-28 16:41:36] Channel Index 6 :	Data Port: 10	Channel name: nt_dina_tb[6]
[Debug] [2022-6-28 16:41:36] Channel Index 7 :	Data Port: 11	Channel name: nt_dina_tb[7]
[Debug] [2022-6-28 16:41:36] Bus 2 :
[Debug] [2022-6-28 16:41:36] 	nt_addra_tb
[Debug] [2022-6-28 16:41:36] Channel Index 0 :	Data Port: 12	Channel name: nt_addra_tb[0]
[Debug] [2022-6-28 16:41:36] Channel Index 1 :	Data Port: 13	Channel name: nt_addra_tb[1]
[Debug] [2022-6-28 16:41:36] Channel Index 2 :	Data Port: 14	Channel name: nt_addra_tb[2]
[Debug] [2022-6-28 16:41:36] Channel Index 3 :	Data Port: 15	Channel name: nt_addra_tb[3]
[Debug] [2022-6-28 16:41:36] Channel Index 4 :	Data Port: 16	Channel name: nt_addra_tb[4]
[Debug] [2022-6-28 16:41:36] Trigger Condition: 
[Debug] [2022-6-28 16:41:36] Trigger Condition 0 :
[Debug] [2022-6-28 16:41:36] 	Is active: true
[Debug] [2022-6-28 16:41:36] 	Name: TriggerCondition0
[Debug] [2022-6-28 16:41:36] 	Equation: TU0
[Debug] [2022-6-28 16:41:36] 	Output enable type: 0
[Debug] [2022-6-28 16:41:36] 	Trigger condition type: 0
[Debug] [2022-6-28 16:41:36] 	Use contiguous match event: false
[Debug] [2022-6-28 16:41:36] /**************************************************************/
[Warn] [2022-6-28 16:41:36] MsgOut: Debugger-4004: Core 0 is stopped by user.
[Error] [2022-6-28 16:41:36] MsgOut: Debugger-0006: Command run exec unsuccessfully.
[Debug] [2022-6-28 16:41:39] Operation: Trigger.
[Debug] [2022-6-28 16:41:39] Send RPC: 7.
[Debug] [2022-6-28 16:41:39] Send cmd [run:2713] OK
[Debug] [2022-6-28 16:41:40] Operation: ZoomFit
[Debug] [2022-6-28 16:41:40] Finish.
[Debug] [2022-6-28 16:41:40] [BusValue] Opt:Flush.
[Debug] [2022-6-28 16:41:40] [BusValue] Opt:Update.
[Debug] [2022-6-28 16:41:40] COMMAND[run] execute successfully, takes 1.0 secs.
[Debug] [2022-6-28 16:41:55] Operation: ZoomOut
[Debug] [2022-6-28 16:41:55] Finish.
[Debug] [2022-6-28 16:42:05] Operation: Zoom in.
[Debug] [2022-6-28 16:42:05] Finish.
[Debug] [2022-6-28 16:42:06] Operation: Zoom in.
[Debug] [2022-6-28 16:42:06] Finish.
[Debug] [2022-6-28 16:42:06] Operation: Zoom in.
[Debug] [2022-6-28 16:42:06] Finish.
[Debug] [2022-6-28 16:42:07] Operation: Zoom in.
[Debug] [2022-6-28 16:42:07] Finish.
[Debug] [2022-6-28 16:42:08] Operation: Zoom in.
[Debug] [2022-6-28 16:42:08] Finish.
[Debug] [2022-6-28 16:42:14] Operation: Bus radix changed.
[Debug] [2022-6-28 16:42:14] Bus radix: Unsigned Decimal.
[Debug] [2022-6-28 16:42:14] [BusValue] Opt:Update.
[Debug] [2022-6-28 16:42:14] Finish.
[Debug] [2022-6-28 16:42:31] Operation: Bus radix changed.
[Debug] [2022-6-28 16:42:31] Bus radix: Unsigned Decimal.
[Debug] [2022-6-28 16:42:31] [BusValue] Opt:Update.
[Debug] [2022-6-28 16:42:31] Finish.
[Debug] [2022-6-28 16:42:35] Operation: Bus radix changed.
[Debug] [2022-6-28 16:42:35] Bus radix: Unsigned Decimal.
[Debug] [2022-6-28 16:42:35] [BusValue] Opt:Update.
[Debug] [2022-6-28 16:42:35] Finish.
[Debug] [2022-6-28 16:42:42] Operation: ZoomOut
[Debug] [2022-6-28 16:42:42] Finish.
[Debug] [2022-6-28 16:42:43] Operation: ZoomOut
[Debug] [2022-6-28 16:42:43] Finish.
[Debug] [2022-6-28 16:42:43] Operation: Zoom in.
[Debug] [2022-6-28 16:42:43] Finish.
[Debug] [2022-6-28 16:42:48] Operation: ZoomOut
[Debug] [2022-6-28 16:42:48] Finish.
[Debug] [2022-6-28 16:42:48] Operation: ZoomOut
[Debug] [2022-6-28 16:42:48] Finish.
[Debug] [2022-6-28 16:42:51] Operation: Zoom in.
[Debug] [2022-6-28 16:42:52] Finish.
[Debug] [2022-6-28 16:42:52] Operation: Zoom in.
[Debug] [2022-6-28 16:42:52] Finish.
[Debug] [2022-6-28 16:43:03] Operation: Trigger.
[Debug] [2022-6-28 16:43:03] Send RPC: 8.
[Debug] [2022-6-28 16:43:03] Send cmd [run:2713] OK
[Debug] [2022-6-28 16:43:04] Operation: ZoomFit
[Debug] [2022-6-28 16:43:04] Finish.
[Debug] [2022-6-28 16:43:04] [BusValue] Opt:Flush.
[Debug] [2022-6-28 16:43:04] [BusValue] Opt:Update.
[Debug] [2022-6-28 16:43:04] COMMAND[run] execute successfully, takes 1.0 secs.
[Debug] [2022-6-28 16:43:44] Operation: ZoomOut
[Debug] [2022-6-28 16:43:44] Finish.
[Debug] [2022-6-28 16:47:09] Operation: Trigger.
[Debug] [2022-6-28 16:47:09] Send RPC: 9.
[Debug] [2022-6-28 16:47:09] Send cmd [run:2713] OK
[Debug] [2022-6-28 16:47:10] Operation: ZoomFit
[Debug] [2022-6-28 16:47:10] Finish.
[Debug] [2022-6-28 16:47:10] [BusValue] Opt:Flush.
[Debug] [2022-6-28 16:47:10] [BusValue] Opt:Update.
[Debug] [2022-6-28 16:47:10] COMMAND[run] execute successfully, takes 1.0 secs.
[Debug] [2022-6-28 16:47:13] Operation: ZoomOut
[Debug] [2022-6-28 16:47:13] Finish.
[Debug] [2022-6-28 16:47:14] Operation: ZoomOut
[Debug] [2022-6-28 16:47:14] Finish.
[Debug] [2022-6-28 16:47:14] Operation: ZoomOut
[Debug] [2022-6-28 16:47:14] Finish.
[Debug] [2022-6-28 16:47:15] Operation: Zoom in.
[Debug] [2022-6-28 16:47:15] Finish.
[Debug] [2022-6-28 16:47:15] Operation: Zoom in.
[Debug] [2022-6-28 16:47:15] Finish.
[Debug] [2022-6-28 16:47:18] Operation: Zoom in.
[Debug] [2022-6-28 16:47:18] Finish.
[Debug] [2022-6-28 16:49:53] Operation: ZoomOut
[Debug] [2022-6-28 16:49:53] Finish.
[Debug] [2022-6-28 16:49:53] Operation: ZoomOut
[Debug] [2022-6-28 16:49:53] Finish.
[Debug] [2022-6-28 16:49:58] Operation: Zoom in.
[Debug] [2022-6-28 16:49:58] Finish.
[Debug] [2022-6-28 16:49:58] Operation: Zoom in.
[Debug] [2022-6-28 16:49:58] Finish.
[Debug] [2022-6-28 16:49:58] Operation: Zoom in.
[Debug] [2022-6-28 16:49:58] Finish.
[Debug] [2022-6-28 16:50:02] Operation: ZoomOut
[Debug] [2022-6-28 16:50:02] Finish.
[Debug] [2022-6-28 16:50:02] Operation: ZoomOut
[Debug] [2022-6-28 16:50:02] Finish.
[Debug] [2022-6-28 16:50:05] Operation: Zoom in.
[Debug] [2022-6-28 16:50:05] Finish.
[Debug] [2022-6-28 16:57:28] Operation: Try to close window.
[Debug] [2022-6-28 16:57:28] /*************************** 2022-06-28 16:57:28  End ***************************/
[Debug] [2022-7-6 14:09:46] /*************************** 2022-07-06 14:09:46  Start ***************************/
[Debug] [2022-7-6 14:09:46] Path: J:/PDS_2021.4/pango/PDS_2021.4-SP1.2/bin
[Debug] [2022-7-6 14:09:46] #Generated by Fabric Debugger (version 2021.4-SP1.2 build 96435) at Wed Jul  6 14:09:46 2022


[Debug] [2022-7-6 14:09:46] Main window show.
[Debug] [2022-7-6 14:09:48] Operation: Scan.
[Debug] [2022-7-6 14:09:48] Client Local host name:USER-20180123QP
[Debug] [2022-7-6 14:09:48] Client Local Address:192.168.2.196
[Debug] [2022-7-6 14:09:48] Client Local Address:192.168.2.1
[Debug] [2022-7-6 14:09:48] Client Local Address:192.168.65.1
[Debug] [2022-7-6 14:09:48] Server Address:127.0.0.1, Port:65420
[Info] [2022-7-6 14:09:48] Connect OK, Server: 127.0.0.1  Port: 65420
[Debug] [2022-7-6 14:09:48] Finish.
[Debug] [2022-7-6 14:09:48] Send RPC: 1.
[Debug] [2022-7-6 14:09:48] Send cmd [check version information:40004] OK
[Debug] [2022-7-6 14:09:50] Send RPC: 2.
[Debug] [2022-7-6 14:09:50] Send cmd [get_cable_paras:40010] OK
[Debug] [2022-7-6 14:09:50] Send RPC: 3.
[Debug] [2022-7-6 14:09:50] Send cmd [open_cable:10001] OK
[Debug] [2022-7-6 14:09:50] COMMAND[check version information] execute successfully, takes 1.1 secs.
[Debug] [2022-7-6 14:09:52] COMMAND[get_cable_paras] execute successfully, takes 2.1 secs.
[Debug] [2022-7-6 14:09:54] COMMAND[open_cable] execute successfully, takes 4.7 secs.
[Debug] [2022-7-6 14:10:00] Operation: Program.
[Debug] [2022-7-6 14:10:00] Send RPC: 4.
[Debug] [2022-7-6 14:10:00] Send cmd [configure:10002] OK
[Debug] [2022-7-6 14:10:01] The value is 6.
[Debug] [2022-7-6 14:10:01] The value is 10.
[Debug] [2022-7-6 14:10:01] The value is 15.
[Debug] [2022-7-6 14:10:01] The value is 20.
[Debug] [2022-7-6 14:10:01] The value is 25.
[Debug] [2022-7-6 14:10:01] The value is 30.
[Debug] [2022-7-6 14:10:01] The value is 35.
[Debug] [2022-7-6 14:10:01] The value is 40.
[Debug] [2022-7-6 14:10:01] The value is 45.
[Debug] [2022-7-6 14:10:01] The value is 50.
[Debug] [2022-7-6 14:10:01] The value is 55.
[Debug] [2022-7-6 14:10:01] The value is 60.
[Debug] [2022-7-6 14:10:01] The value is 65.
[Debug] [2022-7-6 14:10:01] The value is 70.
[Debug] [2022-7-6 14:10:01] The value is 75.
[Debug] [2022-7-6 14:10:01] The value is 80.
[Debug] [2022-7-6 14:10:01] The value is 85.
[Debug] [2022-7-6 14:10:01] The value is 90.
[Debug] [2022-7-6 14:10:01] The value is 95.
[Debug] [2022-7-6 14:10:01] The value is 100.
[Debug] [2022-7-6 14:10:03] [BusValue] Opt:Add.
[Debug] [2022-7-6 14:10:03] [BusValue] Opt:Add.
[Debug] [2022-7-6 14:10:03] [BusValue] Opt:Add.
[Debug] [2022-7-6 14:10:03] COMMAND[configure] execute successfully, takes 2.4 secs.
[Debug] [2022-7-6 14:10:03] Log::Print : Import Core: 0 OK
[Debug] [2022-7-6 14:10:08] Operation: Trigger.
[Debug] [2022-7-6 14:10:08] Send RPC: 5.
[Debug] [2022-7-6 14:10:08] Send cmd [run:10003] OK
[Error] [2022-7-6 14:10:08] Fail to exec trigger command.
[Error] [2022-7-6 14:10:08] cmdid:10003 HandleErrorExec msg:JtagServer-0310: The core read from the device doesn't match, core may has changed elsewhere, please rescan.
[Debug] [2022-7-6 14:10:08] HandleErrorExec run Show Core:
[Debug] [2022-7-6 14:10:08] /******************** Core Information *************************/
[Debug] [2022-7-6 14:10:08] Core basic info: 
[Debug] [2022-7-6 14:10:08] 	Core version: 0x9001f003
[Debug] [2022-7-6 14:10:08] 	Index: 0
[Debug] [2022-7-6 14:10:08] 	Name: MyFLA0
[Debug] [2022-7-6 14:10:08] 	Core type: 3
[Debug] [2022-7-6 14:10:08] 	Data same as trigger: true
[Debug] [2022-7-6 14:10:08] 	Storage qualification: false
[Debug] [2022-7-6 14:10:08] 	Max data depth: 800
[Debug] [2022-7-6 14:10:08] 	Sample data width: 17
[Debug] [2022-7-6 14:10:08] 	Trigger sequencer level: 1
[Debug] [2022-7-6 14:10:08] 	Trigger output enabled: false
[Debug] [2022-7-6 14:10:08] 	Multi windows enabled: false
[Debug] [2022-7-6 14:10:08] 	Reset wave property status: false
[Debug] [2022-7-6 14:10:08] Core Property: 
[Debug] [2022-7-6 14:10:08] 	Core version: 0x9001f003
[Debug] [2022-7-6 14:10:08] 	Index: 0
[Debug] [2022-7-6 14:10:08] 	Core type: 3
[Debug] [2022-7-6 14:10:08] 	Data same as trigger: true
[Debug] [2022-7-6 14:10:08] 	Storage qualification: false
[Debug] [2022-7-6 14:10:08] 	Trigger output enabled: false
[Debug] [2022-7-6 14:10:08] 	Multi windows enabled: false
[Debug] [2022-7-6 14:10:08] 	Max data depth: 800
[Debug] [2022-7-6 14:10:08] 	Sample data width: 17
[Debug] [2022-7-6 14:10:08] 	Trigger sequencer level: 1
[Debug] [2022-7-6 14:10:08] 	Channel num		Match unit num		Match unit type		Counter width		Port is data
[Debug] [2022-7-6 14:10:08] 	Trigger port 0 : 	17	1	1	0	true
[Debug] [2022-7-6 14:10:08] Signals Property: 
[Debug] [2022-7-6 14:10:08] 	Window num: 0
[Debug] [2022-7-6 14:10:08] 	Samples num in window: 0
[Debug] [2022-7-6 14:10:08] 	Trigger time in window: 0
[Debug] [2022-7-6 14:10:08] 	Samples num: 0
[Debug] [2022-7-6 14:10:08] 	Negative time: true
[Debug] [2022-7-6 14:10:08] 	Signal type: 0
[Debug] [2022-7-6 14:10:08] 	Total trigger position: 0
[Debug] [2022-7-6 14:10:08] Storage Style Property: 
[Debug] [2022-7-6 14:10:08] 	Style type: 0
[Debug] [2022-7-6 14:10:08] 	Windows num: 1
[Debug] [2022-7-6 14:10:08] 	Depth per window: 800
[Debug] [2022-7-6 14:10:08] 	Window position: a
[Debug] [2022-7-6 14:10:08] 	Samples per trigger: 800
[Debug] [2022-7-6 14:10:08] 	Storage qualification: All Data
[Debug] [2022-7-6 14:10:08] Data Port: 
[Debug] [2022-7-6 14:10:08] 	Max depth: 0
[Debug] [2022-7-6 14:10:08] 	Depth: 0
[Debug] [2022-7-6 14:10:08] Trigger Port: 
[Debug] [2022-7-6 14:10:08] Trigger Port 0 :
[Debug] [2022-7-6 14:10:08] 	Port index: 0
[Debug] [2022-7-6 14:10:08] 	Match type: 1
[Debug] [2022-7-6 14:10:08] 	Counter width: 0
[Debug] [2022-7-6 14:10:08] 	Is data: true
[Debug] [2022-7-6 14:10:08] Match Unit: 
[Debug] [2022-7-6 14:10:08] Match Unit 0 :
[Debug] [2022-7-6 14:10:08] 	Trigger port index: 0
[Debug] [2022-7-6 14:10:08] 	Value: XXXXXXXXXXXXXXXXXXXXXXX
[Debug] [2022-7-6 14:10:08] 	Index: 0
[Debug] [2022-7-6 14:10:08] 	Function: 0
[Debug] [2022-7-6 14:10:08] 	Radix: 0
[Debug] [2022-7-6 14:10:08] 	Counter match event: 0
[Debug] [2022-7-6 14:10:08] 	Counter cycles: 1
[Debug] [2022-7-6 14:10:08] 	Trigger output enabled: true
[Debug] [2022-7-6 14:10:08] 	Range form : 00000000000000000000000 to 00000000000000000000000
[Debug] [2022-7-6 14:10:08] 	Is tp need deleted: false
[Debug] [2022-7-6 14:10:08] Bus: 
[Debug] [2022-7-6 14:10:08] Bus 0 :
[Debug] [2022-7-6 14:10:08] 	nt_douta_tb
[Debug] [2022-7-6 14:10:08] Channel Index 0 :	Data Port: 2	Channel name: nt_douta_tb[0]
[Debug] [2022-7-6 14:10:08] Channel Index 1 :	Data Port: 3	Channel name: nt_douta_tb[1]
[Debug] [2022-7-6 14:10:08] Channel Index 2 :	Data Port: 4	Channel name: nt_douta_tb[2]
[Debug] [2022-7-6 14:10:08] Channel Index 3 :	Data Port: 5	Channel name: nt_douta_tb[3]
[Debug] [2022-7-6 14:10:08] Channel Index 4 :	Data Port: 6	Channel name: nt_douta_tb[4]
[Debug] [2022-7-6 14:10:08] Channel Index 5 :	Data Port: 7	Channel name: nt_douta_tb[5]
[Debug] [2022-7-6 14:10:08] Channel Index 6 :	Data Port: 8	Channel name: nt_douta_tb[6]
[Debug] [2022-7-6 14:10:08] Channel Index 7 :	Data Port: 9	Channel name: nt_douta_tb[7]
[Debug] [2022-7-6 14:10:08] Bus 1 :
[Debug] [2022-7-6 14:10:08] 	nt_dina_tb
[Debug] [2022-7-6 14:10:08] Channel Index 0 :	Data Port: a	Channel name: nt_dina_tb[0]
[Debug] [2022-7-6 14:10:08] Channel Index 1 :	Data Port: b	Channel name: nt_dina_tb[1]
[Debug] [2022-7-6 14:10:08] Channel Index 2 :	Data Port: c	Channel name: nt_dina_tb[2]
[Debug] [2022-7-6 14:10:08] Channel Index 3 :	Data Port: d	Channel name: nt_dina_tb[3]
[Debug] [2022-7-6 14:10:08] Channel Index 4 :	Data Port: e	Channel name: nt_dina_tb[4]
[Debug] [2022-7-6 14:10:08] Channel Index 5 :	Data Port: f	Channel name: nt_dina_tb[5]
[Debug] [2022-7-6 14:10:08] Channel Index 6 :	Data Port: 10	Channel name: nt_dina_tb[6]
[Debug] [2022-7-6 14:10:08] Channel Index 7 :	Data Port: 11	Channel name: nt_dina_tb[7]
[Debug] [2022-7-6 14:10:08] Bus 2 :
[Debug] [2022-7-6 14:10:08] 	nt_addra_tb
[Debug] [2022-7-6 14:10:08] Channel Index 0 :	Data Port: 12	Channel name: nt_addra_tb[0]
[Debug] [2022-7-6 14:10:08] Channel Index 1 :	Data Port: 13	Channel name: nt_addra_tb[1]
[Debug] [2022-7-6 14:10:08] Channel Index 2 :	Data Port: 14	Channel name: nt_addra_tb[2]
[Debug] [2022-7-6 14:10:08] Channel Index 3 :	Data Port: 15	Channel name: nt_addra_tb[3]
[Debug] [2022-7-6 14:10:08] Channel Index 4 :	Data Port: 16	Channel name: nt_addra_tb[4]
[Debug] [2022-7-6 14:10:08] Trigger Condition: 
[Debug] [2022-7-6 14:10:08] Trigger Condition 0 :
[Debug] [2022-7-6 14:10:08] 	Is active: true
[Debug] [2022-7-6 14:10:08] 	Name: TriggerCondition0
[Debug] [2022-7-6 14:10:08] 	Equation: TU0
[Debug] [2022-7-6 14:10:08] 	Output enable type: 0
[Debug] [2022-7-6 14:10:08] 	Trigger condition type: 0
[Debug] [2022-7-6 14:10:08] 	Use contiguous match event: false
[Debug] [2022-7-6 14:10:08] /**************************************************************/
[Error] [2022-7-6 14:10:08] MsgOut: Debugger-0006: Command run exec unsuccessfully.
[Debug] [2022-7-6 14:10:27] Operation: Program.
[Debug] [2022-7-6 14:10:27] Send RPC: 6.
[Debug] [2022-7-6 14:10:27] Send cmd [configure:2712] OK
[Debug] [2022-7-6 14:10:28] The value is 6.
[Debug] [2022-7-6 14:10:28] The value is a.
[Debug] [2022-7-6 14:10:28] The value is f.
[Debug] [2022-7-6 14:10:28] The value is 14.
[Debug] [2022-7-6 14:10:28] The value is 19.
[Debug] [2022-7-6 14:10:28] The value is 1e.
[Debug] [2022-7-6 14:10:28] The value is 23.
[Debug] [2022-7-6 14:10:28] The value is 28.
[Debug] [2022-7-6 14:10:28] The value is 2d.
[Debug] [2022-7-6 14:10:28] The value is 32.
[Debug] [2022-7-6 14:10:28] The value is 37.
[Debug] [2022-7-6 14:10:28] The value is 3c.
[Debug] [2022-7-6 14:10:28] The value is 41.
[Debug] [2022-7-6 14:10:28] The value is 46.
[Debug] [2022-7-6 14:10:28] The value is 4b.
[Debug] [2022-7-6 14:10:28] The value is 50.
[Debug] [2022-7-6 14:10:28] The value is 55.
[Debug] [2022-7-6 14:10:28] The value is 5a.
[Debug] [2022-7-6 14:10:28] The value is 5f.
[Debug] [2022-7-6 14:10:28] The value is 64.
[Debug] [2022-7-6 14:10:29] COMMAND[configure] execute successfully, takes 2.1 secs.
[Warn] [2022-7-6 14:10:29] MsgOut: Debugger-4002: Core Parse: Trigger Port bus name:nt_douta_tb exist, fail to import.
[Warn] [2022-7-6 14:10:29] MsgOut: Debugger-4002: Core Parse: Trigger Port bus name:nt_dina_tb exist, fail to import.
[Warn] [2022-7-6 14:10:29] MsgOut: Debugger-4002: Core Parse: Trigger Port bus name:nt_addra_tb exist, fail to import.
[Warn] [2022-7-6 14:10:29] MsgOut: Debugger-4002: Core Parse: Bus name:nt_douta_tb exist, fail to import.
[Warn] [2022-7-6 14:10:29] MsgOut: Debugger-4002: Core Parse: Bus name:nt_dina_tb exist, fail to import.
[Warn] [2022-7-6 14:10:29] MsgOut: Debugger-4002: Core Parse: Bus name:nt_addra_tb exist, fail to import.
[Debug] [2022-7-6 14:10:29] Log::Print : Import Core: 0 OK
[Debug] [2022-7-6 14:10:30] Operation: Trigger.
[Debug] [2022-7-6 14:10:30] Send RPC: 7.
[Debug] [2022-7-6 14:10:30] Send cmd [run:2713] OK
[Debug] [2022-7-6 14:10:31] Operation: ZoomFit
[Debug] [2022-7-6 14:10:31] Finish.
[Debug] [2022-7-6 14:10:31] [BusValue] Opt:Flush.
[Debug] [2022-7-6 14:10:31] [BusValue] Opt:Update.
[Debug] [2022-7-6 14:10:31] COMMAND[run] execute successfully, takes 1.0 secs.
[Debug] [2022-7-6 14:10:58] Operation: Move next.
[Debug] [2022-7-6 14:10:58] Operation: Go to X cursor.
[Debug] [2022-7-6 14:10:58] Finish.
[Debug] [2022-7-6 14:10:58] Finish.
[Debug] [2022-7-6 14:10:59] Operation: Move next.
[Debug] [2022-7-6 14:10:59] Operation: Go to X cursor.
[Debug] [2022-7-6 14:10:59] Finish.
[Debug] [2022-7-6 14:10:59] Finish.
[Debug] [2022-7-6 14:11:00] Operation: Move next.
[Debug] [2022-7-6 14:11:00] Operation: Go to X cursor.
[Debug] [2022-7-6 14:11:00] Finish.
[Debug] [2022-7-6 14:11:00] Finish.
[Debug] [2022-7-6 14:11:01] Operation: Move next.
[Debug] [2022-7-6 14:11:01] Operation: Go to X cursor.
[Debug] [2022-7-6 14:11:01] Finish.
[Debug] [2022-7-6 14:11:01] Finish.
[Debug] [2022-7-6 14:11:05] Operation: Zoom in.
[Debug] [2022-7-6 14:11:05] Finish.
[Debug] [2022-7-6 14:11:05] Operation: Zoom in.
[Debug] [2022-7-6 14:11:05] Finish.
[Debug] [2022-7-6 14:11:05] Operation: Zoom in.
[Debug] [2022-7-6 14:11:05] Finish.
[Debug] [2022-7-6 14:11:13] Operation: Bus radix changed.
[Debug] [2022-7-6 14:11:13] Bus radix: Unsigned Decimal.
[Debug] [2022-7-6 14:11:13] [BusValue] Opt:Update.
[Debug] [2022-7-6 14:11:13] Finish.
[Debug] [2022-7-6 14:11:17] Operation: Bus radix changed.
[Debug] [2022-7-6 14:11:17] Bus radix: Unsigned Decimal.
[Debug] [2022-7-6 14:11:17] [BusValue] Opt:Update.
[Debug] [2022-7-6 14:11:17] Finish.
[Debug] [2022-7-6 14:11:20] Operation: Bus radix changed.
[Debug] [2022-7-6 14:11:20] Bus radix: Unsigned Decimal.
[Debug] [2022-7-6 14:11:20] [BusValue] Opt:Update.
[Debug] [2022-7-6 14:11:20] Finish.
[Debug] [2022-7-6 14:13:43] Operation: Try to close window.
[Debug] [2022-7-6 14:13:43] /*************************** 2022-07-06 14:13:43  End ***************************/
[Debug] [2022-10-18 10:36:07] /*************************** 2022-10-18 10:36:07  Start ***************************/
[Debug] [2022-10-18 10:36:07] Path: E:/PDS_2022.1/Pango/PDS_2022.1/bin
[Debug] [2022-10-18 10:36:07] #Generated by Fabric Debugger (version 2022.1 build 99559) at Tue Oct 18 10:36:07 2022


[Info] [2022-10-18 10:36:07] MsgOut: Fabric Debugger Started.
[Debug] [2022-10-18 10:36:07] Main window show.
[Debug] [2022-10-18 10:36:09] Operation: Scan.
[Debug] [2022-10-18 10:36:09] Client Local host name:DESKTOP-HFJ50FN
[Debug] [2022-10-18 10:36:09] Client Local Address:192.168.153.1
[Debug] [2022-10-18 10:36:09] Client Local Address:192.168.206.1
[Debug] [2022-10-18 10:36:09] Client Local Address:192.168.2.192
[Debug] [2022-10-18 10:36:09] Server Address:127.0.0.1, Port:65420
[Info] [2022-10-18 10:36:09] MsgOut: Connecting to server[127.0.0.1 : 65420].
[Info] [2022-10-18 10:36:10] Connect OK, Server: 127.0.0.1  Port: 65420
[Info] [2022-10-18 10:36:10] MsgOut: Connect to server[127.0.0.1 : 65420] successfully.
[Debug] [2022-10-18 10:36:10] Finish.
[Debug] [2022-10-18 10:36:10] Log::Print : check version information
[Debug] [2022-10-18 10:36:10] Send RPC: 1.
[Debug] [2022-10-18 10:36:10] Send cmd [check version information:40005] OK
[Debug] [2022-10-18 10:36:10] Log::Print : get_cable_paras
[Debug] [2022-10-18 10:36:10] Send RPC: 2.
[Debug] [2022-10-18 10:36:10] Send cmd [get_cable_paras:40011] OK
[Debug] [2022-10-18 10:36:10] Log::Print : open_cable
[Debug] [2022-10-18 10:36:10] Send RPC: 3.
[Debug] [2022-10-18 10:36:10] Send cmd [open_cable:10001] OK
[Info] [2022-10-18 10:36:10] MsgOut: COMMAND[check version information] execute successfully, takes 0.4 secs.
[Debug] [2022-10-18 10:36:10] COMMAND[check version information] execute successfully, takes 0.4 secs.
[Info] [2022-10-18 10:36:15] MsgOut: The Cable List : 
Cable index 0:USB Cable II/fffffffffffffffe 

[Info] [2022-10-18 10:36:15] MsgOut: COMMAND[get_cable_paras] execute successfully, takes 5.3 secs.
[Debug] [2022-10-18 10:36:15] COMMAND[get_cable_paras] execute successfully, takes 5.3 secs.
[Info] [2022-10-18 10:36:16] MsgOut: PANGO USB CABLE II cable driver: D2XX DLL
[Info] [2022-10-18 10:36:18] MsgOut: COMMAND[open_cable] execute successfully, takes 7.6 secs.
[Debug] [2022-10-18 10:36:18] COMMAND[open_cable] execute successfully, takes 7.6 secs.
[Debug] [2022-10-18 10:36:28] Operation: Program.
[Debug] [2022-10-18 10:36:28] Log::Print : configure
[Debug] [2022-10-18 10:36:28] Send RPC: 4.
[Debug] [2022-10-18 10:36:28] Send cmd [configure:10002] OK
[Debug] [2022-10-18 10:36:28] The value is 6.
[Debug] [2022-10-18 10:36:28] The value is 10.
[Debug] [2022-10-18 10:36:29] The value is 15.
[Debug] [2022-10-18 10:36:29] The value is 20.
[Debug] [2022-10-18 10:36:29] The value is 25.
[Debug] [2022-10-18 10:36:29] The value is 30.
[Debug] [2022-10-18 10:36:29] The value is 35.
[Debug] [2022-10-18 10:36:29] The value is 40.
[Debug] [2022-10-18 10:36:29] The value is 45.
[Debug] [2022-10-18 10:36:29] The value is 50.
[Debug] [2022-10-18 10:36:29] The value is 55.
[Debug] [2022-10-18 10:36:29] The value is 60.
[Debug] [2022-10-18 10:36:29] The value is 65.
[Debug] [2022-10-18 10:36:29] The value is 70.
[Debug] [2022-10-18 10:36:29] The value is 75.
[Debug] [2022-10-18 10:36:29] The value is 80.
[Debug] [2022-10-18 10:36:29] The value is 85.
[Debug] [2022-10-18 10:36:29] The value is 90.
[Debug] [2022-10-18 10:36:29] The value is 95.
[Debug] [2022-10-18 10:36:29] The value is 100.
[Debug] [2022-10-18 10:36:30] [BusValue] Opt:Add.
[Debug] [2022-10-18 10:36:30] [BusValue] Opt:Add.
[Debug] [2022-10-18 10:36:30] [BusValue] Opt:Add.
[Info] [2022-10-18 10:36:30] MsgOut: COMMAND[configure] execute successfully, takes 1.6 secs.
[Debug] [2022-10-18 10:36:30] COMMAND[configure] execute successfully, takes 1.6 secs.
[Debug] [2022-10-18 10:36:30] Log::Print : Import Core: 0 OK
[Debug] [2022-10-18 10:37:43] Operation: Trigger.
[Debug] [2022-10-18 10:37:43] Log::Print : run
[Debug] [2022-10-18 10:37:43] Send RPC: 5.
[Debug] [2022-10-18 10:37:43] Send cmd [run:10003] OK
[Info] [2022-10-18 10:37:43] MsgOut: Core 0 trigger successful at Tue Oct 18 10:37:43 2022
[Debug] [2022-10-18 10:37:43] Operation: ZoomFit
[Debug] [2022-10-18 10:37:43] Finish.
[Debug] [2022-10-18 10:37:43] [BusValue] Opt:Flush.
[Debug] [2022-10-18 10:37:43] [BusValue] Opt:Update.
[Info] [2022-10-18 10:37:43] MsgOut: COMMAND[run] execute successfully, takes 0.6 secs.
[Debug] [2022-10-18 10:37:43] COMMAND[run] execute successfully, takes 0.6 secs.
[Debug] [2022-10-18 10:38:14] Operation: Zoom in.
[Debug] [2022-10-18 10:38:14] Finish.
[Debug] [2022-10-18 10:38:14] Operation: Zoom in.
[Debug] [2022-10-18 10:38:14] Finish.
[Debug] [2022-10-18 10:38:14] Operation: Zoom in.
[Debug] [2022-10-18 10:38:14] Finish.
[Debug] [2022-10-18 10:38:15] Operation: Zoom in.
[Debug] [2022-10-18 10:38:15] Finish.
[Debug] [2022-10-18 10:38:16] Operation: Zoom in.
[Debug] [2022-10-18 10:38:16] Finish.
[Debug] [2022-10-18 10:38:22] Operation: Bus radix changed.
[Debug] [2022-10-18 10:38:22] Bus radix: Unsigned Decimal.
[Debug] [2022-10-18 10:38:22] [BusValue] Opt:Update.
[Debug] [2022-10-18 10:38:22] Finish.
[Debug] [2022-10-18 10:38:25] Operation: Bus radix changed.
[Debug] [2022-10-18 10:38:25] Bus radix: Unsigned Decimal.
[Debug] [2022-10-18 10:38:25] [BusValue] Opt:Update.
[Debug] [2022-10-18 10:38:25] Finish.
[Debug] [2022-10-18 10:38:29] Operation: Bus radix changed.
[Debug] [2022-10-18 10:38:29] Bus radix: Unsigned Decimal.
[Debug] [2022-10-18 10:38:29] [BusValue] Opt:Update.
[Debug] [2022-10-18 10:38:29] Finish.
[Debug] [2022-10-18 10:38:32] Operation: ZoomOut
[Debug] [2022-10-18 10:38:32] Finish.
[Debug] [2022-10-18 10:38:40] Operation: ZoomOut
[Debug] [2022-10-18 10:38:40] Finish.
[Debug] [2022-10-18 10:38:45] Operation: ZoomOut
[Debug] [2022-10-18 10:38:45] Finish.
[Debug] [2022-10-18 10:38:45] Operation: ZoomOut
[Debug] [2022-10-18 10:38:45] Finish.
[Debug] [2022-10-18 10:38:45] Operation: ZoomOut
[Debug] [2022-10-18 10:38:45] Finish.
[Debug] [2022-10-18 10:38:46] Operation: ZoomOut
[Debug] [2022-10-18 10:38:46] Finish.
[Debug] [2022-10-18 10:38:46] Operation: ZoomOut
[Debug] [2022-10-18 10:38:46] Finish.
[Debug] [2022-10-18 10:44:30] Operation: Try to close window.
[Debug] [2022-10-18 10:44:30] /*************************** 2022-10-18 10:44:30  End ***************************/
[Debug] [2022-10-25 09:47:03] /*************************** 2022-10-25 09:47:03  Start ***************************/
[Debug] [2022-10-25 09:47:03] Path: E:/PDS_2021.4-SP1.2/bin
[Debug] [2022-10-25 09:47:03] #Generated by Fabric Debugger (version 2021.4-SP1.2 build 96435) at Tue Oct 25 09:47:03 2022


[Debug] [2022-10-25 09:47:03] Main window show.
[Debug] [2022-10-25 09:47:05] Operation: Scan.
[Debug] [2022-10-25 09:47:05] Client Local host name:DESKTOP-HFJ50FN
[Debug] [2022-10-25 09:47:05] Client Local Address:192.168.1.102
[Debug] [2022-10-25 09:47:05] Client Local Address:192.168.153.1
[Debug] [2022-10-25 09:47:05] Client Local Address:192.168.206.1
[Debug] [2022-10-25 09:47:05] Client Local Address:192.168.2.192
[Debug] [2022-10-25 09:47:05] Server Address:127.0.0.1, Port:65420
[Info] [2022-10-25 09:47:05] Connect OK, Server: 127.0.0.1  Port: 65420
[Debug] [2022-10-25 09:47:05] Finish.
[Debug] [2022-10-25 09:47:05] Send RPC: 1.
[Debug] [2022-10-25 09:47:05] Send cmd [check version information:40004] OK
[Debug] [2022-10-25 09:47:05] Send RPC: 2.
[Debug] [2022-10-25 09:47:05] Send cmd [get_cable_paras:40010] OK
[Debug] [2022-10-25 09:47:05] Send RPC: 3.
[Debug] [2022-10-25 09:47:05] Send cmd [open_cable:10001] OK
[Debug] [2022-10-25 09:47:05] COMMAND[check version information] execute successfully, takes 0.3 secs.
[Debug] [2022-10-25 09:47:07] COMMAND[get_cable_paras] execute successfully, takes 1.2 secs.
[Debug] [2022-10-25 09:47:09] COMMAND[open_cable] execute successfully, takes 3.8 secs.
[Debug] [2022-10-25 09:47:15] Operation: Program.
[Debug] [2022-10-25 09:47:15] Send RPC: 4.
[Debug] [2022-10-25 09:47:15] Send cmd [configure:10002] OK
[Debug] [2022-10-25 09:47:15] The value is 6.
[Debug] [2022-10-25 09:47:15] The value is 10.
[Debug] [2022-10-25 09:47:15] The value is 15.
[Debug] [2022-10-25 09:47:15] The value is 20.
[Debug] [2022-10-25 09:47:15] The value is 25.
[Debug] [2022-10-25 09:47:15] The value is 30.
[Debug] [2022-10-25 09:47:15] The value is 35.
[Debug] [2022-10-25 09:47:15] The value is 40.
[Debug] [2022-10-25 09:47:15] The value is 45.
[Debug] [2022-10-25 09:47:15] The value is 50.
[Debug] [2022-10-25 09:47:15] The value is 55.
[Debug] [2022-10-25 09:47:15] The value is 60.
[Debug] [2022-10-25 09:47:16] The value is 65.
[Debug] [2022-10-25 09:47:16] The value is 70.
[Debug] [2022-10-25 09:47:16] The value is 75.
[Debug] [2022-10-25 09:47:16] The value is 80.
[Debug] [2022-10-25 09:47:16] The value is 85.
[Debug] [2022-10-25 09:47:16] The value is 90.
[Debug] [2022-10-25 09:47:16] The value is 95.
[Debug] [2022-10-25 09:47:16] The value is 100.
[Debug] [2022-10-25 09:47:17] [BusValue] Opt:Add.
[Debug] [2022-10-25 09:47:17] [BusValue] Opt:Add.
[Debug] [2022-10-25 09:47:17] [BusValue] Opt:Add.
[Debug] [2022-10-25 09:47:17] COMMAND[configure] execute successfully, takes 1.9 secs.
[Debug] [2022-10-25 09:47:17] Log::Print : Import Core: 0 OK
[Debug] [2022-10-25 09:47:19] Operation: Trigger.
[Debug] [2022-10-25 09:47:19] Send RPC: 5.
[Debug] [2022-10-25 09:47:19] Send cmd [run:10003] OK
[Debug] [2022-10-25 09:47:20] Operation: ZoomFit
[Debug] [2022-10-25 09:47:20] Finish.
[Debug] [2022-10-25 09:47:20] [BusValue] Opt:Flush.
[Debug] [2022-10-25 09:47:20] [BusValue] Opt:Update.
[Debug] [2022-10-25 09:47:20] COMMAND[run] execute successfully, takes 0.6 secs.
[Debug] [2022-10-25 09:47:34] Operation: ZoomOut
[Debug] [2022-10-25 09:47:34] Finish.
[Debug] [2022-10-25 09:47:44] Operation: Bus radix changed.
[Debug] [2022-10-25 09:47:44] Bus radix: Unsigned Decimal.
[Debug] [2022-10-25 09:47:44] [BusValue] Opt:Update.
[Debug] [2022-10-25 09:47:44] Finish.
[Debug] [2022-10-25 09:47:47] Operation: Bus radix changed.
[Debug] [2022-10-25 09:47:47] Bus radix: Unsigned Decimal.
[Debug] [2022-10-25 09:47:47] [BusValue] Opt:Update.
[Debug] [2022-10-25 09:47:47] Finish.
[Debug] [2022-10-25 09:47:50] Operation: Bus radix changed.
[Debug] [2022-10-25 09:47:50] Bus radix: Unsigned Decimal.
[Debug] [2022-10-25 09:47:50] [BusValue] Opt:Update.
[Debug] [2022-10-25 09:47:50] Finish.
[Debug] [2022-10-25 09:47:56] Operation: Try to close window.
[Debug] [2022-10-25 09:47:56] /*************************** 2022-10-25 09:47:56  End ***************************/
