#Build: Fabric Inserter 2022.1, Build 99559, Jul 12 00:20 2022
#Install: E:\PDS_2022.1\Pango\PDS_2022.1\bin
#Application name: cdt_ins.exe
#OS: Windows 10 10.0.19044
#Hostname: DESKTOP-HFJ50FN
Generated by Fabric Inserter (version 2022.1 build 99559) at Tue Oct 18 10:31:27 2022
*************************************************************************
*
*  Parsing design. Please be patient as this can take several minutes.
*
*************************************************************************
Compiling architecture definition.
Loading technology operator library.
Compiling technology operator library.
Compiling technology operator (valence) library.
Compiling file 'C:/Users/ch/Desktop/2022.1/ip_1port_ram/prj/synthesize/ip_1port_ram_syn.adf' successful.
Creating module hierarchy.
Collecting net information.
*************************************************************************
*
*  Design Parsing Done.
*
*************************************************************************
Read project 'C:/Users/ch/Desktop/2022.1/ip_1port_ram/prj/synthesize/ip_1port_ram_syn.fic' Successfully.
M_PROCESS_FINISH_STARTED

