#Build: Fabric Compiler 2021.4-SP1.2, Build 96435, May 30 04:40 2022
#Install: J:\PDS_2021.4\pango\PDS_2021.4-SP1.2\bin
#Application name: pds_shell.exe
#OS: Windows 7sp1 6.1.7601
#Hostname: USER-20180123QP
Generated by Fabric Compiler (version 2021.4-SP1.2 build 96435) at Wed Jul  6 11:55:21 2022
License checkout: fabric_ads
Compiling verification operator library.
Loading technology operator library.
Compiling technology operator library.
Compiling technology operator (valence) library.
Start rtl-analyze.
I: Enable Verilog2k features and keywords
Executing : .rtl_analyze -work work -include_path {J:/pds/bc/ip_2port_ram/prj} J:/pds/bc/ip_2port_ram/rtl/ram_wr.v
I: Verilog-0001: Analyzing file J:/pds/bc/ip_2port_ram/rtl/ram_wr.v
I: Verilog-0002: [J:/pds/bc/ip_2port_ram/rtl/ram_wr.v(line number: 23)] Analyzing module ram_wr (library work)
Parsing done.
Executing : .rtl_analyze -work work -include_path {J:/pds/bc/ip_2port_ram/prj} J:/pds/bc/ip_2port_ram/rtl/ram_wr.v successfully.
Executing : .rtl_analyze -work work -include_path {J:/pds/bc/ip_2port_ram/prj} J:/pds/bc/ip_2port_ram/rtl/ram_rd.v
I: Verilog-0001: Analyzing file J:/pds/bc/ip_2port_ram/rtl/ram_rd.v
I: Verilog-0002: [J:/pds/bc/ip_2port_ram/rtl/ram_rd.v(line number: 23)] Analyzing module ram_rd (library work)
Parsing done.
Executing : .rtl_analyze -work work -include_path {J:/pds/bc/ip_2port_ram/prj} J:/pds/bc/ip_2port_ram/rtl/ram_rd.v successfully.
Executing : .rtl_analyze -work work -include_path {J:/pds/bc/ip_2port_ram/prj} J:/pds/bc/ip_2port_ram/rtl/ip_2port_ram.v
I: Verilog-0001: Analyzing file J:/pds/bc/ip_2port_ram/rtl/ip_2port_ram.v
I: Verilog-0002: [J:/pds/bc/ip_2port_ram/rtl/ip_2port_ram.v(line number: 23)] Analyzing module ip_2port_ram (library work)
Parsing done.
Executing : .rtl_analyze -work work -include_path {J:/pds/bc/ip_2port_ram/prj} J:/pds/bc/ip_2port_ram/rtl/ip_2port_ram.v successfully.
Executing : .rtl_analyze -include_path {J:/pds/bc/ip_2port_ram/prj} J:/pds/bc/ip_2port_ram/prj/ipcore/ram_2port/rtl/ipml_sdpram_v1_6_ram_2port.v
I: Verilog-0001: Analyzing file J:/pds/bc/ip_2port_ram/prj/ipcore/ram_2port/rtl/ipml_sdpram_v1_6_ram_2port.v
I: Verilog-0002: [J:/pds/bc/ip_2port_ram/prj/ipcore/ram_2port/rtl/ipml_sdpram_v1_6_ram_2port.v(line number: 20)] Analyzing module ipml_sdpram_v1_6_ram_2port (library work)
W: Verilog-2008: [J:/pds/bc/ip_2port_ram/prj/ipcore/ram_2port/rtl/ipml_sdpram_v1_6_ram_2port.v(line number: 313)] Ignore 'system task' $display
W: Verilog-2008: [J:/pds/bc/ip_2port_ram/prj/ipcore/ram_2port/rtl/ipml_sdpram_v1_6_ram_2port.v(line number: 314)] Ignore 'system task' $finish
W: Verilog-2008: [J:/pds/bc/ip_2port_ram/prj/ipcore/ram_2port/rtl/ipml_sdpram_v1_6_ram_2port.v(line number: 317)] Ignore 'system task' $display
W: Verilog-2008: [J:/pds/bc/ip_2port_ram/prj/ipcore/ram_2port/rtl/ipml_sdpram_v1_6_ram_2port.v(line number: 321)] Ignore 'system task' $display
W: Verilog-2008: [J:/pds/bc/ip_2port_ram/prj/ipcore/ram_2port/rtl/ipml_sdpram_v1_6_ram_2port.v(line number: 325)] Ignore 'system task' $display
W: Verilog-2008: [J:/pds/bc/ip_2port_ram/prj/ipcore/ram_2port/rtl/ipml_sdpram_v1_6_ram_2port.v(line number: 329)] Ignore 'system task' $display
W: Verilog-2008: [J:/pds/bc/ip_2port_ram/prj/ipcore/ram_2port/rtl/ipml_sdpram_v1_6_ram_2port.v(line number: 333)] Ignore 'system task' $display
W: Verilog-2008: [J:/pds/bc/ip_2port_ram/prj/ipcore/ram_2port/rtl/ipml_sdpram_v1_6_ram_2port.v(line number: 334)] Ignore 'system task' $finish
W: Verilog-2008: [J:/pds/bc/ip_2port_ram/prj/ipcore/ram_2port/rtl/ipml_sdpram_v1_6_ram_2port.v(line number: 337)] Ignore 'system task' $display
W: Verilog-2008: [J:/pds/bc/ip_2port_ram/prj/ipcore/ram_2port/rtl/ipml_sdpram_v1_6_ram_2port.v(line number: 338)] Ignore 'system task' $finish
W: Verilog-2008: [J:/pds/bc/ip_2port_ram/prj/ipcore/ram_2port/rtl/ipml_sdpram_v1_6_ram_2port.v(line number: 341)] Ignore 'system task' $display
W: Verilog-2008: [J:/pds/bc/ip_2port_ram/prj/ipcore/ram_2port/rtl/ipml_sdpram_v1_6_ram_2port.v(line number: 342)] Ignore 'system task' $finish
W: Verilog-2008: [J:/pds/bc/ip_2port_ram/prj/ipcore/ram_2port/rtl/ipml_sdpram_v1_6_ram_2port.v(line number: 345)] Ignore 'system task' $display
W: Verilog-2008: [J:/pds/bc/ip_2port_ram/prj/ipcore/ram_2port/rtl/ipml_sdpram_v1_6_ram_2port.v(line number: 346)] Ignore 'system task' $finish
W: Verilog-2008: [J:/pds/bc/ip_2port_ram/prj/ipcore/ram_2port/rtl/ipml_sdpram_v1_6_ram_2port.v(line number: 349)] Ignore 'system task' $display
W: Verilog-2008: [J:/pds/bc/ip_2port_ram/prj/ipcore/ram_2port/rtl/ipml_sdpram_v1_6_ram_2port.v(line number: 350)] Ignore 'system task' $finish
W: Verilog-2008: [J:/pds/bc/ip_2port_ram/prj/ipcore/ram_2port/rtl/ipml_sdpram_v1_6_ram_2port.v(line number: 353)] Ignore 'system task' $display
W: Verilog-2008: [J:/pds/bc/ip_2port_ram/prj/ipcore/ram_2port/rtl/ipml_sdpram_v1_6_ram_2port.v(line number: 354)] Ignore 'system task' $finish
W: Verilog-2008: [J:/pds/bc/ip_2port_ram/prj/ipcore/ram_2port/rtl/ipml_sdpram_v1_6_ram_2port.v(line number: 357)] Ignore 'system task' $display
W: Verilog-2008: [J:/pds/bc/ip_2port_ram/prj/ipcore/ram_2port/rtl/ipml_sdpram_v1_6_ram_2port.v(line number: 358)] Ignore 'system task' $finish
W: Verilog-2008: [J:/pds/bc/ip_2port_ram/prj/ipcore/ram_2port/rtl/ipml_sdpram_v1_6_ram_2port.v(line number: 361)] Ignore 'system task' $display
W: Verilog-2008: [J:/pds/bc/ip_2port_ram/prj/ipcore/ram_2port/rtl/ipml_sdpram_v1_6_ram_2port.v(line number: 362)] Ignore 'system task' $finish
W: Verilog-2008: [J:/pds/bc/ip_2port_ram/prj/ipcore/ram_2port/rtl/ipml_sdpram_v1_6_ram_2port.v(line number: 365)] Ignore 'system task' $display
W: Verilog-2008: [J:/pds/bc/ip_2port_ram/prj/ipcore/ram_2port/rtl/ipml_sdpram_v1_6_ram_2port.v(line number: 366)] Ignore 'system task' $finish
W: Verilog-2008: [J:/pds/bc/ip_2port_ram/prj/ipcore/ram_2port/rtl/ipml_sdpram_v1_6_ram_2port.v(line number: 369)] Ignore 'system task' $display
W: Verilog-2008: [J:/pds/bc/ip_2port_ram/prj/ipcore/ram_2port/rtl/ipml_sdpram_v1_6_ram_2port.v(line number: 370)] Ignore 'system task' $finish
W: Verilog-2008: [J:/pds/bc/ip_2port_ram/prj/ipcore/ram_2port/rtl/ipml_sdpram_v1_6_ram_2port.v(line number: 373)] Ignore 'system task' $display
W: Verilog-2008: [J:/pds/bc/ip_2port_ram/prj/ipcore/ram_2port/rtl/ipml_sdpram_v1_6_ram_2port.v(line number: 374)] Ignore 'system task' $finish
W: Verilog-2008: [J:/pds/bc/ip_2port_ram/prj/ipcore/ram_2port/rtl/ipml_sdpram_v1_6_ram_2port.v(line number: 378)] Ignore 'system task' $display
W: Verilog-2008: [J:/pds/bc/ip_2port_ram/prj/ipcore/ram_2port/rtl/ipml_sdpram_v1_6_ram_2port.v(line number: 379)] Ignore 'system task' $finish
W: Verilog-2008: [J:/pds/bc/ip_2port_ram/prj/ipcore/ram_2port/rtl/ipml_sdpram_v1_6_ram_2port.v(line number: 382)] Ignore 'system task' $display
W: Verilog-2008: [J:/pds/bc/ip_2port_ram/prj/ipcore/ram_2port/rtl/ipml_sdpram_v1_6_ram_2port.v(line number: 383)] Ignore 'system task' $finish
W: Verilog-2008: [J:/pds/bc/ip_2port_ram/prj/ipcore/ram_2port/rtl/ipml_sdpram_v1_6_ram_2port.v(line number: 387)] Ignore 'system task' $display
W: Verilog-2008: [J:/pds/bc/ip_2port_ram/prj/ipcore/ram_2port/rtl/ipml_sdpram_v1_6_ram_2port.v(line number: 388)] Ignore 'system task' $finish
W: Verilog-2008: [J:/pds/bc/ip_2port_ram/prj/ipcore/ram_2port/rtl/ipml_sdpram_v1_6_ram_2port.v(line number: 391)] Ignore 'system task' $display
W: Verilog-2008: [J:/pds/bc/ip_2port_ram/prj/ipcore/ram_2port/rtl/ipml_sdpram_v1_6_ram_2port.v(line number: 392)] Ignore 'system task' $finish
W: Verilog-2008: [J:/pds/bc/ip_2port_ram/prj/ipcore/ram_2port/rtl/ipml_sdpram_v1_6_ram_2port.v(line number: 395)] Ignore 'system task' $display
W: Verilog-2008: [J:/pds/bc/ip_2port_ram/prj/ipcore/ram_2port/rtl/ipml_sdpram_v1_6_ram_2port.v(line number: 396)] Ignore 'system task' $finish
W: Verilog-2008: [J:/pds/bc/ip_2port_ram/prj/ipcore/ram_2port/rtl/ipml_sdpram_v1_6_ram_2port.v(line number: 399)] Ignore 'system task' $display
W: Verilog-2008: [J:/pds/bc/ip_2port_ram/prj/ipcore/ram_2port/rtl/ipml_sdpram_v1_6_ram_2port.v(line number: 400)] Ignore 'system task' $finish
W: Verilog-2008: [J:/pds/bc/ip_2port_ram/prj/ipcore/ram_2port/rtl/ipml_sdpram_v1_6_ram_2port.v(line number: 403)] Ignore 'system task' $display
W: Verilog-2008: [J:/pds/bc/ip_2port_ram/prj/ipcore/ram_2port/rtl/ipml_sdpram_v1_6_ram_2port.v(line number: 404)] Ignore 'system task' $finish
W: Verilog-2008: [J:/pds/bc/ip_2port_ram/prj/ipcore/ram_2port/rtl/ipml_sdpram_v1_6_ram_2port.v(line number: 409)] Ignore 'system task' $display
W: Verilog-2008: [J:/pds/bc/ip_2port_ram/prj/ipcore/ram_2port/rtl/ipml_sdpram_v1_6_ram_2port.v(line number: 410)] Ignore 'system task' $finish
W: Verilog-2008: [J:/pds/bc/ip_2port_ram/prj/ipcore/ram_2port/rtl/ipml_sdpram_v1_6_ram_2port.v(line number: 413)] Ignore 'system task' $display
W: Verilog-2008: [J:/pds/bc/ip_2port_ram/prj/ipcore/ram_2port/rtl/ipml_sdpram_v1_6_ram_2port.v(line number: 414)] Ignore 'system task' $finish
W: Verilog-2008: [J:/pds/bc/ip_2port_ram/prj/ipcore/ram_2port/rtl/ipml_sdpram_v1_6_ram_2port.v(line number: 419)] Ignore 'system task' $display
W: Verilog-2008: [J:/pds/bc/ip_2port_ram/prj/ipcore/ram_2port/rtl/ipml_sdpram_v1_6_ram_2port.v(line number: 420)] Ignore 'system task' $finish
W: Verilog-2010: [J:/pds/bc/ip_2port_ram/prj/ipcore/ram_2port/rtl/ipml_sdpram_v1_6_ram_2port.v(line number: 311)] Ignore initial statements except memory $readmemh/$readmemb initialization statements
Parsing done.
Executing : .rtl_analyze -include_path {J:/pds/bc/ip_2port_ram/prj} J:/pds/bc/ip_2port_ram/prj/ipcore/ram_2port/rtl/ipml_sdpram_v1_6_ram_2port.v successfully.
Executing : .rtl_analyze -include_path {J:/pds/bc/ip_2port_ram/prj} J:/pds/bc/ip_2port_ram/prj/ipcore/ram_2port/ram_2port.v
I: Verilog-0001: Analyzing file J:/pds/bc/ip_2port_ram/prj/ipcore/ram_2port/ram_2port.v
I: Verilog-0002: [J:/pds/bc/ip_2port_ram/prj/ipcore/ram_2port/ram_2port.v(line number: 18)] Analyzing module ram_2port (library work)
Parsing done.
Executing : .rtl_analyze -include_path {J:/pds/bc/ip_2port_ram/prj} J:/pds/bc/ip_2port_ram/prj/ipcore/ram_2port/ram_2port.v successfully.
Executing : .rtl_analyze -include_path {J:/pds/bc/ip_2port_ram/prj} J:/pds/bc/ip_2port_ram/prj/ipcore/pll_clk/pll_clk.v
I: Verilog-0001: Analyzing file J:/pds/bc/ip_2port_ram/prj/ipcore/pll_clk/pll_clk.v
I: Verilog-0002: [J:/pds/bc/ip_2port_ram/prj/ipcore/pll_clk/pll_clk.v(line number: 20)] Analyzing module pll_clk (library work)
Parsing done.
Executing : .rtl_analyze -include_path {J:/pds/bc/ip_2port_ram/prj} J:/pds/bc/ip_2port_ram/prj/ipcore/pll_clk/pll_clk.v successfully.
I: Module "ip_2port_ram" is set as top module.
Executing : rtl-analyze successfully. Time elapsed: 0.850s wall, 0.000s user + 0.016s system = 0.016s CPU (1.8%)

Start rtl-elaborate.
I: Verilog-0003: [J:/pds/bc/ip_2port_ram/rtl/ip_2port_ram.v(line number: 23)] Elaborating module ip_2port_ram
I: Verilog-0004: [J:/pds/bc/ip_2port_ram/rtl/ip_2port_ram.v(line number: 57)] Elaborating instance u_pll_clk
I: Verilog-0003: [J:/pds/bc/ip_2port_ram/prj/ipcore/pll_clk/pll_clk.v(line number: 20)] Elaborating module pll_clk
I: Verilog-0004: [J:/pds/bc/ip_2port_ram/prj/ipcore/pll_clk/pll_clk.v(line number: 243)] Elaborating instance u_pll_e1
W: Verilog-2021: [J:/pds/bc/ip_2port_ram/prj/ipcore/pll_clk/pll_clk.v(line number: 120)] Net clkfb in pll_clk(original module pll_clk) does not have a driver, tie it to 0
W: Verilog-2021: [J:/pds/bc/ip_2port_ram/prj/ipcore/pll_clk/pll_clk.v(line number: 123)] Net pfden in pll_clk(original module pll_clk) does not have a driver, tie it to 0
W: Verilog-2021: [J:/pds/bc/ip_2port_ram/prj/ipcore/pll_clk/pll_clk.v(line number: 124)] Net clkout0_gate in pll_clk(original module pll_clk) does not have a driver, tie it to 0
W: Verilog-2021: [J:/pds/bc/ip_2port_ram/prj/ipcore/pll_clk/pll_clk.v(line number: 125)] Net clkout0_2pad_gate in pll_clk(original module pll_clk) does not have a driver, tie it to 0
W: Verilog-2021: [J:/pds/bc/ip_2port_ram/prj/ipcore/pll_clk/pll_clk.v(line number: 126)] Net clkout1_gate in pll_clk(original module pll_clk) does not have a driver, tie it to 0
W: Verilog-2021: [J:/pds/bc/ip_2port_ram/prj/ipcore/pll_clk/pll_clk.v(line number: 127)] Net clkout2_gate in pll_clk(original module pll_clk) does not have a driver, tie it to 0
W: Verilog-2021: [J:/pds/bc/ip_2port_ram/prj/ipcore/pll_clk/pll_clk.v(line number: 128)] Net clkout3_gate in pll_clk(original module pll_clk) does not have a driver, tie it to 0
W: Verilog-2021: [J:/pds/bc/ip_2port_ram/prj/ipcore/pll_clk/pll_clk.v(line number: 129)] Net clkout4_gate in pll_clk(original module pll_clk) does not have a driver, tie it to 0
W: Verilog-2021: [J:/pds/bc/ip_2port_ram/prj/ipcore/pll_clk/pll_clk.v(line number: 130)] Net clkout5_gate in pll_clk(original module pll_clk) does not have a driver, tie it to 0
W: Verilog-2021: [J:/pds/bc/ip_2port_ram/prj/ipcore/pll_clk/pll_clk.v(line number: 131)] Net dyn_idiv in pll_clk(original module pll_clk) does not have a driver, tie it to 0
W: Verilog-2021: [J:/pds/bc/ip_2port_ram/prj/ipcore/pll_clk/pll_clk.v(line number: 132)] Net dyn_odiv0 in pll_clk(original module pll_clk) does not have a driver, tie it to 0
W: Verilog-2021: [J:/pds/bc/ip_2port_ram/prj/ipcore/pll_clk/pll_clk.v(line number: 133)] Net dyn_odiv1 in pll_clk(original module pll_clk) does not have a driver, tie it to 0
W: Verilog-2021: [J:/pds/bc/ip_2port_ram/prj/ipcore/pll_clk/pll_clk.v(line number: 134)] Net dyn_odiv2 in pll_clk(original module pll_clk) does not have a driver, tie it to 0
W: Verilog-2021: [J:/pds/bc/ip_2port_ram/prj/ipcore/pll_clk/pll_clk.v(line number: 135)] Net dyn_odiv3 in pll_clk(original module pll_clk) does not have a driver, tie it to 0
W: Verilog-2021: [J:/pds/bc/ip_2port_ram/prj/ipcore/pll_clk/pll_clk.v(line number: 136)] Net dyn_odiv4 in pll_clk(original module pll_clk) does not have a driver, tie it to 0
W: Verilog-2021: [J:/pds/bc/ip_2port_ram/prj/ipcore/pll_clk/pll_clk.v(line number: 137)] Net dyn_fdiv in pll_clk(original module pll_clk) does not have a driver, tie it to 0
W: Verilog-2021: [J:/pds/bc/ip_2port_ram/prj/ipcore/pll_clk/pll_clk.v(line number: 138)] Net dyn_duty0 in pll_clk(original module pll_clk) does not have a driver, tie it to 0
W: Verilog-2021: [J:/pds/bc/ip_2port_ram/prj/ipcore/pll_clk/pll_clk.v(line number: 139)] Net dyn_duty1 in pll_clk(original module pll_clk) does not have a driver, tie it to 0
W: Verilog-2021: [J:/pds/bc/ip_2port_ram/prj/ipcore/pll_clk/pll_clk.v(line number: 140)] Net dyn_duty2 in pll_clk(original module pll_clk) does not have a driver, tie it to 0
W: Verilog-2021: [J:/pds/bc/ip_2port_ram/prj/ipcore/pll_clk/pll_clk.v(line number: 141)] Net dyn_duty3 in pll_clk(original module pll_clk) does not have a driver, tie it to 0
W: Verilog-2021: [J:/pds/bc/ip_2port_ram/prj/ipcore/pll_clk/pll_clk.v(line number: 142)] Net dyn_duty4 in pll_clk(original module pll_clk) does not have a driver, tie it to 0
W: Verilog-2020: [J:/pds/bc/ip_2port_ram/prj/ipcore/pll_clk/pll_clk.v(line number: 143)] Net dyn_phase0[0] in pll_clk(original module pll_clk) does not have a driver, tie it to 0
W: Verilog-2020: [J:/pds/bc/ip_2port_ram/prj/ipcore/pll_clk/pll_clk.v(line number: 143)] Net dyn_phase0[1] in pll_clk(original module pll_clk) does not have a driver, tie it to 0
W: Verilog-2020: [J:/pds/bc/ip_2port_ram/prj/ipcore/pll_clk/pll_clk.v(line number: 143)] Net dyn_phase0[2] in pll_clk(original module pll_clk) does not have a driver, tie it to 0
W: Verilog-2020: [J:/pds/bc/ip_2port_ram/prj/ipcore/pll_clk/pll_clk.v(line number: 143)] Net dyn_phase0[3] in pll_clk(original module pll_clk) does not have a driver, tie it to 0
W: Verilog-2020: [J:/pds/bc/ip_2port_ram/prj/ipcore/pll_clk/pll_clk.v(line number: 143)] Net dyn_phase0[4] in pll_clk(original module pll_clk) does not have a driver, tie it to 0
W: Verilog-2020: [J:/pds/bc/ip_2port_ram/prj/ipcore/pll_clk/pll_clk.v(line number: 143)] Net dyn_phase0[5] in pll_clk(original module pll_clk) does not have a driver, tie it to 0
W: Verilog-2020: [J:/pds/bc/ip_2port_ram/prj/ipcore/pll_clk/pll_clk.v(line number: 143)] Net dyn_phase0[6] in pll_clk(original module pll_clk) does not have a driver, tie it to 0
W: Verilog-2020: [J:/pds/bc/ip_2port_ram/prj/ipcore/pll_clk/pll_clk.v(line number: 143)] Net dyn_phase0[7] in pll_clk(original module pll_clk) does not have a driver, tie it to 0
W: Verilog-2020: [J:/pds/bc/ip_2port_ram/prj/ipcore/pll_clk/pll_clk.v(line number: 143)] Net dyn_phase0[8] in pll_clk(original module pll_clk) does not have a driver, tie it to 0
W: Verilog-2020: [J:/pds/bc/ip_2port_ram/prj/ipcore/pll_clk/pll_clk.v(line number: 143)] Net dyn_phase0[9] in pll_clk(original module pll_clk) does not have a driver, tie it to 0
W: Verilog-2020: [J:/pds/bc/ip_2port_ram/prj/ipcore/pll_clk/pll_clk.v(line number: 143)] Net dyn_phase0[10] in pll_clk(original module pll_clk) does not have a driver, tie it to 0
W: Verilog-2020: [J:/pds/bc/ip_2port_ram/prj/ipcore/pll_clk/pll_clk.v(line number: 143)] Net dyn_phase0[11] in pll_clk(original module pll_clk) does not have a driver, tie it to 0
W: Verilog-2020: [J:/pds/bc/ip_2port_ram/prj/ipcore/pll_clk/pll_clk.v(line number: 143)] Net dyn_phase0[12] in pll_clk(original module pll_clk) does not have a driver, tie it to 0
W: Verilog-2020: [J:/pds/bc/ip_2port_ram/prj/ipcore/pll_clk/pll_clk.v(line number: 144)] Net dyn_phase1[0] in pll_clk(original module pll_clk) does not have a driver, tie it to 0
W: Verilog-2020: [J:/pds/bc/ip_2port_ram/prj/ipcore/pll_clk/pll_clk.v(line number: 144)] Net dyn_phase1[1] in pll_clk(original module pll_clk) does not have a driver, tie it to 0
W: Verilog-2020: [J:/pds/bc/ip_2port_ram/prj/ipcore/pll_clk/pll_clk.v(line number: 144)] Net dyn_phase1[2] in pll_clk(original module pll_clk) does not have a driver, tie it to 0
W: Verilog-2020: [J:/pds/bc/ip_2port_ram/prj/ipcore/pll_clk/pll_clk.v(line number: 144)] Net dyn_phase1[3] in pll_clk(original module pll_clk) does not have a driver, tie it to 0
W: Verilog-2020: [J:/pds/bc/ip_2port_ram/prj/ipcore/pll_clk/pll_clk.v(line number: 144)] Net dyn_phase1[4] in pll_clk(original module pll_clk) does not have a driver, tie it to 0
W: Verilog-2020: [J:/pds/bc/ip_2port_ram/prj/ipcore/pll_clk/pll_clk.v(line number: 144)] Net dyn_phase1[5] in pll_clk(original module pll_clk) does not have a driver, tie it to 0
W: Verilog-2020: [J:/pds/bc/ip_2port_ram/prj/ipcore/pll_clk/pll_clk.v(line number: 144)] Net dyn_phase1[6] in pll_clk(original module pll_clk) does not have a driver, tie it to 0
W: Verilog-2020: [J:/pds/bc/ip_2port_ram/prj/ipcore/pll_clk/pll_clk.v(line number: 144)] Net dyn_phase1[7] in pll_clk(original module pll_clk) does not have a driver, tie it to 0
W: Verilog-2020: [J:/pds/bc/ip_2port_ram/prj/ipcore/pll_clk/pll_clk.v(line number: 144)] Net dyn_phase1[8] in pll_clk(original module pll_clk) does not have a driver, tie it to 0
W: Verilog-2020: [J:/pds/bc/ip_2port_ram/prj/ipcore/pll_clk/pll_clk.v(line number: 144)] Net dyn_phase1[9] in pll_clk(original module pll_clk) does not have a driver, tie it to 0
W: Verilog-2020: [J:/pds/bc/ip_2port_ram/prj/ipcore/pll_clk/pll_clk.v(line number: 144)] Net dyn_phase1[10] in pll_clk(original module pll_clk) does not have a driver, tie it to 0
W: Verilog-2020: [J:/pds/bc/ip_2port_ram/prj/ipcore/pll_clk/pll_clk.v(line number: 144)] Net dyn_phase1[11] in pll_clk(original module pll_clk) does not have a driver, tie it to 0
W: Verilog-2020: [J:/pds/bc/ip_2port_ram/prj/ipcore/pll_clk/pll_clk.v(line number: 144)] Net dyn_phase1[12] in pll_clk(original module pll_clk) does not have a driver, tie it to 0
W: Verilog-2020: [J:/pds/bc/ip_2port_ram/prj/ipcore/pll_clk/pll_clk.v(line number: 145)] Net dyn_phase2[0] in pll_clk(original module pll_clk) does not have a driver, tie it to 0
W: Verilog-2020: [J:/pds/bc/ip_2port_ram/prj/ipcore/pll_clk/pll_clk.v(line number: 145)] Net dyn_phase2[1] in pll_clk(original module pll_clk) does not have a driver, tie it to 0
W: Verilog-2020: [J:/pds/bc/ip_2port_ram/prj/ipcore/pll_clk/pll_clk.v(line number: 145)] Net dyn_phase2[2] in pll_clk(original module pll_clk) does not have a driver, tie it to 0
W: Verilog-2020: [J:/pds/bc/ip_2port_ram/prj/ipcore/pll_clk/pll_clk.v(line number: 145)] Net dyn_phase2[3] in pll_clk(original module pll_clk) does not have a driver, tie it to 0
W: Verilog-2020: [J:/pds/bc/ip_2port_ram/prj/ipcore/pll_clk/pll_clk.v(line number: 145)] Net dyn_phase2[4] in pll_clk(original module pll_clk) does not have a driver, tie it to 0
W: Verilog-2020: [J:/pds/bc/ip_2port_ram/prj/ipcore/pll_clk/pll_clk.v(line number: 145)] Net dyn_phase2[5] in pll_clk(original module pll_clk) does not have a driver, tie it to 0
W: Verilog-2020: [J:/pds/bc/ip_2port_ram/prj/ipcore/pll_clk/pll_clk.v(line number: 145)] Net dyn_phase2[6] in pll_clk(original module pll_clk) does not have a driver, tie it to 0
W: Verilog-2020: [J:/pds/bc/ip_2port_ram/prj/ipcore/pll_clk/pll_clk.v(line number: 145)] Net dyn_phase2[7] in pll_clk(original module pll_clk) does not have a driver, tie it to 0
W: Verilog-2020: [J:/pds/bc/ip_2port_ram/prj/ipcore/pll_clk/pll_clk.v(line number: 145)] Net dyn_phase2[8] in pll_clk(original module pll_clk) does not have a driver, tie it to 0
W: Verilog-2020: [J:/pds/bc/ip_2port_ram/prj/ipcore/pll_clk/pll_clk.v(line number: 145)] Net dyn_phase2[9] in pll_clk(original module pll_clk) does not have a driver, tie it to 0
W: Verilog-2020: [J:/pds/bc/ip_2port_ram/prj/ipcore/pll_clk/pll_clk.v(line number: 145)] Net dyn_phase2[10] in pll_clk(original module pll_clk) does not have a driver, tie it to 0
W: Verilog-2020: [J:/pds/bc/ip_2port_ram/prj/ipcore/pll_clk/pll_clk.v(line number: 145)] Net dyn_phase2[11] in pll_clk(original module pll_clk) does not have a driver, tie it to 0
W: Verilog-2020: [J:/pds/bc/ip_2port_ram/prj/ipcore/pll_clk/pll_clk.v(line number: 145)] Net dyn_phase2[12] in pll_clk(original module pll_clk) does not have a driver, tie it to 0
W: Verilog-2020: [J:/pds/bc/ip_2port_ram/prj/ipcore/pll_clk/pll_clk.v(line number: 146)] Net dyn_phase3[0] in pll_clk(original module pll_clk) does not have a driver, tie it to 0
W: Verilog-2020: [J:/pds/bc/ip_2port_ram/prj/ipcore/pll_clk/pll_clk.v(line number: 146)] Net dyn_phase3[1] in pll_clk(original module pll_clk) does not have a driver, tie it to 0
W: Verilog-2020: [J:/pds/bc/ip_2port_ram/prj/ipcore/pll_clk/pll_clk.v(line number: 146)] Net dyn_phase3[2] in pll_clk(original module pll_clk) does not have a driver, tie it to 0
W: Verilog-2020: [J:/pds/bc/ip_2port_ram/prj/ipcore/pll_clk/pll_clk.v(line number: 146)] Net dyn_phase3[3] in pll_clk(original module pll_clk) does not have a driver, tie it to 0
W: Verilog-2020: [J:/pds/bc/ip_2port_ram/prj/ipcore/pll_clk/pll_clk.v(line number: 146)] Net dyn_phase3[4] in pll_clk(original module pll_clk) does not have a driver, tie it to 0
W: Verilog-2020: [J:/pds/bc/ip_2port_ram/prj/ipcore/pll_clk/pll_clk.v(line number: 146)] Net dyn_phase3[5] in pll_clk(original module pll_clk) does not have a driver, tie it to 0
W: Verilog-2020: [J:/pds/bc/ip_2port_ram/prj/ipcore/pll_clk/pll_clk.v(line number: 146)] Net dyn_phase3[6] in pll_clk(original module pll_clk) does not have a driver, tie it to 0
W: Verilog-2020: [J:/pds/bc/ip_2port_ram/prj/ipcore/pll_clk/pll_clk.v(line number: 146)] Net dyn_phase3[7] in pll_clk(original module pll_clk) does not have a driver, tie it to 0
W: Verilog-2020: [J:/pds/bc/ip_2port_ram/prj/ipcore/pll_clk/pll_clk.v(line number: 146)] Net dyn_phase3[8] in pll_clk(original module pll_clk) does not have a driver, tie it to 0
W: Verilog-2020: [J:/pds/bc/ip_2port_ram/prj/ipcore/pll_clk/pll_clk.v(line number: 146)] Net dyn_phase3[9] in pll_clk(original module pll_clk) does not have a driver, tie it to 0
W: Verilog-2020: [J:/pds/bc/ip_2port_ram/prj/ipcore/pll_clk/pll_clk.v(line number: 146)] Net dyn_phase3[10] in pll_clk(original module pll_clk) does not have a driver, tie it to 0
W: Verilog-2020: [J:/pds/bc/ip_2port_ram/prj/ipcore/pll_clk/pll_clk.v(line number: 146)] Net dyn_phase3[11] in pll_clk(original module pll_clk) does not have a driver, tie it to 0
W: Verilog-2020: [J:/pds/bc/ip_2port_ram/prj/ipcore/pll_clk/pll_clk.v(line number: 146)] Net dyn_phase3[12] in pll_clk(original module pll_clk) does not have a driver, tie it to 0
W: Verilog-2020: [J:/pds/bc/ip_2port_ram/prj/ipcore/pll_clk/pll_clk.v(line number: 147)] Net dyn_phase4[0] in pll_clk(original module pll_clk) does not have a driver, tie it to 0
W: Verilog-2020: [J:/pds/bc/ip_2port_ram/prj/ipcore/pll_clk/pll_clk.v(line number: 147)] Net dyn_phase4[1] in pll_clk(original module pll_clk) does not have a driver, tie it to 0
W: Verilog-2020: [J:/pds/bc/ip_2port_ram/prj/ipcore/pll_clk/pll_clk.v(line number: 147)] Net dyn_phase4[2] in pll_clk(original module pll_clk) does not have a driver, tie it to 0
W: Verilog-2020: [J:/pds/bc/ip_2port_ram/prj/ipcore/pll_clk/pll_clk.v(line number: 147)] Net dyn_phase4[3] in pll_clk(original module pll_clk) does not have a driver, tie it to 0
W: Verilog-2020: [J:/pds/bc/ip_2port_ram/prj/ipcore/pll_clk/pll_clk.v(line number: 147)] Net dyn_phase4[4] in pll_clk(original module pll_clk) does not have a driver, tie it to 0
W: Verilog-2020: [J:/pds/bc/ip_2port_ram/prj/ipcore/pll_clk/pll_clk.v(line number: 147)] Net dyn_phase4[5] in pll_clk(original module pll_clk) does not have a driver, tie it to 0
W: Verilog-2020: [J:/pds/bc/ip_2port_ram/prj/ipcore/pll_clk/pll_clk.v(line number: 147)] Net dyn_phase4[6] in pll_clk(original module pll_clk) does not have a driver, tie it to 0
W: Verilog-2020: [J:/pds/bc/ip_2port_ram/prj/ipcore/pll_clk/pll_clk.v(line number: 147)] Net dyn_phase4[7] in pll_clk(original module pll_clk) does not have a driver, tie it to 0
W: Verilog-2020: [J:/pds/bc/ip_2port_ram/prj/ipcore/pll_clk/pll_clk.v(line number: 147)] Net dyn_phase4[8] in pll_clk(original module pll_clk) does not have a driver, tie it to 0
W: Verilog-2020: [J:/pds/bc/ip_2port_ram/prj/ipcore/pll_clk/pll_clk.v(line number: 147)] Net dyn_phase4[9] in pll_clk(original module pll_clk) does not have a driver, tie it to 0
W: Verilog-2020: [J:/pds/bc/ip_2port_ram/prj/ipcore/pll_clk/pll_clk.v(line number: 147)] Net dyn_phase4[10] in pll_clk(original module pll_clk) does not have a driver, tie it to 0
W: Verilog-2020: [J:/pds/bc/ip_2port_ram/prj/ipcore/pll_clk/pll_clk.v(line number: 147)] Net dyn_phase4[11] in pll_clk(original module pll_clk) does not have a driver, tie it to 0
W: Verilog-2020: [J:/pds/bc/ip_2port_ram/prj/ipcore/pll_clk/pll_clk.v(line number: 147)] Net dyn_phase4[12] in pll_clk(original module pll_clk) does not have a driver, tie it to 0
I: Verilog-0004: [J:/pds/bc/ip_2port_ram/rtl/ip_2port_ram.v(line number: 66)] Elaborating instance u_ram_wr
I: Verilog-0003: [J:/pds/bc/ip_2port_ram/rtl/ram_wr.v(line number: 23)] Elaborating module ram_wr
I: Verilog-0004: [J:/pds/bc/ip_2port_ram/rtl/ip_2port_ram.v(line number: 75)] Elaborating instance ram_2port_inst
I: Verilog-0003: [J:/pds/bc/ip_2port_ram/prj/ipcore/ram_2port/ram_2port.v(line number: 18)] Elaborating module ram_2port
I: Verilog-0004: [J:/pds/bc/ip_2port_ram/prj/ipcore/ram_2port/ram_2port.v(line number: 159)] Elaborating instance U_ipml_sdpram_ram_2port
I: Verilog-0003: [J:/pds/bc/ip_2port_ram/prj/ipcore/ram_2port/rtl/ipml_sdpram_v1_6_ram_2port.v(line number: 20)] Elaborating module ipml_sdpram_v1_6_ram_2port
I: Module instance {ip_2port_ram.ram_2port_inst.U_ipml_sdpram_ram_2port} parameter value:
    c_SIM_DEVICE = PGL22G
    c_WR_ADDR_WIDTH = 32'b00000000000000000000000000000101
    c_WR_DATA_WIDTH = 32'b00000000000000000000000000001000
    c_RD_ADDR_WIDTH = 32'b00000000000000000000000000000101
    c_RD_DATA_WIDTH = 32'b00000000000000000000000000001000
    c_OUTPUT_REG = 32'b00000000000000000000000000000000
    c_RD_OCE_EN = 32'b00000000000000000000000000000000
    c_WR_ADDR_STROBE_EN = 32'b00000000000000000000000000000000
    c_RD_ADDR_STROBE_EN = 32'b00000000000000000000000000000000
    c_WR_CLK_EN = 32'b00000000000000000000000000000000
    c_RD_CLK_EN = 32'b00000000000000000000000000000000
    c_RD_CLK_OR_POL_INV = 32'b00000000000000000000000000000000
    c_RESET_TYPE = ASYNC_RESET
    c_POWER_OPT = 32'b00000000000000000000000000000000
    c_INIT_FILE = NONE
    c_INIT_FORMAT = BIN
    c_WR_BYTE_EN = 32'b00000000000000000000000000000000
    c_BE_WIDTH = 32'b00000000000000000000000000000001
C: [J:/pds/bc/ip_2port_ram/prj/ipcore/ram_2port/rtl/ipml_sdpram_v1_6_ram_2port.v(line number: 317)] IPSpecCheck: 01030102 ipml_flex_sdpram parameter setting error !!!: c_WR_ADDR_WIDTH must between 8-20 (module instance : ip_2port_ram.ram_2port_inst.U_ipml_sdpram_ram_2port)
W: Verilog-2038: [J:/pds/bc/ip_2port_ram/prj/ipcore/ram_2port/rtl/ipml_sdpram_v1_6_ram_2port.v(line number: 490)] Case condition never applies
W: Verilog-2038: [J:/pds/bc/ip_2port_ram/prj/ipcore/ram_2port/rtl/ipml_sdpram_v1_6_ram_2port.v(line number: 491)] Case condition never applies
W: Verilog-2038: [J:/pds/bc/ip_2port_ram/prj/ipcore/ram_2port/rtl/ipml_sdpram_v1_6_ram_2port.v(line number: 492)] Case condition never applies
W: Verilog-2038: [J:/pds/bc/ip_2port_ram/prj/ipcore/ram_2port/rtl/ipml_sdpram_v1_6_ram_2port.v(line number: 493)] Case condition never applies
W: Verilog-2038: [J:/pds/bc/ip_2port_ram/prj/ipcore/ram_2port/rtl/ipml_sdpram_v1_6_ram_2port.v(line number: 493)] Case condition never applies
W: Verilog-2038: [J:/pds/bc/ip_2port_ram/prj/ipcore/ram_2port/rtl/ipml_sdpram_v1_6_ram_2port.v(line number: 494)] Case condition never applies
W: Verilog-2038: [J:/pds/bc/ip_2port_ram/prj/ipcore/ram_2port/rtl/ipml_sdpram_v1_6_ram_2port.v(line number: 494)] Case condition never applies
W: Verilog-2038: [J:/pds/bc/ip_2port_ram/prj/ipcore/ram_2port/rtl/ipml_sdpram_v1_6_ram_2port.v(line number: 686)] Case condition never applies
W: Verilog-2038: [J:/pds/bc/ip_2port_ram/prj/ipcore/ram_2port/rtl/ipml_sdpram_v1_6_ram_2port.v(line number: 687)] Case condition never applies
W: Verilog-2038: [J:/pds/bc/ip_2port_ram/prj/ipcore/ram_2port/rtl/ipml_sdpram_v1_6_ram_2port.v(line number: 688)] Case condition never applies
W: Verilog-2038: [J:/pds/bc/ip_2port_ram/prj/ipcore/ram_2port/rtl/ipml_sdpram_v1_6_ram_2port.v(line number: 689)] Case condition never applies
W: Verilog-2038: [J:/pds/bc/ip_2port_ram/prj/ipcore/ram_2port/rtl/ipml_sdpram_v1_6_ram_2port.v(line number: 689)] Case condition never applies
W: Verilog-2038: [J:/pds/bc/ip_2port_ram/prj/ipcore/ram_2port/rtl/ipml_sdpram_v1_6_ram_2port.v(line number: 690)] Case condition never applies
W: Verilog-2038: [J:/pds/bc/ip_2port_ram/prj/ipcore/ram_2port/rtl/ipml_sdpram_v1_6_ram_2port.v(line number: 690)] Case condition never applies
I: Verilog-0004: [J:/pds/bc/ip_2port_ram/prj/ipcore/ram_2port/rtl/ipml_sdpram_v1_6_ram_2port.v(line number: 857)] Elaborating instance U_GTP_DRM9K
W: Verilog-2020: [J:/pds/bc/ip_2port_ram/prj/ipcore/ram_2port/rtl/ipml_sdpram_v1_6_ram_2port.v(line number: 777)] Net DA_bus[8] in ipml_sdpram_v1_6_ram_2port(original module ipml_sdpram_v1_6_ram_2port) does not have a driver, tie it to 0
W: Verilog-2020: [J:/pds/bc/ip_2port_ram/prj/ipcore/ram_2port/rtl/ipml_sdpram_v1_6_ram_2port.v(line number: 777)] Net DA_bus[17] in ipml_sdpram_v1_6_ram_2port(original module ipml_sdpram_v1_6_ram_2port) does not have a driver, tie it to 0
W: Verilog-2020: [J:/pds/bc/ip_2port_ram/prj/ipcore/ram_2port/rtl/ipml_sdpram_v1_6_ram_2port.v(line number: 778)] Net DB_bus[8] in ipml_sdpram_v1_6_ram_2port(original module ipml_sdpram_v1_6_ram_2port) does not have a driver, tie it to 0
W: Verilog-2020: [J:/pds/bc/ip_2port_ram/prj/ipcore/ram_2port/rtl/ipml_sdpram_v1_6_ram_2port.v(line number: 778)] Net DB_bus[17] in ipml_sdpram_v1_6_ram_2port(original module ipml_sdpram_v1_6_ram_2port) does not have a driver, tie it to 0
I: Verilog-0004: [J:/pds/bc/ip_2port_ram/rtl/ip_2port_ram.v(line number: 88)] Elaborating instance u_ram_rd
I: Verilog-0003: [J:/pds/bc/ip_2port_ram/rtl/ram_rd.v(line number: 23)] Elaborating module ram_rd
Executing : rtl-elaborate successfully. Time elapsed: 0.023s wall, 0.016s user + 0.000s system = 0.016s CPU (69.2%)

Start rtl-prep.
Executing : rtl-prep successfully. Time elapsed: 0.009s wall, 0.016s user + 0.000s system = 0.016s CPU (179.6%)

Start rtl-infer.
Executing : rtl-infer successfully. Time elapsed: 0.050s wall, 0.047s user + 0.000s system = 0.047s CPU (94.1%)

Start rtl-control-opt.
Executing : rtl-control-opt successfully. Time elapsed: 0.001s wall, 0.000s user + 0.000s system = 0.000s CPU (n/a%)

Start rtl-data-opt.
Executing : rtl-data-opt successfully. Time elapsed: 0.008s wall, 0.000s user + 0.000s system = 0.000s CPU (n/a%)

Start FSM inference.
Executing : FSM inference successfully. Time elapsed: 0.001s wall, 0.016s user + 0.000s system = 0.016s CPU (1343.5%)

Start sdm2adm.
I: Constant propagation done on N123 (bmsWIDEINV).
I: Constant propagation done on N127 (bmsWIDEINV).
I: Constant propagation done on N126 (bmsREDAND).
I: Constant propagation done on N130 (bmsREDAND).
I: Constant propagation done on N107 (bmsREDAND).
I: Constant propagation done on N108 (bmsREDAND).
Executing : sdm2adm successfully. Time elapsed: 0.017s wall, 0.016s user + 0.000s system = 0.016s CPU (92.0%)

Saving design to DB.
Action compile: Real time elapsed is 4.000 sec
Action compile: CPU time elapsed is 1.435 sec
Action compile: Process CPU time elapsed is 1.451 sec
Current time: Wed Jul  6 11:55:23 2022
Action compile: Peak memory pool usage is 105,598,976 bytes
