#Build: Fabric Compiler 2021.4-SP1.2, Build 96435, May 30 04:40 2022
#Install: E:\pango\PDS_2021.4-SP1.2\bin
#Application name: pds_shell.exe
#OS: Windows 10 10.0.19044
#Hostname: DESKTOP-HFJ50FN
Generated by Fabric Compiler (version 2021.4-SP1.2 build 96435) at Wed Sep  7 11:50:48 2022
Compiling verification operator library.
Compiling common defs.
Compiling prim grid devices.
Compiling gate devices.
Compiling gate operators.
Building architecture model.
Loading device packaging model.
I: Parameter configuration file C:/Users/ch/Desktop/90/ip_2port_ram/prj/testparam.txt cannot open.
Building architecture floorplan logic view.
Executing : apply_constraint -f C:/Users/ch/Desktop/90/ip_2port_ram/prj/device_map/ip_2port_ram.pcf
Constraint check start.
Executing : def_port sys_clk -LOC B5 -VCCIO 3.3 -IOSTANDARD LVCMOS33 -BUS_KEEPER NONE
Executing : def_port sys_clk -LOC B5 -VCCIO 3.3 -IOSTANDARD LVCMOS33 -BUS_KEEPER NONE successfully.
Executing : def_port sys_rst_n -LOC G5 -VCCIO 1.5 -IOSTANDARD LVCMOS15 -BUS_KEEPER NONE
Executing : def_port sys_rst_n -LOC G5 -VCCIO 1.5 -IOSTANDARD LVCMOS15 -BUS_KEEPER NONE successfully.
W: ConstraintEditor-4019: Port 'clk_25m' unspecified I/O constraint.
W: ConstraintEditor-4019: Port 'clk_50m' unspecified I/O constraint.
W: ConstraintEditor-4019: Port 'locked' unspecified I/O constraint.
W: ConstraintEditor-4019: Port 'rd_addr_tb[0]' unspecified I/O constraint.
W: ConstraintEditor-4019: Port 'rd_addr_tb[1]' unspecified I/O constraint.
W: ConstraintEditor-4019: Port 'rd_addr_tb[2]' unspecified I/O constraint.
W: ConstraintEditor-4019: Port 'rd_addr_tb[3]' unspecified I/O constraint.
W: ConstraintEditor-4019: Port 'rd_addr_tb[4]' unspecified I/O constraint.
W: ConstraintEditor-4019: Port 'rd_data_tb[0]' unspecified I/O constraint.
W: ConstraintEditor-4019: Port 'rd_data_tb[1]' unspecified I/O constraint.
W: ConstraintEditor-4019: Port 'rd_data_tb[2]' unspecified I/O constraint.
W: ConstraintEditor-4019: Port 'rd_data_tb[3]' unspecified I/O constraint.
W: ConstraintEditor-4019: Port 'rd_data_tb[4]' unspecified I/O constraint.
W: ConstraintEditor-4019: Port 'rd_data_tb[5]' unspecified I/O constraint.
W: ConstraintEditor-4019: Port 'rd_data_tb[6]' unspecified I/O constraint.
W: ConstraintEditor-4019: Port 'rd_data_tb[7]' unspecified I/O constraint.
W: ConstraintEditor-4019: Port 'rd_en_tb' unspecified I/O constraint.
W: ConstraintEditor-4019: Port 'wr_addr_tb[0]' unspecified I/O constraint.
W: ConstraintEditor-4019: Port 'wr_addr_tb[1]' unspecified I/O constraint.
W: ConstraintEditor-4019: Port 'wr_addr_tb[2]' unspecified I/O constraint.
W: ConstraintEditor-4019: Port 'wr_addr_tb[3]' unspecified I/O constraint.
W: ConstraintEditor-4019: Port 'wr_addr_tb[4]' unspecified I/O constraint.
W: ConstraintEditor-4019: Port 'wr_data_tb[0]' unspecified I/O constraint.
W: ConstraintEditor-4019: Port 'wr_data_tb[1]' unspecified I/O constraint.
W: ConstraintEditor-4019: Port 'wr_data_tb[2]' unspecified I/O constraint.
W: ConstraintEditor-4019: Port 'wr_data_tb[3]' unspecified I/O constraint.
W: ConstraintEditor-4019: Port 'wr_data_tb[4]' unspecified I/O constraint.
W: ConstraintEditor-4019: Port 'wr_data_tb[5]' unspecified I/O constraint.
W: ConstraintEditor-4019: Port 'wr_data_tb[6]' unspecified I/O constraint.
W: ConstraintEditor-4019: Port 'wr_data_tb[7]' unspecified I/O constraint.
W: ConstraintEditor-4019: Port 'wr_en_tb' unspecified I/O constraint.
Constraint check end.
Executing : apply_constraint -f C:/Users/ch/Desktop/90/ip_2port_ram/prj/device_map/ip_2port_ram.pcf successfully.
I: Column Clock Check close.

Placement started.
Pre global placement started.
Mapping instance u_CORES/u_GTP_SCANCHAIN_PG/scanchain to SCANCHAIN_48_328.
Mapping instance u_pll_clk/u_pll_e1/goppll to PLL_82_319.
Wirelength after clock region placement is 4918.
Mapping instance clkbufg_7/gopclkbufg to USCM_74_104.
Mapping instance clkbufg_5/gopclkbufg to USCM_74_105.
Mapping instance clkbufg_4/gopclkbufg to USCM_74_106.
Mapping instance clkbufg_6/gopclkbufg to USCM_74_107.
Mapping instance clkbufg_3/gopclkbufg to USCM_74_108.
Pre global placement takes 2.61 sec.

Global placement started.
Run super clustering :
	Initial slack 13999.
	2 iterations finished.
	Final slack 14892.
Super clustering done.
Design Utilization : 4%.
Wirelength after global placement is 5107.
Global placement takes 0.77 sec.

Post global placement started.
Placed fixed group with base inst sys_clk_ibuf/opit_1 on IOL_7_298.
Placed fixed group with base inst sys_rst_n_ibuf/opit_1 on IOL_7_241.
Placed fixed instance clkbufg_3/gopclkbufg on USCM_74_108.
Placed fixed instance clkbufg_4/gopclkbufg on USCM_74_106.
Placed fixed instance clkbufg_5/gopclkbufg on USCM_74_105.
Placed fixed instance clkbufg_6/gopclkbufg on USCM_74_107.
Placed fixed instance clkbufg_7/gopclkbufg on USCM_74_104.
Placed fixed instance u_CORES/u_GTP_SCANCHAIN_PG/scanchain on SCANCHAIN_48_328.
Placed fixed instance u_pll_clk/u_pll_e1/goppll on PLL_82_319.
Placed fixed instance BKCL_auto_0 on BKCL_2_268.
Placed fixed instance BKCL_auto_1 on BKCL_2_144.
IO placement started.
IO placement takes 0.02 sec.

Macro cell placement started.
Wirelength after Macro cell placement is 6346.
Macro cell placement takes 0.00 sec.

Run super clustering :
	Initial slack 13999.
	2 iterations finished.
	Final slack 14892.
Super clustering done.
Design Utilization : 4%.
Wirelength after post global placement is 5597.
Post global placement takes 0.36 sec.

Legalization started.
Wirelength after legalization is 6190.
Legalization takes 0.03 sec.

Timing-driven detailed placement started.
replication start
Worst slack before Replication Place is 14955.
Wirelength after replication placement is 6190.
Legalized cost 14955.000000.
The detailed placement ends at 0th iteration.
Wirelength after detailed placement is 6190.
Timing-driven detailed placement takes 0.09 sec.

Worst slack is 16722, TNS after placement is 0.
Placement done.
Total placement takes 4.13 sec.
Finished placement. (CPU time elapsed 0h:00m:04s)

Routing started.
Building routing graph takes 0.52 sec.
Worst slack is 16722, TNS before global route is 0.
Processing design graph takes 0.09 sec.
Total memory for routing:
	47.502914 M.
Total nets for routing : 1081.
Rcf routing step 1 processed 0 nets, it takes 0.00 sec.
Rcf routing step 2 processed 0 nets, it takes 0.00 sec.
Rcf routing step 3 processed 0 nets, it takes 0.00 sec.
Unrouted nets 0 at the end of iteration 0.
Global Routing step 1 processed 160 nets, it takes 0.00 sec.
Unrouted nets 265 at the end of iteration 0.
Unrouted nets 122 at the end of iteration 1.
Unrouted nets 50 at the end of iteration 2.
Unrouted nets 26 at the end of iteration 3.
Unrouted nets 12 at the end of iteration 4.
Unrouted nets 8 at the end of iteration 5.
Unrouted nets 1 at the end of iteration 6.
Unrouted nets 2 at the end of iteration 7.
Unrouted nets 1 at the end of iteration 8.
Unrouted nets 1 at the end of iteration 9.
Unrouted nets 2 at the end of iteration 10.
Unrouted nets 1 at the end of iteration 11.
Unrouted nets 0 at the end of iteration 12.
Global Routing step 2 processed 361 nets, it takes 0.92 sec.
Unrouted nets 4 at the end of iteration 0.
Unrouted nets 1 at the end of iteration 1.
Unrouted nets 1 at the end of iteration 2.
Unrouted nets 0 at the end of iteration 3.
Global Routing step 3 processed 23 nets, it takes 0.02 sec.
Global routing takes 0.94 sec.
Total 1107 subnets.
    forward max bucket size 18521 , backward 245.
        Unrouted nets 519 at the end of iteration 0.
    route iteration 0, CPU time elapsed 0.203125 sec.
    forward max bucket size 18520 , backward 169.
        Unrouted nets 384 at the end of iteration 1.
    route iteration 1, CPU time elapsed 0.125000 sec.
    forward max bucket size 18520 , backward 103.
        Unrouted nets 288 at the end of iteration 2.
    route iteration 2, CPU time elapsed 0.109375 sec.
    forward max bucket size 18520 , backward 108.
        Unrouted nets 242 at the end of iteration 3.
    route iteration 3, CPU time elapsed 0.093750 sec.
    forward max bucket size 71 , backward 130.
        Unrouted nets 171 at the end of iteration 4.
    route iteration 4, CPU time elapsed 0.031250 sec.
    forward max bucket size 196 , backward 203.
        Unrouted nets 117 at the end of iteration 5.
    route iteration 5, CPU time elapsed 0.015625 sec.
    forward max bucket size 26 , backward 47.
        Unrouted nets 84 at the end of iteration 6.
    route iteration 6, CPU time elapsed 0.015625 sec.
    forward max bucket size 26 , backward 43.
        Unrouted nets 62 at the end of iteration 7.
    route iteration 7, CPU time elapsed 0.000000 sec.
    forward max bucket size 23 , backward 39.
        Unrouted nets 31 at the end of iteration 8.
    route iteration 8, CPU time elapsed 0.000000 sec.
    forward max bucket size 26 , backward 37.
        Unrouted nets 20 at the end of iteration 9.
    route iteration 9, CPU time elapsed 0.015625 sec.
    forward max bucket size 20 , backward 41.
        Unrouted nets 14 at the end of iteration 10.
    route iteration 10, CPU time elapsed 0.000000 sec.
    forward max bucket size 21 , backward 35.
        Unrouted nets 7 at the end of iteration 11.
    route iteration 11, CPU time elapsed 0.000000 sec.
    forward max bucket size 15 , backward 22.
        Unrouted nets 0 at the end of iteration 12.
    route iteration 12, CPU time elapsed 0.000000 sec.
C: Route-2036: The clock path from u_CORES/u_GTP_SCANCHAIN_PG/scanchain:CAPDR to clkbufg_3/gopclkbufg:CLK is routed by SRB.
C: Route-2036: The clock path from u_CORES/u_GTP_SCANCHAIN_PG/scanchain:TCK_USER to clkbufg_6/gopclkbufg:CLK is routed by SRB.
Detailed routing takes 0.63 sec.
Start fix hold violation.
Build tmp routing results takes 0.00 sec.
Timing analysis takes 0.06 sec.
Hold violation fix iter 0 takes 0.00 sec, total_step_forward 384.
Incremental timing analysis takes 0.05 sec.
Hold violation fix iter 1 takes 0.00 sec, total_step_forward 0.
Fix hold violation Finished.
Hold Violation Fix in router takes 0.23 sec.

Dispose routing result:
    Collect routing result.
    Delete unused device instances.
    Annotate routing result.
    Change LUT configuration.
    Dispose misc instances.
    Annotate routing result again.
Finish routing takes 0.13 sec.
Used srb routing arc is 9051.
Cleanup routing takes 0.02 sec.
Routing done.
Total routing takes 2.73 sec.

C: Place-2025: The VCCIO 1.5 in BANK BANKL1 is incompatible.

Device Utilization Summary :
+----------------------------------------------------------------------------+
| Logic Utilization        | Used     | Available     | Utilization(%)     
+----------------------------------------------------------------------------+
| Use of ADC               | 0        | 1             | 0                   
| Use of APM               | 0        | 30            | 0                   
| Use of BKCL              | 2        | 6             | 34                  
| Use of CLMA              | 202      | 3274          | 7                   
|   FF                     | 524      | 19644         | 3                   
|   LUT                    | 513      | 13096         | 4                   
|   LUT-FF pairs           | 318      | 13096         | 3                   
| Use of CLMS              | 66       | 1110          | 6                   
|   FF                     | 143      | 6660          | 3                   
|   LUT                    | 163      | 4440          | 4                   
|   LUT-FF pairs           | 97       | 4440          | 3                   
|   Distributed RAM        | 0        | 4440          | 0                   
| Use of CRYSTAL           | 0        | 6             | 0                   
| Use of DLL               | 0        | 6             | 0                   
| Use of DQSL              | 0        | 18            | 0                   
| Use of DRM               | 4.5      | 48            | 10                  
| Use of FLSIF             | 0        | 1             | 0                   
| Use of FUSECODE          | 0        | 1             | 0                   
| Use of HARD0N1           | 0        | 2745          | 0                   
| Use of HMEMC             | 0        | 2             | 0                   
| Use of IO                | 33       | 240           | 14                  
|   IOBD                   | 18       | 120           | 15                  
|   IOBR                   | 1        | 6             | 17                  
|   IOBS                   | 14       | 114           | 13                  
| Use of IOCKDIV           | 0        | 12            | 0                   
| Use of IOCKDLY           | 0        | 24            | 0                   
| Use of IOCKGATE          | 0        | 12            | 0                   
| Use of IOCKGMUX_TEST     | 0        | 12            | 0                   
| Use of IOL               | 33       | 240           | 14                  
| Use of IPAL              | 0        | 1             | 0                   
| Use of MFG_TEST          | 0        | 1             | 0                   
| Use of OSC               | 0        | 1             | 0                   
| Use of PLL               | 1        | 6             | 17                  
| Use of PREGMUX_TEST      | 0        | 6             | 0                   
| Use of RCKB              | 0        | 24            | 0                   
| Use of RCKBMUX_TEST      | 0        | 12            | 0                   
| Use of RESCAL            | 0        | 6             | 0                   
| Use of SCANCHAIN         | 1        | 4             | 25                  
| Use of START             | 1        | 1             | 100                 
| Use of UDID              | 0        | 1             | 0                   
| Use of USCM              | 7        | 20            | 35                  
| Use of USCMMUX_TEST      | 0        | 20            | 0                   
| Use of VCKBMUX_TEST      | 0        | 12            | 0                   
+----------------------------------------------------------------------------+

Finished routing. (CPU time elapsed 0h:00m:02s)
Design 'ip_2port_ram' has been placed and routed successfully.
Saving design to DB.
Finished placement and routing. (CPU time elapsed 0h:00m:10s)
Action pnr: Real time elapsed is 13.000 sec
Action pnr: CPU time elapsed is 11.078 sec
Action pnr: Process CPU time elapsed is 11.078 sec
Current time: Wed Sep  7 11:50:59 2022
Action pnr: Peak memory pool usage is 491,556,864 bytes
