#Build: Fabric Compiler 2022.1, Build 99559, Jul 12 00:20 2022
#Install: E:\PDS_2022.1\Pango\PDS_2022.1\bin
#Application name: pds_shell.exe
#OS: Windows 10 10.0.19044
#Hostname: DESKTOP-HFJ50FN
Generated by Fabric Compiler (version 2022.1 build 99559) at Tue Oct 18 11:09:25 2022
Compiling verification operator library.
Compiling common defs.
Compiling prim grid devices.
Compiling gate devices.
Compiling gate operators.
Building architecture model.
Loading device packaging model.
Building architecture floorplan logic view.
Constraint check start.
Executing : def_port {sys_clk} LOC=B5 VCCIO=3.3 IOSTANDARD=LVCMOS33 NONE=TRUE
Executing : def_port {sys_clk} LOC=B5 VCCIO=3.3 IOSTANDARD=LVCMOS33 NONE=TRUE successfully
Executing : def_port {sys_rst_n} LOC=G5 VCCIO=1.5 IOSTANDARD=LVCMOS15 NONE=TRUE
Executing : def_port {sys_rst_n} LOC=G5 VCCIO=1.5 IOSTANDARD=LVCMOS15 NONE=TRUE successfully
W: ConstraintEditor-4019: Port 'clk_25m' unspecified I/O constraint.
W: ConstraintEditor-4019: Port 'clk_50m' unspecified I/O constraint.
W: ConstraintEditor-4019: Port 'locked' unspecified I/O constraint.
W: ConstraintEditor-4019: Port 'ram_rd_addr[0]' unspecified I/O constraint.
W: ConstraintEditor-4019: Port 'ram_rd_addr[1]' unspecified I/O constraint.
W: ConstraintEditor-4019: Port 'ram_rd_addr[2]' unspecified I/O constraint.
W: ConstraintEditor-4019: Port 'ram_rd_addr[3]' unspecified I/O constraint.
W: ConstraintEditor-4019: Port 'ram_rd_addr[4]' unspecified I/O constraint.
W: ConstraintEditor-4019: Port 'ram_rd_data[0]' unspecified I/O constraint.
W: ConstraintEditor-4019: Port 'ram_rd_data[1]' unspecified I/O constraint.
W: ConstraintEditor-4019: Port 'ram_rd_data[2]' unspecified I/O constraint.
W: ConstraintEditor-4019: Port 'ram_rd_data[3]' unspecified I/O constraint.
W: ConstraintEditor-4019: Port 'ram_rd_data[4]' unspecified I/O constraint.
W: ConstraintEditor-4019: Port 'ram_rd_data[5]' unspecified I/O constraint.
W: ConstraintEditor-4019: Port 'ram_rd_data[6]' unspecified I/O constraint.
W: ConstraintEditor-4019: Port 'ram_rd_data[7]' unspecified I/O constraint.
W: ConstraintEditor-4019: Port 'ram_rd_en' unspecified I/O constraint.
W: ConstraintEditor-4019: Port 'ram_wr_addr[0]' unspecified I/O constraint.
W: ConstraintEditor-4019: Port 'ram_wr_addr[1]' unspecified I/O constraint.
W: ConstraintEditor-4019: Port 'ram_wr_addr[2]' unspecified I/O constraint.
W: ConstraintEditor-4019: Port 'ram_wr_addr[3]' unspecified I/O constraint.
W: ConstraintEditor-4019: Port 'ram_wr_addr[4]' unspecified I/O constraint.
W: ConstraintEditor-4019: Port 'ram_wr_data[0]' unspecified I/O constraint.
W: ConstraintEditor-4019: Port 'ram_wr_data[1]' unspecified I/O constraint.
W: ConstraintEditor-4019: Port 'ram_wr_data[2]' unspecified I/O constraint.
W: ConstraintEditor-4019: Port 'ram_wr_data[3]' unspecified I/O constraint.
W: ConstraintEditor-4019: Port 'ram_wr_data[4]' unspecified I/O constraint.
W: ConstraintEditor-4019: Port 'ram_wr_data[5]' unspecified I/O constraint.
W: ConstraintEditor-4019: Port 'ram_wr_data[6]' unspecified I/O constraint.
W: ConstraintEditor-4019: Port 'ram_wr_data[7]' unspecified I/O constraint.
W: ConstraintEditor-4019: Port 'ram_wr_en' unspecified I/O constraint.
Constraint check end.
I: Column Clock Check close.

Placement started.
Phase 1 Pre global placement started.
Mapping instance u_CORES/u_GTP_SCANCHAIN_PG/scanchain to SCANCHAIN_48_328.
Mapping instance u_pll_clk/u_pll_e1/goppll to PLL_82_319.
Phase 1.1 1st GP placement started.
Design Utilization : 4%.
Wirelength after clock region global placement is 4573.
1st GP placement takes 0.98 sec.

Phase 1.2 Clock placement started.
Mapping instance clkbufg_3/gopclkbufg to USCM_74_104.
Mapping instance clkbufg_5/gopclkbufg to USCM_74_105.
Mapping instance clkbufg_6/gopclkbufg to USCM_74_106.
C: Place-2028: GLOBAL_CLOCK: the driver u_CORES/u_GTP_SCANCHAIN_PG/scanchain fixed at SCANCHAIN_48_328 is unreasonable. Sub-optimal placement for a clock source and a clock buffer.
Mapping instance clkbufg_4/gopclkbufg to USCM_74_107.
C: Place-2028: GLOBAL_CLOCK: the driver u_CORES/u_GTP_SCANCHAIN_PG/scanchain fixed at SCANCHAIN_48_328 is unreasonable. Sub-optimal placement for a clock source and a clock buffer.
Mapping instance clkbufg_7/gopclkbufg to USCM_74_108.
Clock placement takes 0.77 sec.

Pre global placement takes 2.39 sec.

Phase 2 Global placement started.
Phase 2.1 Fixed placement started.
Placed fixed group with base inst sys_clk_ibuf/opit_1 on IOL_7_298.
Placed fixed group with base inst sys_rst_n_ibuf/opit_1 on IOL_7_241.
Placed fixed instance clkbufg_3/gopclkbufg on USCM_74_104.
Placed fixed instance clkbufg_4/gopclkbufg on USCM_74_107.
Placed fixed instance clkbufg_5/gopclkbufg on USCM_74_105.
Placed fixed instance clkbufg_6/gopclkbufg on USCM_74_106.
Placed fixed instance clkbufg_7/gopclkbufg on USCM_74_108.
Placed fixed instance u_CORES/u_GTP_SCANCHAIN_PG/scanchain on SCANCHAIN_48_328.
Placed fixed instance u_pll_clk/u_pll_e1/goppll on PLL_82_319.
Placed fixed instance BKCL_auto_0 on BKCL_2_268.
Placed fixed instance BKCL_auto_1 on BKCL_2_144.
Fixed placement takes 0.00 sec.

Phase 2.2 Process placement started.
Process placement takes 0.00 sec.

Phase 2.3 IO placement started.
IO placement takes 0.02 sec.

Phase 2.4 2nd GP placement started.
Run super clustering :
	Initial slack 14853.
	1 iterations finished.
	Final slack 14853.
Super clustering done.
Design Utilization : 4%.
2nd GP placement takes 0.53 sec.

Wirelength after global placement is 4152.
Global placement takes 0.55 sec.

Phase 3 Post global placement started.
Phase 3.1 Macro cell placement started.
Wirelength after macro cell placement is 4433.
Macro cell placement takes 0.00 sec.

Phase 3.2 3rd GP placement started.
Run super clustering :
	Initial slack 14853.
	1 iterations finished.
	Final slack 14853.
Super clustering done.
Design Utilization : 4%.
3rd GP placement takes 0.59 sec.

Wirelength after post global placement is 3896.
Post global placement takes 0.59 sec.

Phase 4 Legalization started.
The average distance in LP is 1.091255.
Wirelength after legalization is 4518.
Legalization takes 0.03 sec.

Phase 5 Timing-driven detailed placement started.
Phase 5.1 Replication placement started.
Worst slack before Replication Place is 14955.
Replication placement takes 0.05 sec.

Wirelength after replication placement is 4518.
Phase 5.2 DP placement started.
Legalized cost 14955.000000.
The detailed placement ends at 0th iteration.
DP placement takes 0.03 sec.

Wirelength after detailed placement is 4518.
Timing-driven detailed placement takes 0.08 sec.

Worst slack is 16722, TNS after placement is 0.
Placement done.
Total placement takes 3.84 sec.
Finished placement. (CPU time elapsed 0h:00m:03s)

Routing started.
Building routing graph takes 0.48 sec.
Worst slack is 16722, TNS before global route is 0.
Processing design graph takes 0.09 sec.
Total memory for routing:
	47.469177 M.
Total nets for routing : 1057.
Rcf routing step 1 processed 0 nets, it takes 0.00 sec.
Rcf routing step 2 processed 0 nets, it takes 0.00 sec.
Rcf routing step 3 processed 0 nets, it takes 0.00 sec.
Unrouted nets 0 at the end of iteration 0.
Global Routing step 1 processed 162 nets, it takes 0.00 sec.
Unrouted nets 299 at the end of iteration 0.
Unrouted nets 143 at the end of iteration 1.
Unrouted nets 85 at the end of iteration 2.
Unrouted nets 40 at the end of iteration 3.
Unrouted nets 20 at the end of iteration 4.
Unrouted nets 10 at the end of iteration 5.
Unrouted nets 6 at the end of iteration 6.
Unrouted nets 7 at the end of iteration 7.
Unrouted nets 5 at the end of iteration 8.
Unrouted nets 1 at the end of iteration 9.
Unrouted nets 1 at the end of iteration 10.
Unrouted nets 1 at the end of iteration 11.
Unrouted nets 1 at the end of iteration 12.
Unrouted nets 1 at the end of iteration 13.
Unrouted nets 1 at the end of iteration 14.
Unrouted nets 0 at the end of iteration 15.
Global Routing step 2 processed 392 nets, it takes 1.00 sec.
Unrouted nets 0 at the end of iteration 0.
Global Routing step 3 processed 6 nets, it takes 0.02 sec.
Global routing takes 1.03 sec.
Total 1064 subnets.
    forward max bucket size 18521 , backward 96.
        Unrouted nets 464 at the end of iteration 0.
    route iteration 0, CPU time elapsed 0.171875 sec.
    forward max bucket size 18524 , backward 34.
        Unrouted nets 399 at the end of iteration 1.
    route iteration 1, CPU time elapsed 0.093750 sec.
    forward max bucket size 18526 , backward 71.
        Unrouted nets 310 at the end of iteration 2.
    route iteration 2, CPU time elapsed 0.093750 sec.
    forward max bucket size 17455 , backward 31.
        Unrouted nets 229 at the end of iteration 3.
    route iteration 3, CPU time elapsed 0.062500 sec.
    forward max bucket size 74 , backward 110.
        Unrouted nets 170 at the end of iteration 4.
    route iteration 4, CPU time elapsed 0.031250 sec.
    forward max bucket size 121 , backward 77.
        Unrouted nets 102 at the end of iteration 5.
    route iteration 5, CPU time elapsed 0.000000 sec.
    forward max bucket size 23 , backward 43.
        Unrouted nets 55 at the end of iteration 6.
    route iteration 6, CPU time elapsed 0.015625 sec.
    forward max bucket size 25 , backward 64.
        Unrouted nets 42 at the end of iteration 7.
    route iteration 7, CPU time elapsed 0.000000 sec.
    forward max bucket size 36 , backward 58.
        Unrouted nets 45 at the end of iteration 8.
    route iteration 8, CPU time elapsed 0.000000 sec.
    forward max bucket size 34 , backward 52.
        Unrouted nets 29 at the end of iteration 9.
    route iteration 9, CPU time elapsed 0.015625 sec.
    forward max bucket size 41 , backward 21.
        Unrouted nets 3 at the end of iteration 10.
    route iteration 10, CPU time elapsed 0.000000 sec.
    forward max bucket size 12 , backward 13.
        Unrouted nets 1 at the end of iteration 11.
    route iteration 11, CPU time elapsed 0.000000 sec.
    forward max bucket size 4 , backward 1.
        Unrouted nets 1 at the end of iteration 12.
    route iteration 12, CPU time elapsed 0.000000 sec.
    forward max bucket size 4 , backward 1.
        Unrouted nets 1 at the end of iteration 13.
    route iteration 13, CPU time elapsed 0.000000 sec.
    forward max bucket size 4 , backward 1.
        Unrouted nets 1 at the end of iteration 14.
    route iteration 14, CPU time elapsed 0.000000 sec.
    forward max bucket size 4 , backward 1.
        Unrouted nets 1 at the end of iteration 15.
    route iteration 15, CPU time elapsed 0.000000 sec.
    forward max bucket size 4 , backward 1.
        Unrouted nets 1 at the end of iteration 16.
    route iteration 16, CPU time elapsed 0.000000 sec.
    forward max bucket size 4 , backward 1.
        Unrouted nets 1 at the end of iteration 17.
    route iteration 17, CPU time elapsed 0.000000 sec.
    forward max bucket size 4 , backward 1.
        Unrouted nets 1 at the end of iteration 18.
    route iteration 18, CPU time elapsed 0.015625 sec.
    forward max bucket size 4 , backward 1.
        Unrouted nets 1 at the end of iteration 19.
    route iteration 19, CPU time elapsed 0.000000 sec.
    forward max bucket size 4 , backward 1.
        Unrouted nets 1 at the end of iteration 20.
    route iteration 20, CPU time elapsed 0.000000 sec.
    forward max bucket size 4 , backward 1.
        Unrouted nets 1 at the end of iteration 21.
    route iteration 21, CPU time elapsed 0.000000 sec.
    forward max bucket size 4 , backward 1.
        Unrouted nets 1 at the end of iteration 22.
    route iteration 22, CPU time elapsed 0.000000 sec.
    forward max bucket size 4 , backward 1.
        Unrouted nets 1 at the end of iteration 23.
    route iteration 23, CPU time elapsed 0.000000 sec.
    forward max bucket size 4 , backward 1.
        Unrouted nets 1 at the end of iteration 24.
    route iteration 24, CPU time elapsed 0.000000 sec.
    forward max bucket size 4 , backward 1.
        Unrouted nets 1 at the end of iteration 25.
    route iteration 25, CPU time elapsed 0.000000 sec.
    forward max bucket size 4 , backward 1.
        Unrouted nets 1 at the end of iteration 26.
    route iteration 26, CPU time elapsed 0.000000 sec.
    forward max bucket size 4 , backward 1.
        Unrouted nets 1 at the end of iteration 27.
    route iteration 27, CPU time elapsed 0.000000 sec.
    forward max bucket size 4 , backward 1.
        Unrouted nets 1 at the end of iteration 28.
    route iteration 28, CPU time elapsed 0.000000 sec.
    forward max bucket size 4 , backward 1.
        Unrouted nets 1 at the end of iteration 29.
    route iteration 29, CPU time elapsed 0.015625 sec.
    forward max bucket size 4 , backward 1.
        Unrouted nets 1 at the end of iteration 30.
    route iteration 30, CPU time elapsed 0.000000 sec.
    forward max bucket size 4 , backward 1.
        Unrouted nets 1 at the end of iteration 31.
    route iteration 31, CPU time elapsed 0.000000 sec.
    forward max bucket size 4 , backward 1.
        Unrouted nets 1 at the end of iteration 32.
    route iteration 32, CPU time elapsed 0.000000 sec.
    forward max bucket size 4 , backward 1.
        Unrouted nets 1 at the end of iteration 33.
    route iteration 33, CPU time elapsed 0.000000 sec.
    forward max bucket size 4 , backward 1.
        Unrouted nets 1 at the end of iteration 34.
    route iteration 34, CPU time elapsed 0.000000 sec.
    forward max bucket size 4 , backward 1.
        Unrouted nets 1 at the end of iteration 35.
    route iteration 35, CPU time elapsed 0.000000 sec.
    forward max bucket size 4 , backward 1.
        Unrouted nets 1 at the end of iteration 36.
    route iteration 36, CPU time elapsed 0.000000 sec.
    forward max bucket size 4 , backward 1.
        Unrouted nets 1 at the end of iteration 37.
    route iteration 37, CPU time elapsed 0.000000 sec.
    forward max bucket size 4 , backward 1.
        Unrouted nets 1 at the end of iteration 38.
    route iteration 38, CPU time elapsed 0.000000 sec.
    forward max bucket size 4 , backward 1.
        Unrouted nets 1 at the end of iteration 39.
    route iteration 39, CPU time elapsed 0.000000 sec.
    forward max bucket size 4 , backward 1.
        Unrouted nets 1 at the end of iteration 40.
    route iteration 40, CPU time elapsed 0.000000 sec.
    forward max bucket size 4 , backward 1.
        Unrouted nets 1 at the end of iteration 41.
    route iteration 41, CPU time elapsed 0.015625 sec.
    forward max bucket size 4 , backward 1.
        Unrouted nets 1 at the end of iteration 42.
    route iteration 42, CPU time elapsed 0.000000 sec.
    forward max bucket size 4 , backward 1.
        Unrouted nets 1 at the end of iteration 43.
    route iteration 43, CPU time elapsed 0.000000 sec.
    forward max bucket size 4 , backward 1.
        Unrouted nets 1 at the end of iteration 44.
    route iteration 44, CPU time elapsed 0.000000 sec.
    forward max bucket size 4 , backward 1.
        Unrouted nets 1 at the end of iteration 45.
    route iteration 45, CPU time elapsed 0.000000 sec.
    forward max bucket size 4 , backward 1.
        Unrouted nets 1 at the end of iteration 46.
    route iteration 46, CPU time elapsed 0.000000 sec.
    forward max bucket size 4 , backward 1.
        Unrouted nets 1 at the end of iteration 47.
    route iteration 47, CPU time elapsed 0.000000 sec.
    forward max bucket size 4 , backward 1.
        Unrouted nets 1 at the end of iteration 48.
    route iteration 48, CPU time elapsed 0.000000 sec.
    forward max bucket size 4 , backward 1.
        Unrouted nets 1 at the end of iteration 49.
    route iteration 49, CPU time elapsed 0.000000 sec.
    forward max bucket size 4 , backward 1.
        Unrouted nets 1 at the end of iteration 50.
    route iteration 50, CPU time elapsed 0.000000 sec.
    forward max bucket size 4 , backward 1.
        Unrouted nets 1 at the end of iteration 51.
    route iteration 51, CPU time elapsed 0.000000 sec.
    forward max bucket size 4 , backward 1.
        Unrouted nets 1 at the end of iteration 52.
    route iteration 52, CPU time elapsed 0.000000 sec.
    forward max bucket size 4 , backward 1.
        Unrouted nets 1 at the end of iteration 53.
    route iteration 53, CPU time elapsed 0.000000 sec.
    forward max bucket size 4 , backward 1.
        Unrouted nets 1 at the end of iteration 54.
    route iteration 54, CPU time elapsed 0.000000 sec.
    forward max bucket size 4 , backward 1.
        Unrouted nets 1 at the end of iteration 55.
    route iteration 55, CPU time elapsed 0.000000 sec.
    forward max bucket size 4 , backward 1.
        Unrouted nets 1 at the end of iteration 56.
    route iteration 56, CPU time elapsed 0.000000 sec.
    forward max bucket size 4 , backward 1.
        Unrouted nets 1 at the end of iteration 57.
    route iteration 57, CPU time elapsed 0.000000 sec.
    forward max bucket size 4 , backward 1.
        Unrouted nets 1 at the end of iteration 58.
    route iteration 58, CPU time elapsed 0.000000 sec.
    forward max bucket size 4 , backward 1.
        Unrouted nets 1 at the end of iteration 59.
    route iteration 59, CPU time elapsed 0.000000 sec.
    forward max bucket size 4 , backward 1.
        Unrouted nets 1 at the end of iteration 60.
    route iteration 60, CPU time elapsed 0.000000 sec.
    forward max bucket size 4 , backward 1.
        Unrouted nets 1 at the end of iteration 61.
    route iteration 61, CPU time elapsed 0.000000 sec.
    forward max bucket size 4 , backward 1.
        Unrouted nets 1 at the end of iteration 62.
    route iteration 62, CPU time elapsed 0.000000 sec.
    forward max bucket size 4 , backward 1.
        Unrouted nets 1 at the end of iteration 63.
    route iteration 63, CPU time elapsed 0.000000 sec.
    forward max bucket size 4 , backward 1.
        Unrouted nets 1 at the end of iteration 64.
    route iteration 64, CPU time elapsed 0.015625 sec.
    forward max bucket size 4 , backward 1.
        Unrouted nets 1 at the end of iteration 65.
    route iteration 65, CPU time elapsed 0.000000 sec.
    forward max bucket size 4 , backward 1.
        Unrouted nets 1 at the end of iteration 66.
    route iteration 66, CPU time elapsed 0.000000 sec.
    forward max bucket size 4 , backward 1.
        Unrouted nets 1 at the end of iteration 67.
    route iteration 67, CPU time elapsed 0.000000 sec.
    forward max bucket size 4 , backward 1.
        Unrouted nets 1 at the end of iteration 68.
    route iteration 68, CPU time elapsed 0.000000 sec.
    forward max bucket size 4 , backward 1.
        Unrouted nets 1 at the end of iteration 69.
    route iteration 69, CPU time elapsed 0.000000 sec.
    forward max bucket size 4 , backward 1.
        Unrouted nets 1 at the end of iteration 70.
    route iteration 70, CPU time elapsed 0.000000 sec.
    forward max bucket size 4 , backward 1.
        Unrouted nets 1 at the end of iteration 71.
    route iteration 71, CPU time elapsed 0.000000 sec.
    forward max bucket size 4 , backward 1.
        Unrouted nets 1 at the end of iteration 72.
    route iteration 72, CPU time elapsed 0.000000 sec.
    forward max bucket size 4 , backward 1.
        Unrouted nets 1 at the end of iteration 73.
    route iteration 73, CPU time elapsed 0.000000 sec.
    forward max bucket size 4 , backward 1.
        Unrouted nets 1 at the end of iteration 74.
    route iteration 74, CPU time elapsed 0.000000 sec.
    forward max bucket size 4 , backward 1.
        Unrouted nets 1 at the end of iteration 75.
    route iteration 75, CPU time elapsed 0.000000 sec.
    forward max bucket size 4 , backward 1.
        Unrouted nets 1 at the end of iteration 76.
    route iteration 76, CPU time elapsed 0.000000 sec.
    forward max bucket size 4 , backward 1.
        Unrouted nets 1 at the end of iteration 77.
    route iteration 77, CPU time elapsed 0.000000 sec.
    forward max bucket size 4 , backward 1.
        Unrouted nets 1 at the end of iteration 78.
    route iteration 78, CPU time elapsed 0.000000 sec.
    forward max bucket size 4 , backward 1.
        Unrouted nets 1 at the end of iteration 79.
    route iteration 79, CPU time elapsed 0.000000 sec.
    forward max bucket size 4 , backward 1.
        Unrouted nets 1 at the end of iteration 80.
    route iteration 80, CPU time elapsed 0.000000 sec.
    forward max bucket size 4 , backward 1.
        Unrouted nets 1 at the end of iteration 81.
    route iteration 81, CPU time elapsed 0.000000 sec.
    forward max bucket size 4 , backward 1.
        Unrouted nets 1 at the end of iteration 82.
    route iteration 82, CPU time elapsed 0.000000 sec.
    forward max bucket size 4 , backward 1.
        Unrouted nets 1 at the end of iteration 83.
    route iteration 83, CPU time elapsed 0.000000 sec.
    forward max bucket size 4 , backward 1.
        Unrouted nets 1 at the end of iteration 84.
    route iteration 84, CPU time elapsed 0.000000 sec.
    forward max bucket size 4 , backward 1.
        Unrouted nets 1 at the end of iteration 85.
    route iteration 85, CPU time elapsed 0.000000 sec.
    forward max bucket size 4 , backward 1.
        Unrouted nets 1 at the end of iteration 86.
    route iteration 86, CPU time elapsed 0.000000 sec.
    forward max bucket size 4 , backward 1.
        Unrouted nets 1 at the end of iteration 87.
    route iteration 87, CPU time elapsed 0.015625 sec.
    forward max bucket size 4 , backward 1.
        Unrouted nets 1 at the end of iteration 88.
    route iteration 88, CPU time elapsed 0.000000 sec.
    forward max bucket size 4 , backward 1.
        Unrouted nets 1 at the end of iteration 89.
    route iteration 89, CPU time elapsed 0.000000 sec.
    forward max bucket size 4 , backward 1.
        Unrouted nets 1 at the end of iteration 90.
    route iteration 90, CPU time elapsed 0.000000 sec.
    forward max bucket size 4 , backward 1.
        Unrouted nets 1 at the end of iteration 91.
    route iteration 91, CPU time elapsed 0.000000 sec.
Detailed routing takes 91 iterations
    Unrouted nets 2 at the end of fading iteration 11.
    Unrouted nets 2 at the end of fading iteration 10.
    Unrouted nets 0 at the end of fading iteration 9.
Fading routing takes 3 iterations.
C: Route-2036: The clock path from u_CORES/u_GTP_SCANCHAIN_PG/scanchain:CAPDR to clkbufg_7/gopclkbufg:CLK is routed by SRB.
C: Route-2036: The clock path from u_CORES/u_GTP_SCANCHAIN_PG/scanchain:TCK_USER to clkbufg_4/gopclkbufg:CLK is routed by SRB.
Detailed routing takes 0.59 sec.
Start fix hold violation.
Build tmp routing results takes 0.00 sec.
Timing analysis takes 0.05 sec.
Hold violation fix iter 0 takes 0.00 sec, total_step_forward 545.
Incremental timing analysis takes 0.05 sec.
Hold violation fix iter 1 takes 0.00 sec, total_step_forward 0.
Hold Violation Fix in router takes 2 iterations.
Fix hold violation Finished.
Hold Violation Fix in router takes 0.20 sec.

Dispose routing result:
    Collect routing result.
    Delete unused device instances.
    Annotate routing result.
    Change LUT configuration.
    Dispose misc instances.
    Annotate routing result again.
Finish routing takes 0.08 sec.
Used SRB routing arc is 7876.
Cleanup routing takes 0.00 sec.
Routing done.
Total routing takes 2.64 sec.

C: Place-2025: The VCCIO 1.5 in BANK BANKL1 is incompatible.

Device Utilization Summary :
+---------------------------------------------------------------------------+
| Logic Utilization        | Used     | Available     | Utilization(%)     
+---------------------------------------------------------------------------+
| Use of ADC               | 0        | 1             | 0                  
| Use of APM               | 0        | 30            | 0                  
| Use of BKCL              | 2        | 6             | 34                 
| Use of CLMA              | 173      | 3274          | 6                  
|   FF                     | 457      | 19644         | 3                  
|   LUT                    | 465      | 13096         | 4                  
|   LUT-FF pairs           | 291      | 13096         | 3                  
| Use of CLMS              | 67       | 1110          | 7                  
|   FF                     | 191      | 6660          | 3                  
|   LUT                    | 175      | 4440          | 4                  
|   LUT-FF pairs           | 113      | 4440          | 3                  
|   Distributed RAM        | 0        | 4440          | 0                  
| Use of CRYSTAL           | 0        | 6             | 0                  
| Use of DLL               | 0        | 6             | 0                  
| Use of DQSL              | 0        | 18            | 0                  
| Use of DRM               | 1.5      | 48            | 4                  
| Use of FLSIF             | 0        | 1             | 0                  
| Use of FUSECODE          | 0        | 1             | 0                  
| Use of HARD0N1           | 0        | 2745          | 0                  
| Use of HMEMC             | 0        | 2             | 0                  
| Use of IO                | 33       | 240           | 14                 
|   IOBD                   | 17       | 120           | 15                 
|   IOBR                   | 1        | 6             | 17                 
|   IOBS                   | 15       | 114           | 14                 
| Use of IOCKDIV           | 0        | 12            | 0                  
| Use of IOCKDLY           | 0        | 24            | 0                  
| Use of IOCKGATE          | 0        | 12            | 0                  
| Use of IOCKGMUX_TEST     | 0        | 12            | 0                  
| Use of IOL               | 33       | 240           | 14                 
| Use of IPAL              | 0        | 1             | 0                  
| Use of MFG_TEST          | 0        | 1             | 0                  
| Use of OSC               | 0        | 1             | 0                  
| Use of PLL               | 1        | 6             | 17                 
| Use of PREGMUX_TEST      | 0        | 6             | 0                  
| Use of RCKB              | 0        | 24            | 0                  
| Use of RCKBMUX_TEST      | 0        | 12            | 0                  
| Use of RESCAL            | 0        | 6             | 0                  
| Use of SCANCHAIN         | 1        | 4             | 25                 
| Use of START             | 1        | 1             | 100                
| Use of UDID              | 0        | 1             | 0                  
| Use of USCM              | 7        | 20            | 35                 
| Use of USCMMUX_TEST      | 0        | 20            | 0                  
| Use of VCKBMUX_TEST      | 0        | 12            | 0                  
+---------------------------------------------------------------------------+

Finished routing. (CPU time elapsed 0h:00m:02s)
Design 'ip_2port_ram' has been placed and routed successfully.
Saving design to DB.
Finished placement and routing. (CPU time elapsed 0h:00m:10s)
Action pnr: Real time elapsed is 0h:0m:12s
Action pnr: CPU time elapsed is 0h:0m:10s
Action pnr: Process CPU time elapsed is 0h:0m:10s
Current time: Tue Oct 18 11:09:36 2022
Action pnr: Peak memory pool usage is 631 MB
