#Build: Fabric Compiler 2021.4-SP1.2, Build 96435, May 30 04:40 2022
#Install: J:\PDS_2021.4\pango\PDS_2021.4-SP1.2\bin
#Application name: pds_shell.exe
#OS: Windows 7sp1 6.1.7601
#Hostname: USER-20180123QP
Generated by Fabric Compiler (version 2021.4-SP1.2 build 96435) at Wed Jul  6 11:55:46 2022
Compiling verification operator library.
Compiling common defs.
Compiling prim grid devices.
Compiling gate devices.
Compiling gate operators.
Building architecture model.
Loading device packaging model.
I: Parameter configuration file J:/pds/bc/ip_2port_ram/prj/testparam.txt cannot open.
Building architecture floorplan logic view.
Executing : apply_constraint -f J:/pds/bc/ip_2port_ram/prj/device_map/ip_2port_ram.pcf
Constraint check start.
Executing : def_port sys_clk -LOC B5 -VCCIO 3.3 -IOSTANDARD LVCMOS33 -BUS_KEEPER NONE
Executing : def_port sys_clk -LOC B5 -VCCIO 3.3 -IOSTANDARD LVCMOS33 -BUS_KEEPER NONE successfully.
Executing : def_port sys_rst_n -LOC F2 -VCCIO 1.5 -IOSTANDARD LVCMOS15 -BUS_KEEPER NONE
Executing : def_port sys_rst_n -LOC F2 -VCCIO 1.5 -IOSTANDARD LVCMOS15 -BUS_KEEPER NONE successfully.
W: ConstraintEditor-4019: Port 'clk_25m' unspecified I/O constraint.
W: ConstraintEditor-4019: Port 'clk_50m' unspecified I/O constraint.
W: ConstraintEditor-4019: Port 'locked' unspecified I/O constraint.
W: ConstraintEditor-4019: Port 'rd_addr_tb[0]' unspecified I/O constraint.
W: ConstraintEditor-4019: Port 'rd_addr_tb[1]' unspecified I/O constraint.
W: ConstraintEditor-4019: Port 'rd_addr_tb[2]' unspecified I/O constraint.
W: ConstraintEditor-4019: Port 'rd_addr_tb[3]' unspecified I/O constraint.
W: ConstraintEditor-4019: Port 'rd_addr_tb[4]' unspecified I/O constraint.
W: ConstraintEditor-4019: Port 'rd_data_tb[0]' unspecified I/O constraint.
W: ConstraintEditor-4019: Port 'rd_data_tb[1]' unspecified I/O constraint.
W: ConstraintEditor-4019: Port 'rd_data_tb[2]' unspecified I/O constraint.
W: ConstraintEditor-4019: Port 'rd_data_tb[3]' unspecified I/O constraint.
W: ConstraintEditor-4019: Port 'rd_data_tb[4]' unspecified I/O constraint.
W: ConstraintEditor-4019: Port 'rd_data_tb[5]' unspecified I/O constraint.
W: ConstraintEditor-4019: Port 'rd_data_tb[6]' unspecified I/O constraint.
W: ConstraintEditor-4019: Port 'rd_data_tb[7]' unspecified I/O constraint.
W: ConstraintEditor-4019: Port 'rd_en_tb' unspecified I/O constraint.
W: ConstraintEditor-4019: Port 'wr_addr_tb[0]' unspecified I/O constraint.
W: ConstraintEditor-4019: Port 'wr_addr_tb[1]' unspecified I/O constraint.
W: ConstraintEditor-4019: Port 'wr_addr_tb[2]' unspecified I/O constraint.
W: ConstraintEditor-4019: Port 'wr_addr_tb[3]' unspecified I/O constraint.
W: ConstraintEditor-4019: Port 'wr_addr_tb[4]' unspecified I/O constraint.
W: ConstraintEditor-4019: Port 'wr_data_tb[0]' unspecified I/O constraint.
W: ConstraintEditor-4019: Port 'wr_data_tb[1]' unspecified I/O constraint.
W: ConstraintEditor-4019: Port 'wr_data_tb[2]' unspecified I/O constraint.
W: ConstraintEditor-4019: Port 'wr_data_tb[3]' unspecified I/O constraint.
W: ConstraintEditor-4019: Port 'wr_data_tb[4]' unspecified I/O constraint.
W: ConstraintEditor-4019: Port 'wr_data_tb[5]' unspecified I/O constraint.
W: ConstraintEditor-4019: Port 'wr_data_tb[6]' unspecified I/O constraint.
W: ConstraintEditor-4019: Port 'wr_data_tb[7]' unspecified I/O constraint.
W: ConstraintEditor-4019: Port 'wr_en_tb' unspecified I/O constraint.
Constraint check end.
Executing : apply_constraint -f J:/pds/bc/ip_2port_ram/prj/device_map/ip_2port_ram.pcf successfully.
I: Column Clock Check close.

Placement started.
Pre global placement started.
Mapping instance u_CORES/u_GTP_SCANCHAIN_PG/scanchain to SCANCHAIN_48_328.
Mapping instance u_pll_clk/u_pll_e1/goppll to PLL_82_319.
Wirelength after clock region placement is 4682.
Mapping instance clkbufg_7/gopclkbufg to USCM_74_104.
Mapping instance clkbufg_5/gopclkbufg to USCM_74_105.
Mapping instance clkbufg_4/gopclkbufg to USCM_74_106.
Mapping instance clkbufg_6/gopclkbufg to USCM_74_107.
Mapping instance clkbufg_3/gopclkbufg to USCM_74_108.
Pre global placement takes 5.23 sec.

Global placement started.
Run super clustering :
	Initial slack 13999.
	2 iterations finished.
	Final slack 14892.
Super clustering done.
Design Utilization : 4%.
Wirelength after global placement is 5393.
Global placement takes 1.61 sec.

Post global placement started.
Placed fixed group with base inst sys_clk_ibuf/opit_1 on IOL_7_298.
Placed fixed group with base inst sys_rst_n_ibuf/opit_1 on IOL_7_237.
Placed fixed instance clkbufg_3/gopclkbufg on USCM_74_108.
Placed fixed instance clkbufg_4/gopclkbufg on USCM_74_106.
Placed fixed instance clkbufg_5/gopclkbufg on USCM_74_105.
Placed fixed instance clkbufg_6/gopclkbufg on USCM_74_107.
Placed fixed instance clkbufg_7/gopclkbufg on USCM_74_104.
Placed fixed instance u_CORES/u_GTP_SCANCHAIN_PG/scanchain on SCANCHAIN_48_328.
Placed fixed instance u_pll_clk/u_pll_e1/goppll on PLL_82_319.
Placed fixed instance BKCL_auto_0 on BKCL_2_268.
Placed fixed instance BKCL_auto_1 on BKCL_2_144.
IO placement started.
IO placement takes 0.03 sec.

Macro cell placement started.
Wirelength after Macro cell placement is 6230.
Macro cell placement takes 0.00 sec.

Run super clustering :
	Initial slack 13999.
	2 iterations finished.
	Final slack 14892.
Super clustering done.
Design Utilization : 4%.
Wirelength after post global placement is 4925.
Post global placement takes 0.70 sec.

Legalization started.
Wirelength after legalization is 5638.
Legalization takes 0.08 sec.

Timing-driven detailed placement started.
replication start
Worst slack before Replication Place is 14945.
Wirelength after replication placement is 5638.
Legalized cost 14945.000000.
The detailed placement ends at 0th iteration.
Wirelength after detailed placement is 5638.
Timing-driven detailed placement takes 0.19 sec.

Worst slack is 16712, TNS after placement is 0.
Placement done.
Total placement takes 8.28 sec.
Finished placement. (CPU time elapsed 0h:00m:08s)

Routing started.
Building routing graph takes 1.03 sec.
Worst slack is 16712, TNS before global route is 0.
Processing design graph takes 0.22 sec.
Total memory for routing:
	47.505444 M.
Total nets for routing : 1094.
Rcf routing step 1 processed 0 nets, it takes 0.00 sec.
Rcf routing step 2 processed 0 nets, it takes 0.00 sec.
Rcf routing step 3 processed 0 nets, it takes 0.00 sec.
Unrouted nets 0 at the end of iteration 0.
Global Routing step 1 processed 160 nets, it takes 0.02 sec.
Unrouted nets 249 at the end of iteration 0.
Unrouted nets 82 at the end of iteration 1.
Unrouted nets 44 at the end of iteration 2.
Unrouted nets 22 at the end of iteration 3.
Unrouted nets 7 at the end of iteration 4.
Unrouted nets 5 at the end of iteration 5.
Unrouted nets 5 at the end of iteration 6.
Unrouted nets 3 at the end of iteration 7.
Unrouted nets 1 at the end of iteration 8.
Unrouted nets 1 at the end of iteration 9.
Unrouted nets 0 at the end of iteration 10.
Global Routing step 2 processed 345 nets, it takes 1.61 sec.
Unrouted nets 4 at the end of iteration 0.
Unrouted nets 0 at the end of iteration 1.
Global Routing step 3 processed 28 nets, it takes 0.02 sec.
Global routing takes 1.65 sec.
Total 1135 subnets.
    forward max bucket size 18519 , backward 169.
        Unrouted nets 519 at the end of iteration 0.
    route iteration 0, CPU time elapsed 0.374402 sec.
    forward max bucket size 18477 , backward 197.
        Unrouted nets 387 at the end of iteration 1.
    route iteration 1, CPU time elapsed 0.249602 sec.
    forward max bucket size 17449 , backward 36.
        Unrouted nets 316 at the end of iteration 2.
    route iteration 2, CPU time elapsed 0.187201 sec.
    forward max bucket size 76 , backward 31.
        Unrouted nets 233 at the end of iteration 3.
    route iteration 3, CPU time elapsed 0.046800 sec.
    forward max bucket size 74 , backward 36.
        Unrouted nets 147 at the end of iteration 4.
    route iteration 4, CPU time elapsed 0.031200 sec.
    forward max bucket size 52 , backward 67.
        Unrouted nets 105 at the end of iteration 5.
    route iteration 5, CPU time elapsed 0.031200 sec.
    forward max bucket size 25 , backward 52.
        Unrouted nets 69 at the end of iteration 6.
    route iteration 6, CPU time elapsed 0.015600 sec.
    forward max bucket size 28 , backward 60.
        Unrouted nets 48 at the end of iteration 7.
    route iteration 7, CPU time elapsed 0.015600 sec.
    forward max bucket size 21 , backward 61.
        Unrouted nets 44 at the end of iteration 8.
    route iteration 8, CPU time elapsed 0.015600 sec.
    forward max bucket size 18 , backward 34.
        Unrouted nets 34 at the end of iteration 9.
    route iteration 9, CPU time elapsed 0.000000 sec.
    forward max bucket size 19 , backward 249.
        Unrouted nets 20 at the end of iteration 10.
    route iteration 10, CPU time elapsed 0.015600 sec.
    forward max bucket size 25 , backward 27.
        Unrouted nets 19 at the end of iteration 11.
    route iteration 11, CPU time elapsed 0.000000 sec.
    forward max bucket size 16 , backward 19.
        Unrouted nets 4 at the end of iteration 12.
    route iteration 12, CPU time elapsed 0.015600 sec.
    forward max bucket size 11 , backward 9.
        Unrouted nets 4 at the end of iteration 13.
    route iteration 13, CPU time elapsed 0.000000 sec.
    forward max bucket size 20 , backward 15.
        Unrouted nets 5 at the end of iteration 14.
    route iteration 14, CPU time elapsed 0.000000 sec.
    forward max bucket size 23 , backward 17.
        Unrouted nets 4 at the end of iteration 15.
    route iteration 15, CPU time elapsed 0.015600 sec.
    forward max bucket size 11 , backward 10.
        Unrouted nets 0 at the end of iteration 16.
    route iteration 16, CPU time elapsed 0.000000 sec.
C: Route-2036: The clock path from u_CORES/u_GTP_SCANCHAIN_PG/scanchain:CAPDR to clkbufg_3/gopclkbufg:CLK is routed by SRB.
C: Route-2036: The clock path from u_CORES/u_GTP_SCANCHAIN_PG/scanchain:TCK_USER to clkbufg_6/gopclkbufg:CLK is routed by SRB.
Detailed routing takes 1.03 sec.
Start fix hold violation.
Build tmp routing results takes 0.00 sec.
Timing analysis takes 0.12 sec.
Hold violation fix iter 0 takes 0.00 sec, total_step_forward 171.
Incremental timing analysis takes 0.12 sec.
Hold violation fix iter 1 takes 0.00 sec, total_step_forward 0.
Fix hold violation Finished.
Hold Violation Fix in router takes 0.50 sec.

Dispose routing result:
    Collect routing result.
    Delete unused device instances.
    Annotate routing result.
    Change LUT configuration.
    Dispose misc instances.
    Annotate routing result again.
Finish routing takes 0.33 sec.
Used srb routing arc is 8835.
Cleanup routing takes 0.03 sec.
Routing done.
Total routing takes 5.09 sec.

C: Place-2025: The VCCIO 1.5 in BANK BANKL1 is incompatible.

Device Utilization Summary :
+----------------------------------------------------------------------------+
| Logic Utilization        | Used     | Available     | Utilization(%)     
+----------------------------------------------------------------------------+
| Use of ADC               | 0        | 1             | 0                   
| Use of APM               | 0        | 30            | 0                   
| Use of BKCL              | 2        | 6             | 34                  
| Use of CLMA              | 188      | 3274          | 6                   
|   FF                     | 493      | 19644         | 3                   
|   LUT                    | 506      | 13096         | 4                   
|   LUT-FF pairs           | 299      | 13096         | 3                   
| Use of CLMS              | 64       | 1110          | 6                   
|   FF                     | 174      | 6660          | 3                   
|   LUT                    | 170      | 4440          | 4                   
|   LUT-FF pairs           | 116      | 4440          | 3                   
|   Distributed RAM        | 0        | 4440          | 0                   
| Use of CRYSTAL           | 0        | 6             | 0                   
| Use of DLL               | 0        | 6             | 0                   
| Use of DQSL              | 0        | 18            | 0                   
| Use of DRM               | 4.5      | 48            | 10                  
| Use of FLSIF             | 0        | 1             | 0                   
| Use of FUSECODE          | 0        | 1             | 0                   
| Use of HARD0N1           | 0        | 2745          | 0                   
| Use of HMEMC             | 0        | 2             | 0                   
| Use of IO                | 33       | 240           | 14                  
|   IOBD                   | 17       | 120           | 15                  
|   IOBR                   | 2        | 6             | 34                  
|   IOBS                   | 14       | 114           | 13                  
| Use of IOCKDIV           | 0        | 12            | 0                   
| Use of IOCKDLY           | 0        | 24            | 0                   
| Use of IOCKGATE          | 0        | 12            | 0                   
| Use of IOCKGMUX_TEST     | 0        | 12            | 0                   
| Use of IOL               | 33       | 240           | 14                  
| Use of IPAL              | 0        | 1             | 0                   
| Use of MFG_TEST          | 0        | 1             | 0                   
| Use of OSC               | 0        | 1             | 0                   
| Use of PLL               | 1        | 6             | 17                  
| Use of PREGMUX_TEST      | 0        | 6             | 0                   
| Use of RCKB              | 0        | 24            | 0                   
| Use of RCKBMUX_TEST      | 0        | 12            | 0                   
| Use of RESCAL            | 0        | 6             | 0                   
| Use of SCANCHAIN         | 1        | 4             | 25                  
| Use of START             | 1        | 1             | 100                 
| Use of UDID              | 0        | 1             | 0                   
| Use of USCM              | 7        | 20            | 35                  
| Use of USCMMUX_TEST      | 0        | 20            | 0                   
| Use of VCKBMUX_TEST      | 0        | 12            | 0                   
+----------------------------------------------------------------------------+

Finished routing. (CPU time elapsed 0h:00m:05s)
Design 'ip_2port_ram' has been placed and routed successfully.
Saving design to DB.
Finished placement and routing. (CPU time elapsed 0h:00m:19s)
Action pnr: Real time elapsed is 22.000 sec
Action pnr: CPU time elapsed is 20.343 sec
Action pnr: Process CPU time elapsed is 20.343 sec
Current time: Wed Jul  6 11:56:06 2022
Action pnr: Peak memory pool usage is 494,276,608 bytes
