#Build: Fabric Compiler 2022.1, Build 99559, Jul 12 00:20 2022
#Install: E:\PDS_2022.1\Pango\PDS_2022.1\bin
#Application name: pds_shell.exe
#OS: Windows 10 10.0.19044
#Hostname: DESKTOP-HFJ50FN
Generated by Fabric Compiler (version 2022.1 build 99559) at Tue Oct 18 11:30:05 2022
Compiling verification operator library.
Compiling common defs.
Compiling prim grid devices.
Compiling gate devices.
Compiling gate operators.
Building architecture model.
Loading device packaging model.
Building architecture floorplan logic view.
Constraint check start.
Executing : def_port {sys_clk} LOC=B5 VCCIO=3.3 IOSTANDARD=LVCMOS33 NONE=TRUE
Executing : def_port {sys_clk} LOC=B5 VCCIO=3.3 IOSTANDARD=LVCMOS33 NONE=TRUE successfully
Executing : def_port {sys_rst_n} LOC=G5 VCCIO=1.5 IOSTANDARD=LVCMOS15 NONE=TRUE
Executing : def_port {sys_rst_n} LOC=G5 VCCIO=1.5 IOSTANDARD=LVCMOS15 NONE=TRUE successfully
W: ConstraintEditor-4019: Port 'clk_25m' unspecified I/O constraint.
W: ConstraintEditor-4019: Port 'clk_50m' unspecified I/O constraint.
W: ConstraintEditor-4019: Port 'locked' unspecified I/O constraint.
W: ConstraintEditor-4019: Port 'ram_rd_addr[0]' unspecified I/O constraint.
W: ConstraintEditor-4019: Port 'ram_rd_addr[1]' unspecified I/O constraint.
W: ConstraintEditor-4019: Port 'ram_rd_addr[2]' unspecified I/O constraint.
W: ConstraintEditor-4019: Port 'ram_rd_addr[3]' unspecified I/O constraint.
W: ConstraintEditor-4019: Port 'ram_rd_addr[4]' unspecified I/O constraint.
W: ConstraintEditor-4019: Port 'ram_rd_data[0]' unspecified I/O constraint.
W: ConstraintEditor-4019: Port 'ram_rd_data[1]' unspecified I/O constraint.
W: ConstraintEditor-4019: Port 'ram_rd_data[2]' unspecified I/O constraint.
W: ConstraintEditor-4019: Port 'ram_rd_data[3]' unspecified I/O constraint.
W: ConstraintEditor-4019: Port 'ram_rd_data[4]' unspecified I/O constraint.
W: ConstraintEditor-4019: Port 'ram_rd_data[5]' unspecified I/O constraint.
W: ConstraintEditor-4019: Port 'ram_rd_data[6]' unspecified I/O constraint.
W: ConstraintEditor-4019: Port 'ram_rd_data[7]' unspecified I/O constraint.
W: ConstraintEditor-4019: Port 'ram_rd_en' unspecified I/O constraint.
W: ConstraintEditor-4019: Port 'ram_wr_addr[0]' unspecified I/O constraint.
W: ConstraintEditor-4019: Port 'ram_wr_addr[1]' unspecified I/O constraint.
W: ConstraintEditor-4019: Port 'ram_wr_addr[2]' unspecified I/O constraint.
W: ConstraintEditor-4019: Port 'ram_wr_addr[3]' unspecified I/O constraint.
W: ConstraintEditor-4019: Port 'ram_wr_addr[4]' unspecified I/O constraint.
W: ConstraintEditor-4019: Port 'ram_wr_data[0]' unspecified I/O constraint.
W: ConstraintEditor-4019: Port 'ram_wr_data[1]' unspecified I/O constraint.
W: ConstraintEditor-4019: Port 'ram_wr_data[2]' unspecified I/O constraint.
W: ConstraintEditor-4019: Port 'ram_wr_data[3]' unspecified I/O constraint.
W: ConstraintEditor-4019: Port 'ram_wr_data[4]' unspecified I/O constraint.
W: ConstraintEditor-4019: Port 'ram_wr_data[5]' unspecified I/O constraint.
W: ConstraintEditor-4019: Port 'ram_wr_data[6]' unspecified I/O constraint.
W: ConstraintEditor-4019: Port 'ram_wr_data[7]' unspecified I/O constraint.
W: ConstraintEditor-4019: Port 'ram_wr_en' unspecified I/O constraint.
Constraint check end.
I: Column Clock Check close.

Placement started.
Phase 1 Pre global placement started.
Mapping instance u_CORES/u_GTP_SCANCHAIN_PG/scanchain to SCANCHAIN_48_328.
Mapping instance u_pll_clk/u_pll_e1/goppll to PLL_82_319.
Phase 1.1 1st GP placement started.
Design Utilization : 4%.
Wirelength after clock region global placement is 4138.
1st GP placement takes 1.05 sec.

Phase 1.2 Clock placement started.
Mapping instance clkbufg_3/gopclkbufg to USCM_74_104.
Mapping instance clkbufg_5/gopclkbufg to USCM_74_105.
Mapping instance clkbufg_6/gopclkbufg to USCM_74_106.
C: Place-2028: GLOBAL_CLOCK: the driver u_CORES/u_GTP_SCANCHAIN_PG/scanchain fixed at SCANCHAIN_48_328 is unreasonable. Sub-optimal placement for a clock source and a clock buffer.
Mapping instance clkbufg_4/gopclkbufg to USCM_74_107.
C: Place-2028: GLOBAL_CLOCK: the driver u_CORES/u_GTP_SCANCHAIN_PG/scanchain fixed at SCANCHAIN_48_328 is unreasonable. Sub-optimal placement for a clock source and a clock buffer.
Mapping instance clkbufg_7/gopclkbufg to USCM_74_108.
Clock placement takes 0.80 sec.

Pre global placement takes 2.48 sec.

Phase 2 Global placement started.
Phase 2.1 Fixed placement started.
Placed fixed group with base inst sys_clk_ibuf/opit_1 on IOL_7_298.
Placed fixed group with base inst sys_rst_n_ibuf/opit_1 on IOL_7_241.
Placed fixed instance clkbufg_3/gopclkbufg on USCM_74_104.
Placed fixed instance clkbufg_4/gopclkbufg on USCM_74_107.
Placed fixed instance clkbufg_5/gopclkbufg on USCM_74_105.
Placed fixed instance clkbufg_6/gopclkbufg on USCM_74_106.
Placed fixed instance clkbufg_7/gopclkbufg on USCM_74_108.
Placed fixed instance u_CORES/u_GTP_SCANCHAIN_PG/scanchain on SCANCHAIN_48_328.
Placed fixed instance u_pll_clk/u_pll_e1/goppll on PLL_82_319.
Placed fixed instance BKCL_auto_0 on BKCL_2_268.
Placed fixed instance BKCL_auto_1 on BKCL_2_144.
Fixed placement takes 0.00 sec.

Phase 2.2 Process placement started.
Process placement takes 0.00 sec.

Phase 2.3 IO placement started.
IO placement takes 0.02 sec.

Phase 2.4 2nd GP placement started.
Run super clustering :
	Initial slack 14003.
	2 iterations finished.
	Final slack 14853.
Super clustering done.
Design Utilization : 4%.
2nd GP placement takes 0.48 sec.

Wirelength after global placement is 4479.
Global placement takes 0.50 sec.

Phase 3 Post global placement started.
Phase 3.1 Macro cell placement started.
Wirelength after macro cell placement is 4928.
Macro cell placement takes 0.00 sec.

Phase 3.2 3rd GP placement started.
Run super clustering :
	Initial slack 14003.
	2 iterations finished.
	Final slack 14853.
Super clustering done.
Design Utilization : 4%.
3rd GP placement takes 0.53 sec.

Wirelength after post global placement is 4517.
Post global placement takes 0.53 sec.

Phase 4 Legalization started.
The average distance in LP is 1.202989.
Wirelength after legalization is 5252.
Legalization takes 0.05 sec.

Phase 5 Timing-driven detailed placement started.
Phase 5.1 Replication placement started.
Worst slack before Replication Place is 14941.
Replication placement takes 0.05 sec.

Wirelength after replication placement is 5252.
Phase 5.2 DP placement started.
Legalized cost 14941.000000.
The detailed placement ends at 0th iteration.
DP placement takes 0.02 sec.

Wirelength after detailed placement is 5252.
Timing-driven detailed placement takes 0.06 sec.

Worst slack is 16708, TNS after placement is 0.
Placement done.
Total placement takes 3.84 sec.
Finished placement. (CPU time elapsed 0h:00m:03s)

Routing started.
Building routing graph takes 0.44 sec.
Worst slack is 16708, TNS before global route is 0.
Processing design graph takes 0.09 sec.
Total memory for routing:
	47.484028 M.
Total nets for routing : 1072.
Rcf routing step 1 processed 0 nets, it takes 0.00 sec.
Rcf routing step 2 processed 0 nets, it takes 0.00 sec.
Rcf routing step 3 processed 0 nets, it takes 0.00 sec.
Unrouted nets 0 at the end of iteration 0.
Global Routing step 1 processed 145 nets, it takes 0.00 sec.
Unrouted nets 275 at the end of iteration 0.
Unrouted nets 143 at the end of iteration 1.
Unrouted nets 67 at the end of iteration 2.
Unrouted nets 32 at the end of iteration 3.
Unrouted nets 17 at the end of iteration 4.
Unrouted nets 12 at the end of iteration 5.
Unrouted nets 6 at the end of iteration 6.
Unrouted nets 0 at the end of iteration 7.
Global Routing step 2 processed 375 nets, it takes 1.16 sec.
Unrouted nets 3 at the end of iteration 0.
Unrouted nets 1 at the end of iteration 1.
Unrouted nets 1 at the end of iteration 2.
Unrouted nets 1 at the end of iteration 3.
Unrouted nets 1 at the end of iteration 4.
Unrouted nets 1 at the end of iteration 5.
Unrouted nets 1 at the end of iteration 6.
Unrouted nets 1 at the end of iteration 7.
Unrouted nets 1 at the end of iteration 8.
Unrouted nets 1 at the end of iteration 9.
Unrouted nets 1 at the end of iteration 10.
Unrouted nets 1 at the end of iteration 11.
Unrouted nets 1 at the end of iteration 12.
Unrouted nets 1 at the end of iteration 13.
Unrouted nets 0 at the end of iteration 14.
Global Routing step 3 processed 22 nets, it takes 0.02 sec.
Global routing takes 1.19 sec.
Total 1095 subnets.
    forward max bucket size 18516 , backward 169.
        Unrouted nets 485 at the end of iteration 0.
    route iteration 0, CPU time elapsed 0.203125 sec.
    forward max bucket size 18517 , backward 167.
        Unrouted nets 366 at the end of iteration 1.
    route iteration 1, CPU time elapsed 0.171875 sec.
    forward max bucket size 1276 , backward 194.
        Unrouted nets 251 at the end of iteration 2.
    route iteration 2, CPU time elapsed 0.046875 sec.
    forward max bucket size 1248 , backward 194.
        Unrouted nets 169 at the end of iteration 3.
    route iteration 3, CPU time elapsed 0.015625 sec.
    forward max bucket size 48 , backward 114.
        Unrouted nets 134 at the end of iteration 4.
    route iteration 4, CPU time elapsed 0.015625 sec.
    forward max bucket size 39 , backward 113.
        Unrouted nets 88 at the end of iteration 5.
    route iteration 5, CPU time elapsed 0.015625 sec.
    forward max bucket size 35 , backward 37.
        Unrouted nets 61 at the end of iteration 6.
    route iteration 6, CPU time elapsed 0.000000 sec.
    forward max bucket size 57 , backward 64.
        Unrouted nets 26 at the end of iteration 7.
    route iteration 7, CPU time elapsed 0.000000 sec.
    forward max bucket size 22 , backward 49.
        Unrouted nets 6 at the end of iteration 8.
    route iteration 8, CPU time elapsed 0.000000 sec.
    forward max bucket size 21 , backward 15.
        Unrouted nets 4 at the end of iteration 9.
    route iteration 9, CPU time elapsed 0.015625 sec.
    forward max bucket size 22 , backward 15.
        Unrouted nets 2 at the end of iteration 10.
    route iteration 10, CPU time elapsed 0.000000 sec.
    forward max bucket size 7 , backward 6.
        Unrouted nets 0 at the end of iteration 11.
    route iteration 11, CPU time elapsed 0.000000 sec.
Detailed routing takes 11 iterations
C: Route-2036: The clock path from u_CORES/u_GTP_SCANCHAIN_PG/scanchain:CAPDR to clkbufg_7/gopclkbufg:CLK is routed by SRB.
C: Route-2036: The clock path from u_CORES/u_GTP_SCANCHAIN_PG/scanchain:TCK_USER to clkbufg_4/gopclkbufg:CLK is routed by SRB.
Detailed routing takes 0.50 sec.
Start fix hold violation.
Build tmp routing results takes 0.00 sec.
Timing analysis takes 0.08 sec.
Hold violation fix iter 0 takes 0.00 sec, total_step_forward 364.
Incremental timing analysis takes 0.06 sec.
Hold violation fix iter 1 takes 0.00 sec, total_step_forward 0.
Hold Violation Fix in router takes 2 iterations.
Fix hold violation Finished.
Hold Violation Fix in router takes 0.23 sec.

Dispose routing result:
    Collect routing result.
    Delete unused device instances.
    Annotate routing result.
    Change LUT configuration.
    Dispose misc instances.
    Annotate routing result again.
Finish routing takes 0.08 sec.
Used SRB routing arc is 8241.
Cleanup routing takes 0.00 sec.
Routing done.
Total routing takes 2.69 sec.


Device Utilization Summary :
+---------------------------------------------------------------------------+
| Logic Utilization        | Used     | Available     | Utilization(%)     
+---------------------------------------------------------------------------+
| Use of ADC               | 0        | 1             | 0                  
| Use of APM               | 0        | 30            | 0                  
| Use of BKCL              | 2        | 6             | 34                 
| Use of CLMA              | 202      | 3274          | 7                  
|   FF                     | 499      | 19644         | 3                  
|   LUT                    | 520      | 13096         | 4                  
|   LUT-FF pairs           | 318      | 13096         | 3                  
| Use of CLMS              | 61       | 1110          | 6                  
|   FF                     | 158      | 6660          | 3                  
|   LUT                    | 136      | 4440          | 4                  
|   LUT-FF pairs           | 92       | 4440          | 3                  
|   Distributed RAM        | 0        | 4440          | 0                  
| Use of CRYSTAL           | 0        | 6             | 0                  
| Use of DLL               | 0        | 6             | 0                  
| Use of DQSL              | 0        | 18            | 0                  
| Use of DRM               | 2.5      | 48            | 6                  
| Use of FLSIF             | 0        | 1             | 0                  
| Use of FUSECODE          | 0        | 1             | 0                  
| Use of HARD0N1           | 0        | 2745          | 0                  
| Use of HMEMC             | 0        | 2             | 0                  
| Use of IO                | 33       | 240           | 14                 
|   IOBD                   | 17       | 120           | 15                 
|   IOBR                   | 1        | 6             | 17                 
|   IOBS                   | 15       | 114           | 14                 
| Use of IOCKDIV           | 0        | 12            | 0                  
| Use of IOCKDLY           | 0        | 24            | 0                  
| Use of IOCKGATE          | 0        | 12            | 0                  
| Use of IOCKGMUX_TEST     | 0        | 12            | 0                  
| Use of IOL               | 33       | 240           | 14                 
| Use of IPAL              | 0        | 1             | 0                  
| Use of MFG_TEST          | 0        | 1             | 0                  
| Use of OSC               | 0        | 1             | 0                  
| Use of PLL               | 1        | 6             | 17                 
| Use of PREGMUX_TEST      | 0        | 6             | 0                  
| Use of RCKB              | 0        | 24            | 0                  
| Use of RCKBMUX_TEST      | 0        | 12            | 0                  
| Use of RESCAL            | 0        | 6             | 0                  
| Use of SCANCHAIN         | 1        | 4             | 25                 
| Use of START             | 1        | 1             | 100                
| Use of UDID              | 0        | 1             | 0                  
| Use of USCM              | 7        | 20            | 35                 
| Use of USCMMUX_TEST      | 0        | 20            | 0                  
| Use of VCKBMUX_TEST      | 0        | 12            | 0                  
+---------------------------------------------------------------------------+

Finished routing. (CPU time elapsed 0h:00m:02s)
Design 'ip_2port_ram' has been placed and routed successfully.
Saving design to DB.
Finished placement and routing. (CPU time elapsed 0h:00m:10s)
Action pnr: Real time elapsed is 0h:0m:12s
Action pnr: CPU time elapsed is 0h:0m:10s
Action pnr: Process CPU time elapsed is 0h:0m:10s
Current time: Tue Oct 18 11:30:16 2022
Action pnr: Peak memory pool usage is 632 MB
