#Build: Fabric Compiler 2021.4-SP1.2, Build 96435, May 30 04:40 2022
#Install: E:\PDS_2021.4-SP1.2\bin
#Application name: pds_shell.exe
#OS: Windows 10 10.0.19044
#Hostname: DESKTOP-HFJ50FN
Generated by Fabric Compiler (version 2021.4-SP1.2 build 96435) at Tue Oct 25 09:52:18 2022
Compiling verification operator library.
Compiling common defs.
Compiling prim grid devices.
Compiling gate devices.
Compiling gate operators.
Building architecture model.
Loading device packaging model.
I: Parameter configuration file C:/Users/ch/Desktop/2021.4-SP1.2/ip_2port_ram/prj/testparam.txt cannot open.
Building architecture floorplan logic view.
Executing : apply_constraint -f C:/Users/ch/Desktop/2021.4-SP1.2/ip_2port_ram/prj/device_map/ip_2port_ram.pcf
Constraint check start.
Executing : def_port sys_clk -LOC B5 -VCCIO 3.3 -IOSTANDARD LVCMOS33 -BUS_KEEPER NONE
Executing : def_port sys_clk -LOC B5 -VCCIO 3.3 -IOSTANDARD LVCMOS33 -BUS_KEEPER NONE successfully.
Executing : def_port sys_rst_n -LOC G5 -VCCIO 1.5 -IOSTANDARD LVCMOS15 -BUS_KEEPER NONE
Executing : def_port sys_rst_n -LOC G5 -VCCIO 1.5 -IOSTANDARD LVCMOS15 -BUS_KEEPER NONE successfully.
W: ConstraintEditor-4019: Port 'clk_25m' unspecified I/O constraint.
W: ConstraintEditor-4019: Port 'clk_50m' unspecified I/O constraint.
W: ConstraintEditor-4019: Port 'locked' unspecified I/O constraint.
W: ConstraintEditor-4019: Port 'ram_rd_addr[0]' unspecified I/O constraint.
W: ConstraintEditor-4019: Port 'ram_rd_addr[1]' unspecified I/O constraint.
W: ConstraintEditor-4019: Port 'ram_rd_addr[2]' unspecified I/O constraint.
W: ConstraintEditor-4019: Port 'ram_rd_addr[3]' unspecified I/O constraint.
W: ConstraintEditor-4019: Port 'ram_rd_addr[4]' unspecified I/O constraint.
W: ConstraintEditor-4019: Port 'ram_rd_data[0]' unspecified I/O constraint.
W: ConstraintEditor-4019: Port 'ram_rd_data[1]' unspecified I/O constraint.
W: ConstraintEditor-4019: Port 'ram_rd_data[2]' unspecified I/O constraint.
W: ConstraintEditor-4019: Port 'ram_rd_data[3]' unspecified I/O constraint.
W: ConstraintEditor-4019: Port 'ram_rd_data[4]' unspecified I/O constraint.
W: ConstraintEditor-4019: Port 'ram_rd_data[5]' unspecified I/O constraint.
W: ConstraintEditor-4019: Port 'ram_rd_data[6]' unspecified I/O constraint.
W: ConstraintEditor-4019: Port 'ram_rd_data[7]' unspecified I/O constraint.
W: ConstraintEditor-4019: Port 'ram_rd_en' unspecified I/O constraint.
W: ConstraintEditor-4019: Port 'ram_wr_addr[0]' unspecified I/O constraint.
W: ConstraintEditor-4019: Port 'ram_wr_addr[1]' unspecified I/O constraint.
W: ConstraintEditor-4019: Port 'ram_wr_addr[2]' unspecified I/O constraint.
W: ConstraintEditor-4019: Port 'ram_wr_addr[3]' unspecified I/O constraint.
W: ConstraintEditor-4019: Port 'ram_wr_addr[4]' unspecified I/O constraint.
W: ConstraintEditor-4019: Port 'ram_wr_data[0]' unspecified I/O constraint.
W: ConstraintEditor-4019: Port 'ram_wr_data[1]' unspecified I/O constraint.
W: ConstraintEditor-4019: Port 'ram_wr_data[2]' unspecified I/O constraint.
W: ConstraintEditor-4019: Port 'ram_wr_data[3]' unspecified I/O constraint.
W: ConstraintEditor-4019: Port 'ram_wr_data[4]' unspecified I/O constraint.
W: ConstraintEditor-4019: Port 'ram_wr_data[5]' unspecified I/O constraint.
W: ConstraintEditor-4019: Port 'ram_wr_data[6]' unspecified I/O constraint.
W: ConstraintEditor-4019: Port 'ram_wr_data[7]' unspecified I/O constraint.
W: ConstraintEditor-4019: Port 'ram_wr_en' unspecified I/O constraint.
Constraint check end.
Executing : apply_constraint -f C:/Users/ch/Desktop/2021.4-SP1.2/ip_2port_ram/prj/device_map/ip_2port_ram.pcf successfully.
I: Column Clock Check close.

Placement started.
Pre global placement started.
Mapping instance u_CORES/u_GTP_SCANCHAIN_PG/scanchain to SCANCHAIN_48_328.
Mapping instance u_pll_clk/u_pll_e1/goppll to PLL_82_319.
Wirelength after clock region placement is 5635.
Mapping instance clkbufg_7/gopclkbufg to USCM_74_104.
Mapping instance clkbufg_5/gopclkbufg to USCM_74_105.
Mapping instance clkbufg_4/gopclkbufg to USCM_74_106.
Mapping instance clkbufg_6/gopclkbufg to USCM_74_107.
Mapping instance clkbufg_3/gopclkbufg to USCM_74_108.
Pre global placement takes 2.53 sec.

Global placement started.
Run super clustering :
	Initial slack 13987.
	2 iterations finished.
	Final slack 14892.
Super clustering done.
Design Utilization : 4%.
Wirelength after global placement is 5274.
Global placement takes 0.77 sec.

Post global placement started.
Placed fixed group with base inst sys_clk_ibuf/opit_1 on IOL_7_298.
Placed fixed group with base inst sys_rst_n_ibuf/opit_1 on IOL_7_241.
Placed fixed instance clkbufg_3/gopclkbufg on USCM_74_108.
Placed fixed instance clkbufg_4/gopclkbufg on USCM_74_106.
Placed fixed instance clkbufg_5/gopclkbufg on USCM_74_105.
Placed fixed instance clkbufg_6/gopclkbufg on USCM_74_107.
Placed fixed instance clkbufg_7/gopclkbufg on USCM_74_104.
Placed fixed instance u_CORES/u_GTP_SCANCHAIN_PG/scanchain on SCANCHAIN_48_328.
Placed fixed instance u_pll_clk/u_pll_e1/goppll on PLL_82_319.
Placed fixed instance BKCL_auto_0 on BKCL_2_268.
Placed fixed instance BKCL_auto_1 on BKCL_2_144.
IO placement started.
IO placement takes 0.03 sec.

Macro cell placement started.
Wirelength after Macro cell placement is 6598.
Macro cell placement takes 0.00 sec.

Run super clustering :
	Initial slack 13987.
	2 iterations finished.
	Final slack 14892.
Super clustering done.
Design Utilization : 4%.
Wirelength after post global placement is 5832.
Post global placement takes 0.38 sec.

Legalization started.
Wirelength after legalization is 6596.
Legalization takes 0.05 sec.

Timing-driven detailed placement started.
replication start
Worst slack before Replication Place is 15087.
Wirelength after replication placement is 6596.
Legalized cost 15087.000000.
The detailed placement ends at 0th iteration.
Wirelength after detailed placement is 6596.
Timing-driven detailed placement takes 0.09 sec.

Worst slack is 16854, TNS after placement is 0.
Placement done.
Total placement takes 4.09 sec.
Finished placement. (CPU time elapsed 0h:00m:04s)

Routing started.
Building routing graph takes 0.53 sec.
Worst slack is 16854, TNS before global route is 0.
Processing design graph takes 0.09 sec.
Total memory for routing:
	47.541359 M.
Total nets for routing : 1139.
Rcf routing step 1 processed 0 nets, it takes 0.00 sec.
Rcf routing step 2 processed 0 nets, it takes 0.00 sec.
Rcf routing step 3 processed 0 nets, it takes 0.00 sec.
Unrouted nets 0 at the end of iteration 0.
Global Routing step 1 processed 169 nets, it takes 0.00 sec.
Unrouted nets 192 at the end of iteration 0.
Unrouted nets 104 at the end of iteration 1.
Unrouted nets 50 at the end of iteration 2.
Unrouted nets 38 at the end of iteration 3.
Unrouted nets 14 at the end of iteration 4.
Unrouted nets 3 at the end of iteration 5.
Unrouted nets 1 at the end of iteration 6.
Unrouted nets 1 at the end of iteration 7.
Unrouted nets 1 at the end of iteration 8.
Unrouted nets 0 at the end of iteration 9.
Global Routing step 2 processed 296 nets, it takes 0.56 sec.
Unrouted nets 5 at the end of iteration 0.
Unrouted nets 0 at the end of iteration 1.
Global Routing step 3 processed 21 nets, it takes 0.02 sec.
Global routing takes 0.59 sec.
Total 1180 subnets.
    forward max bucket size 18497 , backward 226.
        Unrouted nets 609 at the end of iteration 0.
    route iteration 0, CPU time elapsed 0.203125 sec.
    forward max bucket size 18496 , backward 116.
        Unrouted nets 435 at the end of iteration 1.
    route iteration 1, CPU time elapsed 0.125000 sec.
    forward max bucket size 1275 , backward 334.
        Unrouted nets 315 at the end of iteration 2.
    route iteration 2, CPU time elapsed 0.062500 sec.
    forward max bucket size 1245 , backward 74.
        Unrouted nets 260 at the end of iteration 3.
    route iteration 3, CPU time elapsed 0.046875 sec.
    forward max bucket size 91 , backward 240.
        Unrouted nets 179 at the end of iteration 4.
    route iteration 4, CPU time elapsed 0.015625 sec.
    forward max bucket size 81 , backward 67.
        Unrouted nets 134 at the end of iteration 5.
    route iteration 5, CPU time elapsed 0.015625 sec.
    forward max bucket size 314 , backward 238.
        Unrouted nets 99 at the end of iteration 6.
    route iteration 6, CPU time elapsed 0.015625 sec.
    forward max bucket size 20 , backward 108.
        Unrouted nets 60 at the end of iteration 7.
    route iteration 7, CPU time elapsed 0.015625 sec.
    forward max bucket size 20 , backward 22.
        Unrouted nets 42 at the end of iteration 8.
    route iteration 8, CPU time elapsed 0.000000 sec.
    forward max bucket size 21 , backward 21.
        Unrouted nets 23 at the end of iteration 9.
    route iteration 9, CPU time elapsed 0.015625 sec.
    forward max bucket size 21 , backward 52.
        Unrouted nets 19 at the end of iteration 10.
    route iteration 10, CPU time elapsed 0.000000 sec.
    forward max bucket size 24 , backward 53.
        Unrouted nets 18 at the end of iteration 11.
    route iteration 11, CPU time elapsed 0.000000 sec.
    forward max bucket size 17 , backward 62.
        Unrouted nets 11 at the end of iteration 12.
    route iteration 12, CPU time elapsed 0.000000 sec.
    forward max bucket size 20 , backward 62.
        Unrouted nets 7 at the end of iteration 13.
    route iteration 13, CPU time elapsed 0.000000 sec.
    forward max bucket size 18 , backward 60.
        Unrouted nets 2 at the end of iteration 14.
    route iteration 14, CPU time elapsed 0.015625 sec.
    forward max bucket size 5 , backward 2.
        Unrouted nets 0 at the end of iteration 15.
    route iteration 15, CPU time elapsed 0.000000 sec.
C: Route-2036: The clock path from u_CORES/u_GTP_SCANCHAIN_PG/scanchain:CAPDR to clkbufg_3/gopclkbufg:CLK is routed by SRB.
C: Route-2036: The clock path from u_CORES/u_GTP_SCANCHAIN_PG/scanchain:TCK_USER to clkbufg_6/gopclkbufg:CLK is routed by SRB.
Detailed routing takes 0.53 sec.
Start fix hold violation.
Build tmp routing results takes 0.02 sec.
Timing analysis takes 0.06 sec.
Hold violation fix iter 0 takes 0.02 sec, total_step_forward 345.
Incremental timing analysis takes 0.05 sec.
Hold violation fix iter 1 takes 0.00 sec, total_step_forward 0.
Fix hold violation Finished.
Hold Violation Fix in router takes 0.25 sec.

Dispose routing result:
    Collect routing result.
    Delete unused device instances.
    Annotate routing result.
    Change LUT configuration.
    Dispose misc instances.
    Annotate routing result again.
Finish routing takes 0.14 sec.
Used srb routing arc is 9982.
Cleanup routing takes 0.02 sec.
Routing done.
Total routing takes 2.34 sec.

C: Place-2025: The VCCIO 1.5 in BANK BANKL1 is incompatible.

Device Utilization Summary :
+----------------------------------------------------------------------------+
| Logic Utilization        | Used     | Available     | Utilization(%)     
+----------------------------------------------------------------------------+
| Use of ADC               | 0        | 1             | 0                   
| Use of APM               | 0        | 30            | 0                   
| Use of BKCL              | 2        | 6             | 34                  
| Use of CLMA              | 208      | 3274          | 7                   
|   FF                     | 528      | 19644         | 3                   
|   LUT                    | 542      | 13096         | 5                   
|   LUT-FF pairs           | 316      | 13096         | 3                   
| Use of CLMS              | 61       | 1110          | 6                   
|   FF                     | 150      | 6660          | 3                   
|   LUT                    | 164      | 4440          | 4                   
|   LUT-FF pairs           | 105      | 4440          | 3                   
|   Distributed RAM        | 0        | 4440          | 0                   
| Use of CRYSTAL           | 0        | 6             | 0                   
| Use of DLL               | 0        | 6             | 0                   
| Use of DQSL              | 0        | 18            | 0                   
| Use of DRM               | 7.5      | 48            | 16                  
| Use of FLSIF             | 0        | 1             | 0                   
| Use of FUSECODE          | 0        | 1             | 0                   
| Use of HARD0N1           | 0        | 2745          | 0                   
| Use of HMEMC             | 0        | 2             | 0                   
| Use of IO                | 33       | 240           | 14                  
|   IOBD                   | 18       | 120           | 15                  
|   IOBR                   | 1        | 6             | 17                  
|   IOBS                   | 14       | 114           | 13                  
| Use of IOCKDIV           | 0        | 12            | 0                   
| Use of IOCKDLY           | 0        | 24            | 0                   
| Use of IOCKGATE          | 0        | 12            | 0                   
| Use of IOCKGMUX_TEST     | 0        | 12            | 0                   
| Use of IOL               | 33       | 240           | 14                  
| Use of IPAL              | 0        | 1             | 0                   
| Use of MFG_TEST          | 0        | 1             | 0                   
| Use of OSC               | 0        | 1             | 0                   
| Use of PLL               | 1        | 6             | 17                  
| Use of PREGMUX_TEST      | 0        | 6             | 0                   
| Use of RCKB              | 0        | 24            | 0                   
| Use of RCKBMUX_TEST      | 0        | 12            | 0                   
| Use of RESCAL            | 0        | 6             | 0                   
| Use of SCANCHAIN         | 1        | 4             | 25                  
| Use of START             | 1        | 1             | 100                 
| Use of UDID              | 0        | 1             | 0                   
| Use of USCM              | 7        | 20            | 35                  
| Use of USCMMUX_TEST      | 0        | 20            | 0                   
| Use of VCKBMUX_TEST      | 0        | 12            | 0                   
+----------------------------------------------------------------------------+

Finished routing. (CPU time elapsed 0h:00m:02s)
Design 'ip_2port_ram' has been placed and routed successfully.
Saving design to DB.
Finished placement and routing. (CPU time elapsed 0h:00m:10s)
Action pnr: Real time elapsed is 12.000 sec
Action pnr: CPU time elapsed is 10.625 sec
Action pnr: Process CPU time elapsed is 10.625 sec
Current time: Tue Oct 25 09:52:29 2022
Action pnr: Peak memory pool usage is 499,601,408 bytes
