#Build: Fabric Configuration 2021.4-SP1.2, Build 96435, May 30 04:40 2022
#Install: E:\pango\PDS_2021.4-SP1.2\bin
#Application name: cdt_cfg.exe
#OS: Windows 10 10.0.19044
#Hostname: DESKTOP-HFJ50FN
Generated by Fabric Configuration (version 2021.4-SP1.2 build 96435) at Wed Sep  7 15:07:47 2022
M_PROCESS_FINISH_STARTED

Connecting to server[127.0.0.1 : 65420].
Connect to server[127.0.0.1 : 65420] successfully.
COMMAND[check version information] execute successfully, takes 0.5 secs.
The cable List : 
Cable index 0:USB Cable II/fffffffffffffffe 

COMMAND[get_cable_paras] execute successfully, takes 1.3 secs.
PANGO USB CABLE II cable driver: D2XX DLL
PGL22G
COMMAND[Open config cable] execute successfully, takes 3.8 secs.
COMMAND[Program] execute successfully, takes 1.0 secs.
COMMAND[Program] execute successfully, takes 1.0 secs.
PANGO USB CABLE II cable driver: D2XX DLL
PGL22G
COMMAND[Open config cable] execute successfully, takes 3.4 secs.
COMMAND[Program] execute successfully, takes 1.0 secs.
COMMAND[Program] execute successfully, takes 1.0 secs.
PANGO USB CABLE II cable driver: D2XX DLL
PGL22G
COMMAND[Open config cable] execute successfully, takes 3.7 secs.
COMMAND[Program] execute successfully, takes 1.0 secs.
PANGO USB CABLE II cable driver: D2XX DLL
PGL22G
COMMAND[Open config cable] execute successfully, takes 2.5 secs.
COMMAND[Program] execute successfully, takes 1.0 secs.
PANGO USB CABLE II cable driver: D2XX DLL
PGL22G
COMMAND[Open config cable] execute successfully, takes 2.5 secs.
COMMAND[Program] execute successfully, takes 1.0 secs.
