[Info] [2022-6-22 20:11:32] /***************************Start Configuration***************************/
[Info] [2022-6-22 20:11:32] Path: J:/PDS_2021.4/pango/PDS_2021.4-SP1.2/bin
[Info] [2022-6-22 20:11:32] Version: 96435
[Info] [2022-6-22 20:11:33] Current Path: J:/pds/ip_pll/prj
[Info] [2022-6-22 20:11:33] PDS Dir Path: J:/pds/ip_pll/prj
[Info] [2022-6-22 20:13:02] Configuration is not connect with server. connect first then scan chain.
[Debug] [2022-6-22 20:13:03] Client Local host name:USER-20180123QP
[Debug] [2022-6-22 20:13:03] Client Local Address:192.168.2.196
[Debug] [2022-6-22 20:13:03] Client Local Address:192.168.2.1
[Debug] [2022-6-22 20:13:03] Client Local Address:192.168.65.1
[Debug] [2022-6-22 20:13:03] Server Address:127.0.0.1, Port:65420
[Info] [2022-6-22 20:13:04] Connect OK, Server: 127.0.0.1  Port: 65420
[Debug] [2022-6-22 20:13:04] Finish.
[Info] [2022-6-22 20:13:04] Connect server succeeded
[Debug] [2022-6-22 20:13:04] Send RPC:1
[Debug] [2022-6-22 20:13:04] Send cmd [check version information:40004] OK
[Debug] [2022-6-22 20:13:06] Send RPC:2
[Debug] [2022-6-22 20:13:06] Send cmd [get_cable_paras:40010] OK
[Debug] [2022-6-22 20:13:06] Begin to send initialize chain cmd...
[Debug] [2022-6-22 20:13:06] Send RPC:3
[Debug] [2022-6-22 20:13:06] Send cmd [Open config cable:20001] OK
[Debug] [2022-6-22 20:13:06] End to send initialize chain cmd.
[Debug] [2022-6-22 20:13:06] COMMAND[check version information] execute successfully, takes 2.0 secs.
[Debug] [2022-6-22 20:13:08] COMMAND[get_cable_paras] execute successfully, takes 2.2 secs.
[Error] [2022-6-22 20:13:14] fail to exec Open config cable cmd...
[Debug] [2022-6-22 20:13:36] stop the timer for monitoring connection timeout
[Debug] [2022-6-22 20:15:34] Begin to send initialize chain cmd...
[Debug] [2022-6-22 20:15:34] Send RPC:4
[Debug] [2022-6-22 20:15:34] Send cmd [Open config cable:20001] OK
[Debug] [2022-6-22 20:15:34] End to send initialize chain cmd.
[Error] [2022-6-22 20:15:40] fail to exec Open config cable cmd...
[Debug] [2022-6-22 20:16:04] stop the timer for monitoring connection timeout
[Info] [2022-6-22 20:19:22] /***************************End Configration***************************/
[Info] [2022-9-7 15:07:46] /***************************Start Configuration***************************/
[Info] [2022-9-7 15:07:46] Path: E:/pango/PDS_2021.4-SP1.2/bin
[Info] [2022-9-7 15:07:46] Version: 96435
[Info] [2022-9-7 15:07:47] Current Path: C:/Users/ch/Desktop/90/ip_pll/prj
[Info] [2022-9-7 15:07:47] PDS Dir Path: C:/Users/ch/Desktop/90/ip_pll/prj
[Info] [2022-9-7 15:08:02] Configuration is not connect with server. connect first then scan chain.
[Debug] [2022-9-7 15:08:02] Client Local host name:DESKTOP-HFJ50FN
[Debug] [2022-9-7 15:08:02] Client Local Address:192.168.153.1
[Debug] [2022-9-7 15:08:02] Client Local Address:192.168.206.1
[Debug] [2022-9-7 15:08:02] Client Local Address:192.168.2.193
[Debug] [2022-9-7 15:08:02] Server Address:127.0.0.1, Port:65420
[Info] [2022-9-7 15:08:03] Connect OK, Server: 127.0.0.1  Port: 65420
[Debug] [2022-9-7 15:08:03] Finish.
[Info] [2022-9-7 15:08:03] Connect server succeeded
[Debug] [2022-9-7 15:08:03] Send RPC:1
[Debug] [2022-9-7 15:08:03] Send cmd [check version information:40004] OK
[Debug] [2022-9-7 15:08:03] Send RPC:2
[Debug] [2022-9-7 15:08:03] Send cmd [get_cable_paras:40010] OK
[Debug] [2022-9-7 15:08:03] Begin to send initialize chain cmd...
[Debug] [2022-9-7 15:08:03] Send RPC:3
[Debug] [2022-9-7 15:08:03] Send cmd [Open config cable:20001] OK
[Debug] [2022-9-7 15:08:03] End to send initialize chain cmd.
[Debug] [2022-9-7 15:08:03] COMMAND[check version information] execute successfully, takes 0.5 secs.
[Debug] [2022-9-7 15:08:05] COMMAND[get_cable_paras] execute successfully, takes 1.3 secs.
[Debug] [2022-9-7 15:08:05] begin the exec of open cable cmd...
[Debug] [2022-9-7 15:08:05] Begin to deal with chain from server...
[Debug] [2022-9-7 15:08:05] Begin to set user chain...
[Debug] [2022-9-7 15:08:05] End to set user chain.
[Debug] [2022-9-7 15:08:05] Begin to update graphic item and tree item ...
[Debug] [2022-9-7 15:08:05] End to update graphic item and tree item ...
[Info] [2022-9-7 15:08:07] set OpenLastPath: C:/Users/ch/Desktop/90/ip_pll/prj/generate_bitstream/ip_pll.sbit
[Debug] [2022-9-7 15:08:07] begin to get device info from CFG file...
[Debug] [2022-9-7 15:08:07] end to get device info from CFG file...
[Debug] [2022-9-7 15:08:07] Begin to update graphic item and tree item ...
[Debug] [2022-9-7 15:08:07] End to update graphic item and tree item ...
[Debug] [2022-9-7 15:08:07] End to deal wiht chain from server.
[Debug] [2022-9-7 15:08:07] end the exec of open cable cmd.
[Debug] [2022-9-7 15:08:07] COMMAND[Open config cable] execute successfully, takes 3.8 secs.
[Debug] [2022-9-7 15:08:09] Begin to send programming cmd...
[Debug] [2022-9-7 15:08:09] Send RPC:4
[Debug] [2022-9-7 15:08:09] Begin to send program data.
[Debug] [2022-9-7 15:08:09] End to send program data.
[Debug] [2022-9-7 15:08:09] Send cmd [Program:20002] OK
[Debug] [2022-9-7 15:08:09] The value of Progress is 6
[Debug] [2022-9-7 15:08:09] The value of Progress is 10
[Debug] [2022-9-7 15:08:09] The value of Progress is 15
[Debug] [2022-9-7 15:08:09] The value of Progress is 20
[Debug] [2022-9-7 15:08:09] The value of Progress is 25
[Debug] [2022-9-7 15:08:09] The value of Progress is 30
[Debug] [2022-9-7 15:08:09] The value of Progress is 35
[Debug] [2022-9-7 15:08:09] The value of Progress is 40
[Debug] [2022-9-7 15:08:09] The value of Progress is 45
[Debug] [2022-9-7 15:08:09] The value of Progress is 50
[Debug] [2022-9-7 15:08:09] The value of Progress is 55
[Debug] [2022-9-7 15:08:09] The value of Progress is 60
[Debug] [2022-9-7 15:08:10] The value of Progress is 65
[Debug] [2022-9-7 15:08:10] The value of Progress is 70
[Debug] [2022-9-7 15:08:10] The value of Progress is 75
[Debug] [2022-9-7 15:08:10] The value of Progress is 80
[Debug] [2022-9-7 15:08:10] The value of Progress is 85
[Debug] [2022-9-7 15:08:10] The value of Progress is 90
[Debug] [2022-9-7 15:08:10] The value of Progress is 95
[Debug] [2022-9-7 15:08:10] The value of Progress is 100
[Debug] [2022-9-7 15:08:10] COMMAND[Program] execute successfully, takes 1.0 secs.
[Debug] [2022-9-7 15:08:10] End to send programming cmd.
[Debug] [2022-9-7 15:08:40] stop the timer for monitoring connection timeout
[Debug] [2022-9-7 15:10:18] Begin to send programming cmd...
[Debug] [2022-9-7 15:10:18] Send RPC:5
[Debug] [2022-9-7 15:10:18] Begin to send program data.
[Debug] [2022-9-7 15:10:18] End to send program data.
[Debug] [2022-9-7 15:10:18] Send cmd [Program:20002] OK
[Debug] [2022-9-7 15:10:18] The value of Progress is 6
[Debug] [2022-9-7 15:10:18] The value of Progress is 10
[Debug] [2022-9-7 15:10:18] The value of Progress is 15
[Debug] [2022-9-7 15:10:18] The value of Progress is 20
[Debug] [2022-9-7 15:10:18] The value of Progress is 25
[Debug] [2022-9-7 15:10:19] The value of Progress is 30
[Debug] [2022-9-7 15:10:19] The value of Progress is 35
[Debug] [2022-9-7 15:10:19] The value of Progress is 40
[Debug] [2022-9-7 15:10:19] The value of Progress is 45
[Debug] [2022-9-7 15:10:19] The value of Progress is 50
[Debug] [2022-9-7 15:10:19] The value of Progress is 55
[Debug] [2022-9-7 15:10:19] The value of Progress is 60
[Debug] [2022-9-7 15:10:19] The value of Progress is 65
[Debug] [2022-9-7 15:10:19] The value of Progress is 70
[Debug] [2022-9-7 15:10:19] The value of Progress is 75
[Debug] [2022-9-7 15:10:19] The value of Progress is 80
[Debug] [2022-9-7 15:10:19] The value of Progress is 85
[Debug] [2022-9-7 15:10:19] The value of Progress is 90
[Debug] [2022-9-7 15:10:19] The value of Progress is 95
[Debug] [2022-9-7 15:10:19] The value of Progress is 100
[Debug] [2022-9-7 15:10:19] COMMAND[Program] execute successfully, takes 1.0 secs.
[Debug] [2022-9-7 15:10:19] End to send programming cmd.
[Debug] [2022-9-7 15:10:49] stop the timer for monitoring connection timeout
[Debug] [2022-9-7 15:23:26] Begin to send initialize chain cmd...
[Debug] [2022-9-7 15:23:26] Send RPC:6
[Debug] [2022-9-7 15:23:26] Send cmd [Open config cable:20001] OK
[Debug] [2022-9-7 15:23:26] End to send initialize chain cmd.
[Debug] [2022-9-7 15:23:26] begin the exec of open cable cmd...
[Debug] [2022-9-7 15:23:26] Begin to deal with chain from server...
[Debug] [2022-9-7 15:23:26] Begin to set user chain...
[Debug] [2022-9-7 15:23:26] End to set user chain.
[Debug] [2022-9-7 15:23:26] Begin to update graphic item and tree item ...
[Debug] [2022-9-7 15:23:26] End to update graphic item and tree item ...
[Info] [2022-9-7 15:23:29] set OpenLastPath: C:/Users/ch/Desktop/90/ip_pll/prj/generate_bitstream/ip_pll.sbit
[Debug] [2022-9-7 15:23:29] begin to get device info from CFG file...
[Debug] [2022-9-7 15:23:29] end to get device info from CFG file...
[Debug] [2022-9-7 15:23:29] Begin to update graphic item and tree item ...
[Debug] [2022-9-7 15:23:29] End to update graphic item and tree item ...
[Debug] [2022-9-7 15:23:29] End to deal wiht chain from server.
[Debug] [2022-9-7 15:23:29] end the exec of open cable cmd.
[Debug] [2022-9-7 15:23:29] COMMAND[Open config cable] execute successfully, takes 3.4 secs.
[Debug] [2022-9-7 15:23:31] Begin to send programming cmd...
[Debug] [2022-9-7 15:23:31] Send RPC:7
[Debug] [2022-9-7 15:23:31] Begin to send program data.
[Debug] [2022-9-7 15:23:31] End to send program data.
[Debug] [2022-9-7 15:23:31] Send cmd [Program:20002] OK
[Debug] [2022-9-7 15:23:31] The value of Progress is 6
[Debug] [2022-9-7 15:23:31] The value of Progress is 10
[Debug] [2022-9-7 15:23:31] The value of Progress is 15
[Debug] [2022-9-7 15:23:31] The value of Progress is 20
[Debug] [2022-9-7 15:23:31] The value of Progress is 25
[Debug] [2022-9-7 15:23:31] The value of Progress is 30
[Debug] [2022-9-7 15:23:31] The value of Progress is 35
[Debug] [2022-9-7 15:23:31] The value of Progress is 40
[Debug] [2022-9-7 15:23:31] The value of Progress is 45
[Debug] [2022-9-7 15:23:31] The value of Progress is 50
[Debug] [2022-9-7 15:23:31] The value of Progress is 55
[Debug] [2022-9-7 15:23:31] The value of Progress is 60
[Debug] [2022-9-7 15:23:31] The value of Progress is 65
[Debug] [2022-9-7 15:23:32] The value of Progress is 70
[Debug] [2022-9-7 15:23:32] The value of Progress is 75
[Debug] [2022-9-7 15:23:32] The value of Progress is 80
[Debug] [2022-9-7 15:23:32] The value of Progress is 85
[Debug] [2022-9-7 15:23:32] The value of Progress is 90
[Debug] [2022-9-7 15:23:32] The value of Progress is 95
[Debug] [2022-9-7 15:23:32] The value of Progress is 100
[Debug] [2022-9-7 15:23:32] COMMAND[Program] execute successfully, takes 1.0 secs.
[Debug] [2022-9-7 15:23:32] End to send programming cmd.
[Debug] [2022-9-7 15:24:02] stop the timer for monitoring connection timeout
[Debug] [2022-9-7 15:24:24] Begin to send programming cmd...
[Debug] [2022-9-7 15:24:24] Send RPC:8
[Debug] [2022-9-7 15:24:24] Begin to send program data.
[Debug] [2022-9-7 15:24:24] End to send program data.
[Debug] [2022-9-7 15:24:24] Send cmd [Program:20002] OK
[Debug] [2022-9-7 15:24:24] The value of Progress is 6
[Debug] [2022-9-7 15:24:24] The value of Progress is 10
[Debug] [2022-9-7 15:24:24] The value of Progress is 15
[Debug] [2022-9-7 15:24:24] The value of Progress is 20
[Debug] [2022-9-7 15:24:24] The value of Progress is 25
[Debug] [2022-9-7 15:24:24] The value of Progress is 30
[Debug] [2022-9-7 15:24:25] The value of Progress is 35
[Debug] [2022-9-7 15:24:25] The value of Progress is 40
[Debug] [2022-9-7 15:24:25] The value of Progress is 45
[Debug] [2022-9-7 15:24:25] The value of Progress is 50
[Debug] [2022-9-7 15:24:25] The value of Progress is 55
[Debug] [2022-9-7 15:24:25] The value of Progress is 60
[Debug] [2022-9-7 15:24:25] The value of Progress is 65
[Debug] [2022-9-7 15:24:25] The value of Progress is 70
[Debug] [2022-9-7 15:24:25] The value of Progress is 75
[Debug] [2022-9-7 15:24:25] The value of Progress is 80
[Debug] [2022-9-7 15:24:25] The value of Progress is 85
[Debug] [2022-9-7 15:24:25] The value of Progress is 90
[Debug] [2022-9-7 15:24:25] The value of Progress is 95
[Debug] [2022-9-7 15:24:25] The value of Progress is 100
[Debug] [2022-9-7 15:24:25] COMMAND[Program] execute successfully, takes 1.0 secs.
[Debug] [2022-9-7 15:24:25] End to send programming cmd.
[Debug] [2022-9-7 15:24:55] stop the timer for monitoring connection timeout
[Debug] [2022-9-7 15:26:51] Begin to send initialize chain cmd...
[Debug] [2022-9-7 15:26:51] Send RPC:9
[Debug] [2022-9-7 15:26:51] Send cmd [Open config cable:20001] OK
[Debug] [2022-9-7 15:26:51] End to send initialize chain cmd.
[Debug] [2022-9-7 15:26:51] begin the exec of open cable cmd...
[Debug] [2022-9-7 15:26:51] Begin to deal with chain from server...
[Debug] [2022-9-7 15:26:51] Begin to set user chain...
[Debug] [2022-9-7 15:26:51] End to set user chain.
[Debug] [2022-9-7 15:26:51] Begin to update graphic item and tree item ...
[Debug] [2022-9-7 15:26:51] End to update graphic item and tree item ...
[Info] [2022-9-7 15:26:54] set OpenLastPath: C:/Users/ch/Desktop/90/ip_pll/prj/generate_bitstream/ip_pll.sbit
[Debug] [2022-9-7 15:26:54] begin to get device info from CFG file...
[Debug] [2022-9-7 15:26:54] end to get device info from CFG file...
[Debug] [2022-9-7 15:26:54] Begin to update graphic item and tree item ...
[Debug] [2022-9-7 15:26:54] End to update graphic item and tree item ...
[Debug] [2022-9-7 15:26:54] End to deal wiht chain from server.
[Debug] [2022-9-7 15:26:54] end the exec of open cable cmd.
[Debug] [2022-9-7 15:26:54] COMMAND[Open config cable] execute successfully, takes 3.7 secs.
[Debug] [2022-9-7 15:26:56] Begin to send programming cmd...
[Debug] [2022-9-7 15:26:56] Send RPC:10
[Debug] [2022-9-7 15:26:56] Begin to send program data.
[Debug] [2022-9-7 15:26:56] End to send program data.
[Debug] [2022-9-7 15:26:56] Send cmd [Program:20002] OK
[Debug] [2022-9-7 15:26:57] The value of Progress is 6
[Debug] [2022-9-7 15:26:57] The value of Progress is 10
[Debug] [2022-9-7 15:26:57] The value of Progress is 15
[Debug] [2022-9-7 15:26:57] The value of Progress is 20
[Debug] [2022-9-7 15:26:57] The value of Progress is 25
[Debug] [2022-9-7 15:26:57] The value of Progress is 30
[Debug] [2022-9-7 15:26:57] The value of Progress is 35
[Debug] [2022-9-7 15:26:57] The value of Progress is 40
[Debug] [2022-9-7 15:26:57] The value of Progress is 45
[Debug] [2022-9-7 15:26:57] The value of Progress is 50
[Debug] [2022-9-7 15:26:57] The value of Progress is 55
[Debug] [2022-9-7 15:26:57] The value of Progress is 60
[Debug] [2022-9-7 15:26:57] The value of Progress is 65
[Debug] [2022-9-7 15:26:57] The value of Progress is 70
[Debug] [2022-9-7 15:26:57] The value of Progress is 75
[Debug] [2022-9-7 15:26:57] The value of Progress is 80
[Debug] [2022-9-7 15:26:57] The value of Progress is 85
[Debug] [2022-9-7 15:26:57] The value of Progress is 90
[Debug] [2022-9-7 15:26:57] The value of Progress is 95
[Debug] [2022-9-7 15:26:57] The value of Progress is 100
[Debug] [2022-9-7 15:26:57] COMMAND[Program] execute successfully, takes 1.0 secs.
[Debug] [2022-9-7 15:26:57] End to send programming cmd.
[Debug] [2022-9-7 15:27:27] stop the timer for monitoring connection timeout
[Debug] [2022-9-7 15:29:14] Begin to send initialize chain cmd...
[Debug] [2022-9-7 15:29:14] Send RPC:11
[Debug] [2022-9-7 15:29:14] Send cmd [Open config cable:20001] OK
[Debug] [2022-9-7 15:29:14] End to send initialize chain cmd.
[Debug] [2022-9-7 15:29:14] begin the exec of open cable cmd...
[Debug] [2022-9-7 15:29:14] Begin to deal with chain from server...
[Debug] [2022-9-7 15:29:14] Begin to set user chain...
[Debug] [2022-9-7 15:29:14] End to set user chain.
[Debug] [2022-9-7 15:29:14] Begin to update graphic item and tree item ...
[Debug] [2022-9-7 15:29:14] End to update graphic item and tree item ...
[Info] [2022-9-7 15:29:16] set OpenLastPath: C:/Users/ch/Desktop/90/ip_pll/prj/generate_bitstream/ip_pll.sbit
[Debug] [2022-9-7 15:29:16] begin to get device info from CFG file...
[Debug] [2022-9-7 15:29:16] end to get device info from CFG file...
[Debug] [2022-9-7 15:29:16] Begin to update graphic item and tree item ...
[Debug] [2022-9-7 15:29:16] End to update graphic item and tree item ...
[Debug] [2022-9-7 15:29:16] End to deal wiht chain from server.
[Debug] [2022-9-7 15:29:16] end the exec of open cable cmd.
[Debug] [2022-9-7 15:29:16] COMMAND[Open config cable] execute successfully, takes 2.5 secs.
[Debug] [2022-9-7 15:29:18] Begin to send programming cmd...
[Debug] [2022-9-7 15:29:18] Send RPC:12
[Debug] [2022-9-7 15:29:18] Begin to send program data.
[Debug] [2022-9-7 15:29:18] End to send program data.
[Debug] [2022-9-7 15:29:18] Send cmd [Program:20002] OK
[Debug] [2022-9-7 15:29:18] The value of Progress is 6
[Debug] [2022-9-7 15:29:18] The value of Progress is 10
[Debug] [2022-9-7 15:29:18] The value of Progress is 15
[Debug] [2022-9-7 15:29:18] The value of Progress is 20
[Debug] [2022-9-7 15:29:19] The value of Progress is 25
[Debug] [2022-9-7 15:29:19] The value of Progress is 30
[Debug] [2022-9-7 15:29:19] The value of Progress is 35
[Debug] [2022-9-7 15:29:19] The value of Progress is 40
[Debug] [2022-9-7 15:29:19] The value of Progress is 45
[Debug] [2022-9-7 15:29:19] The value of Progress is 50
[Debug] [2022-9-7 15:29:19] The value of Progress is 55
[Debug] [2022-9-7 15:29:19] The value of Progress is 60
[Debug] [2022-9-7 15:29:19] The value of Progress is 65
[Debug] [2022-9-7 15:29:19] The value of Progress is 70
[Debug] [2022-9-7 15:29:19] The value of Progress is 75
[Debug] [2022-9-7 15:29:19] The value of Progress is 80
[Debug] [2022-9-7 15:29:19] The value of Progress is 85
[Debug] [2022-9-7 15:29:19] The value of Progress is 90
[Debug] [2022-9-7 15:29:19] The value of Progress is 95
[Debug] [2022-9-7 15:29:19] The value of Progress is 100
[Debug] [2022-9-7 15:29:19] COMMAND[Program] execute successfully, takes 1.0 secs.
[Debug] [2022-9-7 15:29:19] End to send programming cmd.
[Debug] [2022-9-7 15:29:49] stop the timer for monitoring connection timeout
[Debug] [2022-9-7 15:44:32] Begin to send initialize chain cmd...
[Debug] [2022-9-7 15:44:32] Send RPC:13
[Debug] [2022-9-7 15:44:32] Send cmd [Open config cable:20001] OK
[Debug] [2022-9-7 15:44:32] End to send initialize chain cmd.
[Debug] [2022-9-7 15:44:32] begin the exec of open cable cmd...
[Debug] [2022-9-7 15:44:32] Begin to deal with chain from server...
[Debug] [2022-9-7 15:44:32] Begin to set user chain...
[Debug] [2022-9-7 15:44:32] End to set user chain.
[Debug] [2022-9-7 15:44:32] Begin to update graphic item and tree item ...
[Debug] [2022-9-7 15:44:32] End to update graphic item and tree item ...
[Info] [2022-9-7 15:44:34] set OpenLastPath: C:/Users/ch/Desktop/90/ip_pll/prj/generate_bitstream/ip_pll.sbit
[Debug] [2022-9-7 15:44:34] begin to get device info from CFG file...
[Debug] [2022-9-7 15:44:34] end to get device info from CFG file...
[Debug] [2022-9-7 15:44:34] Begin to update graphic item and tree item ...
[Debug] [2022-9-7 15:44:34] End to update graphic item and tree item ...
[Debug] [2022-9-7 15:44:34] End to deal wiht chain from server.
[Debug] [2022-9-7 15:44:34] end the exec of open cable cmd.
[Debug] [2022-9-7 15:44:34] COMMAND[Open config cable] execute successfully, takes 2.5 secs.
[Debug] [2022-9-7 15:44:36] Begin to send programming cmd...
[Debug] [2022-9-7 15:44:36] Send RPC:14
[Debug] [2022-9-7 15:44:36] Begin to send program data.
[Debug] [2022-9-7 15:44:36] End to send program data.
[Debug] [2022-9-7 15:44:36] Send cmd [Program:20002] OK
[Debug] [2022-9-7 15:44:36] The value of Progress is 6
[Debug] [2022-9-7 15:44:36] The value of Progress is 10
[Debug] [2022-9-7 15:44:36] The value of Progress is 15
[Debug] [2022-9-7 15:44:36] The value of Progress is 20
[Debug] [2022-9-7 15:44:36] The value of Progress is 25
[Debug] [2022-9-7 15:44:36] The value of Progress is 30
[Debug] [2022-9-7 15:44:36] The value of Progress is 35
[Debug] [2022-9-7 15:44:36] The value of Progress is 40
[Debug] [2022-9-7 15:44:36] The value of Progress is 45
[Debug] [2022-9-7 15:44:36] The value of Progress is 50
[Debug] [2022-9-7 15:44:36] The value of Progress is 55
[Debug] [2022-9-7 15:44:36] The value of Progress is 60
[Debug] [2022-9-7 15:44:36] The value of Progress is 65
[Debug] [2022-9-7 15:44:36] The value of Progress is 70
[Debug] [2022-9-7 15:44:36] The value of Progress is 75
[Debug] [2022-9-7 15:44:36] The value of Progress is 80
[Debug] [2022-9-7 15:44:36] The value of Progress is 85
[Debug] [2022-9-7 15:44:37] The value of Progress is 90
[Debug] [2022-9-7 15:44:37] The value of Progress is 95
[Debug] [2022-9-7 15:44:37] The value of Progress is 100
[Debug] [2022-9-7 15:44:37] COMMAND[Program] execute successfully, takes 1.0 secs.
[Debug] [2022-9-7 15:44:37] End to send programming cmd.
[Debug] [2022-9-7 15:45:07] stop the timer for monitoring connection timeout
[Info] [2022-9-7 17:33:08] /***************************End Configration***************************/
