#Build: Fabric Compiler 2022.1, Build 99559, Jul 12 00:20 2022
#Install: E:\PDS_2022.1\Pango\PDS_2022.1\bin
#Application name: pds_shell.exe
#OS: Windows 10 10.0.19044
#Hostname: DESKTOP-HFJ50FN
Generated by Fabric Compiler (version 2022.1 build 99559) at Tue Oct 11 13:33:46 2022
Compiling verification operator library.
Compiling common defs.
Compiling prim grid devices.
Compiling gate devices.
Compiling gate operators.
Building architecture model.
Loading device packaging model.
Reading design from pnr DB.
Start Report Post-PnR timing.
Constructing timing graph ...
Timing graph has been constructed successfully
W: Timing-4087: Port 'clk_25m' is not constrained, it is treated as combinational output.
W: Timing-4087: Port 'clk_25m_75' is not constrained, it is treated as combinational output.
W: Timing-4087: Port 'clk_50m' is not constrained, it is treated as combinational output.
W: Timing-4087: Port 'clk_100m' is not constrained, it is treated as combinational output.
W: Timing-4087: Port 'clk_100m_180deg' is not constrained, it is treated as combinational output.
W: Timing-4087: Port 'locked' is not constrained, it is treated as combinational output.
W: Timing-4086: Port 'sys_rst_n' is not constrained, it is treated as combinational input.
Report timing is finished successfully.
Action report_timing: Real time elapsed is 0h:0m:5s
Action report_timing: CPU time elapsed is 0h:0m:3s
Action report_timing: Process CPU time elapsed is 0h:0m:3s
Current time: Tue Oct 11 13:33:49 2022
Action report_timing: Peak memory pool usage is 625 MB
