#Build: Fabric Compiler 2022.1, Build 99559, Jul 12 00:20 2022
#Install: E:\PDS_2022.1\Pango\PDS_2022.1\bin
#Application name: pds.exe
#OS: Windows 10 10.0.19044
#Hostname: DESKTOP-HFJ50FN
Generated by Fabric Compiler (version 2022.1 build 99559) at Mon Oct 17 16:53:44 2022
Parse module hierarchy of project 'C:/Users/ch/Desktop/2022.1/ip_pll/prj/temp_projects/Main_Flow/Main_Flow.pds' (ADS Parser)
Compiling common defs.
Compiling technology operator (valence) library.
Compiling prim grid devices.
Compiling prim grid device symbols.
Compiling gate devices.
Compiling gate operators.
Compiling tech operator impls.
Building architecture model.
Loading device packaging model.
Building architecture floorplan logic view.
Building architecture floorplan schematic view.
Executing : get_ports sys_clk
Executing : get_ports sys_clk successfully.
Executing : create_clock -name clk [get_ports sys_clk] -period 20 -waveform {0.000 10.000}
Executing : create_clock -name clk [get_ports sys_clk] -period 20 -waveform {0.000 10.000} successfully.
C: ConstraintEditor-2002: [C:/Users/ch/Desktop/2022.1/ip_pll/prj/ip_pll.fdc(line number: 13)] | Port clk_25m has been placed at location G4, whose type is share pin.
C: ConstraintEditor-2002: [C:/Users/ch/Desktop/2022.1/ip_pll/prj/ip_pll.fdc(line number: 20)] | Port clk_25m_75 has been placed at location C2, whose type is share pin.
C: ConstraintEditor-2002: [C:/Users/ch/Desktop/2022.1/ip_pll/prj/ip_pll.fdc(line number: 27)] | Port clk_50m has been placed at location C1, whose type is share pin.
C: ConstraintEditor-2002: [C:/Users/ch/Desktop/2022.1/ip_pll/prj/ip_pll.fdc(line number: 34)] | Port clk_100m has been placed at location A1, whose type is share pin.
C: ConstraintEditor-2002: [C:/Users/ch/Desktop/2022.1/ip_pll/prj/ip_pll.fdc(line number: 41)] | Port clk_100m_180deg has been placed at location A2, whose type is share pin.
W: ConstraintEditor-4019: Port 'locked' unspecified I/O constraint.
Open UCE successfully.
Current device : PGL22G-6MBG324
Total time(hh:mm:ss) of open UCE: 00:00:04
Parse module hierarchy of project 'C:/Users/ch/Desktop/2022.1/ip_pll/prj/temp_projects/Main_Flow/Main_Flow.pds' (ADS Parser)
#Build: Fabric Compiler 2022.1, Build 99559, Jul 12 00:20 2022
#Install: E:\PDS_2022.1\Pango\PDS_2022.1\bin
#Application name: pds.exe
#OS: Windows 10 10.0.19044
#Hostname: DESKTOP-HFJ50FN
Generated by Fabric Compiler (version 2022.1 build 99559) at Mon Oct 17 17:04:01 2022
Parse module hierarchy of project 'C:/Users/ch/Desktop/2022.1/ip_pll/prj/temp_projects/Main_Flow/Main_Flow.pds' (ADS Parser)
File "C:/Users/ch/Desktop/2022.1/ip_pll/sim/tb/tb_ip_pll.v" has been added to project successfully. 
Parse module hierarchy of project 'C:/Users/ch/Desktop/2022.1/ip_pll/prj/temp_projects/Main_Flow/Main_Flow.pds' (ADS Parser)
File "C:/Users/ch/Desktop/2022.1/ip_pll/sim/tb/vtf_ip_pll.v" has been removed from project successfully. 
Parse module hierarchy of project 'C:/Users/ch/Desktop/2022.1/ip_pll/prj/temp_projects/Main_Flow/Main_Flow.pds' (ADS Parser)
