#Build: Fabric Compiler 2022.1, Build 99559, Jul 12 00:20 2022
#Install: E:\PDS_2022.1\Pango\PDS_2022.1\bin
#Application name: pds.exe
#OS: Windows 10 10.0.19044
#Hostname: DESKTOP-HFJ50FN
Generated by Fabric Compiler (version 2022.1 build 99559) at Tue Oct 11 17:07:40 2022
Parse module hierarchy of project 'C:/Users/ch/Desktop/2022.1/ip_fifo/prj/temp_projects/Main_Flow/Main_Flow.pds' (ADS Parser)
E: Simulation-0006: The Simulation Tool: D:/modeltech64_10.4/win64/modelsim.exe does not exist.


Process "Compile" started.
Current time: Tue Oct 11 17:13:19 2022
Compiling architecture definition.
Analyzing project file 'C:/Users/ch/Desktop/2022.1/ip_fifo/prj/ip_fifo.pds'.
License checkout: fabric_ads
Compiling verification operator library.
Loading technology operator library.
Compiling technology operator library.
Compiling technology operator (valence) library.
I: Enable Verilog2k features and keywords
Start rtl-analyze.
Executing : .rtl_analyze -work work -include_path {C:/Users/ch/Desktop/2022.1/ip_fifo/prj} C:/Users/ch/Desktop/2022.1/ip_fifo/rtl/ip_fifo.v
I: Verilog-0001: Analyzing file C:/Users/ch/Desktop/2022.1/ip_fifo/rtl/ip_fifo.v
I: Verilog-0002: [C:/Users/ch/Desktop/2022.1/ip_fifo/rtl/ip_fifo.v(line number: 23)] Analyzing module ip_fifo (library work)
I: [C:/Users/ch/Desktop/2022.1/ip_fifo/rtl/ip_fifo.v(line number: 29)] Convert attribute name from syn_keep to PAP_KEEP
I: [C:/Users/ch/Desktop/2022.1/ip_fifo/rtl/ip_fifo.v(line number: 30)] Convert attribute name from syn_keep to PAP_KEEP
I: [C:/Users/ch/Desktop/2022.1/ip_fifo/rtl/ip_fifo.v(line number: 31)] Convert attribute name from syn_keep to PAP_KEEP
I: [C:/Users/ch/Desktop/2022.1/ip_fifo/rtl/ip_fifo.v(line number: 32)] Convert attribute name from syn_keep to PAP_KEEP
I: [C:/Users/ch/Desktop/2022.1/ip_fifo/rtl/ip_fifo.v(line number: 33)] Convert attribute name from syn_keep to PAP_KEEP
I: [C:/Users/ch/Desktop/2022.1/ip_fifo/rtl/ip_fifo.v(line number: 34)] Convert attribute name from syn_keep to PAP_KEEP
I: [C:/Users/ch/Desktop/2022.1/ip_fifo/rtl/ip_fifo.v(line number: 35)] Convert attribute name from syn_keep to PAP_KEEP
I: [C:/Users/ch/Desktop/2022.1/ip_fifo/rtl/ip_fifo.v(line number: 36)] Convert attribute name from syn_keep to PAP_KEEP
I: [C:/Users/ch/Desktop/2022.1/ip_fifo/rtl/ip_fifo.v(line number: 37)] Convert attribute name from syn_keep to PAP_KEEP
I: [C:/Users/ch/Desktop/2022.1/ip_fifo/rtl/ip_fifo.v(line number: 38)] Convert attribute name from syn_keep to PAP_KEEP
Parsing done.
Executing : .rtl_analyze -work work -include_path {C:/Users/ch/Desktop/2022.1/ip_fifo/prj} C:/Users/ch/Desktop/2022.1/ip_fifo/rtl/ip_fifo.v successfully.
Executing : .rtl_analyze -work work -include_path {C:/Users/ch/Desktop/2022.1/ip_fifo/prj} C:/Users/ch/Desktop/2022.1/ip_fifo/rtl/fifo_rd.v
I: Verilog-0001: Analyzing file C:/Users/ch/Desktop/2022.1/ip_fifo/rtl/fifo_rd.v
I: Verilog-0002: [C:/Users/ch/Desktop/2022.1/ip_fifo/rtl/fifo_rd.v(line number: 23)] Analyzing module fifo_rd (library work)
Parsing done.
Executing : .rtl_analyze -work work -include_path {C:/Users/ch/Desktop/2022.1/ip_fifo/prj} C:/Users/ch/Desktop/2022.1/ip_fifo/rtl/fifo_rd.v successfully.
Executing : .rtl_analyze -work work -include_path {C:/Users/ch/Desktop/2022.1/ip_fifo/prj} C:/Users/ch/Desktop/2022.1/ip_fifo/rtl/fifo_wr.v
I: Verilog-0001: Analyzing file C:/Users/ch/Desktop/2022.1/ip_fifo/rtl/fifo_wr.v
I: Verilog-0002: [C:/Users/ch/Desktop/2022.1/ip_fifo/rtl/fifo_wr.v(line number: 23)] Analyzing module fifo_wr (library work)
Parsing done.
Executing : .rtl_analyze -work work -include_path {C:/Users/ch/Desktop/2022.1/ip_fifo/prj} C:/Users/ch/Desktop/2022.1/ip_fifo/rtl/fifo_wr.v successfully.
Executing : .rtl_analyze -include_path {C:/Users/ch/Desktop/2022.1/ip_fifo/prj} C:/Users/ch/Desktop/2022.1/ip_fifo/prj/ipcore/fifo_generator_0/rtl/ipml_fifo_ctrl_v1_3.v
I: Verilog-0001: Analyzing file C:/Users/ch/Desktop/2022.1/ip_fifo/prj/ipcore/fifo_generator_0/rtl/ipml_fifo_ctrl_v1_3.v
I: Verilog-0002: [C:/Users/ch/Desktop/2022.1/ip_fifo/prj/ipcore/fifo_generator_0/rtl/ipml_fifo_ctrl_v1_3.v(line number: 21)] Analyzing module ipml_fifo_ctrl_v1_3 (library work)
Parsing done.
Executing : .rtl_analyze -include_path {C:/Users/ch/Desktop/2022.1/ip_fifo/prj} C:/Users/ch/Desktop/2022.1/ip_fifo/prj/ipcore/fifo_generator_0/rtl/ipml_fifo_ctrl_v1_3.v successfully.
Executing : .rtl_analyze -include_path {C:/Users/ch/Desktop/2022.1/ip_fifo/prj} C:/Users/ch/Desktop/2022.1/ip_fifo/prj/ipcore/fifo_generator_0/rtl/ipml_sdpram_v1_6_fifo_generator_0.v
I: Verilog-0001: Analyzing file C:/Users/ch/Desktop/2022.1/ip_fifo/prj/ipcore/fifo_generator_0/rtl/ipml_sdpram_v1_6_fifo_generator_0.v
I: Verilog-0002: [C:/Users/ch/Desktop/2022.1/ip_fifo/prj/ipcore/fifo_generator_0/rtl/ipml_sdpram_v1_6_fifo_generator_0.v(line number: 20)] Analyzing module ipml_sdpram_v1_6_fifo_generator_0 (library work)
W: Verilog-2008: [C:/Users/ch/Desktop/2022.1/ip_fifo/prj/ipcore/fifo_generator_0/rtl/ipml_sdpram_v1_6_fifo_generator_0.v(line number: 309)] Ignore 'system task' $display
W: Verilog-2008: [C:/Users/ch/Desktop/2022.1/ip_fifo/prj/ipcore/fifo_generator_0/rtl/ipml_sdpram_v1_6_fifo_generator_0.v(line number: 310)] Ignore 'system task' $finish
W: Verilog-2008: [C:/Users/ch/Desktop/2022.1/ip_fifo/prj/ipcore/fifo_generator_0/rtl/ipml_sdpram_v1_6_fifo_generator_0.v(line number: 313)] Ignore 'system task' $display
W: Verilog-2008: [C:/Users/ch/Desktop/2022.1/ip_fifo/prj/ipcore/fifo_generator_0/rtl/ipml_sdpram_v1_6_fifo_generator_0.v(line number: 317)] Ignore 'system task' $display
W: Verilog-2008: [C:/Users/ch/Desktop/2022.1/ip_fifo/prj/ipcore/fifo_generator_0/rtl/ipml_sdpram_v1_6_fifo_generator_0.v(line number: 321)] Ignore 'system task' $display
W: Verilog-2008: [C:/Users/ch/Desktop/2022.1/ip_fifo/prj/ipcore/fifo_generator_0/rtl/ipml_sdpram_v1_6_fifo_generator_0.v(line number: 325)] Ignore 'system task' $display
W: Verilog-2008: [C:/Users/ch/Desktop/2022.1/ip_fifo/prj/ipcore/fifo_generator_0/rtl/ipml_sdpram_v1_6_fifo_generator_0.v(line number: 329)] Ignore 'system task' $display
W: Verilog-2008: [C:/Users/ch/Desktop/2022.1/ip_fifo/prj/ipcore/fifo_generator_0/rtl/ipml_sdpram_v1_6_fifo_generator_0.v(line number: 330)] Ignore 'system task' $finish
W: Verilog-2008: [C:/Users/ch/Desktop/2022.1/ip_fifo/prj/ipcore/fifo_generator_0/rtl/ipml_sdpram_v1_6_fifo_generator_0.v(line number: 333)] Ignore 'system task' $display
W: Verilog-2008: [C:/Users/ch/Desktop/2022.1/ip_fifo/prj/ipcore/fifo_generator_0/rtl/ipml_sdpram_v1_6_fifo_generator_0.v(line number: 334)] Ignore 'system task' $finish
W: Verilog-2008: [C:/Users/ch/Desktop/2022.1/ip_fifo/prj/ipcore/fifo_generator_0/rtl/ipml_sdpram_v1_6_fifo_generator_0.v(line number: 337)] Ignore 'system task' $display
W: Verilog-2008: [C:/Users/ch/Desktop/2022.1/ip_fifo/prj/ipcore/fifo_generator_0/rtl/ipml_sdpram_v1_6_fifo_generator_0.v(line number: 338)] Ignore 'system task' $finish
W: Verilog-2008: [C:/Users/ch/Desktop/2022.1/ip_fifo/prj/ipcore/fifo_generator_0/rtl/ipml_sdpram_v1_6_fifo_generator_0.v(line number: 341)] Ignore 'system task' $display
W: Verilog-2008: [C:/Users/ch/Desktop/2022.1/ip_fifo/prj/ipcore/fifo_generator_0/rtl/ipml_sdpram_v1_6_fifo_generator_0.v(line number: 342)] Ignore 'system task' $finish
W: Verilog-2008: [C:/Users/ch/Desktop/2022.1/ip_fifo/prj/ipcore/fifo_generator_0/rtl/ipml_sdpram_v1_6_fifo_generator_0.v(line number: 345)] Ignore 'system task' $display
W: Verilog-2008: [C:/Users/ch/Desktop/2022.1/ip_fifo/prj/ipcore/fifo_generator_0/rtl/ipml_sdpram_v1_6_fifo_generator_0.v(line number: 346)] Ignore 'system task' $finish
W: Verilog-2008: [C:/Users/ch/Desktop/2022.1/ip_fifo/prj/ipcore/fifo_generator_0/rtl/ipml_sdpram_v1_6_fifo_generator_0.v(line number: 349)] Ignore 'system task' $display
W: Verilog-2008: [C:/Users/ch/Desktop/2022.1/ip_fifo/prj/ipcore/fifo_generator_0/rtl/ipml_sdpram_v1_6_fifo_generator_0.v(line number: 350)] Ignore 'system task' $finish
W: Verilog-2008: [C:/Users/ch/Desktop/2022.1/ip_fifo/prj/ipcore/fifo_generator_0/rtl/ipml_sdpram_v1_6_fifo_generator_0.v(line number: 353)] Ignore 'system task' $display
W: Verilog-2008: [C:/Users/ch/Desktop/2022.1/ip_fifo/prj/ipcore/fifo_generator_0/rtl/ipml_sdpram_v1_6_fifo_generator_0.v(line number: 354)] Ignore 'system task' $finish
W: Verilog-2008: [C:/Users/ch/Desktop/2022.1/ip_fifo/prj/ipcore/fifo_generator_0/rtl/ipml_sdpram_v1_6_fifo_generator_0.v(line number: 357)] Ignore 'system task' $display
W: Verilog-2008: [C:/Users/ch/Desktop/2022.1/ip_fifo/prj/ipcore/fifo_generator_0/rtl/ipml_sdpram_v1_6_fifo_generator_0.v(line number: 358)] Ignore 'system task' $finish
W: Verilog-2008: [C:/Users/ch/Desktop/2022.1/ip_fifo/prj/ipcore/fifo_generator_0/rtl/ipml_sdpram_v1_6_fifo_generator_0.v(line number: 361)] Ignore 'system task' $display
W: Verilog-2008: [C:/Users/ch/Desktop/2022.1/ip_fifo/prj/ipcore/fifo_generator_0/rtl/ipml_sdpram_v1_6_fifo_generator_0.v(line number: 362)] Ignore 'system task' $finish
W: Verilog-2008: [C:/Users/ch/Desktop/2022.1/ip_fifo/prj/ipcore/fifo_generator_0/rtl/ipml_sdpram_v1_6_fifo_generator_0.v(line number: 365)] Ignore 'system task' $display
W: Verilog-2008: [C:/Users/ch/Desktop/2022.1/ip_fifo/prj/ipcore/fifo_generator_0/rtl/ipml_sdpram_v1_6_fifo_generator_0.v(line number: 366)] Ignore 'system task' $finish
W: Verilog-2008: [C:/Users/ch/Desktop/2022.1/ip_fifo/prj/ipcore/fifo_generator_0/rtl/ipml_sdpram_v1_6_fifo_generator_0.v(line number: 369)] Ignore 'system task' $display
W: Verilog-2008: [C:/Users/ch/Desktop/2022.1/ip_fifo/prj/ipcore/fifo_generator_0/rtl/ipml_sdpram_v1_6_fifo_generator_0.v(line number: 370)] Ignore 'system task' $finish
W: Verilog-2008: [C:/Users/ch/Desktop/2022.1/ip_fifo/prj/ipcore/fifo_generator_0/rtl/ipml_sdpram_v1_6_fifo_generator_0.v(line number: 374)] Ignore 'system task' $display
W: Verilog-2008: [C:/Users/ch/Desktop/2022.1/ip_fifo/prj/ipcore/fifo_generator_0/rtl/ipml_sdpram_v1_6_fifo_generator_0.v(line number: 375)] Ignore 'system task' $finish
W: Verilog-2008: [C:/Users/ch/Desktop/2022.1/ip_fifo/prj/ipcore/fifo_generator_0/rtl/ipml_sdpram_v1_6_fifo_generator_0.v(line number: 378)] Ignore 'system task' $display
W: Verilog-2008: [C:/Users/ch/Desktop/2022.1/ip_fifo/prj/ipcore/fifo_generator_0/rtl/ipml_sdpram_v1_6_fifo_generator_0.v(line number: 379)] Ignore 'system task' $finish
W: Verilog-2008: [C:/Users/ch/Desktop/2022.1/ip_fifo/prj/ipcore/fifo_generator_0/rtl/ipml_sdpram_v1_6_fifo_generator_0.v(line number: 383)] Ignore 'system task' $display
W: Verilog-2008: [C:/Users/ch/Desktop/2022.1/ip_fifo/prj/ipcore/fifo_generator_0/rtl/ipml_sdpram_v1_6_fifo_generator_0.v(line number: 384)] Ignore 'system task' $finish
W: Verilog-2008: [C:/Users/ch/Desktop/2022.1/ip_fifo/prj/ipcore/fifo_generator_0/rtl/ipml_sdpram_v1_6_fifo_generator_0.v(line number: 387)] Ignore 'system task' $display
W: Verilog-2008: [C:/Users/ch/Desktop/2022.1/ip_fifo/prj/ipcore/fifo_generator_0/rtl/ipml_sdpram_v1_6_fifo_generator_0.v(line number: 388)] Ignore 'system task' $finish
W: Verilog-2008: [C:/Users/ch/Desktop/2022.1/ip_fifo/prj/ipcore/fifo_generator_0/rtl/ipml_sdpram_v1_6_fifo_generator_0.v(line number: 391)] Ignore 'system task' $display
W: Verilog-2008: [C:/Users/ch/Desktop/2022.1/ip_fifo/prj/ipcore/fifo_generator_0/rtl/ipml_sdpram_v1_6_fifo_generator_0.v(line number: 392)] Ignore 'system task' $finish
W: Verilog-2008: [C:/Users/ch/Desktop/2022.1/ip_fifo/prj/ipcore/fifo_generator_0/rtl/ipml_sdpram_v1_6_fifo_generator_0.v(line number: 395)] Ignore 'system task' $display
W: Verilog-2008: [C:/Users/ch/Desktop/2022.1/ip_fifo/prj/ipcore/fifo_generator_0/rtl/ipml_sdpram_v1_6_fifo_generator_0.v(line number: 396)] Ignore 'system task' $finish
W: Verilog-2008: [C:/Users/ch/Desktop/2022.1/ip_fifo/prj/ipcore/fifo_generator_0/rtl/ipml_sdpram_v1_6_fifo_generator_0.v(line number: 399)] Ignore 'system task' $display
W: Verilog-2008: [C:/Users/ch/Desktop/2022.1/ip_fifo/prj/ipcore/fifo_generator_0/rtl/ipml_sdpram_v1_6_fifo_generator_0.v(line number: 400)] Ignore 'system task' $finish
W: Verilog-2008: [C:/Users/ch/Desktop/2022.1/ip_fifo/prj/ipcore/fifo_generator_0/rtl/ipml_sdpram_v1_6_fifo_generator_0.v(line number: 405)] Ignore 'system task' $display
W: Verilog-2008: [C:/Users/ch/Desktop/2022.1/ip_fifo/prj/ipcore/fifo_generator_0/rtl/ipml_sdpram_v1_6_fifo_generator_0.v(line number: 406)] Ignore 'system task' $finish
W: Verilog-2008: [C:/Users/ch/Desktop/2022.1/ip_fifo/prj/ipcore/fifo_generator_0/rtl/ipml_sdpram_v1_6_fifo_generator_0.v(line number: 409)] Ignore 'system task' $display
W: Verilog-2008: [C:/Users/ch/Desktop/2022.1/ip_fifo/prj/ipcore/fifo_generator_0/rtl/ipml_sdpram_v1_6_fifo_generator_0.v(line number: 410)] Ignore 'system task' $finish
W: Verilog-2008: [C:/Users/ch/Desktop/2022.1/ip_fifo/prj/ipcore/fifo_generator_0/rtl/ipml_sdpram_v1_6_fifo_generator_0.v(line number: 415)] Ignore 'system task' $display
W: Verilog-2008: [C:/Users/ch/Desktop/2022.1/ip_fifo/prj/ipcore/fifo_generator_0/rtl/ipml_sdpram_v1_6_fifo_generator_0.v(line number: 416)] Ignore 'system task' $finish
W: Verilog-2010: [C:/Users/ch/Desktop/2022.1/ip_fifo/prj/ipcore/fifo_generator_0/rtl/ipml_sdpram_v1_6_fifo_generator_0.v(line number: 307)] Ignore initial statements except memory $readmemh/$readmemb initialization statements
Parsing done.
Executing : .rtl_analyze -include_path {C:/Users/ch/Desktop/2022.1/ip_fifo/prj} C:/Users/ch/Desktop/2022.1/ip_fifo/prj/ipcore/fifo_generator_0/rtl/ipml_sdpram_v1_6_fifo_generator_0.v successfully.
Executing : .rtl_analyze -include_path {C:/Users/ch/Desktop/2022.1/ip_fifo/prj} C:/Users/ch/Desktop/2022.1/ip_fifo/prj/ipcore/fifo_generator_0/rtl/ipml_fifo_v1_6_fifo_generator_0.v
I: Verilog-0001: Analyzing file C:/Users/ch/Desktop/2022.1/ip_fifo/prj/ipcore/fifo_generator_0/rtl/ipml_fifo_v1_6_fifo_generator_0.v
I: Verilog-0002: [C:/Users/ch/Desktop/2022.1/ip_fifo/prj/ipcore/fifo_generator_0/rtl/ipml_fifo_v1_6_fifo_generator_0.v(line number: 25)] Analyzing module ipml_fifo_v1_6_fifo_generator_0 (library work)
Parsing done.
Executing : .rtl_analyze -include_path {C:/Users/ch/Desktop/2022.1/ip_fifo/prj} C:/Users/ch/Desktop/2022.1/ip_fifo/prj/ipcore/fifo_generator_0/rtl/ipml_fifo_v1_6_fifo_generator_0.v successfully.
Executing : .rtl_analyze -include_path {C:/Users/ch/Desktop/2022.1/ip_fifo/prj} C:/Users/ch/Desktop/2022.1/ip_fifo/prj/ipcore/fifo_generator_0/fifo_generator_0.v
I: Verilog-0001: Analyzing file C:/Users/ch/Desktop/2022.1/ip_fifo/prj/ipcore/fifo_generator_0/fifo_generator_0.v
I: Verilog-0002: [C:/Users/ch/Desktop/2022.1/ip_fifo/prj/ipcore/fifo_generator_0/fifo_generator_0.v(line number: 18)] Analyzing module fifo_generator_0 (library work)
Parsing done.
Executing : .rtl_analyze -include_path {C:/Users/ch/Desktop/2022.1/ip_fifo/prj} C:/Users/ch/Desktop/2022.1/ip_fifo/prj/ipcore/fifo_generator_0/fifo_generator_0.v successfully.
I: Module "ip_fifo" is set as top module.
Executing : rtl-analyze successfully. Time elapsed: 1.188s wall, 0.000s user + 0.016s system = 0.016s CPU (1.3%)

Start rtl-elaborate.
I: Verilog-0003: [C:/Users/ch/Desktop/2022.1/ip_fifo/rtl/ip_fifo.v(line number: 23)] Elaborating module ip_fifo
I: Verilog-0004: [C:/Users/ch/Desktop/2022.1/ip_fifo/rtl/ip_fifo.v(line number: 82)] Elaborating instance u_fifo_generator_0
I: Verilog-0003: [C:/Users/ch/Desktop/2022.1/ip_fifo/prj/ipcore/fifo_generator_0/fifo_generator_0.v(line number: 18)] Elaborating module fifo_generator_0
I: Verilog-0004: [C:/Users/ch/Desktop/2022.1/ip_fifo/prj/ipcore/fifo_generator_0/fifo_generator_0.v(line number: 164)] Elaborating instance U_ipml_fifo_fifo_generator_0
I: Verilog-0003: [C:/Users/ch/Desktop/2022.1/ip_fifo/prj/ipcore/fifo_generator_0/rtl/ipml_fifo_v1_6_fifo_generator_0.v(line number: 25)] Elaborating module ipml_fifo_v1_6_fifo_generator_0
I: Module instance {ip_fifo.u_fifo_generator_0.U_ipml_fifo_fifo_generator_0} parameter value:
    c_SIM_DEVICE = PGL22G
    c_WR_DEPTH_WIDTH = 32'b00000000000000000000000000001000
    c_WR_DATA_WIDTH = 32'b00000000000000000000000000001000
    c_RD_DEPTH_WIDTH = 32'b00000000000000000000000000001000
    c_RD_DATA_WIDTH = 32'b00000000000000000000000000001000
    c_OUTPUT_REG = 32'b00000000000000000000000000000000
    c_RD_OCE_EN = 32'b00000000000000000000000000000000
    c_RESET_TYPE = ASYNC_RESET
    c_POWER_OPT = 32'b00000000000000000000000000000000
    c_RD_CLK_OR_POL_INV = 32'b00000000000000000000000000000000
    c_WR_BYTE_EN = 32'b00000000000000000000000000000000
    c_BE_WIDTH = 32'b00000000000000000000000000000001
    c_FIFO_TYPE = ASYN
    c_ALMOST_FULL_NUM = 32'b00000000000000000000000011111100
    c_ALMOST_EMPTY_NUM = 32'b00000000000000000000000000000100
I: Verilog-0004: [C:/Users/ch/Desktop/2022.1/ip_fifo/prj/ipcore/fifo_generator_0/rtl/ipml_fifo_v1_6_fifo_generator_0.v(line number: 93)] Elaborating instance U_ipml_sdpram
I: Verilog-0003: [C:/Users/ch/Desktop/2022.1/ip_fifo/prj/ipcore/fifo_generator_0/rtl/ipml_sdpram_v1_6_fifo_generator_0.v(line number: 20)] Elaborating module ipml_sdpram_v1_6_fifo_generator_0
I: Module instance {ip_fifo.u_fifo_generator_0.U_ipml_fifo_fifo_generator_0.U_ipml_sdpram} parameter value:
    c_SIM_DEVICE = PGL22G
    c_WR_ADDR_WIDTH = 32'b00000000000000000000000000001000
    c_WR_DATA_WIDTH = 32'b00000000000000000000000000001000
    c_RD_ADDR_WIDTH = 32'b00000000000000000000000000001000
    c_RD_DATA_WIDTH = 32'b00000000000000000000000000001000
    c_OUTPUT_REG = 32'b00000000000000000000000000000000
    c_RD_OCE_EN = 32'b00000000000000000000000000000000
    c_WR_ADDR_STROBE_EN = 32'b00000000000000000000000000000000
    c_RD_ADDR_STROBE_EN = 32'b00000000000000000000000000000000
    c_WR_CLK_EN = 32'b00000000000000000000000000000001
    c_RD_CLK_EN = 32'b00000000000000000000000000000001
    c_RD_CLK_OR_POL_INV = 32'b00000000000000000000000000000000
    c_RESET_TYPE = ASYNC_RESET
    c_POWER_OPT = 32'b00000000000000000000000000000000
    c_INIT_FILE = NONE
    c_INIT_FORMAT = BIN
    c_WR_BYTE_EN = 32'b00000000000000000000000000000000
    c_BE_WIDTH = 32'b00000000000000000000000000000001
W: Verilog-2039: [C:/Users/ch/Desktop/2022.1/ip_fifo/prj/ipcore/fifo_generator_0/rtl/ipml_sdpram_v1_6_fifo_generator_0.v(line number: 476)] Repeat multiplier in concatenation evaluates to 0
W: Verilog-2038: [C:/Users/ch/Desktop/2022.1/ip_fifo/prj/ipcore/fifo_generator_0/rtl/ipml_sdpram_v1_6_fifo_generator_0.v(line number: 486)] Case condition never applies
W: Verilog-2038: [C:/Users/ch/Desktop/2022.1/ip_fifo/prj/ipcore/fifo_generator_0/rtl/ipml_sdpram_v1_6_fifo_generator_0.v(line number: 487)] Case condition never applies
W: Verilog-2038: [C:/Users/ch/Desktop/2022.1/ip_fifo/prj/ipcore/fifo_generator_0/rtl/ipml_sdpram_v1_6_fifo_generator_0.v(line number: 488)] Case condition never applies
W: Verilog-2038: [C:/Users/ch/Desktop/2022.1/ip_fifo/prj/ipcore/fifo_generator_0/rtl/ipml_sdpram_v1_6_fifo_generator_0.v(line number: 489)] Case condition never applies
W: Verilog-2038: [C:/Users/ch/Desktop/2022.1/ip_fifo/prj/ipcore/fifo_generator_0/rtl/ipml_sdpram_v1_6_fifo_generator_0.v(line number: 489)] Case condition never applies
W: Verilog-2038: [C:/Users/ch/Desktop/2022.1/ip_fifo/prj/ipcore/fifo_generator_0/rtl/ipml_sdpram_v1_6_fifo_generator_0.v(line number: 490)] Case condition never applies
W: Verilog-2038: [C:/Users/ch/Desktop/2022.1/ip_fifo/prj/ipcore/fifo_generator_0/rtl/ipml_sdpram_v1_6_fifo_generator_0.v(line number: 490)] Case condition never applies
W: Verilog-2039: [C:/Users/ch/Desktop/2022.1/ip_fifo/prj/ipcore/fifo_generator_0/rtl/ipml_sdpram_v1_6_fifo_generator_0.v(line number: 622)] Repeat multiplier in concatenation evaluates to 0
W: Verilog-2038: [C:/Users/ch/Desktop/2022.1/ip_fifo/prj/ipcore/fifo_generator_0/rtl/ipml_sdpram_v1_6_fifo_generator_0.v(line number: 682)] Case condition never applies
W: Verilog-2038: [C:/Users/ch/Desktop/2022.1/ip_fifo/prj/ipcore/fifo_generator_0/rtl/ipml_sdpram_v1_6_fifo_generator_0.v(line number: 683)] Case condition never applies
W: Verilog-2038: [C:/Users/ch/Desktop/2022.1/ip_fifo/prj/ipcore/fifo_generator_0/rtl/ipml_sdpram_v1_6_fifo_generator_0.v(line number: 684)] Case condition never applies
W: Verilog-2038: [C:/Users/ch/Desktop/2022.1/ip_fifo/prj/ipcore/fifo_generator_0/rtl/ipml_sdpram_v1_6_fifo_generator_0.v(line number: 685)] Case condition never applies
W: Verilog-2038: [C:/Users/ch/Desktop/2022.1/ip_fifo/prj/ipcore/fifo_generator_0/rtl/ipml_sdpram_v1_6_fifo_generator_0.v(line number: 685)] Case condition never applies
W: Verilog-2038: [C:/Users/ch/Desktop/2022.1/ip_fifo/prj/ipcore/fifo_generator_0/rtl/ipml_sdpram_v1_6_fifo_generator_0.v(line number: 686)] Case condition never applies
W: Verilog-2038: [C:/Users/ch/Desktop/2022.1/ip_fifo/prj/ipcore/fifo_generator_0/rtl/ipml_sdpram_v1_6_fifo_generator_0.v(line number: 686)] Case condition never applies
I: Verilog-0004: [C:/Users/ch/Desktop/2022.1/ip_fifo/prj/ipcore/fifo_generator_0/rtl/ipml_sdpram_v1_6_fifo_generator_0.v(line number: 852)] Elaborating instance U_GTP_DRM9K
W: Verilog-2020: [C:/Users/ch/Desktop/2022.1/ip_fifo/prj/ipcore/fifo_generator_0/rtl/ipml_sdpram_v1_6_fifo_generator_0.v(line number: 773)] Net DA_bus[8] in ipml_sdpram_v1_6_fifo_generator_0(original module ipml_sdpram_v1_6_fifo_generator_0) does not have a driver, tie it to 0
W: Verilog-2020: [C:/Users/ch/Desktop/2022.1/ip_fifo/prj/ipcore/fifo_generator_0/rtl/ipml_sdpram_v1_6_fifo_generator_0.v(line number: 773)] Net DA_bus[17] in ipml_sdpram_v1_6_fifo_generator_0(original module ipml_sdpram_v1_6_fifo_generator_0) does not have a driver, tie it to 0
W: Verilog-2020: [C:/Users/ch/Desktop/2022.1/ip_fifo/prj/ipcore/fifo_generator_0/rtl/ipml_sdpram_v1_6_fifo_generator_0.v(line number: 774)] Net DB_bus[8] in ipml_sdpram_v1_6_fifo_generator_0(original module ipml_sdpram_v1_6_fifo_generator_0) does not have a driver, tie it to 0
W: Verilog-2020: [C:/Users/ch/Desktop/2022.1/ip_fifo/prj/ipcore/fifo_generator_0/rtl/ipml_sdpram_v1_6_fifo_generator_0.v(line number: 774)] Net DB_bus[17] in ipml_sdpram_v1_6_fifo_generator_0(original module ipml_sdpram_v1_6_fifo_generator_0) does not have a driver, tie it to 0
I: Verilog-0004: [C:/Users/ch/Desktop/2022.1/ip_fifo/prj/ipcore/fifo_generator_0/rtl/ipml_fifo_v1_6_fifo_generator_0.v(line number: 121)] Elaborating instance U_ipml_fifo_ctrl
I: Verilog-0003: [C:/Users/ch/Desktop/2022.1/ip_fifo/prj/ipcore/fifo_generator_0/rtl/ipml_fifo_ctrl_v1_3.v(line number: 21)] Elaborating module ipml_fifo_ctrl_v1_3
I: Module instance {ip_fifo.u_fifo_generator_0.U_ipml_fifo_fifo_generator_0.U_ipml_fifo_ctrl} parameter value:
    c_WR_DEPTH_WIDTH = 32'b00000000000000000000000000001000
    c_RD_DEPTH_WIDTH = 32'b00000000000000000000000000001000
    c_FIFO_TYPE = ASYN
    c_ALMOST_FULL_NUM = 32'b00000000000000000000000011111100
    c_ALMOST_EMPTY_NUM = 32'b00000000000000000000000000000100
W: Verilog-2039: [C:/Users/ch/Desktop/2022.1/ip_fifo/prj/ipcore/fifo_generator_0/rtl/ipml_fifo_ctrl_v1_3.v(line number: 196)] Repeat multiplier in concatenation evaluates to 0
W: Verilog-2019: [C:/Users/ch/Desktop/2022.1/ip_fifo/rtl/ip_fifo.v(line number: 88)] Width mismatch between port wr_water_level and signal bound to it for instantiated module fifo_generator_0
W: Verilog-2019: [C:/Users/ch/Desktop/2022.1/ip_fifo/rtl/ip_fifo.v(line number: 95)] Width mismatch between port rd_water_level and signal bound to it for instantiated module fifo_generator_0
I: Verilog-0004: [C:/Users/ch/Desktop/2022.1/ip_fifo/rtl/ip_fifo.v(line number: 100)] Elaborating instance u_fifo_wr
I: Verilog-0003: [C:/Users/ch/Desktop/2022.1/ip_fifo/rtl/fifo_wr.v(line number: 23)] Elaborating module fifo_wr
I: Verilog-0004: [C:/Users/ch/Desktop/2022.1/ip_fifo/rtl/ip_fifo.v(line number: 111)] Elaborating instance u_fifo_rd
I: Verilog-0003: [C:/Users/ch/Desktop/2022.1/ip_fifo/rtl/fifo_rd.v(line number: 23)] Elaborating module fifo_rd
Executing : rtl-elaborate successfully. Time elapsed: 0.012s wall, 0.016s user + 0.000s system = 0.016s CPU (126.0%)

Start rtl-prep.
Executing : rtl-prep successfully. Time elapsed: 0.004s wall, 0.000s user + 0.000s system = 0.000s CPU (n/a%)

Start rtl-infer.
Start DFF-inference.
Executing : DFF-inference successfully.
Executing : rtl-infer successfully. Time elapsed: 0.124s wall, 0.094s user + 0.031s system = 0.125s CPU (100.5%)

Start rtl-control-opt.
Executing : rtl-control-opt successfully. Time elapsed: 0.001s wall, 0.016s user + 0.000s system = 0.016s CPU (n/a%)

Start rtl-data-opt.
Executing : rtl-data-opt successfully. Time elapsed: 0.005s wall, 0.000s user + 0.000s system = 0.000s CPU (n/a%)

Start FSM inference.
I: FSM state_fsm[1:0] inferred.
FSM state_fsm[1:0] STG:
Number of reachable states: 3
Input nets: N48 almost_empty almost_full 
S0(00)-->S0(00): x0x
S0(00)-->S1(01): x1x
S1(01)-->S2(10): 1xx
S2(10)-->S0(00): xx1

I: FSM state_fsm[1:0] inferred.
FSM state_fsm[1:0] STG:
Number of reachable states: 3
Input nets: N40 almost_empty almost_full_syn 
S0(00)-->S0(00): xx0
S0(00)-->S1(01): xx1
S1(01)-->S2(10): 1xx
S2(10)-->S0(00): x1x

Executing : FSM inference successfully. Time elapsed: 0.015s wall, 0.016s user + 0.000s system = 0.016s CPU (104.1%)

Start sdm2adm.
W: Loop was found during constant probe.
I: Constant propagation done on N74_8 (bmsREDXOR).
I: Constant propagation done on N64 (bmsREDXOR).
I: Constant propagation done on N29 (bmsREDXOR).
I: Constant propagation done on N34 (bmsREDXOR).
I: Constant propagation done on N39 (bmsREDXOR).
I: Constant propagation done on N44 (bmsREDXOR).
I: Constant propagation done on N49 (bmsREDXOR).
I: Constant propagation done on N54 (bmsREDXOR).
I: Constant propagation done on N59 (bmsREDXOR).
I: Constant propagation done on N7_8 (bmsREDXOR).
W: Loop was found during constant probe.
W: Loop was found during constant probe.
Executing : sdm2adm successfully. Time elapsed: 0.010s wall, 0.000s user + 0.000s system = 0.000s CPU (n/a%)

Saving design to DB.
Action compile: Real time elapsed is 0h:0m:3s
Action compile: CPU time elapsed is 0h:0m:1s
Action compile: Process CPU time elapsed is 0h:0m:1s
Current time: Tue Oct 11 17:13:21 2022
Action compile: Peak memory pool usage is 139 MB
Process "Compile" done.


Process "Synthesize" started.
Current time: Tue Oct 11 17:13:22 2022
Compiling architecture definition.
Analyzing project file 'C:/Users/ch/Desktop/2022.1/ip_fifo/prj/ip_fifo.pds'.
License checkout: fabric_ads
Compiling verification operator library.
Compiling common defs.
Loading technology operator library.
Compiling technology operator library.
Compiling technology operator (valence) library.
Reading design from compile DB
Reading design from compile DB successfully.
NOTE: The technology fpga was specified.
NOTE: delay_model specified was generic_cmos.
NOTE: Using the fpga syntax tables...
Totals:
 Calls to malloc = 0
 Calls to calloc = 351433

Constraint check start.
Compiling prim grid devices.
Building architecture model.
Loading device packaging model.
Building architecture floorplan logic view.
Executing : get_ports sys_clk
Executing : get_ports sys_clk successfully.
Executing : create_clock -name clk [get_ports sys_clk] -period 20 -waveform {0.000 10.000}
Executing : create_clock -name clk [get_ports sys_clk] -period 20 -waveform {0.000 10.000} successfully.
Constraint check end.
Start pre-mapping.
I: Encoding type of FSM 'state_fsm[1:0]' is: onehot.
I: [C:/Users/ch/Desktop/2022.1/ip_fifo/rtl/fifo_rd.v(line number:58)] The user initial state for regs on FSM state_fsm[1:0] is 00 and be encoded 001.
I: Encoding table of FSM 'state_fsm[1:0]':
I: from  u_fifo_rd/state[1] u_fifo_rd/state[0]
I: to  u_fifo_rd/state_2 u_fifo_rd/state_1 u_fifo_rd/state_0
I: 00 => 001
I: 01 => 010
I: 10 => 100
I: Encoding type of FSM 'state_fsm[1:0]' is: onehot.
I: [C:/Users/ch/Desktop/2022.1/ip_fifo/rtl/fifo_wr.v(line number:41)] The user initial state for regs on FSM state_fsm[1:0] is 00 and be encoded 001.
I: Encoding table of FSM 'state_fsm[1:0]':
I: from  u_fifo_wr/state[1] u_fifo_wr/state[0]
I: to  u_fifo_wr/state_2 u_fifo_wr/state_1 u_fifo_wr/state_0
I: 00 => 001
I: 01 => 010
I: 10 => 100
Executing : pre-mapping successfully. Time elapsed: 0.017s wall, 0.016s user + 0.000s system = 0.016s CPU (92.1%)

Start mod-gen.
I: Constant propagation done on out_xor (bmsREDXOR).
I: Constant propagation done on out_xor_1 (bmsREDXOR).
I: Constant propagation done on out_xor_2 (bmsREDXOR).
I: Constant propagation done on out_xor_3 (bmsREDXOR).
I: Constant propagation done on out_xor (bmsREDXOR).
I: Constant propagation done on out_xor_1 (bmsREDXOR).
I: Constant propagation done on out_xor_2 (bmsREDXOR).
I: Constant propagation done on out_xor_3 (bmsREDXOR).
I: Constant propagation done on u_fifo_generator_0/U_ipml_fifo_fifo_generator_0/U_ipml_fifo_ctrl/N144_eq0 (bmsREDXOR).
I: Constant propagation done on u_fifo_generator_0/U_ipml_fifo_fifo_generator_0/U_ipml_fifo_ctrl/N144_mux0 (bmsWIDEMUX).
Executing : mod-gen successfully. Time elapsed: 0.021s wall, 0.016s user + 0.000s system = 0.016s CPU (75.0%)

Start logic-optimization.
Executing : logic-optimization successfully. Time elapsed: 0.035s wall, 0.047s user + 0.000s system = 0.047s CPU (132.7%)

Start tech-mapping phase 1.
Executing : tech-mapping phase 1 successfully. Time elapsed: 0.006s wall, 0.000s user + 0.000s system = 0.000s CPU (n/a%)

Start tech-mapping phase 2.
Executing : tech-mapping phase 2 successfully. Time elapsed: 0.037s wall, 0.047s user + 0.000s system = 0.047s CPU (126.1%)

Start tech-optimization.
Executing : tech-optimization successfully. Time elapsed: 0.011s wall, 0.000s user + 0.000s system = 0.000s CPU (n/a%)

Start phys-optimization.
Executing : phys-optimization successfully. Time elapsed: 0.000s wall, 0.000s user + 0.000s system = 0.000s CPU (n/a%)

Start restore-hierarchy.
Executing : restore-hierarchy successfully. Time elapsed: 0.010s wall, 0.016s user + 0.000s system = 0.016s CPU (152.1%)

W: Unable to honor max fanout constraint for gtp_inv driven net N0
W: Unable to honor max fanout constraint for gtp_inv driven net N0

Cell Usage:
GTP_DFF_C                    73 uses
GTP_DFF_CE                   18 uses
GTP_DFF_P                     1 use
GTP_DFF_R                    10 uses
GTP_DFF_RE                   20 uses
GTP_DFF_SE                    2 uses
GTP_DRM9K                     1 use
GTP_GRS                       1 use
GTP_INV                       3 uses
GTP_LUT2                      7 uses
GTP_LUT3                     26 uses
GTP_LUT4                     19 uses
GTP_LUT5                     24 uses
GTP_LUT5CARRY                52 uses

I/O ports: 2
GTP_INBUF                   2 uses

Mapping Summary:
Total LUTs: 128 of 17536 (0.73%)
	LUTs as dram: 0 of 4440 (0.00%)
	LUTs as logic: 128
Total Registers: 124 of 26304 (0.47%)
Total Latches: 0

DRM18K:
Total DRM18K = 0.5 of 48 (1.04%)

APMs:
Total APMs = 0.00 of 30 (0.00%)

Total I/O ports = 2 of 240 (0.83%)


Overview of Control Sets:

Number of unique control sets : 9

Histogram:
**************************************************************
  Fanout      | Count    | Sync Set/Reset    Async Set/Reset
--------------------------------------------------------------
  [0, 2)      | 0        | 0                 0
  [2, 4)      | 2        | 2                 0
  [4, 6)      | 2        | 2                 0
  [6, 8)      | 0        | 0                 0
  [8, 10)     | 3        | 1                 2
  [10, 12)    | 1        | 1                 0
  [12, 14)    | 0        | 0                 0
  [14, 16)    | 0        | 0                 0
  [16, Inf)   | 1        | 0                 1
--------------------------------------------------------------
  The maximum fanout: 74
==============================================================

Flip-Flop Distribution:
************************************************************************
  Clock Enable    Sync Set/Reset    Async Set/Reset    Total Registers
------------------------------------------------------------------------
  NO              NO                NO                 0
  NO              NO                YES                74
  NO              YES               NO                 10
  YES             NO                NO                 0
  YES             NO                YES                18
  YES             YES               NO                 22
========================================================================

Latch Distribution:
************************************************
  Gate Enable    Preset/Clear    Total Latches
************************************************
  NO             NO              0
  NO             YES             0
  YES            NO              0
  YES            YES             0
************************************************

Design 'ip_fifo' has been successfully synthesized to architecture-specific objects.
Saving design to DB.
Saving design to ip_fifo_syn.vm
W: Public-4008: Instance 'almost_empty_d0' of 'GTP_DFF_R' unit is dangling and will be cleaned.
W: Public-4008: Instance 'almost_empty_d1' of 'GTP_DFF_R' unit is dangling and will be cleaned.
W: Public-4008: Instance 'almost_empty_syn' of 'GTP_DFF_R' unit is dangling and will be cleaned.
W: Public-4008: Instance 'almost_full_d0' of 'GTP_DFF_R' unit is dangling and will be cleaned.
W: Public-4008: Instance 'almost_full_d1' of 'GTP_DFF_R' unit is dangling and will be cleaned.
W: Public-4008: Instance 'almost_full_syn' of 'GTP_DFF_R' unit is dangling and will be cleaned.
W: Public-4008: Instance 'u_fifo_generator_0/U_ipml_fifo_fifo_generator_0/U_ipml_fifo_ctrl/ASYN_CTRL.asyn_rempty' of 'GTP_DFF_P' unit is dangling and will be cleaned.
W: Public-4008: Instance 'u_fifo_rd/almost_full_d0' of 'GTP_DFF_R' unit is dangling and will be cleaned.
W: Public-4008: Instance 'u_fifo_rd/almost_full_syn' of 'GTP_DFF_R' unit is dangling and will be cleaned.
W: Public-4008: Instance 'u_fifo_rd/dly_cnt[0]' of 'GTP_DFF_RE' unit is dangling and will be cleaned.
W: Public-4008: Instance 'u_fifo_rd/dly_cnt[1]' of 'GTP_DFF_RE' unit is dangling and will be cleaned.
W: Public-4008: Instance 'u_fifo_rd/dly_cnt[2]' of 'GTP_DFF_RE' unit is dangling and will be cleaned.
W: Public-4008: Instance 'u_fifo_rd/dly_cnt[3]' of 'GTP_DFF_RE' unit is dangling and will be cleaned.
W: Public-4008: Instance 'u_fifo_rd/fifo_rd_en' of 'GTP_DFF_R' unit is dangling and will be cleaned.
W: Public-4008: Instance 'u_fifo_rd/state_0' of 'GTP_DFF_SE' unit is dangling and will be cleaned.
W: Public-4008: Instance 'u_fifo_rd/state_1' of 'GTP_DFF_RE' unit is dangling and will be cleaned.
W: Public-4008: Instance 'u_fifo_rd/state_2' of 'GTP_DFF_RE' unit is dangling and will be cleaned.
W: Public-4008: Instance 'u_fifo_wr/dly_cnt[0]' of 'GTP_DFF_RE' unit is dangling and will be cleaned.
W: Public-4008: Instance 'u_fifo_wr/dly_cnt[1]' of 'GTP_DFF_RE' unit is dangling and will be cleaned.
W: Public-4008: Instance 'u_fifo_wr/dly_cnt[2]' of 'GTP_DFF_RE' unit is dangling and will be cleaned.
W: Public-4008: Instance 'u_fifo_wr/dly_cnt[3]' of 'GTP_DFF_RE' unit is dangling and will be cleaned.
W: Public-4008: Instance 'u_fifo_wr/fifo_wr_data[0]' of 'GTP_DFF_RE' unit is dangling and will be cleaned.
W: Public-4008: Instance 'u_fifo_wr/fifo_wr_data[1]' of 'GTP_DFF_RE' unit is dangling and will be cleaned.
W: Public-4008: Instance 'u_fifo_wr/fifo_wr_data[2]' of 'GTP_DFF_RE' unit is dangling and will be cleaned.
W: Public-4008: Instance 'u_fifo_wr/fifo_wr_data[3]' of 'GTP_DFF_RE' unit is dangling and will be cleaned.
W: Public-4008: Instance 'u_fifo_wr/fifo_wr_data[4]' of 'GTP_DFF_RE' unit is dangling and will be cleaned.
W: Public-4008: Instance 'u_fifo_wr/fifo_wr_data[5]' of 'GTP_DFF_RE' unit is dangling and will be cleaned.
W: Public-4008: Instance 'u_fifo_wr/fifo_wr_data[6]' of 'GTP_DFF_RE' unit is dangling and will be cleaned.
W: Public-4008: Instance 'u_fifo_wr/fifo_wr_data[7]' of 'GTP_DFF_RE' unit is dangling and will be cleaned.
W: Public-4008: Instance 'u_fifo_wr/fifo_wr_en' of 'GTP_DFF_R' unit is dangling and will be cleaned.
W: Public-4008: Instance 'u_fifo_wr/state_0' of 'GTP_DFF_SE' unit is dangling and will be cleaned.
W: Public-4008: Instance 'u_fifo_wr/state_1' of 'GTP_DFF_RE' unit is dangling and will be cleaned.
W: Public-4008: Instance 'u_fifo_wr/state_2' of 'GTP_DFF_RE' unit is dangling and will be cleaned.
W: Public-4008: Instance 'u_fifo_generator_0/U_ipml_fifo_fifo_generator_0/U_ipml_fifo_ctrl/ASYN_CTRL.asyn_wfull' of 'GTP_DFF_C' unit is dangling and will be cleaned.
W: Public-4008: Instance 'u_fifo_generator_0/U_ipml_fifo_fifo_generator_0/U_ipml_fifo_ctrl/ASYN_CTRL.rbin[0]' of 'GTP_DFF_CE' unit is dangling and will be cleaned.
W: Public-4008: Instance 'u_fifo_generator_0/U_ipml_fifo_fifo_generator_0/U_ipml_fifo_ctrl/ASYN_CTRL.rbin[1]' of 'GTP_DFF_CE' unit is dangling and will be cleaned.
W: Public-4008: Instance 'u_fifo_generator_0/U_ipml_fifo_fifo_generator_0/U_ipml_fifo_ctrl/ASYN_CTRL.rbin[2]' of 'GTP_DFF_CE' unit is dangling and will be cleaned.
W: Public-4008: Instance 'u_fifo_generator_0/U_ipml_fifo_fifo_generator_0/U_ipml_fifo_ctrl/ASYN_CTRL.rbin[3]' of 'GTP_DFF_CE' unit is dangling and will be cleaned.
W: Public-4008: Instance 'u_fifo_generator_0/U_ipml_fifo_fifo_generator_0/U_ipml_fifo_ctrl/ASYN_CTRL.rbin[4]' of 'GTP_DFF_CE' unit is dangling and will be cleaned.
W: Public-4008: Instance 'u_fifo_generator_0/U_ipml_fifo_fifo_generator_0/U_ipml_fifo_ctrl/ASYN_CTRL.rbin[5]' of 'GTP_DFF_CE' unit is dangling and will be cleaned.
W: Public-4008: Instance 'u_fifo_generator_0/U_ipml_fifo_fifo_generator_0/U_ipml_fifo_ctrl/ASYN_CTRL.rbin[6]' of 'GTP_DFF_CE' unit is dangling and will be cleaned.
W: Public-4008: Instance 'u_fifo_generator_0/U_ipml_fifo_fifo_generator_0/U_ipml_fifo_ctrl/ASYN_CTRL.rbin[7]' of 'GTP_DFF_CE' unit is dangling and will be cleaned.
W: Public-4008: Instance 'u_fifo_generator_0/U_ipml_fifo_fifo_generator_0/U_ipml_fifo_ctrl/ASYN_CTRL.rbin[8]' of 'GTP_DFF_CE' unit is dangling and will be cleaned.
W: Public-4008: Instance 'u_fifo_generator_0/U_ipml_fifo_fifo_generator_0/U_ipml_fifo_ctrl/ASYN_CTRL.rptr[0]' of 'GTP_DFF_C' unit is dangling and will be cleaned.
W: Public-4008: Instance 'u_fifo_generator_0/U_ipml_fifo_fifo_generator_0/U_ipml_fifo_ctrl/ASYN_CTRL.rptr[1]' of 'GTP_DFF_C' unit is dangling and will be cleaned.
W: Public-4008: Instance 'u_fifo_generator_0/U_ipml_fifo_fifo_generator_0/U_ipml_fifo_ctrl/ASYN_CTRL.rptr[2]' of 'GTP_DFF_C' unit is dangling and will be cleaned.
W: Public-4008: Instance 'u_fifo_generator_0/U_ipml_fifo_fifo_generator_0/U_ipml_fifo_ctrl/ASYN_CTRL.rptr[3]' of 'GTP_DFF_C' unit is dangling and will be cleaned.
W: Public-4008: Instance 'u_fifo_generator_0/U_ipml_fifo_fifo_generator_0/U_ipml_fifo_ctrl/ASYN_CTRL.rptr[4]' of 'GTP_DFF_C' unit is dangling and will be cleaned.
W: Public-4008: Instance 'u_fifo_generator_0/U_ipml_fifo_fifo_generator_0/U_ipml_fifo_ctrl/ASYN_CTRL.rptr[5]' of 'GTP_DFF_C' unit is dangling and will be cleaned.
W: Public-4008: Instance 'u_fifo_generator_0/U_ipml_fifo_fifo_generator_0/U_ipml_fifo_ctrl/ASYN_CTRL.rptr[6]' of 'GTP_DFF_C' unit is dangling and will be cleaned.
W: Public-4008: Instance 'u_fifo_generator_0/U_ipml_fifo_fifo_generator_0/U_ipml_fifo_ctrl/ASYN_CTRL.rptr[7]' of 'GTP_DFF_C' unit is dangling and will be cleaned.
W: Public-4008: Instance 'u_fifo_generator_0/U_ipml_fifo_fifo_generator_0/U_ipml_fifo_ctrl/ASYN_CTRL.rptr[8]' of 'GTP_DFF_C' unit is dangling and will be cleaned.
W: Public-4008: Instance 'u_fifo_generator_0/U_ipml_fifo_fifo_generator_0/U_ipml_fifo_ctrl/ASYN_CTRL.rwptr1[0]' of 'GTP_DFF_C' unit is dangling and will be cleaned.
W: Public-4008: Instance 'u_fifo_generator_0/U_ipml_fifo_fifo_generator_0/U_ipml_fifo_ctrl/ASYN_CTRL.rwptr1[1]' of 'GTP_DFF_C' unit is dangling and will be cleaned.
W: Public-4008: Instance 'u_fifo_generator_0/U_ipml_fifo_fifo_generator_0/U_ipml_fifo_ctrl/ASYN_CTRL.rwptr1[2]' of 'GTP_DFF_C' unit is dangling and will be cleaned.
W: Public-4008: Instance 'u_fifo_generator_0/U_ipml_fifo_fifo_generator_0/U_ipml_fifo_ctrl/ASYN_CTRL.rwptr1[3]' of 'GTP_DFF_C' unit is dangling and will be cleaned.
W: Public-4008: Instance 'u_fifo_generator_0/U_ipml_fifo_fifo_generator_0/U_ipml_fifo_ctrl/ASYN_CTRL.rwptr1[4]' of 'GTP_DFF_C' unit is dangling and will be cleaned.
W: Public-4008: Instance 'u_fifo_generator_0/U_ipml_fifo_fifo_generator_0/U_ipml_fifo_ctrl/ASYN_CTRL.rwptr1[5]' of 'GTP_DFF_C' unit is dangling and will be cleaned.
W: Public-4008: Instance 'u_fifo_generator_0/U_ipml_fifo_fifo_generator_0/U_ipml_fifo_ctrl/ASYN_CTRL.rwptr1[6]' of 'GTP_DFF_C' unit is dangling and will be cleaned.
W: Public-4008: Instance 'u_fifo_generator_0/U_ipml_fifo_fifo_generator_0/U_ipml_fifo_ctrl/ASYN_CTRL.rwptr1[7]' of 'GTP_DFF_C' unit is dangling and will be cleaned.
W: Public-4008: Instance 'u_fifo_generator_0/U_ipml_fifo_fifo_generator_0/U_ipml_fifo_ctrl/ASYN_CTRL.rwptr1[8]' of 'GTP_DFF_C' unit is dangling and will be cleaned.
W: Public-4008: Instance 'u_fifo_generator_0/U_ipml_fifo_fifo_generator_0/U_ipml_fifo_ctrl/ASYN_CTRL.wbin[0]' of 'GTP_DFF_CE' unit is dangling and will be cleaned.
W: Public-4008: Instance 'u_fifo_generator_0/U_ipml_fifo_fifo_generator_0/U_ipml_fifo_ctrl/ASYN_CTRL.wbin[1]' of 'GTP_DFF_CE' unit is dangling and will be cleaned.
W: Public-4008: Instance 'u_fifo_generator_0/U_ipml_fifo_fifo_generator_0/U_ipml_fifo_ctrl/ASYN_CTRL.wbin[2]' of 'GTP_DFF_CE' unit is dangling and will be cleaned.
W: Public-4008: Instance 'u_fifo_generator_0/U_ipml_fifo_fifo_generator_0/U_ipml_fifo_ctrl/ASYN_CTRL.wbin[3]' of 'GTP_DFF_CE' unit is dangling and will be cleaned.
W: Public-4008: Instance 'u_fifo_generator_0/U_ipml_fifo_fifo_generator_0/U_ipml_fifo_ctrl/ASYN_CTRL.wbin[4]' of 'GTP_DFF_CE' unit is dangling and will be cleaned.
W: Public-4008: Instance 'u_fifo_generator_0/U_ipml_fifo_fifo_generator_0/U_ipml_fifo_ctrl/ASYN_CTRL.wbin[5]' of 'GTP_DFF_CE' unit is dangling and will be cleaned.
W: Public-4008: Instance 'u_fifo_generator_0/U_ipml_fifo_fifo_generator_0/U_ipml_fifo_ctrl/ASYN_CTRL.wbin[6]' of 'GTP_DFF_CE' unit is dangling and will be cleaned.
W: Public-4008: Instance 'u_fifo_generator_0/U_ipml_fifo_fifo_generator_0/U_ipml_fifo_ctrl/ASYN_CTRL.wbin[7]' of 'GTP_DFF_CE' unit is dangling and will be cleaned.
W: Public-4008: Instance 'u_fifo_generator_0/U_ipml_fifo_fifo_generator_0/U_ipml_fifo_ctrl/ASYN_CTRL.wbin[8]' of 'GTP_DFF_CE' unit is dangling and will be cleaned.
W: Public-4008: Instance 'u_fifo_generator_0/U_ipml_fifo_fifo_generator_0/U_ipml_fifo_ctrl/ASYN_CTRL.wptr[0]' of 'GTP_DFF_C' unit is dangling and will be cleaned.
W: Public-4008: Instance 'u_fifo_generator_0/U_ipml_fifo_fifo_generator_0/U_ipml_fifo_ctrl/ASYN_CTRL.wptr[1]' of 'GTP_DFF_C' unit is dangling and will be cleaned.
W: Public-4008: Instance 'u_fifo_generator_0/U_ipml_fifo_fifo_generator_0/U_ipml_fifo_ctrl/ASYN_CTRL.wptr[2]' of 'GTP_DFF_C' unit is dangling and will be cleaned.
W: Public-4008: Instance 'u_fifo_generator_0/U_ipml_fifo_fifo_generator_0/U_ipml_fifo_ctrl/ASYN_CTRL.wptr[3]' of 'GTP_DFF_C' unit is dangling and will be cleaned.
W: Public-4008: Instance 'u_fifo_generator_0/U_ipml_fifo_fifo_generator_0/U_ipml_fifo_ctrl/ASYN_CTRL.wptr[4]' of 'GTP_DFF_C' unit is dangling and will be cleaned.
W: Public-4008: Instance 'u_fifo_generator_0/U_ipml_fifo_fifo_generator_0/U_ipml_fifo_ctrl/ASYN_CTRL.wptr[5]' of 'GTP_DFF_C' unit is dangling and will be cleaned.
W: Public-4008: Instance 'u_fifo_generator_0/U_ipml_fifo_fifo_generator_0/U_ipml_fifo_ctrl/ASYN_CTRL.wptr[6]' of 'GTP_DFF_C' unit is dangling and will be cleaned.
W: Public-4008: Instance 'u_fifo_generator_0/U_ipml_fifo_fifo_generator_0/U_ipml_fifo_ctrl/ASYN_CTRL.wptr[7]' of 'GTP_DFF_C' unit is dangling and will be cleaned.
W: Public-4008: Instance 'u_fifo_generator_0/U_ipml_fifo_fifo_generator_0/U_ipml_fifo_ctrl/ASYN_CTRL.wptr[8]' of 'GTP_DFF_C' unit is dangling and will be cleaned.
W: Public-4008: Instance 'u_fifo_generator_0/U_ipml_fifo_fifo_generator_0/U_ipml_fifo_ctrl/ASYN_CTRL.wrptr1[0]' of 'GTP_DFF_C' unit is dangling and will be cleaned.
W: Public-4008: Instance 'u_fifo_generator_0/U_ipml_fifo_fifo_generator_0/U_ipml_fifo_ctrl/ASYN_CTRL.wrptr1[1]' of 'GTP_DFF_C' unit is dangling and will be cleaned.
W: Public-4008: Instance 'u_fifo_generator_0/U_ipml_fifo_fifo_generator_0/U_ipml_fifo_ctrl/ASYN_CTRL.wrptr1[2]' of 'GTP_DFF_C' unit is dangling and will be cleaned.
W: Public-4008: Instance 'u_fifo_generator_0/U_ipml_fifo_fifo_generator_0/U_ipml_fifo_ctrl/ASYN_CTRL.wrptr1[3]' of 'GTP_DFF_C' unit is dangling and will be cleaned.
W: Public-4008: Instance 'u_fifo_generator_0/U_ipml_fifo_fifo_generator_0/U_ipml_fifo_ctrl/ASYN_CTRL.wrptr1[4]' of 'GTP_DFF_C' unit is dangling and will be cleaned.
W: Public-4008: Instance 'u_fifo_generator_0/U_ipml_fifo_fifo_generator_0/U_ipml_fifo_ctrl/ASYN_CTRL.wrptr1[5]' of 'GTP_DFF_C' unit is dangling and will be cleaned.
W: Public-4008: Instance 'u_fifo_generator_0/U_ipml_fifo_fifo_generator_0/U_ipml_fifo_ctrl/ASYN_CTRL.wrptr1[6]' of 'GTP_DFF_C' unit is dangling and will be cleaned.
W: Public-4008: Instance 'u_fifo_generator_0/U_ipml_fifo_fifo_generator_0/U_ipml_fifo_ctrl/ASYN_CTRL.wrptr1[7]' of 'GTP_DFF_C' unit is dangling and will be cleaned.
W: Public-4008: Instance 'u_fifo_generator_0/U_ipml_fifo_fifo_generator_0/U_ipml_fifo_ctrl/ASYN_CTRL.wrptr1[8]' of 'GTP_DFF_C' unit is dangling and will be cleaned.
W: Public-4008: Instance 'u_fifo_generator_0/U_ipml_fifo_fifo_generator_0/U_ipml_fifo_ctrl/rd_water_level[0]' of 'GTP_DFF_C' unit is dangling and will be cleaned.
W: Public-4008: Instance 'u_fifo_generator_0/U_ipml_fifo_fifo_generator_0/U_ipml_fifo_ctrl/rd_water_level[1]' of 'GTP_DFF_C' unit is dangling and will be cleaned.
W: Public-4008: Instance 'u_fifo_generator_0/U_ipml_fifo_fifo_generator_0/U_ipml_fifo_ctrl/rd_water_level[2]' of 'GTP_DFF_C' unit is dangling and will be cleaned.
W: Public-4008: Instance 'u_fifo_generator_0/U_ipml_fifo_fifo_generator_0/U_ipml_fifo_ctrl/rd_water_level[3]' of 'GTP_DFF_C' unit is dangling and will be cleaned.
W: Public-4008: Instance 'u_fifo_generator_0/U_ipml_fifo_fifo_generator_0/U_ipml_fifo_ctrl/rd_water_level[4]' of 'GTP_DFF_C' unit is dangling and will be cleaned.
W: Public-4008: Instance 'u_fifo_generator_0/U_ipml_fifo_fifo_generator_0/U_ipml_fifo_ctrl/rd_water_level[5]' of 'GTP_DFF_C' unit is dangling and will be cleaned.
W: Public-4008: Instance 'u_fifo_generator_0/U_ipml_fifo_fifo_generator_0/U_ipml_fifo_ctrl/rd_water_level[6]' of 'GTP_DFF_C' unit is dangling and will be cleaned.
W: Public-4008: Instance 'u_fifo_generator_0/U_ipml_fifo_fifo_generator_0/U_ipml_fifo_ctrl/rd_water_level[7]' of 'GTP_DFF_C' unit is dangling and will be cleaned.
W: Public-4008: Instance 'u_fifo_generator_0/U_ipml_fifo_fifo_generator_0/U_ipml_fifo_ctrl/rd_water_level[8]' of 'GTP_DFF_C' unit is dangling and will be cleaned.
W: Public-4008: Instance 'u_fifo_generator_0/U_ipml_fifo_fifo_generator_0/U_ipml_fifo_ctrl/rwptr2[0]' of 'GTP_DFF_C' unit is dangling and will be cleaned.
W: Public-4008: Instance 'u_fifo_generator_0/U_ipml_fifo_fifo_generator_0/U_ipml_fifo_ctrl/rwptr2[1]' of 'GTP_DFF_C' unit is dangling and will be cleaned.
W: Public-4008: Instance 'u_fifo_generator_0/U_ipml_fifo_fifo_generator_0/U_ipml_fifo_ctrl/rwptr2[2]' of 'GTP_DFF_C' unit is dangling and will be cleaned.
W: Public-4008: Instance 'u_fifo_generator_0/U_ipml_fifo_fifo_generator_0/U_ipml_fifo_ctrl/rwptr2[3]' of 'GTP_DFF_C' unit is dangling and will be cleaned.
W: Public-4008: Instance 'u_fifo_generator_0/U_ipml_fifo_fifo_generator_0/U_ipml_fifo_ctrl/rwptr2[4]' of 'GTP_DFF_C' unit is dangling and will be cleaned.
W: Public-4008: Instance 'u_fifo_generator_0/U_ipml_fifo_fifo_generator_0/U_ipml_fifo_ctrl/rwptr2[5]' of 'GTP_DFF_C' unit is dangling and will be cleaned.
W: Public-4008: Instance 'u_fifo_generator_0/U_ipml_fifo_fifo_generator_0/U_ipml_fifo_ctrl/rwptr2[6]' of 'GTP_DFF_C' unit is dangling and will be cleaned.
W: Public-4008: Instance 'u_fifo_generator_0/U_ipml_fifo_fifo_generator_0/U_ipml_fifo_ctrl/rwptr2[7]' of 'GTP_DFF_C' unit is dangling and will be cleaned.
W: Public-4008: Instance 'u_fifo_generator_0/U_ipml_fifo_fifo_generator_0/U_ipml_fifo_ctrl/rwptr2[8]' of 'GTP_DFF_C' unit is dangling and will be cleaned.
W: Public-4008: Instance 'u_fifo_generator_0/U_ipml_fifo_fifo_generator_0/U_ipml_fifo_ctrl/wr_water_level[0]' of 'GTP_DFF_C' unit is dangling and will be cleaned.
W: Public-4008: Instance 'u_fifo_generator_0/U_ipml_fifo_fifo_generator_0/U_ipml_fifo_ctrl/wr_water_level[1]' of 'GTP_DFF_C' unit is dangling and will be cleaned.
W: Public-4008: Instance 'u_fifo_generator_0/U_ipml_fifo_fifo_generator_0/U_ipml_fifo_ctrl/wr_water_level[2]' of 'GTP_DFF_C' unit is dangling and will be cleaned.
W: Public-4008: Instance 'u_fifo_generator_0/U_ipml_fifo_fifo_generator_0/U_ipml_fifo_ctrl/wr_water_level[3]' of 'GTP_DFF_C' unit is dangling and will be cleaned.
W: Public-4008: Instance 'u_fifo_generator_0/U_ipml_fifo_fifo_generator_0/U_ipml_fifo_ctrl/wr_water_level[4]' of 'GTP_DFF_C' unit is dangling and will be cleaned.
W: Public-4008: Instance 'u_fifo_generator_0/U_ipml_fifo_fifo_generator_0/U_ipml_fifo_ctrl/wr_water_level[5]' of 'GTP_DFF_C' unit is dangling and will be cleaned.
W: Public-4008: Instance 'u_fifo_generator_0/U_ipml_fifo_fifo_generator_0/U_ipml_fifo_ctrl/wr_water_level[6]' of 'GTP_DFF_C' unit is dangling and will be cleaned.
W: Public-4008: Instance 'u_fifo_generator_0/U_ipml_fifo_fifo_generator_0/U_ipml_fifo_ctrl/wr_water_level[7]' of 'GTP_DFF_C' unit is dangling and will be cleaned.
W: Public-4008: Instance 'u_fifo_generator_0/U_ipml_fifo_fifo_generator_0/U_ipml_fifo_ctrl/wr_water_level[8]' of 'GTP_DFF_C' unit is dangling and will be cleaned.
W: Public-4008: Instance 'u_fifo_generator_0/U_ipml_fifo_fifo_generator_0/U_ipml_fifo_ctrl/wrptr2[0]' of 'GTP_DFF_C' unit is dangling and will be cleaned.
W: Public-4008: Instance 'u_fifo_generator_0/U_ipml_fifo_fifo_generator_0/U_ipml_fifo_ctrl/wrptr2[1]' of 'GTP_DFF_C' unit is dangling and will be cleaned.
W: Public-4008: Instance 'u_fifo_generator_0/U_ipml_fifo_fifo_generator_0/U_ipml_fifo_ctrl/wrptr2[2]' of 'GTP_DFF_C' unit is dangling and will be cleaned.
W: Public-4008: Instance 'u_fifo_generator_0/U_ipml_fifo_fifo_generator_0/U_ipml_fifo_ctrl/wrptr2[3]' of 'GTP_DFF_C' unit is dangling and will be cleaned.
W: Public-4008: Instance 'u_fifo_generator_0/U_ipml_fifo_fifo_generator_0/U_ipml_fifo_ctrl/wrptr2[4]' of 'GTP_DFF_C' unit is dangling and will be cleaned.
W: Public-4008: Instance 'u_fifo_generator_0/U_ipml_fifo_fifo_generator_0/U_ipml_fifo_ctrl/wrptr2[5]' of 'GTP_DFF_C' unit is dangling and will be cleaned.
W: Public-4008: Instance 'u_fifo_generator_0/U_ipml_fifo_fifo_generator_0/U_ipml_fifo_ctrl/wrptr2[6]' of 'GTP_DFF_C' unit is dangling and will be cleaned.
W: Public-4008: Instance 'u_fifo_generator_0/U_ipml_fifo_fifo_generator_0/U_ipml_fifo_ctrl/wrptr2[7]' of 'GTP_DFF_C' unit is dangling and will be cleaned.
W: Public-4008: Instance 'u_fifo_generator_0/U_ipml_fifo_fifo_generator_0/U_ipml_fifo_ctrl/wrptr2[8]' of 'GTP_DFF_C' unit is dangling and will be cleaned.
Constructing timing graph ...
Timing graph has been constructed successfully
C: STA-3009: The clock clk is not connected to any clock endpoints,it will be treated as a normal port or pin.
W: Timing-4086: Port 'sys_rst_n' is not constrained, it is treated as combinational input.
Action synthesize: Real time elapsed is 0h:0m:3s
Action synthesize: CPU time elapsed is 0h:0m:2s
Action synthesize: Process CPU time elapsed is 0h:0m:2s
Current time: Tue Oct 11 17:13:24 2022
Action synthesize: Peak memory pool usage is 229 MB
Process "Synthesize" done.


Process "Device Map" started.
Current time: Tue Oct 11 17:13:24 2022
Compiling architecture definition.
Analyzing project file 'C:/Users/ch/Desktop/2022.1/ip_fifo/prj/ip_fifo.pds'.
Compiling verification operator library.
Compiling common defs.
Loading technology operator library.
Compiling technology operator library.
Compiling technology operator (valence) library.
Compiling operator packing rules.
Compiling prim grid devices.
Compiling gate devices.
Compiling gate operators.
Compiling tech operator impls.
Building architecture model.
Loading device packaging model.
Reading design from translate DB.
NOTE: The technology fpga was specified.
NOTE: delay_model specified was generic_cmos.
NOTE: Using the fpga syntax tables...
Totals:
 Calls to malloc = 0
 Calls to calloc = 351433

Flattening design 'ip_fifo'
W: Public-4008: Instance 'almost_empty_d0' of 'GTP_DFF_R' unit is dangling and will be cleaned.
W: Public-4008: Instance 'almost_empty_d1' of 'GTP_DFF_R' unit is dangling and will be cleaned.
W: Public-4008: Instance 'almost_empty_syn' of 'GTP_DFF_R' unit is dangling and will be cleaned.
W: Public-4008: Instance 'almost_full_d0' of 'GTP_DFF_R' unit is dangling and will be cleaned.
W: Public-4008: Instance 'almost_full_d1' of 'GTP_DFF_R' unit is dangling and will be cleaned.
W: Public-4008: Instance 'almost_full_syn' of 'GTP_DFF_R' unit is dangling and will be cleaned.
W: Public-4008: Instance 'u_fifo_generator_0/U_ipml_fifo_fifo_generator_0/U_ipml_fifo_ctrl/ASYN_CTRL.asyn_rempty' of 'GTP_DFF_P' unit is dangling and will be cleaned.
W: Public-4008: Instance 'u_fifo_rd/almost_full_d0' of 'GTP_DFF_R' unit is dangling and will be cleaned.
W: Public-4008: Instance 'u_fifo_rd/almost_full_syn' of 'GTP_DFF_R' unit is dangling and will be cleaned.
W: Public-4008: Instance 'u_fifo_rd/dly_cnt[0]' of 'GTP_DFF_RE' unit is dangling and will be cleaned.
W: Public-4008: Instance 'u_fifo_rd/dly_cnt[1]' of 'GTP_DFF_RE' unit is dangling and will be cleaned.
W: Public-4008: Instance 'u_fifo_rd/dly_cnt[2]' of 'GTP_DFF_RE' unit is dangling and will be cleaned.
W: Public-4008: Instance 'u_fifo_rd/dly_cnt[3]' of 'GTP_DFF_RE' unit is dangling and will be cleaned.
W: Public-4008: Instance 'u_fifo_rd/fifo_rd_en' of 'GTP_DFF_R' unit is dangling and will be cleaned.
W: Public-4008: Instance 'u_fifo_rd/state_0' of 'GTP_DFF_SE' unit is dangling and will be cleaned.
W: Public-4008: Instance 'u_fifo_rd/state_1' of 'GTP_DFF_RE' unit is dangling and will be cleaned.
W: Public-4008: Instance 'u_fifo_rd/state_2' of 'GTP_DFF_RE' unit is dangling and will be cleaned.
W: Public-4008: Instance 'u_fifo_wr/dly_cnt[0]' of 'GTP_DFF_RE' unit is dangling and will be cleaned.
W: Public-4008: Instance 'u_fifo_wr/dly_cnt[1]' of 'GTP_DFF_RE' unit is dangling and will be cleaned.
W: Public-4008: Instance 'u_fifo_wr/dly_cnt[2]' of 'GTP_DFF_RE' unit is dangling and will be cleaned.
W: Public-4008: Instance 'u_fifo_wr/dly_cnt[3]' of 'GTP_DFF_RE' unit is dangling and will be cleaned.
W: Public-4008: Instance 'u_fifo_wr/fifo_wr_data[0]' of 'GTP_DFF_RE' unit is dangling and will be cleaned.
W: Public-4008: Instance 'u_fifo_wr/fifo_wr_data[1]' of 'GTP_DFF_RE' unit is dangling and will be cleaned.
W: Public-4008: Instance 'u_fifo_wr/fifo_wr_data[2]' of 'GTP_DFF_RE' unit is dangling and will be cleaned.
W: Public-4008: Instance 'u_fifo_wr/fifo_wr_data[3]' of 'GTP_DFF_RE' unit is dangling and will be cleaned.
W: Public-4008: Instance 'u_fifo_wr/fifo_wr_data[4]' of 'GTP_DFF_RE' unit is dangling and will be cleaned.
W: Public-4008: Instance 'u_fifo_wr/fifo_wr_data[5]' of 'GTP_DFF_RE' unit is dangling and will be cleaned.
W: Public-4008: Instance 'u_fifo_wr/fifo_wr_data[6]' of 'GTP_DFF_RE' unit is dangling and will be cleaned.
W: Public-4008: Instance 'u_fifo_wr/fifo_wr_data[7]' of 'GTP_DFF_RE' unit is dangling and will be cleaned.
W: Public-4008: Instance 'u_fifo_wr/fifo_wr_en' of 'GTP_DFF_R' unit is dangling and will be cleaned.
W: Public-4008: Instance 'u_fifo_wr/state_0' of 'GTP_DFF_SE' unit is dangling and will be cleaned.
W: Public-4008: Instance 'u_fifo_wr/state_1' of 'GTP_DFF_RE' unit is dangling and will be cleaned.
W: Public-4008: Instance 'u_fifo_wr/state_2' of 'GTP_DFF_RE' unit is dangling and will be cleaned.
W: Public-4008: Instance 'u_fifo_generator_0/U_ipml_fifo_fifo_generator_0/U_ipml_fifo_ctrl/ASYN_CTRL.asyn_wfull' of 'GTP_DFF_C' unit is dangling and will be cleaned.
W: Public-4008: Instance 'u_fifo_generator_0/U_ipml_fifo_fifo_generator_0/U_ipml_fifo_ctrl/ASYN_CTRL.rbin[0]' of 'GTP_DFF_CE' unit is dangling and will be cleaned.
W: Public-4008: Instance 'u_fifo_generator_0/U_ipml_fifo_fifo_generator_0/U_ipml_fifo_ctrl/ASYN_CTRL.rbin[1]' of 'GTP_DFF_CE' unit is dangling and will be cleaned.
W: Public-4008: Instance 'u_fifo_generator_0/U_ipml_fifo_fifo_generator_0/U_ipml_fifo_ctrl/ASYN_CTRL.rbin[2]' of 'GTP_DFF_CE' unit is dangling and will be cleaned.
W: Public-4008: Instance 'u_fifo_generator_0/U_ipml_fifo_fifo_generator_0/U_ipml_fifo_ctrl/ASYN_CTRL.rbin[3]' of 'GTP_DFF_CE' unit is dangling and will be cleaned.
W: Public-4008: Instance 'u_fifo_generator_0/U_ipml_fifo_fifo_generator_0/U_ipml_fifo_ctrl/ASYN_CTRL.rbin[4]' of 'GTP_DFF_CE' unit is dangling and will be cleaned.
W: Public-4008: Instance 'u_fifo_generator_0/U_ipml_fifo_fifo_generator_0/U_ipml_fifo_ctrl/ASYN_CTRL.rbin[5]' of 'GTP_DFF_CE' unit is dangling and will be cleaned.
W: Public-4008: Instance 'u_fifo_generator_0/U_ipml_fifo_fifo_generator_0/U_ipml_fifo_ctrl/ASYN_CTRL.rbin[6]' of 'GTP_DFF_CE' unit is dangling and will be cleaned.
W: Public-4008: Instance 'u_fifo_generator_0/U_ipml_fifo_fifo_generator_0/U_ipml_fifo_ctrl/ASYN_CTRL.rbin[7]' of 'GTP_DFF_CE' unit is dangling and will be cleaned.
W: Public-4008: Instance 'u_fifo_generator_0/U_ipml_fifo_fifo_generator_0/U_ipml_fifo_ctrl/ASYN_CTRL.rbin[8]' of 'GTP_DFF_CE' unit is dangling and will be cleaned.
W: Public-4008: Instance 'u_fifo_generator_0/U_ipml_fifo_fifo_generator_0/U_ipml_fifo_ctrl/ASYN_CTRL.rptr[0]' of 'GTP_DFF_C' unit is dangling and will be cleaned.
W: Public-4008: Instance 'u_fifo_generator_0/U_ipml_fifo_fifo_generator_0/U_ipml_fifo_ctrl/ASYN_CTRL.rptr[1]' of 'GTP_DFF_C' unit is dangling and will be cleaned.
W: Public-4008: Instance 'u_fifo_generator_0/U_ipml_fifo_fifo_generator_0/U_ipml_fifo_ctrl/ASYN_CTRL.rptr[2]' of 'GTP_DFF_C' unit is dangling and will be cleaned.
W: Public-4008: Instance 'u_fifo_generator_0/U_ipml_fifo_fifo_generator_0/U_ipml_fifo_ctrl/ASYN_CTRL.rptr[3]' of 'GTP_DFF_C' unit is dangling and will be cleaned.
W: Public-4008: Instance 'u_fifo_generator_0/U_ipml_fifo_fifo_generator_0/U_ipml_fifo_ctrl/ASYN_CTRL.rptr[4]' of 'GTP_DFF_C' unit is dangling and will be cleaned.
W: Public-4008: Instance 'u_fifo_generator_0/U_ipml_fifo_fifo_generator_0/U_ipml_fifo_ctrl/ASYN_CTRL.rptr[5]' of 'GTP_DFF_C' unit is dangling and will be cleaned.
W: Public-4008: Instance 'u_fifo_generator_0/U_ipml_fifo_fifo_generator_0/U_ipml_fifo_ctrl/ASYN_CTRL.rptr[6]' of 'GTP_DFF_C' unit is dangling and will be cleaned.
W: Public-4008: Instance 'u_fifo_generator_0/U_ipml_fifo_fifo_generator_0/U_ipml_fifo_ctrl/ASYN_CTRL.rptr[7]' of 'GTP_DFF_C' unit is dangling and will be cleaned.
W: Public-4008: Instance 'u_fifo_generator_0/U_ipml_fifo_fifo_generator_0/U_ipml_fifo_ctrl/ASYN_CTRL.rptr[8]' of 'GTP_DFF_C' unit is dangling and will be cleaned.
W: Public-4008: Instance 'u_fifo_generator_0/U_ipml_fifo_fifo_generator_0/U_ipml_fifo_ctrl/ASYN_CTRL.rwptr1[0]' of 'GTP_DFF_C' unit is dangling and will be cleaned.
W: Public-4008: Instance 'u_fifo_generator_0/U_ipml_fifo_fifo_generator_0/U_ipml_fifo_ctrl/ASYN_CTRL.rwptr1[1]' of 'GTP_DFF_C' unit is dangling and will be cleaned.
W: Public-4008: Instance 'u_fifo_generator_0/U_ipml_fifo_fifo_generator_0/U_ipml_fifo_ctrl/ASYN_CTRL.rwptr1[2]' of 'GTP_DFF_C' unit is dangling and will be cleaned.
W: Public-4008: Instance 'u_fifo_generator_0/U_ipml_fifo_fifo_generator_0/U_ipml_fifo_ctrl/ASYN_CTRL.rwptr1[3]' of 'GTP_DFF_C' unit is dangling and will be cleaned.
W: Public-4008: Instance 'u_fifo_generator_0/U_ipml_fifo_fifo_generator_0/U_ipml_fifo_ctrl/ASYN_CTRL.rwptr1[4]' of 'GTP_DFF_C' unit is dangling and will be cleaned.
W: Public-4008: Instance 'u_fifo_generator_0/U_ipml_fifo_fifo_generator_0/U_ipml_fifo_ctrl/ASYN_CTRL.rwptr1[5]' of 'GTP_DFF_C' unit is dangling and will be cleaned.
W: Public-4008: Instance 'u_fifo_generator_0/U_ipml_fifo_fifo_generator_0/U_ipml_fifo_ctrl/ASYN_CTRL.rwptr1[6]' of 'GTP_DFF_C' unit is dangling and will be cleaned.
W: Public-4008: Instance 'u_fifo_generator_0/U_ipml_fifo_fifo_generator_0/U_ipml_fifo_ctrl/ASYN_CTRL.rwptr1[7]' of 'GTP_DFF_C' unit is dangling and will be cleaned.
W: Public-4008: Instance 'u_fifo_generator_0/U_ipml_fifo_fifo_generator_0/U_ipml_fifo_ctrl/ASYN_CTRL.rwptr1[8]' of 'GTP_DFF_C' unit is dangling and will be cleaned.
W: Public-4008: Instance 'u_fifo_generator_0/U_ipml_fifo_fifo_generator_0/U_ipml_fifo_ctrl/ASYN_CTRL.wbin[0]' of 'GTP_DFF_CE' unit is dangling and will be cleaned.
W: Public-4008: Instance 'u_fifo_generator_0/U_ipml_fifo_fifo_generator_0/U_ipml_fifo_ctrl/ASYN_CTRL.wbin[1]' of 'GTP_DFF_CE' unit is dangling and will be cleaned.
W: Public-4008: Instance 'u_fifo_generator_0/U_ipml_fifo_fifo_generator_0/U_ipml_fifo_ctrl/ASYN_CTRL.wbin[2]' of 'GTP_DFF_CE' unit is dangling and will be cleaned.
W: Public-4008: Instance 'u_fifo_generator_0/U_ipml_fifo_fifo_generator_0/U_ipml_fifo_ctrl/ASYN_CTRL.wbin[3]' of 'GTP_DFF_CE' unit is dangling and will be cleaned.
W: Public-4008: Instance 'u_fifo_generator_0/U_ipml_fifo_fifo_generator_0/U_ipml_fifo_ctrl/ASYN_CTRL.wbin[4]' of 'GTP_DFF_CE' unit is dangling and will be cleaned.
W: Public-4008: Instance 'u_fifo_generator_0/U_ipml_fifo_fifo_generator_0/U_ipml_fifo_ctrl/ASYN_CTRL.wbin[5]' of 'GTP_DFF_CE' unit is dangling and will be cleaned.
W: Public-4008: Instance 'u_fifo_generator_0/U_ipml_fifo_fifo_generator_0/U_ipml_fifo_ctrl/ASYN_CTRL.wbin[6]' of 'GTP_DFF_CE' unit is dangling and will be cleaned.
W: Public-4008: Instance 'u_fifo_generator_0/U_ipml_fifo_fifo_generator_0/U_ipml_fifo_ctrl/ASYN_CTRL.wbin[7]' of 'GTP_DFF_CE' unit is dangling and will be cleaned.
W: Public-4008: Instance 'u_fifo_generator_0/U_ipml_fifo_fifo_generator_0/U_ipml_fifo_ctrl/ASYN_CTRL.wbin[8]' of 'GTP_DFF_CE' unit is dangling and will be cleaned.
W: Public-4008: Instance 'u_fifo_generator_0/U_ipml_fifo_fifo_generator_0/U_ipml_fifo_ctrl/ASYN_CTRL.wptr[0]' of 'GTP_DFF_C' unit is dangling and will be cleaned.
W: Public-4008: Instance 'u_fifo_generator_0/U_ipml_fifo_fifo_generator_0/U_ipml_fifo_ctrl/ASYN_CTRL.wptr[1]' of 'GTP_DFF_C' unit is dangling and will be cleaned.
W: Public-4008: Instance 'u_fifo_generator_0/U_ipml_fifo_fifo_generator_0/U_ipml_fifo_ctrl/ASYN_CTRL.wptr[2]' of 'GTP_DFF_C' unit is dangling and will be cleaned.
W: Public-4008: Instance 'u_fifo_generator_0/U_ipml_fifo_fifo_generator_0/U_ipml_fifo_ctrl/ASYN_CTRL.wptr[3]' of 'GTP_DFF_C' unit is dangling and will be cleaned.
W: Public-4008: Instance 'u_fifo_generator_0/U_ipml_fifo_fifo_generator_0/U_ipml_fifo_ctrl/ASYN_CTRL.wptr[4]' of 'GTP_DFF_C' unit is dangling and will be cleaned.
W: Public-4008: Instance 'u_fifo_generator_0/U_ipml_fifo_fifo_generator_0/U_ipml_fifo_ctrl/ASYN_CTRL.wptr[5]' of 'GTP_DFF_C' unit is dangling and will be cleaned.
W: Public-4008: Instance 'u_fifo_generator_0/U_ipml_fifo_fifo_generator_0/U_ipml_fifo_ctrl/ASYN_CTRL.wptr[6]' of 'GTP_DFF_C' unit is dangling and will be cleaned.
W: Public-4008: Instance 'u_fifo_generator_0/U_ipml_fifo_fifo_generator_0/U_ipml_fifo_ctrl/ASYN_CTRL.wptr[7]' of 'GTP_DFF_C' unit is dangling and will be cleaned.
W: Public-4008: Instance 'u_fifo_generator_0/U_ipml_fifo_fifo_generator_0/U_ipml_fifo_ctrl/ASYN_CTRL.wptr[8]' of 'GTP_DFF_C' unit is dangling and will be cleaned.
W: Public-4008: Instance 'u_fifo_generator_0/U_ipml_fifo_fifo_generator_0/U_ipml_fifo_ctrl/ASYN_CTRL.wrptr1[0]' of 'GTP_DFF_C' unit is dangling and will be cleaned.
W: Public-4008: Instance 'u_fifo_generator_0/U_ipml_fifo_fifo_generator_0/U_ipml_fifo_ctrl/ASYN_CTRL.wrptr1[1]' of 'GTP_DFF_C' unit is dangling and will be cleaned.
W: Public-4008: Instance 'u_fifo_generator_0/U_ipml_fifo_fifo_generator_0/U_ipml_fifo_ctrl/ASYN_CTRL.wrptr1[2]' of 'GTP_DFF_C' unit is dangling and will be cleaned.
W: Public-4008: Instance 'u_fifo_generator_0/U_ipml_fifo_fifo_generator_0/U_ipml_fifo_ctrl/ASYN_CTRL.wrptr1[3]' of 'GTP_DFF_C' unit is dangling and will be cleaned.
W: Public-4008: Instance 'u_fifo_generator_0/U_ipml_fifo_fifo_generator_0/U_ipml_fifo_ctrl/ASYN_CTRL.wrptr1[4]' of 'GTP_DFF_C' unit is dangling and will be cleaned.
W: Public-4008: Instance 'u_fifo_generator_0/U_ipml_fifo_fifo_generator_0/U_ipml_fifo_ctrl/ASYN_CTRL.wrptr1[5]' of 'GTP_DFF_C' unit is dangling and will be cleaned.
W: Public-4008: Instance 'u_fifo_generator_0/U_ipml_fifo_fifo_generator_0/U_ipml_fifo_ctrl/ASYN_CTRL.wrptr1[6]' of 'GTP_DFF_C' unit is dangling and will be cleaned.
W: Public-4008: Instance 'u_fifo_generator_0/U_ipml_fifo_fifo_generator_0/U_ipml_fifo_ctrl/ASYN_CTRL.wrptr1[7]' of 'GTP_DFF_C' unit is dangling and will be cleaned.
W: Public-4008: Instance 'u_fifo_generator_0/U_ipml_fifo_fifo_generator_0/U_ipml_fifo_ctrl/ASYN_CTRL.wrptr1[8]' of 'GTP_DFF_C' unit is dangling and will be cleaned.
W: Public-4008: Instance 'u_fifo_generator_0/U_ipml_fifo_fifo_generator_0/U_ipml_fifo_ctrl/rd_water_level[0]' of 'GTP_DFF_C' unit is dangling and will be cleaned.
W: Public-4008: Instance 'u_fifo_generator_0/U_ipml_fifo_fifo_generator_0/U_ipml_fifo_ctrl/rd_water_level[1]' of 'GTP_DFF_C' unit is dangling and will be cleaned.
W: Public-4008: Instance 'u_fifo_generator_0/U_ipml_fifo_fifo_generator_0/U_ipml_fifo_ctrl/rd_water_level[2]' of 'GTP_DFF_C' unit is dangling and will be cleaned.
W: Public-4008: Instance 'u_fifo_generator_0/U_ipml_fifo_fifo_generator_0/U_ipml_fifo_ctrl/rd_water_level[3]' of 'GTP_DFF_C' unit is dangling and will be cleaned.
W: Public-4008: Instance 'u_fifo_generator_0/U_ipml_fifo_fifo_generator_0/U_ipml_fifo_ctrl/rd_water_level[4]' of 'GTP_DFF_C' unit is dangling and will be cleaned.
W: Public-4008: Instance 'u_fifo_generator_0/U_ipml_fifo_fifo_generator_0/U_ipml_fifo_ctrl/rd_water_level[5]' of 'GTP_DFF_C' unit is dangling and will be cleaned.
W: Public-4008: Instance 'u_fifo_generator_0/U_ipml_fifo_fifo_generator_0/U_ipml_fifo_ctrl/rd_water_level[6]' of 'GTP_DFF_C' unit is dangling and will be cleaned.
W: Public-4008: Instance 'u_fifo_generator_0/U_ipml_fifo_fifo_generator_0/U_ipml_fifo_ctrl/rd_water_level[7]' of 'GTP_DFF_C' unit is dangling and will be cleaned.
W: Public-4008: Instance 'u_fifo_generator_0/U_ipml_fifo_fifo_generator_0/U_ipml_fifo_ctrl/rd_water_level[8]' of 'GTP_DFF_C' unit is dangling and will be cleaned.
W: Public-4008: Instance 'u_fifo_generator_0/U_ipml_fifo_fifo_generator_0/U_ipml_fifo_ctrl/rwptr2[0]' of 'GTP_DFF_C' unit is dangling and will be cleaned.
W: Public-4008: Instance 'u_fifo_generator_0/U_ipml_fifo_fifo_generator_0/U_ipml_fifo_ctrl/rwptr2[1]' of 'GTP_DFF_C' unit is dangling and will be cleaned.
W: Public-4008: Instance 'u_fifo_generator_0/U_ipml_fifo_fifo_generator_0/U_ipml_fifo_ctrl/rwptr2[2]' of 'GTP_DFF_C' unit is dangling and will be cleaned.
W: Public-4008: Instance 'u_fifo_generator_0/U_ipml_fifo_fifo_generator_0/U_ipml_fifo_ctrl/rwptr2[3]' of 'GTP_DFF_C' unit is dangling and will be cleaned.
W: Public-4008: Instance 'u_fifo_generator_0/U_ipml_fifo_fifo_generator_0/U_ipml_fifo_ctrl/rwptr2[4]' of 'GTP_DFF_C' unit is dangling and will be cleaned.
W: Public-4008: Instance 'u_fifo_generator_0/U_ipml_fifo_fifo_generator_0/U_ipml_fifo_ctrl/rwptr2[5]' of 'GTP_DFF_C' unit is dangling and will be cleaned.
W: Public-4008: Instance 'u_fifo_generator_0/U_ipml_fifo_fifo_generator_0/U_ipml_fifo_ctrl/rwptr2[6]' of 'GTP_DFF_C' unit is dangling and will be cleaned.
W: Public-4008: Instance 'u_fifo_generator_0/U_ipml_fifo_fifo_generator_0/U_ipml_fifo_ctrl/rwptr2[7]' of 'GTP_DFF_C' unit is dangling and will be cleaned.
W: Public-4008: Instance 'u_fifo_generator_0/U_ipml_fifo_fifo_generator_0/U_ipml_fifo_ctrl/rwptr2[8]' of 'GTP_DFF_C' unit is dangling and will be cleaned.
W: Public-4008: Instance 'u_fifo_generator_0/U_ipml_fifo_fifo_generator_0/U_ipml_fifo_ctrl/wr_water_level[0]' of 'GTP_DFF_C' unit is dangling and will be cleaned.
W: Public-4008: Instance 'u_fifo_generator_0/U_ipml_fifo_fifo_generator_0/U_ipml_fifo_ctrl/wr_water_level[1]' of 'GTP_DFF_C' unit is dangling and will be cleaned.
W: Public-4008: Instance 'u_fifo_generator_0/U_ipml_fifo_fifo_generator_0/U_ipml_fifo_ctrl/wr_water_level[2]' of 'GTP_DFF_C' unit is dangling and will be cleaned.
W: Public-4008: Instance 'u_fifo_generator_0/U_ipml_fifo_fifo_generator_0/U_ipml_fifo_ctrl/wr_water_level[3]' of 'GTP_DFF_C' unit is dangling and will be cleaned.
W: Public-4008: Instance 'u_fifo_generator_0/U_ipml_fifo_fifo_generator_0/U_ipml_fifo_ctrl/wr_water_level[4]' of 'GTP_DFF_C' unit is dangling and will be cleaned.
W: Public-4008: Instance 'u_fifo_generator_0/U_ipml_fifo_fifo_generator_0/U_ipml_fifo_ctrl/wr_water_level[5]' of 'GTP_DFF_C' unit is dangling and will be cleaned.
W: Public-4008: Instance 'u_fifo_generator_0/U_ipml_fifo_fifo_generator_0/U_ipml_fifo_ctrl/wr_water_level[6]' of 'GTP_DFF_C' unit is dangling and will be cleaned.
W: Public-4008: Instance 'u_fifo_generator_0/U_ipml_fifo_fifo_generator_0/U_ipml_fifo_ctrl/wr_water_level[7]' of 'GTP_DFF_C' unit is dangling and will be cleaned.
W: Public-4008: Instance 'u_fifo_generator_0/U_ipml_fifo_fifo_generator_0/U_ipml_fifo_ctrl/wr_water_level[8]' of 'GTP_DFF_C' unit is dangling and will be cleaned.
W: Public-4008: Instance 'u_fifo_generator_0/U_ipml_fifo_fifo_generator_0/U_ipml_fifo_ctrl/wrptr2[0]' of 'GTP_DFF_C' unit is dangling and will be cleaned.
W: Public-4008: Instance 'u_fifo_generator_0/U_ipml_fifo_fifo_generator_0/U_ipml_fifo_ctrl/wrptr2[1]' of 'GTP_DFF_C' unit is dangling and will be cleaned.
W: Public-4008: Instance 'u_fifo_generator_0/U_ipml_fifo_fifo_generator_0/U_ipml_fifo_ctrl/wrptr2[2]' of 'GTP_DFF_C' unit is dangling and will be cleaned.
W: Public-4008: Instance 'u_fifo_generator_0/U_ipml_fifo_fifo_generator_0/U_ipml_fifo_ctrl/wrptr2[3]' of 'GTP_DFF_C' unit is dangling and will be cleaned.
W: Public-4008: Instance 'u_fifo_generator_0/U_ipml_fifo_fifo_generator_0/U_ipml_fifo_ctrl/wrptr2[4]' of 'GTP_DFF_C' unit is dangling and will be cleaned.
W: Public-4008: Instance 'u_fifo_generator_0/U_ipml_fifo_fifo_generator_0/U_ipml_fifo_ctrl/wrptr2[5]' of 'GTP_DFF_C' unit is dangling and will be cleaned.
W: Public-4008: Instance 'u_fifo_generator_0/U_ipml_fifo_fifo_generator_0/U_ipml_fifo_ctrl/wrptr2[6]' of 'GTP_DFF_C' unit is dangling and will be cleaned.
W: Public-4008: Instance 'u_fifo_generator_0/U_ipml_fifo_fifo_generator_0/U_ipml_fifo_ctrl/wrptr2[7]' of 'GTP_DFF_C' unit is dangling and will be cleaned.
W: Public-4008: Instance 'u_fifo_generator_0/U_ipml_fifo_fifo_generator_0/U_ipml_fifo_ctrl/wrptr2[8]' of 'GTP_DFF_C' unit is dangling and will be cleaned.
Device mapping started.
Optimizing circuit logic.
Checking design netlist.
Processing tech operator.
Converting tech operator to gate operator.
Processing gate operator.
Device mapping done.
Total device mapping takes 0.00 sec.

Device Utilization Summary:
+------------------------------------------------------------------------+
| Logic Utilization     | Used     | Available     | Utilization(%)     
+------------------------------------------------------------------------+
| APM                   | 0        | 30            | 0                  
| IOCKDLY               | 0        | 24            | 0                  
| FF                    | 0        | 26304         | 0                  
| LUT                   | 0        | 17536         | 0                  
| Distributed RAM       | 0        | 4440          | 0                  
| DLL                   | 0        | 6             | 0                  
| DQSL                  | 0        | 18            | 0                  
| DRM                   | 0        | 48            | 0                  
| FUSECODE              | 0        | 1             | 0                  
| IO                    | 0        | 240           | 0                  
| IOCKDIV               | 0        | 12            | 0                  
| IOCKGATE              | 0        | 12            | 0                  
| IPAL                  | 0        | 1             | 0                  
| PLL                   | 0        | 6             | 0                  
| RCKB                  | 0        | 24            | 0                  
| SCANCHAIN             | 0        | 4             | 0                  
| START                 | 0        | 1             | 0                  
| USCM                  | 0        | 20            | 0                  
| HMEMC                 | 0        | 2             | 0                  
| OSC                   | 0        | 1             | 0                  
| ADC                   | 0        | 1             | 0                  
| CRYSTAL               | 0        | 6             | 0                  
| FLSIF                 | 0        | 1             | 0                  
| RESCAL                | 0        | 6             | 0                  
| UDID                  | 0        | 1             | 0                  
+------------------------------------------------------------------------+

Design 'ip_fifo' has been successfully mapped to architecture-specific objects.
Saving design to DB.
W: Public-4010: Pcf file C:/Users/ch/Desktop/2022.1/ip_fifo/prj/device_map/ip_fifo.pcf has been covered.
Action dev_map: Real time elapsed is 0h:0m:4s
Action dev_map: CPU time elapsed is 0h:0m:2s
Action dev_map: Process CPU time elapsed is 0h:0m:2s
Current time: Tue Oct 11 17:13:27 2022
Action dev_map: Peak memory pool usage is 227 MB
Process "Device Map" done.


Process "Place & Route" started.
Current time: Tue Oct 11 17:13:27 2022
Compiling architecture definition.
Analyzing project file 'C:/Users/ch/Desktop/2022.1/ip_fifo/prj/ip_fifo.pds'.
Compiling verification operator library.
Compiling common defs.
Compiling prim grid devices.
Compiling gate devices.
Compiling gate operators.
Building architecture model.
Loading device packaging model.
Building architecture floorplan logic view.
Constraint check start.
Executing : def_port {sys_clk} LOC=B5 VCCIO=3.3 IOSTANDARD=LVCMOS33 NONE=TRUE
C: ConstraintEditor-2001: [C:/Users/ch/Desktop/2022.1/ip_fifo/prj/device_map/ip_fifo.pcf(line number: 3)] Object 'sys_clk' is dangling, which has no connection. it will be ignored.
Executing : def_port {sys_clk} LOC=B5 VCCIO=3.3 IOSTANDARD=LVCMOS33 NONE=TRUE failed
Executing : def_port {sys_rst_n} LOC=G5 VCCIO=1.5 IOSTANDARD=LVCMOS15 NONE=TRUE
C: ConstraintEditor-2001: [C:/Users/ch/Desktop/2022.1/ip_fifo/prj/device_map/ip_fifo.pcf(line number: 4)] Object 'sys_rst_n' is dangling, which has no connection. it will be ignored.
Executing : def_port {sys_rst_n} LOC=G5 VCCIO=1.5 IOSTANDARD=LVCMOS15 NONE=TRUE failed
Constraint check end.
NOTE: The technology fpga was specified.
NOTE: delay_model specified was generic_cmos.
NOTE: Using the fpga syntax tables...
Totals:
 Calls to malloc = 0
 Calls to calloc = 4002569

I: Column Clock Check close.

Placement started.
Phase 1 Pre global placement started.
Phase 1.1 1st GP placement started.
Design Utilization : 0%.
Wirelength after clock region global placement is 0.
1st GP placement takes 0.45 sec.

Phase 1.2 Clock placement started.
Clock placement takes 0.02 sec.

Pre global placement takes 1.06 sec.

Phase 2 Global placement started.
Phase 2.1 Fixed placement started.
Fixed placement takes 0.00 sec.

Phase 2.2 Process placement started.
Process placement takes 0.00 sec.

Phase 2.3 IO placement started.
IO placement takes 0.00 sec.

Phase 2.4 2nd GP placement started.
Run super clustering :
	Initial slack 2147483647.
	1 iterations finished.
	Final slack 2147483647.
Super clustering done.
Design Utilization : 0%.
2nd GP placement takes 0.30 sec.

Wirelength after global placement is 0.
Global placement takes 0.30 sec.

Phase 3 Post global placement started.
Phase 3.1 Macro cell placement started.
Wirelength after macro cell placement is 0.
Macro cell placement takes 0.00 sec.

Phase 3.2 3rd GP placement started.
Run super clustering :
	Initial slack 2147483647.
	1 iterations finished.
	Final slack 2147483647.
Super clustering done.
Design Utilization : 0%.
3rd GP placement takes 0.30 sec.

Wirelength after post global placement is 0.
Post global placement takes 0.30 sec.

Phase 4 Legalization started.
The average distance in LP is 62.000000.
Wirelength after legalization is 0.
Legalization takes 0.00 sec.

Phase 5 Timing-driven detailed placement started.
Phase 5.1 Replication placement started.
Worst slack before Replication Place is 2147483647.
Replication placement takes 0.00 sec.

Wirelength after replication placement is 0.
Phase 5.2 DP placement started.
Legalized cost 2147483647.000000.
The detailed placement ends at 0th iteration.
DP placement takes 0.00 sec.

Wirelength after detailed placement is 0.
Timing-driven detailed placement takes 0.00 sec.

Worst slack is 2147483647, TNS after placement is 0.
Placement done.
Total placement takes 1.66 sec.
Finished placement. (CPU time elapsed 0h:00m:01s)

Routing started.
Building routing graph takes 0.41 sec.
Worst slack is 2147483647, TNS before global route is 0.
Processing design graph takes 0.06 sec.
Total memory for routing:
	46.799262 M.
Total nets for routing : 0.
Rcf routing step 1 processed 0 nets, it takes 0.00 sec.
Rcf routing step 2 processed 0 nets, it takes 0.00 sec.
Rcf routing step 3 processed 0 nets, it takes 0.00 sec.
Global Routing step 1 processed 0 nets, it takes 0.00 sec.
Global Routing step 2 processed 0 nets, it takes 0.00 sec.
Global Routing step 3 processed 0 nets, it takes 0.00 sec.
Global routing takes 0.00 sec.
Total 0 subnets.
    forward max bucket size 0 , backward 0.
        Unrouted nets 0 at the end of iteration 0.
    route iteration 0, CPU time elapsed 0.000000 sec.
Detailed routing takes 0 iterations
Detailed routing takes 0.00 sec.
Start fix hold violation.
Build tmp routing results takes 0.00 sec.
Timing analysis takes 0.00 sec.
No hold violation.
Hold Violation Fix in router takes 0 iterations.
Fix hold violation Finished.
Hold Violation Fix in router takes 0.05 sec.

Dispose routing result:
    Collect routing result.
    Delete unused device instances.
    Annotate routing result.
    Change LUT configuration.
    Dispose misc instances.
    Annotate routing result again.
Finish routing takes 0.00 sec.
Used SRB routing arc is 0.
Cleanup routing takes 0.02 sec.
Routing done.
Total routing takes 0.67 sec.


Device Utilization Summary :
+---------------------------------------------------------------------------+
| Logic Utilization        | Used     | Available     | Utilization(%)     
+---------------------------------------------------------------------------+
| Use of ADC               | 0        | 1             | 0                  
| Use of APM               | 0        | 30            | 0                  
| Use of BKCL              | 0        | 6             | 0                  
| Use of CLMA              | 0        | 3274          | 0                  
|   FF                     | 0        | 19644         | 0                  
|   LUT                    | 0        | 13096         | 0                  
|   LUT-FF pairs           | 0        | 13096         | 0                  
| Use of CLMS              | 0        | 1110          | 0                  
|   FF                     | 0        | 6660          | 0                  
|   LUT                    | 0        | 4440          | 0                  
|   LUT-FF pairs           | 0        | 4440          | 0                  
|   Distributed RAM        | 0        | 4440          | 0                  
| Use of CRYSTAL           | 0        | 6             | 0                  
| Use of DLL               | 0        | 6             | 0                  
| Use of DQSL              | 0        | 18            | 0                  
| Use of DRM               | 0        | 48            | 0                  
| Use of FLSIF             | 0        | 1             | 0                  
| Use of FUSECODE          | 0        | 1             | 0                  
| Use of HARD0N1           | 0        | 2745          | 0                  
| Use of HMEMC             | 0        | 2             | 0                  
| Use of IO                | 0        | 240           | 0                  
|   IOBD                   | 0        | 120           | 0                  
|   IOBR                   | 0        | 6             | 0                  
|   IOBS                   | 0        | 114           | 0                  
| Use of IOCKDIV           | 0        | 12            | 0                  
| Use of IOCKDLY           | 0        | 24            | 0                  
| Use of IOCKGATE          | 0        | 12            | 0                  
| Use of IOCKGMUX_TEST     | 0        | 12            | 0                  
| Use of IOL               | 0        | 240           | 0                  
| Use of IPAL              | 0        | 1             | 0                  
| Use of MFG_TEST          | 0        | 1             | 0                  
| Use of OSC               | 0        | 1             | 0                  
| Use of PLL               | 0        | 6             | 0                  
| Use of PREGMUX_TEST      | 0        | 6             | 0                  
| Use of RCKB              | 0        | 24            | 0                  
| Use of RCKBMUX_TEST      | 0        | 12            | 0                  
| Use of RESCAL            | 0        | 6             | 0                  
| Use of SCANCHAIN         | 0        | 4             | 0                  
| Use of START             | 1        | 1             | 100                
| Use of UDID              | 0        | 1             | 0                  
| Use of USCM              | 0        | 20            | 0                  
| Use of USCMMUX_TEST      | 0        | 20            | 0                  
| Use of VCKBMUX_TEST      | 0        | 12            | 0                  
+---------------------------------------------------------------------------+

Finished routing. (CPU time elapsed 0h:00m:00s)
Design 'ip_fifo' has been placed and routed successfully.
Saving design to DB.
Finished placement and routing. (CPU time elapsed 0h:00m:05s)
Action pnr: Real time elapsed is 0h:0m:7s
Action pnr: CPU time elapsed is 0h:0m:5s
Action pnr: Process CPU time elapsed is 0h:0m:5s
Current time: Tue Oct 11 17:13:33 2022
Action pnr: Peak memory pool usage is 627 MB
Process "Place & Route" done.


Process "Report Timing" started.
Current time: Tue Oct 11 17:13:34 2022
Compiling architecture definition.
Analyzing project file 'C:/Users/ch/Desktop/2022.1/ip_fifo/prj/ip_fifo.pds'.
Compiling verification operator library.
Compiling common defs.
Compiling prim grid devices.
Compiling gate devices.
Compiling gate operators.
Building architecture model.
Loading device packaging model.
Reading design from pnr DB.
Start Report Post-PnR timing.
NOTE: The technology fpga was specified.
NOTE: delay_model specified was generic_cmos.
NOTE: Using the fpga syntax tables...
Totals:
 Calls to malloc = 0
 Calls to calloc = 4002569

W: Flow-4065: The port sys_clk has a sdc constraint, but it do not connect to any pin.
Constructing timing graph ...
Timing graph has been constructed successfully
C: STA-3009: The clock clk is not connected to any clock endpoints,it will be treated as a normal port or pin.
W: Timing-4086: Port 'sys_rst_n' is not constrained, it is treated as combinational input.
Report timing is finished successfully.
Action report_timing: Real time elapsed is 0h:0m:5s
Action report_timing: CPU time elapsed is 0h:0m:3s
Action report_timing: Process CPU time elapsed is 0h:0m:3s
Current time: Tue Oct 11 17:13:38 2022
Action report_timing: Peak memory pool usage is 622 MB
Process "Report Timing" done.


Process "Generate Bitstream" started.
Current time: Tue Oct 11 17:13:38 2022
Compiling architecture definition.
Analyzing project file 'C:/Users/ch/Desktop/2022.1/ip_fifo/prj/ip_fifo.pds'.
Compiling verification operator library.
Compiling common defs.
Compiling prim grid devices.
Compiling gate devices.
Compiling gate operators.
Building architecture model.
Loading device packaging model.
Reading design from DB.
Start Generating Programming File...
Reading design from DB takes 0.000000 sec.
Generating architecture configuration.
The bitstream file is "C:/Users/ch/Desktop/2022.1/ip_fifo/prj/generate_bitstream/ip_fifo.sbit"
Generate programming file takes 0.640625 sec.
Generating Programming File done.
Action gen_bit_stream: Real time elapsed is 0h:0m:4s
Action gen_bit_stream: CPU time elapsed is 0h:0m:3s
Action gen_bit_stream: Process CPU time elapsed is 0h:0m:3s
Current time: Tue Oct 11 17:13:41 2022
Action gen_bit_stream: Peak memory pool usage is 326 MB
Process "Generate Bitstream" done.
