IP Generator (Version 2021.4-SP1.2 build 96435)
Check out license ...
Start generating at 2022-10-25 09:41
Instance: ram_1port (C:\Users\ch\Desktop\2021.4-SP1.2\ip_1port_ram\prj\ipcore\ram_1port\ram_1port.idf)
IP: DRM Based Single Port RAM (1.5)
Part: Logos-PGL22G-MBG324--6
Create directory 'rtl' ...
Copy 'rtl\ipml_spram_v1_5.v.xml' to 'rtl' ...
Compile file 'rtl\ipml_spram_v1_5.v.xml' to 'rtl\ipml_spram_v1_5_ram_1port.v' ...
Copy 'ipml_spram_wrapper_v1_5.v.xml' ...
Compile file 'ipml_spram_wrapper_v1_5.v.xml' to 'ram_1port.v' ...
Found top module 'ram_1port' in file 'ram_1port.v'.
Copy 'ipml_spram_wrapper_v1_3_tb.v.xml' ...
Compile file 'ipml_spram_wrapper_v1_3_tb.v.xml' to 'ram_1port_tb.v' ...
Copy 'init_param_bin_exmp.dat' ...
Copy 'init_param_hex_exmp.dat' ...
Run file 'createParam.tcl' ...
Create template file 'ram_1port_tmpl.v' ...
Create template file 'ram_1port_tmpl.vhdl' ...
There are 2 source files to synthesize.
Synthesis is disabled.
Done: 0 error(s), 0 warning(s)
