#Build: Fabric Compiler 2021.4-SP1.2, Build 96435, May 30 04:40 2022
#Install: E:\pango\PDS_2021.4-SP1.2\bin
#Application name: pds_shell.exe
#OS: Windows 10 10.0.19044
#Hostname: DESKTOP-HFJ50FN
Generated by Fabric Compiler (version 2021.4-SP1.2 build 96435) at Wed Sep  7 15:50:28 2022
Compiling verification operator library.
Compiling common defs.
Compiling prim grid devices.
Compiling gate devices.
Compiling gate operators.
Building architecture model.
Loading device packaging model.
I: Parameter configuration file C:/Users/ch/Desktop/90/ip_pll/prj/testparam.txt cannot open.
Building architecture floorplan logic view.
Executing : apply_constraint -f C:/Users/ch/Desktop/90/ip_pll/prj/device_map/ip_pll.pcf
Constraint check start.
Executing : def_port clk_25m -LOC G4 -VCCIO 3.3 -IOSTANDARD LVCMOS33 -DRIVE 4 -SLEW SLOW -BUS_KEEPER NONE
C: ConstraintEditor-2002: [C:/Users/ch/Desktop/90/ip_pll/prj/device_map/ip_pll.pcf(line number: 3)] | Port clk_25m has been placed at location G4, whose type is share pin.
Executing : def_port clk_25m -LOC G4 -VCCIO 3.3 -IOSTANDARD LVCMOS33 -DRIVE 4 -SLEW SLOW -BUS_KEEPER NONE successfully.
Executing : def_port clk_25m_75deg -LOC C2 -VCCIO 3.3 -IOSTANDARD LVCMOS33 -DRIVE 8 -SLEW SLOW -BUS_KEEPER NONE
C: ConstraintEditor-2002: [C:/Users/ch/Desktop/90/ip_pll/prj/device_map/ip_pll.pcf(line number: 4)] | Port clk_25m_75deg has been placed at location C2, whose type is share pin.
Executing : def_port clk_25m_75deg -LOC C2 -VCCIO 3.3 -IOSTANDARD LVCMOS33 -DRIVE 8 -SLEW SLOW -BUS_KEEPER NONE successfully.
Executing : def_port clk_50m -LOC C1 -VCCIO 3.3 -IOSTANDARD LVCMOS33 -DRIVE 4 -SLEW SLOW -BUS_KEEPER NONE
C: ConstraintEditor-2002: [C:/Users/ch/Desktop/90/ip_pll/prj/device_map/ip_pll.pcf(line number: 5)] | Port clk_50m has been placed at location C1, whose type is share pin.
Executing : def_port clk_50m -LOC C1 -VCCIO 3.3 -IOSTANDARD LVCMOS33 -DRIVE 4 -SLEW SLOW -BUS_KEEPER NONE successfully.
Executing : def_port clk_100m -LOC A1 -VCCIO 3.3 -IOSTANDARD LVCMOS33 -DRIVE 4 -SLEW SLOW -BUS_KEEPER NONE
C: ConstraintEditor-2002: [C:/Users/ch/Desktop/90/ip_pll/prj/device_map/ip_pll.pcf(line number: 6)] | Port clk_100m has been placed at location A1, whose type is share pin.
Executing : def_port clk_100m -LOC A1 -VCCIO 3.3 -IOSTANDARD LVCMOS33 -DRIVE 4 -SLEW SLOW -BUS_KEEPER NONE successfully.
Executing : def_port clk_100m_180deg -LOC A2 -VCCIO 3.3 -IOSTANDARD LVCMOS33 -DRIVE 4 -SLEW SLOW -BUS_KEEPER NONE
C: ConstraintEditor-2002: [C:/Users/ch/Desktop/90/ip_pll/prj/device_map/ip_pll.pcf(line number: 7)] | Port clk_100m_180deg has been placed at location A2, whose type is share pin.
Executing : def_port clk_100m_180deg -LOC A2 -VCCIO 3.3 -IOSTANDARD LVCMOS33 -DRIVE 4 -SLEW SLOW -BUS_KEEPER NONE successfully.
Executing : def_port sys_clk -LOC B5 -VCCIO 3.3 -IOSTANDARD LVCMOS33 -BUS_KEEPER NONE
Executing : def_port sys_clk -LOC B5 -VCCIO 3.3 -IOSTANDARD LVCMOS33 -BUS_KEEPER NONE successfully.
Executing : def_port sys_rst_n -LOC G5 -VCCIO 1.5 -IOSTANDARD LVCMOS15 -BUS_KEEPER NONE
Executing : def_port sys_rst_n -LOC G5 -VCCIO 1.5 -IOSTANDARD LVCMOS15 -BUS_KEEPER NONE successfully.
W: ConstraintEditor-4019: Port 'locked' unspecified I/O constraint.
Constraint check end.
Executing : apply_constraint -f C:/Users/ch/Desktop/90/ip_pll/prj/device_map/ip_pll.pcf successfully.
I: Column Clock Check close.

Placement started.
Pre global placement started.
Mapping instance u_pll_clk/u_pll_e1/goppll to PLL_82_319.
Wirelength after clock region placement is 365.
Pre global placement takes 0.78 sec.

Global placement started.
Run super clustering :
	Initial slack 2147483647.
	1 iterations finished.
	Final slack 2147483647.
Super clustering done.
Design Utilization : 1%.
Wirelength after global placement is 365.
Global placement takes 0.05 sec.

Post global placement started.
Placed fixed group with base inst clk_25m_75deg_obuf/opit_1 on IOL_7_265.
Placed fixed group with base inst clk_25m_obuf/opit_1 on IOL_7_262.
Placed fixed group with base inst clk_50m_obuf/opit_1 on IOL_7_266.
Placed fixed group with base inst clk_100m_180deg_obuf/opit_1 on IOL_7_281.
Placed fixed group with base inst clk_100m_obuf/opit_1 on IOL_7_269.
Placed fixed group with base inst sys_clk_ibuf/opit_1 on IOL_7_298.
Placed fixed group with base inst sys_rst_n_ibuf/opit_1 on IOL_7_241.
Placed fixed instance u_pll_clk/u_pll_e1/goppll on PLL_82_319.
Placed fixed instance BKCL_auto_0 on BKCL_2_268.
Placed fixed instance BKCL_auto_1 on BKCL_2_144.
IO placement started.
IO placement takes 0.02 sec.

Macro cell placement started.
Wirelength after Macro cell placement is 396.
Macro cell placement takes 0.00 sec.

Run super clustering :
	Initial slack 2147483647.
	1 iterations finished.
	Final slack 2147483647.
Super clustering done.
Design Utilization : 1%.
Wirelength after post global placement is 396.
Post global placement takes 0.06 sec.

Legalization started.
Wirelength after legalization is 396.
Legalization takes 0.00 sec.

Timing-driven detailed placement started.
replication start
Worst slack before Replication Place is 2147483647.
Wirelength after replication placement is 396.
Legalized cost 2147483647.000000.
The detailed placement ends at 0th iteration.
Wirelength after detailed placement is 396.
Timing-driven detailed placement takes 0.00 sec.

Worst slack is 2147483647, TNS after placement is 0.
Placement done.
Total placement takes 0.91 sec.
Finished placement. (CPU time elapsed 0h:00m:00s)

Routing started.
Building routing graph takes 0.55 sec.
Worst slack is 2147483647, TNS before global route is 0.
Processing design graph takes 0.06 sec.
Total memory for routing:
	46.821122 M.
Total nets for routing : 27.
Rcf routing step 1 processed 0 nets, it takes 0.00 sec.
Rcf routing step 2 processed 0 nets, it takes 0.00 sec.
Rcf routing step 3 processed 0 nets, it takes 0.00 sec.
Global Routing step 1 processed 0 nets, it takes 0.00 sec.
Global Routing step 2 processed 0 nets, it takes 0.00 sec.
Global Routing step 3 processed 0 nets, it takes 0.00 sec.
Global routing takes 0.02 sec.
Total 27 subnets.
    forward max bucket size 1303 , backward 1899.
        Unrouted nets 7 at the end of iteration 0.
    route iteration 0, CPU time elapsed 0.031250 sec.
    forward max bucket size 1305 , backward 1893.
        Unrouted nets 7 at the end of iteration 1.
    route iteration 1, CPU time elapsed 0.015625 sec.
    forward max bucket size 1248 , backward 1880.
        Unrouted nets 5 at the end of iteration 2.
    route iteration 2, CPU time elapsed 0.015625 sec.
    forward max bucket size 1335 , backward 1870.
        Unrouted nets 5 at the end of iteration 3.
    route iteration 3, CPU time elapsed 0.031250 sec.
    forward max bucket size 1234 , backward 1851.
        Unrouted nets 4 at the end of iteration 4.
    route iteration 4, CPU time elapsed 0.000000 sec.
    forward max bucket size 1216 , backward 1861.
        Unrouted nets 4 at the end of iteration 5.
    route iteration 5, CPU time elapsed 0.015625 sec.
    forward max bucket size 1177 , backward 1842.
        Unrouted nets 4 at the end of iteration 6.
    route iteration 6, CPU time elapsed 0.015625 sec.
    forward max bucket size 1172 , backward 1842.
        Unrouted nets 4 at the end of iteration 7.
    route iteration 7, CPU time elapsed 0.015625 sec.
    forward max bucket size 1154 , backward 1851.
        Unrouted nets 4 at the end of iteration 8.
    route iteration 8, CPU time elapsed 0.015625 sec.
    forward max bucket size 1122 , backward 1851.
        Unrouted nets 4 at the end of iteration 9.
    route iteration 9, CPU time elapsed 0.015625 sec.
    forward max bucket size 1106 , backward 1851.
        Unrouted nets 4 at the end of iteration 10.
    route iteration 10, CPU time elapsed 0.000000 sec.
    forward max bucket size 1074 , backward 1851.
        Unrouted nets 4 at the end of iteration 11.
    route iteration 11, CPU time elapsed 0.015625 sec.
    forward max bucket size 1042 , backward 1851.
        Unrouted nets 4 at the end of iteration 12.
    route iteration 12, CPU time elapsed 0.015625 sec.
    forward max bucket size 1018 , backward 1851.
        Unrouted nets 4 at the end of iteration 13.
    route iteration 13, CPU time elapsed 0.015625 sec.
    forward max bucket size 970 , backward 1851.
        Unrouted nets 4 at the end of iteration 14.
    route iteration 14, CPU time elapsed 0.015625 sec.
    forward max bucket size 946 , backward 1851.
        Unrouted nets 4 at the end of iteration 15.
    route iteration 15, CPU time elapsed 0.015625 sec.
    forward max bucket size 922 , backward 1851.
        Unrouted nets 4 at the end of iteration 16.
    route iteration 16, CPU time elapsed 0.000000 sec.
    forward max bucket size 858 , backward 1851.
        Unrouted nets 4 at the end of iteration 17.
    route iteration 17, CPU time elapsed 0.015625 sec.
    forward max bucket size 797 , backward 1838.
        Unrouted nets 4 at the end of iteration 18.
    route iteration 18, CPU time elapsed 0.015625 sec.
    forward max bucket size 764 , backward 1838.
        Unrouted nets 4 at the end of iteration 19.
    route iteration 19, CPU time elapsed 0.015625 sec.
    forward max bucket size 700 , backward 1838.
        Unrouted nets 4 at the end of iteration 20.
    route iteration 20, CPU time elapsed 0.015625 sec.
    forward max bucket size 668 , backward 1838.
        Unrouted nets 4 at the end of iteration 21.
    route iteration 21, CPU time elapsed 0.015625 sec.
    forward max bucket size 604 , backward 1838.
        Unrouted nets 4 at the end of iteration 22.
    route iteration 22, CPU time elapsed 0.000000 sec.
    forward max bucket size 572 , backward 1838.
        Unrouted nets 4 at the end of iteration 23.
    route iteration 23, CPU time elapsed 0.015625 sec.
    forward max bucket size 540 , backward 1838.
        Unrouted nets 4 at the end of iteration 24.
    route iteration 24, CPU time elapsed 0.015625 sec.
    forward max bucket size 514 , backward 1851.
        Unrouted nets 4 at the end of iteration 25.
    route iteration 25, CPU time elapsed 0.015625 sec.
    forward max bucket size 498 , backward 1851.
        Unrouted nets 4 at the end of iteration 26.
    route iteration 26, CPU time elapsed 0.015625 sec.
    forward max bucket size 487 , backward 1838.
        Unrouted nets 4 at the end of iteration 27.
    route iteration 27, CPU time elapsed 0.015625 sec.
    forward max bucket size 479 , backward 1851.
        Unrouted nets 4 at the end of iteration 28.
    route iteration 28, CPU time elapsed 0.000000 sec.
    forward max bucket size 468 , backward 1838.
        Unrouted nets 4 at the end of iteration 29.
    route iteration 29, CPU time elapsed 0.015625 sec.
    forward max bucket size 1337 , backward 1838.
        Unrouted nets 2 at the end of iteration 30.
    route iteration 30, CPU time elapsed 0.015625 sec.
    forward max bucket size 437 , backward 1864.
        Unrouted nets 3 at the end of iteration 31.
    route iteration 31, CPU time elapsed 0.000000 sec.
    forward max bucket size 1335 , backward 1710.
        Unrouted nets 3 at the end of iteration 32.
    route iteration 32, CPU time elapsed 0.015625 sec.
    forward max bucket size 1339 , backward 1888.
        Unrouted nets 2 at the end of iteration 33.
    route iteration 33, CPU time elapsed 0.015625 sec.
    forward max bucket size 1299 , backward 1888.
        Unrouted nets 2 at the end of iteration 34.
    route iteration 34, CPU time elapsed 0.000000 sec.
    forward max bucket size 1338 , backward 1252.
        Unrouted nets 0 at the end of iteration 35.
    route iteration 35, CPU time elapsed 0.000000 sec.
Detailed routing takes 0.48 sec.
Start fix hold violation.
Build tmp routing results takes 0.00 sec.
Timing analysis takes 0.00 sec.
No hold violation.
Fix hold violation Finished.
Hold Violation Fix in router takes 0.05 sec.

Dispose routing result:
    Collect routing result.
    Delete unused device instances.
    Annotate routing result.
    Change LUT configuration.
    Dispose misc instances.
    Annotate routing result again.
Finish routing takes 0.00 sec.
Used srb routing arc is 289.
Cleanup routing takes 0.00 sec.
Routing done.
Total routing takes 1.28 sec.


Device Utilization Summary :
+----------------------------------------------------------------------------+
| Logic Utilization        | Used     | Available     | Utilization(%)     
+----------------------------------------------------------------------------+
| Use of ADC               | 0        | 1             | 0                   
| Use of APM               | 0        | 30            | 0                   
| Use of BKCL              | 2        | 6             | 34                  
| Use of CLMA              | 4        | 3274          | 1                   
|   FF                     | 0        | 19644         | 0                   
|   LUT                    | 6        | 13096         | 1                   
|   LUT-FF pairs           | 0        | 13096         | 0                   
| Use of CLMS              | 3        | 1110          | 1                   
|   FF                     | 0        | 6660          | 0                   
|   LUT                    | 6        | 4440          | 1                   
|   LUT-FF pairs           | 0        | 4440          | 0                   
|   Distributed RAM        | 0        | 4440          | 0                   
| Use of CRYSTAL           | 0        | 6             | 0                   
| Use of DLL               | 0        | 6             | 0                   
| Use of DQSL              | 0        | 18            | 0                   
| Use of DRM               | 0        | 48            | 0                   
| Use of FLSIF             | 0        | 1             | 0                   
| Use of FUSECODE          | 0        | 1             | 0                   
| Use of HARD0N1           | 0        | 2745          | 0                   
| Use of HMEMC             | 0        | 2             | 0                   
| Use of IO                | 8        | 240           | 4                   
|   IOBD                   | 4        | 120           | 4                   
|   IOBR                   | 0        | 6             | 0                   
|   IOBS                   | 4        | 114           | 4                   
| Use of IOCKDIV           | 0        | 12            | 0                   
| Use of IOCKDLY           | 0        | 24            | 0                   
| Use of IOCKGATE          | 0        | 12            | 0                   
| Use of IOCKGMUX_TEST     | 0        | 12            | 0                   
| Use of IOL               | 8        | 240           | 4                   
| Use of IPAL              | 0        | 1             | 0                   
| Use of MFG_TEST          | 0        | 1             | 0                   
| Use of OSC               | 0        | 1             | 0                   
| Use of PLL               | 1        | 6             | 17                  
| Use of PREGMUX_TEST      | 0        | 6             | 0                   
| Use of RCKB              | 0        | 24            | 0                   
| Use of RCKBMUX_TEST      | 0        | 12            | 0                   
| Use of RESCAL            | 0        | 6             | 0                   
| Use of SCANCHAIN         | 0        | 4             | 0                   
| Use of START             | 1        | 1             | 100                 
| Use of UDID              | 0        | 1             | 0                   
| Use of USCM              | 5        | 20            | 25                  
| Use of USCMMUX_TEST      | 0        | 20            | 0                   
| Use of VCKBMUX_TEST      | 0        | 12            | 0                   
+----------------------------------------------------------------------------+

Finished routing. (CPU time elapsed 0h:00m:01s)
Design 'ip_pll' has been placed and routed successfully.
Saving design to DB.
Finished placement and routing. (CPU time elapsed 0h:00m:04s)
Action pnr: Real time elapsed is 6.000 sec
Action pnr: CPU time elapsed is 5.344 sec
Action pnr: Process CPU time elapsed is 5.391 sec
Current time: Wed Sep  7 15:50:33 2022
Action pnr: Peak memory pool usage is 426,737,664 bytes
