#Build: Fabric Compiler 2021.4-SP1.2, Build 96435, May 30 04:40 2022
#Install: E:\pango\PDS_2021.4-SP1.2\bin
#Application name: pds_shell.exe
#OS: Windows 10 10.0.19044
#Hostname: DESKTOP-HFJ50FN
Generated by Fabric Compiler (version 2021.4-SP1.2 build 96435) at Wed Sep  7 15:20:42 2022
Compiling verification operator library.
Compiling common defs.
Compiling prim grid devices.
Compiling gate devices.
Compiling gate operators.
Building architecture model.
Loading device packaging model.
I: Parameter configuration file C:/Users/ch/Desktop/90/ip_pll/prj/testparam.txt cannot open.
Building architecture floorplan logic view.
Executing : apply_constraint -f C:/Users/ch/Desktop/90/ip_pll/prj/device_map/ip_pll.pcf
Constraint check start.
Executing : def_port clk_25m -LOC A8 -VCCIO 3.3 -IOSTANDARD LVCMOS33 -DRIVE 4 -SLEW SLOW -BUS_KEEPER NONE
C: ConstraintEditor-2002: [C:/Users/ch/Desktop/90/ip_pll/prj/device_map/ip_pll.pcf(line number: 3)] | Port clk_25m has been placed at location A8, whose type is share pin.
Executing : def_port clk_25m -LOC A8 -VCCIO 3.3 -IOSTANDARD LVCMOS33 -DRIVE 4 -SLEW SLOW -BUS_KEEPER NONE successfully.
Executing : def_port clk_25m_75deg -LOC L15 -VCCIO 1.8 -IOSTANDARD HSTL18D_I -DRIVE 8 -SLEW SLOW -BUS_KEEPER NONE
E: ConstraintEditor-0007: [C:/Users/ch/Desktop/90/ip_pll/prj/device_map/ip_pll.pcf(line number: 4)] IOSTANDARD value HSTL18D_I is illegal, please use other values.
Executing : def_port clk_50m -LOC A6 -VCCIO 3.3 -IOSTANDARD LVCMOS33 -DRIVE 4 -SLEW SLOW -BUS_KEEPER NONE
Executing : def_port clk_50m -LOC A6 -VCCIO 3.3 -IOSTANDARD LVCMOS33 -DRIVE 4 -SLEW SLOW -BUS_KEEPER NONE successfully.
Executing : def_port clk_100m -LOC B6 -VCCIO 3.3 -IOSTANDARD LVCMOS33 -DRIVE 4 -SLEW SLOW -BUS_KEEPER NONE
Executing : def_port clk_100m -LOC B6 -VCCIO 3.3 -IOSTANDARD LVCMOS33 -DRIVE 4 -SLEW SLOW -BUS_KEEPER NONE successfully.
Executing : def_port clk_100m_180deg -LOC B7 -VCCIO 3.3 -IOSTANDARD LVCMOS33 -DRIVE 4 -SLEW SLOW -BUS_KEEPER NONE
C: ConstraintEditor-2002: [C:/Users/ch/Desktop/90/ip_pll/prj/device_map/ip_pll.pcf(line number: 7)] | Port clk_100m_180deg has been placed at location B7, whose type is share pin.
Executing : def_port clk_100m_180deg -LOC B7 -VCCIO 3.3 -IOSTANDARD LVCMOS33 -DRIVE 4 -SLEW SLOW -BUS_KEEPER NONE successfully.
Executing : def_port sys_clk -LOC B5 -VCCIO 3.3 -IOSTANDARD LVCMOS33 -BUS_KEEPER NONE
Executing : def_port sys_clk -LOC B5 -VCCIO 3.3 -IOSTANDARD LVCMOS33 -BUS_KEEPER NONE successfully.
Executing : def_port sys_rst_n -LOC G5 -VCCIO 1.5 -IOSTANDARD LVCMOS15 -BUS_KEEPER NONE
Executing : def_port sys_rst_n -LOC G5 -VCCIO 1.5 -IOSTANDARD LVCMOS15 -BUS_KEEPER NONE successfully.
W: ConstraintEditor-4019: Port 'locked' unspecified I/O constraint.
Constraint check end.
Action pnr: Real time elapsed is 4.000 sec
Action pnr: CPU time elapsed is 2.578 sec
Action pnr: Process CPU time elapsed is 2.594 sec
Current time: Wed Sep  7 15:20:45 2022
Action pnr: Peak memory pool usage is 193,421,312 bytes
