#Build: Fabric Compiler 2021.4-SP1.2, Build 96435, May 30 04:40 2022
#Install: J:\PDS_2021.4\pango\PDS_2021.4-SP1.2\bin
#Application name: pds_shell.exe
#OS: Windows 7sp1 6.1.7601
#Hostname: USER-20180123QP
Generated by Fabric Compiler (version 2021.4-SP1.2 build 96435) at Wed Jul  6 13:53:06 2022
Compiling verification operator library.
Compiling common defs.
Compiling prim grid devices.
Compiling gate devices.
Compiling gate operators.
Building architecture model.
Loading device packaging model.
Reading design from DB.
Start Generating Programming File...
Reading design from DB takes 0.390002 sec.
Generating architecture configuration.
The bitstream file is "J:/pds/ip_1port_ram/prj/generate_bitstream/ip_1port_ram.sbit"
Generate programming file takes 5.241634 sec.
Generating Programming File done.
Action gen_bit_stream: Real time elapsed is 12.000 sec
Action gen_bit_stream: CPU time elapsed is 9.656 sec
Action gen_bit_stream: Process CPU time elapsed is 9.656 sec
Current time: Wed Jul  6 13:53:16 2022
Action gen_bit_stream: Peak memory pool usage is 326,168,576 bytes
