#Build: Fabric Compiler 2021.4-SP1.2, Build 96435, May 30 04:40 2022
#Install: J:\PDS_2021.4\pango\PDS_2021.4-SP1.2\bin
#Application name: pds_shell.exe
#OS: Windows 7sp1 6.1.7601
#Hostname: USER-20180123QP
Generated by Fabric Compiler (version 2021.4-SP1.2 build 96435) at Mon Jul  4 17:23:18 2022
License checkout: fabric_ads
Compiling verification operator library.
Loading technology operator library.
Compiling technology operator library.
Compiling technology operator (valence) library.
Start rtl-analyze.
I: Enable Verilog2k features and keywords
Executing : .rtl_analyze -work work -include_path {J:/pds/bc/ip_fifo/prj} J:/pds/bc/ip_fifo/rtl/ip_fifo.v
I: Verilog-0001: Analyzing file J:/pds/bc/ip_fifo/rtl/ip_fifo.v
I: Verilog-0002: [J:/pds/bc/ip_fifo/rtl/ip_fifo.v(line number: 23)] Analyzing module ip_fifo (library work)
I: [J:/pds/bc/ip_fifo/rtl/ip_fifo.v(line number: 29)] Convert attribute name from syn_keep to PAP_KEEP
I: [J:/pds/bc/ip_fifo/rtl/ip_fifo.v(line number: 30)] Convert attribute name from syn_keep to PAP_KEEP
I: [J:/pds/bc/ip_fifo/rtl/ip_fifo.v(line number: 31)] Convert attribute name from syn_keep to PAP_KEEP
I: [J:/pds/bc/ip_fifo/rtl/ip_fifo.v(line number: 32)] Convert attribute name from syn_keep to PAP_KEEP
I: [J:/pds/bc/ip_fifo/rtl/ip_fifo.v(line number: 33)] Convert attribute name from syn_keep to PAP_KEEP
I: [J:/pds/bc/ip_fifo/rtl/ip_fifo.v(line number: 34)] Convert attribute name from syn_keep to PAP_KEEP
I: [J:/pds/bc/ip_fifo/rtl/ip_fifo.v(line number: 35)] Convert attribute name from syn_keep to PAP_KEEP
I: [J:/pds/bc/ip_fifo/rtl/ip_fifo.v(line number: 36)] Convert attribute name from syn_keep to PAP_KEEP
Parsing done.
Executing : .rtl_analyze -work work -include_path {J:/pds/bc/ip_fifo/prj} J:/pds/bc/ip_fifo/rtl/ip_fifo.v successfully.
Executing : .rtl_analyze -work work -include_path {J:/pds/bc/ip_fifo/prj} J:/pds/bc/ip_fifo/rtl/fifo_rd.v
I: Verilog-0001: Analyzing file J:/pds/bc/ip_fifo/rtl/fifo_rd.v
I: Verilog-0002: [J:/pds/bc/ip_fifo/rtl/fifo_rd.v(line number: 23)] Analyzing module fifo_rd (library work)
Parsing done.
Executing : .rtl_analyze -work work -include_path {J:/pds/bc/ip_fifo/prj} J:/pds/bc/ip_fifo/rtl/fifo_rd.v successfully.
Executing : .rtl_analyze -work work -include_path {J:/pds/bc/ip_fifo/prj} J:/pds/bc/ip_fifo/rtl/fifo_wr.v
I: Verilog-0001: Analyzing file J:/pds/bc/ip_fifo/rtl/fifo_wr.v
I: Verilog-0002: [J:/pds/bc/ip_fifo/rtl/fifo_wr.v(line number: 23)] Analyzing module fifo_wr (library work)
Parsing done.
Executing : .rtl_analyze -work work -include_path {J:/pds/bc/ip_fifo/prj} J:/pds/bc/ip_fifo/rtl/fifo_wr.v successfully.
Executing : .rtl_analyze -include_path {J:/pds/bc/ip_fifo/prj} J:/pds/bc/ip_fifo/prj/ipcore/fifo_generator_0/rtl/ipml_fifo_ctrl_v1_3.v
I: Verilog-0001: Analyzing file J:/pds/bc/ip_fifo/prj/ipcore/fifo_generator_0/rtl/ipml_fifo_ctrl_v1_3.v
I: Verilog-0002: [J:/pds/bc/ip_fifo/prj/ipcore/fifo_generator_0/rtl/ipml_fifo_ctrl_v1_3.v(line number: 21)] Analyzing module ipml_fifo_ctrl_v1_3 (library work)
Parsing done.
Executing : .rtl_analyze -include_path {J:/pds/bc/ip_fifo/prj} J:/pds/bc/ip_fifo/prj/ipcore/fifo_generator_0/rtl/ipml_fifo_ctrl_v1_3.v successfully.
Executing : .rtl_analyze -include_path {J:/pds/bc/ip_fifo/prj} J:/pds/bc/ip_fifo/prj/ipcore/fifo_generator_0/rtl/ipml_sdpram_v1_6_fifo_generator_0.v
I: Verilog-0001: Analyzing file J:/pds/bc/ip_fifo/prj/ipcore/fifo_generator_0/rtl/ipml_sdpram_v1_6_fifo_generator_0.v
I: Verilog-0002: [J:/pds/bc/ip_fifo/prj/ipcore/fifo_generator_0/rtl/ipml_sdpram_v1_6_fifo_generator_0.v(line number: 20)] Analyzing module ipml_sdpram_v1_6_fifo_generator_0 (library work)
W: Verilog-2008: [J:/pds/bc/ip_fifo/prj/ipcore/fifo_generator_0/rtl/ipml_sdpram_v1_6_fifo_generator_0.v(line number: 309)] Ignore 'system task' $display
W: Verilog-2008: [J:/pds/bc/ip_fifo/prj/ipcore/fifo_generator_0/rtl/ipml_sdpram_v1_6_fifo_generator_0.v(line number: 310)] Ignore 'system task' $finish
W: Verilog-2008: [J:/pds/bc/ip_fifo/prj/ipcore/fifo_generator_0/rtl/ipml_sdpram_v1_6_fifo_generator_0.v(line number: 313)] Ignore 'system task' $display
W: Verilog-2008: [J:/pds/bc/ip_fifo/prj/ipcore/fifo_generator_0/rtl/ipml_sdpram_v1_6_fifo_generator_0.v(line number: 317)] Ignore 'system task' $display
W: Verilog-2008: [J:/pds/bc/ip_fifo/prj/ipcore/fifo_generator_0/rtl/ipml_sdpram_v1_6_fifo_generator_0.v(line number: 321)] Ignore 'system task' $display
W: Verilog-2008: [J:/pds/bc/ip_fifo/prj/ipcore/fifo_generator_0/rtl/ipml_sdpram_v1_6_fifo_generator_0.v(line number: 325)] Ignore 'system task' $display
W: Verilog-2008: [J:/pds/bc/ip_fifo/prj/ipcore/fifo_generator_0/rtl/ipml_sdpram_v1_6_fifo_generator_0.v(line number: 329)] Ignore 'system task' $display
W: Verilog-2008: [J:/pds/bc/ip_fifo/prj/ipcore/fifo_generator_0/rtl/ipml_sdpram_v1_6_fifo_generator_0.v(line number: 330)] Ignore 'system task' $finish
W: Verilog-2008: [J:/pds/bc/ip_fifo/prj/ipcore/fifo_generator_0/rtl/ipml_sdpram_v1_6_fifo_generator_0.v(line number: 333)] Ignore 'system task' $display
W: Verilog-2008: [J:/pds/bc/ip_fifo/prj/ipcore/fifo_generator_0/rtl/ipml_sdpram_v1_6_fifo_generator_0.v(line number: 334)] Ignore 'system task' $finish
W: Verilog-2008: [J:/pds/bc/ip_fifo/prj/ipcore/fifo_generator_0/rtl/ipml_sdpram_v1_6_fifo_generator_0.v(line number: 337)] Ignore 'system task' $display
W: Verilog-2008: [J:/pds/bc/ip_fifo/prj/ipcore/fifo_generator_0/rtl/ipml_sdpram_v1_6_fifo_generator_0.v(line number: 338)] Ignore 'system task' $finish
W: Verilog-2008: [J:/pds/bc/ip_fifo/prj/ipcore/fifo_generator_0/rtl/ipml_sdpram_v1_6_fifo_generator_0.v(line number: 341)] Ignore 'system task' $display
W: Verilog-2008: [J:/pds/bc/ip_fifo/prj/ipcore/fifo_generator_0/rtl/ipml_sdpram_v1_6_fifo_generator_0.v(line number: 342)] Ignore 'system task' $finish
W: Verilog-2008: [J:/pds/bc/ip_fifo/prj/ipcore/fifo_generator_0/rtl/ipml_sdpram_v1_6_fifo_generator_0.v(line number: 345)] Ignore 'system task' $display
W: Verilog-2008: [J:/pds/bc/ip_fifo/prj/ipcore/fifo_generator_0/rtl/ipml_sdpram_v1_6_fifo_generator_0.v(line number: 346)] Ignore 'system task' $finish
W: Verilog-2008: [J:/pds/bc/ip_fifo/prj/ipcore/fifo_generator_0/rtl/ipml_sdpram_v1_6_fifo_generator_0.v(line number: 349)] Ignore 'system task' $display
W: Verilog-2008: [J:/pds/bc/ip_fifo/prj/ipcore/fifo_generator_0/rtl/ipml_sdpram_v1_6_fifo_generator_0.v(line number: 350)] Ignore 'system task' $finish
W: Verilog-2008: [J:/pds/bc/ip_fifo/prj/ipcore/fifo_generator_0/rtl/ipml_sdpram_v1_6_fifo_generator_0.v(line number: 353)] Ignore 'system task' $display
W: Verilog-2008: [J:/pds/bc/ip_fifo/prj/ipcore/fifo_generator_0/rtl/ipml_sdpram_v1_6_fifo_generator_0.v(line number: 354)] Ignore 'system task' $finish
W: Verilog-2008: [J:/pds/bc/ip_fifo/prj/ipcore/fifo_generator_0/rtl/ipml_sdpram_v1_6_fifo_generator_0.v(line number: 357)] Ignore 'system task' $display
W: Verilog-2008: [J:/pds/bc/ip_fifo/prj/ipcore/fifo_generator_0/rtl/ipml_sdpram_v1_6_fifo_generator_0.v(line number: 358)] Ignore 'system task' $finish
W: Verilog-2008: [J:/pds/bc/ip_fifo/prj/ipcore/fifo_generator_0/rtl/ipml_sdpram_v1_6_fifo_generator_0.v(line number: 361)] Ignore 'system task' $display
W: Verilog-2008: [J:/pds/bc/ip_fifo/prj/ipcore/fifo_generator_0/rtl/ipml_sdpram_v1_6_fifo_generator_0.v(line number: 362)] Ignore 'system task' $finish
W: Verilog-2008: [J:/pds/bc/ip_fifo/prj/ipcore/fifo_generator_0/rtl/ipml_sdpram_v1_6_fifo_generator_0.v(line number: 365)] Ignore 'system task' $display
W: Verilog-2008: [J:/pds/bc/ip_fifo/prj/ipcore/fifo_generator_0/rtl/ipml_sdpram_v1_6_fifo_generator_0.v(line number: 366)] Ignore 'system task' $finish
W: Verilog-2008: [J:/pds/bc/ip_fifo/prj/ipcore/fifo_generator_0/rtl/ipml_sdpram_v1_6_fifo_generator_0.v(line number: 369)] Ignore 'system task' $display
W: Verilog-2008: [J:/pds/bc/ip_fifo/prj/ipcore/fifo_generator_0/rtl/ipml_sdpram_v1_6_fifo_generator_0.v(line number: 370)] Ignore 'system task' $finish
W: Verilog-2008: [J:/pds/bc/ip_fifo/prj/ipcore/fifo_generator_0/rtl/ipml_sdpram_v1_6_fifo_generator_0.v(line number: 374)] Ignore 'system task' $display
W: Verilog-2008: [J:/pds/bc/ip_fifo/prj/ipcore/fifo_generator_0/rtl/ipml_sdpram_v1_6_fifo_generator_0.v(line number: 375)] Ignore 'system task' $finish
W: Verilog-2008: [J:/pds/bc/ip_fifo/prj/ipcore/fifo_generator_0/rtl/ipml_sdpram_v1_6_fifo_generator_0.v(line number: 378)] Ignore 'system task' $display
W: Verilog-2008: [J:/pds/bc/ip_fifo/prj/ipcore/fifo_generator_0/rtl/ipml_sdpram_v1_6_fifo_generator_0.v(line number: 379)] Ignore 'system task' $finish
W: Verilog-2008: [J:/pds/bc/ip_fifo/prj/ipcore/fifo_generator_0/rtl/ipml_sdpram_v1_6_fifo_generator_0.v(line number: 383)] Ignore 'system task' $display
W: Verilog-2008: [J:/pds/bc/ip_fifo/prj/ipcore/fifo_generator_0/rtl/ipml_sdpram_v1_6_fifo_generator_0.v(line number: 384)] Ignore 'system task' $finish
W: Verilog-2008: [J:/pds/bc/ip_fifo/prj/ipcore/fifo_generator_0/rtl/ipml_sdpram_v1_6_fifo_generator_0.v(line number: 387)] Ignore 'system task' $display
W: Verilog-2008: [J:/pds/bc/ip_fifo/prj/ipcore/fifo_generator_0/rtl/ipml_sdpram_v1_6_fifo_generator_0.v(line number: 388)] Ignore 'system task' $finish
W: Verilog-2008: [J:/pds/bc/ip_fifo/prj/ipcore/fifo_generator_0/rtl/ipml_sdpram_v1_6_fifo_generator_0.v(line number: 391)] Ignore 'system task' $display
W: Verilog-2008: [J:/pds/bc/ip_fifo/prj/ipcore/fifo_generator_0/rtl/ipml_sdpram_v1_6_fifo_generator_0.v(line number: 392)] Ignore 'system task' $finish
W: Verilog-2008: [J:/pds/bc/ip_fifo/prj/ipcore/fifo_generator_0/rtl/ipml_sdpram_v1_6_fifo_generator_0.v(line number: 395)] Ignore 'system task' $display
W: Verilog-2008: [J:/pds/bc/ip_fifo/prj/ipcore/fifo_generator_0/rtl/ipml_sdpram_v1_6_fifo_generator_0.v(line number: 396)] Ignore 'system task' $finish
W: Verilog-2008: [J:/pds/bc/ip_fifo/prj/ipcore/fifo_generator_0/rtl/ipml_sdpram_v1_6_fifo_generator_0.v(line number: 399)] Ignore 'system task' $display
W: Verilog-2008: [J:/pds/bc/ip_fifo/prj/ipcore/fifo_generator_0/rtl/ipml_sdpram_v1_6_fifo_generator_0.v(line number: 400)] Ignore 'system task' $finish
W: Verilog-2008: [J:/pds/bc/ip_fifo/prj/ipcore/fifo_generator_0/rtl/ipml_sdpram_v1_6_fifo_generator_0.v(line number: 405)] Ignore 'system task' $display
W: Verilog-2008: [J:/pds/bc/ip_fifo/prj/ipcore/fifo_generator_0/rtl/ipml_sdpram_v1_6_fifo_generator_0.v(line number: 406)] Ignore 'system task' $finish
W: Verilog-2008: [J:/pds/bc/ip_fifo/prj/ipcore/fifo_generator_0/rtl/ipml_sdpram_v1_6_fifo_generator_0.v(line number: 409)] Ignore 'system task' $display
W: Verilog-2008: [J:/pds/bc/ip_fifo/prj/ipcore/fifo_generator_0/rtl/ipml_sdpram_v1_6_fifo_generator_0.v(line number: 410)] Ignore 'system task' $finish
W: Verilog-2008: [J:/pds/bc/ip_fifo/prj/ipcore/fifo_generator_0/rtl/ipml_sdpram_v1_6_fifo_generator_0.v(line number: 415)] Ignore 'system task' $display
W: Verilog-2008: [J:/pds/bc/ip_fifo/prj/ipcore/fifo_generator_0/rtl/ipml_sdpram_v1_6_fifo_generator_0.v(line number: 416)] Ignore 'system task' $finish
W: Verilog-2010: [J:/pds/bc/ip_fifo/prj/ipcore/fifo_generator_0/rtl/ipml_sdpram_v1_6_fifo_generator_0.v(line number: 307)] Ignore initial statements except memory $readmemh/$readmemb initialization statements
Parsing done.
Executing : .rtl_analyze -include_path {J:/pds/bc/ip_fifo/prj} J:/pds/bc/ip_fifo/prj/ipcore/fifo_generator_0/rtl/ipml_sdpram_v1_6_fifo_generator_0.v successfully.
Executing : .rtl_analyze -include_path {J:/pds/bc/ip_fifo/prj} J:/pds/bc/ip_fifo/prj/ipcore/fifo_generator_0/rtl/ipml_fifo_v1_6_fifo_generator_0.v
I: Verilog-0001: Analyzing file J:/pds/bc/ip_fifo/prj/ipcore/fifo_generator_0/rtl/ipml_fifo_v1_6_fifo_generator_0.v
I: Verilog-0002: [J:/pds/bc/ip_fifo/prj/ipcore/fifo_generator_0/rtl/ipml_fifo_v1_6_fifo_generator_0.v(line number: 25)] Analyzing module ipml_fifo_v1_6_fifo_generator_0 (library work)
Parsing done.
Executing : .rtl_analyze -include_path {J:/pds/bc/ip_fifo/prj} J:/pds/bc/ip_fifo/prj/ipcore/fifo_generator_0/rtl/ipml_fifo_v1_6_fifo_generator_0.v successfully.
Executing : .rtl_analyze -include_path {J:/pds/bc/ip_fifo/prj} J:/pds/bc/ip_fifo/prj/ipcore/fifo_generator_0/fifo_generator_0.v
I: Verilog-0001: Analyzing file J:/pds/bc/ip_fifo/prj/ipcore/fifo_generator_0/fifo_generator_0.v
I: Verilog-0002: [J:/pds/bc/ip_fifo/prj/ipcore/fifo_generator_0/fifo_generator_0.v(line number: 18)] Analyzing module fifo_generator_0 (library work)
Parsing done.
Executing : .rtl_analyze -include_path {J:/pds/bc/ip_fifo/prj} J:/pds/bc/ip_fifo/prj/ipcore/fifo_generator_0/fifo_generator_0.v successfully.
I: Module "ip_fifo" is set as top module.
Executing : rtl-analyze successfully. Time elapsed: 0.850s wall, 0.016s user + 0.000s system = 0.016s CPU (1.8%)

Start rtl-elaborate.
I: Verilog-0003: [J:/pds/bc/ip_fifo/rtl/ip_fifo.v(line number: 23)] Elaborating module ip_fifo
I: Verilog-0004: [J:/pds/bc/ip_fifo/rtl/ip_fifo.v(line number: 111)] Elaborating instance u_fifo_generator_0
I: Verilog-0003: [J:/pds/bc/ip_fifo/prj/ipcore/fifo_generator_0/fifo_generator_0.v(line number: 18)] Elaborating module fifo_generator_0
I: Verilog-0004: [J:/pds/bc/ip_fifo/prj/ipcore/fifo_generator_0/fifo_generator_0.v(line number: 164)] Elaborating instance U_ipml_fifo_fifo_generator_0
I: Verilog-0003: [J:/pds/bc/ip_fifo/prj/ipcore/fifo_generator_0/rtl/ipml_fifo_v1_6_fifo_generator_0.v(line number: 25)] Elaborating module ipml_fifo_v1_6_fifo_generator_0
I: Module instance {ip_fifo.u_fifo_generator_0.U_ipml_fifo_fifo_generator_0} parameter value:
    c_SIM_DEVICE = PGL22G
    c_WR_DEPTH_WIDTH = 32'b00000000000000000000000000001000
    c_WR_DATA_WIDTH = 32'b00000000000000000000000000001000
    c_RD_DEPTH_WIDTH = 32'b00000000000000000000000000001000
    c_RD_DATA_WIDTH = 32'b00000000000000000000000000001000
    c_OUTPUT_REG = 32'b00000000000000000000000000000000
    c_RD_OCE_EN = 32'b00000000000000000000000000000000
    c_RESET_TYPE = ASYNC_RESET
    c_POWER_OPT = 32'b00000000000000000000000000000000
    c_RD_CLK_OR_POL_INV = 32'b00000000000000000000000000000000
    c_WR_BYTE_EN = 32'b00000000000000000000000000000000
    c_BE_WIDTH = 32'b00000000000000000000000000000001
    c_FIFO_TYPE = ASYN
    c_ALMOST_FULL_NUM = 32'b00000000000000000000000011111100
    c_ALMOST_EMPTY_NUM = 32'b00000000000000000000000000000100
I: Verilog-0004: [J:/pds/bc/ip_fifo/prj/ipcore/fifo_generator_0/rtl/ipml_fifo_v1_6_fifo_generator_0.v(line number: 93)] Elaborating instance U_ipml_sdpram
I: Verilog-0003: [J:/pds/bc/ip_fifo/prj/ipcore/fifo_generator_0/rtl/ipml_sdpram_v1_6_fifo_generator_0.v(line number: 20)] Elaborating module ipml_sdpram_v1_6_fifo_generator_0
I: Module instance {ip_fifo.u_fifo_generator_0.U_ipml_fifo_fifo_generator_0.U_ipml_sdpram} parameter value:
    c_SIM_DEVICE = PGL22G
    c_WR_ADDR_WIDTH = 32'b00000000000000000000000000001000
    c_WR_DATA_WIDTH = 32'b00000000000000000000000000001000
    c_RD_ADDR_WIDTH = 32'b00000000000000000000000000001000
    c_RD_DATA_WIDTH = 32'b00000000000000000000000000001000
    c_OUTPUT_REG = 32'b00000000000000000000000000000000
    c_RD_OCE_EN = 32'b00000000000000000000000000000000
    c_WR_ADDR_STROBE_EN = 32'b00000000000000000000000000000000
    c_RD_ADDR_STROBE_EN = 32'b00000000000000000000000000000000
    c_WR_CLK_EN = 32'b00000000000000000000000000000001
    c_RD_CLK_EN = 32'b00000000000000000000000000000001
    c_RD_CLK_OR_POL_INV = 32'b00000000000000000000000000000000
    c_RESET_TYPE = ASYNC_RESET
    c_POWER_OPT = 32'b00000000000000000000000000000000
    c_INIT_FILE = NONE
    c_INIT_FORMAT = BIN
    c_WR_BYTE_EN = 32'b00000000000000000000000000000000
    c_BE_WIDTH = 32'b00000000000000000000000000000001
W: Verilog-2039: [J:/pds/bc/ip_fifo/prj/ipcore/fifo_generator_0/rtl/ipml_sdpram_v1_6_fifo_generator_0.v(line number: 476)] Repeat multiplier in concatenation evaluates to 0
W: Verilog-2038: [J:/pds/bc/ip_fifo/prj/ipcore/fifo_generator_0/rtl/ipml_sdpram_v1_6_fifo_generator_0.v(line number: 486)] Case condition never applies
W: Verilog-2038: [J:/pds/bc/ip_fifo/prj/ipcore/fifo_generator_0/rtl/ipml_sdpram_v1_6_fifo_generator_0.v(line number: 487)] Case condition never applies
W: Verilog-2038: [J:/pds/bc/ip_fifo/prj/ipcore/fifo_generator_0/rtl/ipml_sdpram_v1_6_fifo_generator_0.v(line number: 488)] Case condition never applies
W: Verilog-2038: [J:/pds/bc/ip_fifo/prj/ipcore/fifo_generator_0/rtl/ipml_sdpram_v1_6_fifo_generator_0.v(line number: 489)] Case condition never applies
W: Verilog-2038: [J:/pds/bc/ip_fifo/prj/ipcore/fifo_generator_0/rtl/ipml_sdpram_v1_6_fifo_generator_0.v(line number: 489)] Case condition never applies
W: Verilog-2038: [J:/pds/bc/ip_fifo/prj/ipcore/fifo_generator_0/rtl/ipml_sdpram_v1_6_fifo_generator_0.v(line number: 490)] Case condition never applies
W: Verilog-2038: [J:/pds/bc/ip_fifo/prj/ipcore/fifo_generator_0/rtl/ipml_sdpram_v1_6_fifo_generator_0.v(line number: 490)] Case condition never applies
W: Verilog-2039: [J:/pds/bc/ip_fifo/prj/ipcore/fifo_generator_0/rtl/ipml_sdpram_v1_6_fifo_generator_0.v(line number: 622)] Repeat multiplier in concatenation evaluates to 0
W: Verilog-2038: [J:/pds/bc/ip_fifo/prj/ipcore/fifo_generator_0/rtl/ipml_sdpram_v1_6_fifo_generator_0.v(line number: 682)] Case condition never applies
W: Verilog-2038: [J:/pds/bc/ip_fifo/prj/ipcore/fifo_generator_0/rtl/ipml_sdpram_v1_6_fifo_generator_0.v(line number: 683)] Case condition never applies
W: Verilog-2038: [J:/pds/bc/ip_fifo/prj/ipcore/fifo_generator_0/rtl/ipml_sdpram_v1_6_fifo_generator_0.v(line number: 684)] Case condition never applies
W: Verilog-2038: [J:/pds/bc/ip_fifo/prj/ipcore/fifo_generator_0/rtl/ipml_sdpram_v1_6_fifo_generator_0.v(line number: 685)] Case condition never applies
W: Verilog-2038: [J:/pds/bc/ip_fifo/prj/ipcore/fifo_generator_0/rtl/ipml_sdpram_v1_6_fifo_generator_0.v(line number: 685)] Case condition never applies
W: Verilog-2038: [J:/pds/bc/ip_fifo/prj/ipcore/fifo_generator_0/rtl/ipml_sdpram_v1_6_fifo_generator_0.v(line number: 686)] Case condition never applies
W: Verilog-2038: [J:/pds/bc/ip_fifo/prj/ipcore/fifo_generator_0/rtl/ipml_sdpram_v1_6_fifo_generator_0.v(line number: 686)] Case condition never applies
I: Verilog-0004: [J:/pds/bc/ip_fifo/prj/ipcore/fifo_generator_0/rtl/ipml_sdpram_v1_6_fifo_generator_0.v(line number: 852)] Elaborating instance U_GTP_DRM9K
W: Verilog-2020: [J:/pds/bc/ip_fifo/prj/ipcore/fifo_generator_0/rtl/ipml_sdpram_v1_6_fifo_generator_0.v(line number: 773)] Net DA_bus[8] in ipml_sdpram_v1_6_fifo_generator_0(original module ipml_sdpram_v1_6_fifo_generator_0) does not have a driver, tie it to 0
W: Verilog-2020: [J:/pds/bc/ip_fifo/prj/ipcore/fifo_generator_0/rtl/ipml_sdpram_v1_6_fifo_generator_0.v(line number: 773)] Net DA_bus[17] in ipml_sdpram_v1_6_fifo_generator_0(original module ipml_sdpram_v1_6_fifo_generator_0) does not have a driver, tie it to 0
W: Verilog-2020: [J:/pds/bc/ip_fifo/prj/ipcore/fifo_generator_0/rtl/ipml_sdpram_v1_6_fifo_generator_0.v(line number: 774)] Net DB_bus[8] in ipml_sdpram_v1_6_fifo_generator_0(original module ipml_sdpram_v1_6_fifo_generator_0) does not have a driver, tie it to 0
W: Verilog-2020: [J:/pds/bc/ip_fifo/prj/ipcore/fifo_generator_0/rtl/ipml_sdpram_v1_6_fifo_generator_0.v(line number: 774)] Net DB_bus[17] in ipml_sdpram_v1_6_fifo_generator_0(original module ipml_sdpram_v1_6_fifo_generator_0) does not have a driver, tie it to 0
I: Verilog-0004: [J:/pds/bc/ip_fifo/prj/ipcore/fifo_generator_0/rtl/ipml_fifo_v1_6_fifo_generator_0.v(line number: 121)] Elaborating instance U_ipml_fifo_ctrl
I: Verilog-0003: [J:/pds/bc/ip_fifo/prj/ipcore/fifo_generator_0/rtl/ipml_fifo_ctrl_v1_3.v(line number: 21)] Elaborating module ipml_fifo_ctrl_v1_3
I: Module instance {ip_fifo.u_fifo_generator_0.U_ipml_fifo_fifo_generator_0.U_ipml_fifo_ctrl} parameter value:
    c_WR_DEPTH_WIDTH = 32'b00000000000000000000000000001000
    c_RD_DEPTH_WIDTH = 32'b00000000000000000000000000001000
    c_FIFO_TYPE = ASYN
    c_ALMOST_FULL_NUM = 32'b00000000000000000000000011111100
    c_ALMOST_EMPTY_NUM = 32'b00000000000000000000000000000100
W: Verilog-2039: [J:/pds/bc/ip_fifo/prj/ipcore/fifo_generator_0/rtl/ipml_fifo_ctrl_v1_3.v(line number: 196)] Repeat multiplier in concatenation evaluates to 0
W: Verilog-2019: [J:/pds/bc/ip_fifo/rtl/ip_fifo.v(line number: 117)] Width mismatch between port wr_water_level and signal bound to it for instantiated module fifo_generator_0
E: Verilog-4133: [J:/pds/bc/ip_fifo/rtl/ip_fifo.v(line number: 111)] Connection almost_full_syn for output of module instantiation is not wire
Program Error Out.
Action compile: Real time elapsed is 3.000 sec
Action compile: CPU time elapsed is 1.326 sec
Action compile: Process CPU time elapsed is 1.326 sec
Current time: Mon Jul  4 17:23:20 2022
Action compile: Peak memory pool usage is 102,825,984 bytes
