-------------------------------------------------------------------------------------------------------------------------------------------------------------------------------------------
Notes: 
  Total_num: the numbers of add/sub in rtl
  Module Name: the module name of the instantiated module calling directly the add/sub sub module
  Location/Inst Name: if linefile info exists(no optimization), print the codes location of add/sub in rtl, else print the inst name
  Count: the amount of lutcarry for add/sub
  Number: the numbers of add/sub with the same lutcarry counts and linefile

Detailed RTL Component Info :
-----Add :
               Total_Num :3
-----Sub :
               Total_Num :2
-----AddSub :
               Total_Num :0

Add_Sub_AddSub: Initial Mapping Report :
|------------------------------|---------|---------|---------|-----------------------------------------------------------------------------------------------|
|Module Name                   |Type     |Count    |Number   |Location/Inst Name                                                                             |
|------------------------------|---------|---------|---------|-----------------------------------------------------------------------------------------------|
|U_ipml_fifo_ctrl              |Add      |10       |1        |../ipcore/fifo_generator_0/rtl/ipml_fifo_ctrl_v1_3.v:148                                       |
|------------------------------|---------|---------|---------|-----------------------------------------------------------------------------------------------|
|U_ipml_fifo_ctrl              |Add      |10       |1        |../ipcore/fifo_generator_0/rtl/ipml_fifo_ctrl_v1_3.v:96                                        |
|------------------------------|---------|---------|---------|-----------------------------------------------------------------------------------------------|
|U_ipml_fifo_ctrl              |Sub      |10       |1        |u_fifo_generator_0/U_ipml_fifo_fifo_generator_0/U_ipml_fifo_ctrl/N262_5                        |
|------------------------------|---------|---------|---------|-----------------------------------------------------------------------------------------------|
|U_ipml_fifo_ctrl              |Sub      |10       |1        |u_fifo_generator_0/U_ipml_fifo_fifo_generator_0/U_ipml_fifo_ctrl/N298_5                        |
|------------------------------|---------|---------|---------|-----------------------------------------------------------------------------------------------|
|u_fifo_wr                     |Add      |8        |1        |../../rtl/fifo_wr.v:77                                                                         |
|------------------------------|---------|---------|---------|-----------------------------------------------------------------------------------------------|

-------------------------------------------------------------------------------------------------------------------------------------------------------------------------------------------

