#Build: Fabric Compiler 2021.4-SP1.2, Build 96435, May 30 04:40 2022
#Install: J:\PDS_2021.4\pango\PDS_2021.4-SP1.2\bin
#Application name: pds_shell.exe
#OS: Windows 7sp1 6.1.7601
#Hostname: USER-20180123QP
Generated by Fabric Compiler (version 2021.4-SP1.2 build 96435) at Tue Jul  5 17:01:30 2022
License checkout: fabric_ads
Compiling verification operator library.
Compiling common defs.
Loading technology operator library.
Compiling technology operator library.
Compiling technology operator (valence) library.
Reading design from compile DB
Reading design from compile DB successfully.
Constraint check start.
Compiling prim grid devices.
Building architecture model.
Loading device packaging model.
Building architecture floorplan logic view.
Executing : get_ports sys_clk
Executing : get_ports sys_clk successfully.
Executing : create_clock -name clk [get_ports sys_clk] -period 20 -waveform {0.000 10.000}
Executing : create_clock -name clk [get_ports sys_clk] -period 20 -waveform {0.000 10.000} successfully.
Constraint check end.
Start pre-mapping.
I: Encoding type of FSM 'state_fsm[1:0]' is: onehot.
I: Encoding table of FSM 'state_fsm[1:0]':
I: from  u_fifo_rd/state[1] u_fifo_rd/state[0]
I: to  u_fifo_rd/state_2 u_fifo_rd/state_1 u_fifo_rd/state_0
I: 00 => 001
I: 01 => 010
I: 10 => 100
I: Encoding type of FSM 'state_fsm[1:0]' is: onehot.
I: Encoding table of FSM 'state_fsm[1:0]':
I: from  u_fifo_wr/state[1] u_fifo_wr/state[0]
I: to  u_fifo_wr/state_2 u_fifo_wr/state_1 u_fifo_wr/state_0
I: 00 => 001
I: 01 => 010
I: 10 => 100
I: Constant propagation done on u_fifo_generator_0/U_ipml_fifo_fifo_generator_0/U_ipml_fifo_ctrl/N3_1 (bmsWIDEMUX).
I: Constant propagation done on u_fifo_generator_0/U_ipml_fifo_fifo_generator_0/U_ipml_fifo_ctrl/N70_1 (bmsWIDEMUX).
I: Adm-6003: Trying to disconnect un-connected pin 'Z[0]' of instance 'N3_1'.
I: Constant propagation done on u_fifo_generator_0/U_ipml_fifo_fifo_generator_0/U_ipml_fifo_ctrl/N3_1 (bmsWIDEMUX).
I: Adm-6003: Trying to disconnect un-connected pin 'Z[0]' of instance 'N70_1'.
I: Constant propagation done on u_fifo_generator_0/U_ipml_fifo_fifo_generator_0/U_ipml_fifo_ctrl/N70_1 (bmsWIDEMUX).
Executing : pre-mapping successfully. Time elapsed: 0.034s wall, 0.031s user + 0.000s system = 0.031s CPU (93.1%)

Start mod-gen.
I: Constant propagation done on out_xor (bmsREDXOR).
I: Constant propagation done on out_xor_1 (bmsREDXOR).
I: Constant propagation done on out_xor_2 (bmsREDXOR).
I: Constant propagation done on out_xor_3 (bmsREDXOR).
I: Constant propagation done on out_xor (bmsREDXOR).
I: Constant propagation done on out_xor_1 (bmsREDXOR).
I: Adm-6003: Trying to disconnect un-connected pin 'Z[0]' of instance 'u_fifo_generator_0/U_ipml_fifo_fifo_generator_0/U_ipml_fifo_ctrl/N144_mux2'.
I: Adm-6003: Trying to disconnect un-connected pin 'Z[0]' of instance 'u_fifo_generator_0/U_ipml_fifo_fifo_generator_0/U_ipml_fifo_ctrl/N144_mux4'.
I: Adm-6003: Trying to disconnect un-connected pin 'Z[0]' of instance 'u_fifo_generator_0/U_ipml_fifo_fifo_generator_0/U_ipml_fifo_ctrl/N144_mux6'.
I: Adm-6003: Trying to disconnect un-connected pin 'Z[0]' of instance 'u_fifo_generator_0/U_ipml_fifo_fifo_generator_0/U_ipml_fifo_ctrl/N196_mux2'.
I: Adm-6003: Trying to disconnect un-connected pin 'Z[0]' of instance 'u_fifo_generator_0/U_ipml_fifo_fifo_generator_0/U_ipml_fifo_ctrl/N196_mux4'.
I: Adm-6003: Trying to disconnect un-connected pin 'Z[0]' of instance 'u_fifo_generator_0/U_ipml_fifo_fifo_generator_0/U_ipml_fifo_ctrl/N196_mux6'.
I: Adm-6003: Trying to disconnect un-connected pin 'Z[0]' of instance 'u_fifo_generator_0/U_ipml_fifo_fifo_generator_0/U_ipml_fifo_ctrl/N196_mux8'.
I: Adm-6003: Trying to disconnect un-connected pin 'Z[0]' of instance 'u_fifo_generator_0/U_ipml_fifo_fifo_generator_0/U_ipml_fifo_ctrl/N144_mux1'.
I: Adm-6003: Trying to disconnect un-connected pin 'Z[0]' of instance 'u_fifo_generator_0/U_ipml_fifo_fifo_generator_0/U_ipml_fifo_ctrl/N144_mux3'.
I: Adm-6003: Trying to disconnect un-connected pin 'Z[0]' of instance 'u_fifo_generator_0/U_ipml_fifo_fifo_generator_0/U_ipml_fifo_ctrl/N144_mux5'.
I: Adm-6003: Trying to disconnect un-connected pin 'Z[0]' of instance 'u_fifo_generator_0/U_ipml_fifo_fifo_generator_0/U_ipml_fifo_ctrl/N196_mux1'.
I: Adm-6003: Trying to disconnect un-connected pin 'Z[0]' of instance 'u_fifo_generator_0/U_ipml_fifo_fifo_generator_0/U_ipml_fifo_ctrl/N196_mux3'.
I: Adm-6003: Trying to disconnect un-connected pin 'Z[0]' of instance 'u_fifo_generator_0/U_ipml_fifo_fifo_generator_0/U_ipml_fifo_ctrl/N196_mux5'.
I: Adm-6003: Trying to disconnect un-connected pin 'Z[0]' of instance 'u_fifo_generator_0/U_ipml_fifo_fifo_generator_0/U_ipml_fifo_ctrl/N196_mux7'.
Executing : mod-gen successfully. Time elapsed: 0.049s wall, 0.047s user + 0.000s system = 0.047s CPU (95.9%)

Start logic-optimization.
I: Adm-6003: Trying to disconnect un-connected pin 'Z[0]' of instance 'u_fifo_generator_0/U_ipml_fifo_fifo_generator_0/U_ipml_fifo_ctrl/N290_4'.
I: Adm-6003: Trying to disconnect un-connected pin 'Z[0]' of instance 'u_fifo_generator_0/U_ipml_fifo_fifo_generator_0/U_ipml_fifo_ctrl/N262_4'.
I: Adm-6003: Trying to disconnect un-connected pin 'Z[0]' of instance 'u_fifo_rd/N16[0]'.
I: Adm-6003: Trying to disconnect un-connected pin 'Z[0]' of instance 'u_fifo_rd/N16[1]'.
I: Adm-6003: Trying to disconnect un-connected pin 'Z[0]' of instance 'u_fifo_rd/N16[2]'.
I: Adm-6003: Trying to disconnect un-connected pin 'Z[0]' of instance 'u_fifo_wr/N17[0]'.
I: Adm-6003: Trying to disconnect un-connected pin 'Z[0]' of instance 'u_fifo_wr/N17[1]'.
I: Adm-6003: Trying to disconnect un-connected pin 'Z[0]' of instance 'u_fifo_wr/N17[2]'.
I: Adm-6003: Trying to disconnect un-connected pin 'Z[0]' of instance 'u_fifo_wr/N26[0]'.
I: Adm-6003: Trying to disconnect un-connected pin 'Z[0]' of instance 'u_fifo_wr/N26[1]'.
I: Adm-6003: Trying to disconnect un-connected pin 'Z[0]' of instance 'u_fifo_wr/N26[2]'.
I: Adm-6003: Trying to disconnect un-connected pin 'Z[0]' of instance 'u_fifo_wr/N26[3]'.
I: Adm-6003: Trying to disconnect un-connected pin 'Z[0]' of instance 'u_fifo_wr/N26[4]'.
I: Adm-6003: Trying to disconnect un-connected pin 'Z[0]' of instance 'u_fifo_wr/N26[5]'.
I: Adm-6003: Trying to disconnect un-connected pin 'Z[0]' of instance 'u_fifo_wr/N26[6]'.
I: Adm-6003: Trying to disconnect un-connected pin 'Z[0]' of instance 'u_fifo_wr/N26[7]'.
Executing : logic-optimization successfully. Time elapsed: 0.078s wall, 0.062s user + 0.016s system = 0.078s CPU (100.6%)

Start tech-mapping phase 1.
I: Removed GTP_DFF_C inst u_fifo_generator_0/U_ipml_fifo_fifo_generator_0/U_ipml_fifo_ctrl/ASYN_CTRL.rptr[8] that is redundant to u_fifo_generator_0/U_ipml_fifo_fifo_generator_0/U_ipml_fifo_ctrl/ASYN_CTRL.rbin[8]
I: Removed GTP_DFF_C inst u_fifo_generator_0/U_ipml_fifo_fifo_generator_0/U_ipml_fifo_ctrl/ASYN_CTRL.wptr[8] that is redundant to u_fifo_generator_0/U_ipml_fifo_fifo_generator_0/U_ipml_fifo_ctrl/ASYN_CTRL.wbin[8]
Executing : tech-mapping phase 1 successfully. Time elapsed: 0.019s wall, 0.031s user + 0.000s system = 0.031s CPU (162.7%)

Start tech-mapping phase 2.
Executing : tech-mapping phase 2 successfully. Time elapsed: 0.226s wall, 0.172s user + 0.047s system = 0.218s CPU (96.7%)

Start tech-optimization.
Executing : tech-optimization successfully. Time elapsed: 0.061s wall, 0.062s user + 0.000s system = 0.062s CPU (101.7%)

Start phys-optimization.
Executing : phys-optimization successfully. Time elapsed: 0.000s wall, 0.000s user + 0.000s system = 0.000s CPU (n/a%)

Start restore-hierarchy.
Executing : restore-hierarchy successfully. Time elapsed: 0.019s wall, 0.016s user + 0.000s system = 0.016s CPU (83.9%)

W: Unable to honor max fanout constraint for gtp_inv driven net N0
W: Unable to honor max fanout constraint for gtp_inv driven net N0

Cell Usage:
GTP_DFF_C                    89 uses
GTP_DFF_P                     1 use
GTP_DFF_R                    10 uses
GTP_DFF_RE                   20 uses
GTP_DFF_SE                    2 uses
GTP_DRM9K                     1 use
GTP_GRS                       1 use
GTP_INV                       1 use
GTP_LUT2                     25 uses
GTP_LUT3                     10 uses
GTP_LUT4                     16 uses
GTP_LUT5                      7 uses
GTP_LUT5CARRY                54 uses

I/O ports: 2
GTP_INBUF                   2 uses

Mapping Summary:
Total LUTs: 112 of 17536 (0.64%)
	LUTs as dram: 0 of 4440 (0.00%)
	LUTs as logic: 112
Total Registers: 122 of 26304 (0.46%)
Total Latches: 0

DRM18K:
Total DRM18K = 0.5 of 48 (1.04%)

APMs:
Total APMs = 0.00 of 30 (0.00%)

Total I/O ports = 2 of 240 (0.83%)


Number of unique control sets : 7
  CLK(nt_sys_clk), CP(~nt_sys_rst_n)               : 90
      CLK(nt_sys_clk), C(~nt_sys_rst_n)            : 89
      CLK(nt_sys_clk), P(~nt_sys_rst_n)            : 1
  CLK(nt_sys_clk), R(~nt_sys_rst_n)                : 10
  CLK(nt_sys_clk), RS(~nt_sys_rst_n), CE(u_fifo_rd.N55)        : 3
      CLK(nt_sys_clk), R(~nt_sys_rst_n), CE(u_fifo_rd.N55)     : 2
      CLK(nt_sys_clk), S(~nt_sys_rst_n), CE(u_fifo_rd.N55)     : 1
  CLK(nt_sys_clk), RS(~nt_sys_rst_n), CE(u_fifo_wr.N70)        : 3
      CLK(nt_sys_clk), R(~nt_sys_rst_n), CE(u_fifo_wr.N70)     : 2
      CLK(nt_sys_clk), S(~nt_sys_rst_n), CE(u_fifo_wr.N70)     : 1
  CLK(nt_sys_clk), R(~nt_sys_rst_n), CE(u_fifo_rd.state_1)     : 4
  CLK(nt_sys_clk), R(~nt_sys_rst_n), CE(u_fifo_wr.state_1)     : 4
  CLK(nt_sys_clk), R(~nt_sys_rst_n), CE(u_fifo_wr.state_2)     : 8


Number of DFF:CE Signals : 5
  u_fifo_rd.N55(from GTP_LUT4:Z)                   : 3
  u_fifo_wr.N70(from GTP_LUT4:Z)                   : 3
  u_fifo_rd.state_1(from GTP_DFF_RE:Q)             : 4
  u_fifo_wr.state_1(from GTP_DFF_RE:Q)             : 4
  u_fifo_wr.state_2(from GTP_DFF_RE:Q)             : 8

Number of DFF:CLK Signals : 1
  nt_sys_clk(from GTP_INBUF:O)                     : 122

Number of DFF:CP Signals : 1
  ~nt_sys_rst_n(from GTP_INV:Z)                    : 90

Number of DFF:RS Signals : 1
  ~nt_sys_rst_n(from GTP_INV:Z)                    : 32

Design 'ip_fifo' has been successfully synthesized to architecture-specific objects.
Saving design to DB.
Saving design to ip_fifo_syn.vm
W: Public-4008: Instance 'almost_empty_d0' of 'GTP_DFF_R' unit is dangling and will be cleaned.
W: Public-4008: Instance 'almost_empty_d1' of 'GTP_DFF_R' unit is dangling and will be cleaned.
W: Public-4008: Instance 'almost_empty_syn' of 'GTP_DFF_R' unit is dangling and will be cleaned.
W: Public-4008: Instance 'almost_full_d0' of 'GTP_DFF_R' unit is dangling and will be cleaned.
W: Public-4008: Instance 'almost_full_d1' of 'GTP_DFF_R' unit is dangling and will be cleaned.
W: Public-4008: Instance 'almost_full_syn' of 'GTP_DFF_R' unit is dangling and will be cleaned.
W: Public-4008: Instance 'u_fifo_generator_0/U_ipml_fifo_fifo_generator_0/U_ipml_fifo_ctrl/ASYN_CTRL.asyn_rempty' of 'GTP_DFF_P' unit is dangling and will be cleaned.
W: Public-4008: Instance 'u_fifo_rd/almost_full_d0' of 'GTP_DFF_R' unit is dangling and will be cleaned.
W: Public-4008: Instance 'u_fifo_rd/almost_full_syn' of 'GTP_DFF_R' unit is dangling and will be cleaned.
W: Public-4008: Instance 'u_fifo_rd/dly_cnt[0]' of 'GTP_DFF_RE' unit is dangling and will be cleaned.
W: Public-4008: Instance 'u_fifo_rd/dly_cnt[1]' of 'GTP_DFF_RE' unit is dangling and will be cleaned.
W: Public-4008: Instance 'u_fifo_rd/dly_cnt[2]' of 'GTP_DFF_RE' unit is dangling and will be cleaned.
W: Public-4008: Instance 'u_fifo_rd/dly_cnt[3]' of 'GTP_DFF_RE' unit is dangling and will be cleaned.
W: Public-4008: Instance 'u_fifo_rd/fifo_rd_en' of 'GTP_DFF_R' unit is dangling and will be cleaned.
W: Public-4008: Instance 'u_fifo_rd/state_0' of 'GTP_DFF_SE' unit is dangling and will be cleaned.
W: Public-4008: Instance 'u_fifo_rd/state_1' of 'GTP_DFF_RE' unit is dangling and will be cleaned.
W: Public-4008: Instance 'u_fifo_rd/state_2' of 'GTP_DFF_RE' unit is dangling and will be cleaned.
W: Public-4008: Instance 'u_fifo_wr/dly_cnt[0]' of 'GTP_DFF_RE' unit is dangling and will be cleaned.
W: Public-4008: Instance 'u_fifo_wr/dly_cnt[1]' of 'GTP_DFF_RE' unit is dangling and will be cleaned.
W: Public-4008: Instance 'u_fifo_wr/dly_cnt[2]' of 'GTP_DFF_RE' unit is dangling and will be cleaned.
W: Public-4008: Instance 'u_fifo_wr/dly_cnt[3]' of 'GTP_DFF_RE' unit is dangling and will be cleaned.
W: Public-4008: Instance 'u_fifo_wr/fifo_wr_data[0]' of 'GTP_DFF_RE' unit is dangling and will be cleaned.
W: Public-4008: Instance 'u_fifo_wr/fifo_wr_data[1]' of 'GTP_DFF_RE' unit is dangling and will be cleaned.
W: Public-4008: Instance 'u_fifo_wr/fifo_wr_data[2]' of 'GTP_DFF_RE' unit is dangling and will be cleaned.
W: Public-4008: Instance 'u_fifo_wr/fifo_wr_data[3]' of 'GTP_DFF_RE' unit is dangling and will be cleaned.
W: Public-4008: Instance 'u_fifo_wr/fifo_wr_data[4]' of 'GTP_DFF_RE' unit is dangling and will be cleaned.
W: Public-4008: Instance 'u_fifo_wr/fifo_wr_data[5]' of 'GTP_DFF_RE' unit is dangling and will be cleaned.
W: Public-4008: Instance 'u_fifo_wr/fifo_wr_data[6]' of 'GTP_DFF_RE' unit is dangling and will be cleaned.
W: Public-4008: Instance 'u_fifo_wr/fifo_wr_data[7]' of 'GTP_DFF_RE' unit is dangling and will be cleaned.
W: Public-4008: Instance 'u_fifo_wr/fifo_wr_en' of 'GTP_DFF_R' unit is dangling and will be cleaned.
W: Public-4008: Instance 'u_fifo_wr/state_0' of 'GTP_DFF_SE' unit is dangling and will be cleaned.
W: Public-4008: Instance 'u_fifo_wr/state_1' of 'GTP_DFF_RE' unit is dangling and will be cleaned.
W: Public-4008: Instance 'u_fifo_wr/state_2' of 'GTP_DFF_RE' unit is dangling and will be cleaned.
W: Public-4008: Instance 'u_fifo_generator_0/U_ipml_fifo_fifo_generator_0/U_ipml_fifo_ctrl/ASYN_CTRL.asyn_wfull' of 'GTP_DFF_C' unit is dangling and will be cleaned.
W: Public-4008: Instance 'u_fifo_generator_0/U_ipml_fifo_fifo_generator_0/U_ipml_fifo_ctrl/ASYN_CTRL.rbin[0]' of 'GTP_DFF_C' unit is dangling and will be cleaned.
W: Public-4008: Instance 'u_fifo_generator_0/U_ipml_fifo_fifo_generator_0/U_ipml_fifo_ctrl/ASYN_CTRL.rbin[1]' of 'GTP_DFF_C' unit is dangling and will be cleaned.
W: Public-4008: Instance 'u_fifo_generator_0/U_ipml_fifo_fifo_generator_0/U_ipml_fifo_ctrl/ASYN_CTRL.rbin[2]' of 'GTP_DFF_C' unit is dangling and will be cleaned.
W: Public-4008: Instance 'u_fifo_generator_0/U_ipml_fifo_fifo_generator_0/U_ipml_fifo_ctrl/ASYN_CTRL.rbin[3]' of 'GTP_DFF_C' unit is dangling and will be cleaned.
W: Public-4008: Instance 'u_fifo_generator_0/U_ipml_fifo_fifo_generator_0/U_ipml_fifo_ctrl/ASYN_CTRL.rbin[4]' of 'GTP_DFF_C' unit is dangling and will be cleaned.
W: Public-4008: Instance 'u_fifo_generator_0/U_ipml_fifo_fifo_generator_0/U_ipml_fifo_ctrl/ASYN_CTRL.rbin[5]' of 'GTP_DFF_C' unit is dangling and will be cleaned.
W: Public-4008: Instance 'u_fifo_generator_0/U_ipml_fifo_fifo_generator_0/U_ipml_fifo_ctrl/ASYN_CTRL.rbin[6]' of 'GTP_DFF_C' unit is dangling and will be cleaned.
W: Public-4008: Instance 'u_fifo_generator_0/U_ipml_fifo_fifo_generator_0/U_ipml_fifo_ctrl/ASYN_CTRL.rbin[7]' of 'GTP_DFF_C' unit is dangling and will be cleaned.
W: Public-4008: Instance 'u_fifo_generator_0/U_ipml_fifo_fifo_generator_0/U_ipml_fifo_ctrl/ASYN_CTRL.rbin[8]' of 'GTP_DFF_C' unit is dangling and will be cleaned.
W: Public-4008: Instance 'u_fifo_generator_0/U_ipml_fifo_fifo_generator_0/U_ipml_fifo_ctrl/ASYN_CTRL.rptr[0]' of 'GTP_DFF_C' unit is dangling and will be cleaned.
W: Public-4008: Instance 'u_fifo_generator_0/U_ipml_fifo_fifo_generator_0/U_ipml_fifo_ctrl/ASYN_CTRL.rptr[1]' of 'GTP_DFF_C' unit is dangling and will be cleaned.
W: Public-4008: Instance 'u_fifo_generator_0/U_ipml_fifo_fifo_generator_0/U_ipml_fifo_ctrl/ASYN_CTRL.rptr[2]' of 'GTP_DFF_C' unit is dangling and will be cleaned.
W: Public-4008: Instance 'u_fifo_generator_0/U_ipml_fifo_fifo_generator_0/U_ipml_fifo_ctrl/ASYN_CTRL.rptr[3]' of 'GTP_DFF_C' unit is dangling and will be cleaned.
W: Public-4008: Instance 'u_fifo_generator_0/U_ipml_fifo_fifo_generator_0/U_ipml_fifo_ctrl/ASYN_CTRL.rptr[4]' of 'GTP_DFF_C' unit is dangling and will be cleaned.
W: Public-4008: Instance 'u_fifo_generator_0/U_ipml_fifo_fifo_generator_0/U_ipml_fifo_ctrl/ASYN_CTRL.rptr[5]' of 'GTP_DFF_C' unit is dangling and will be cleaned.
W: Public-4008: Instance 'u_fifo_generator_0/U_ipml_fifo_fifo_generator_0/U_ipml_fifo_ctrl/ASYN_CTRL.rptr[6]' of 'GTP_DFF_C' unit is dangling and will be cleaned.
W: Public-4008: Instance 'u_fifo_generator_0/U_ipml_fifo_fifo_generator_0/U_ipml_fifo_ctrl/ASYN_CTRL.rptr[7]' of 'GTP_DFF_C' unit is dangling and will be cleaned.
W: Public-4008: Instance 'u_fifo_generator_0/U_ipml_fifo_fifo_generator_0/U_ipml_fifo_ctrl/ASYN_CTRL.rwptr1[0]' of 'GTP_DFF_C' unit is dangling and will be cleaned.
W: Public-4008: Instance 'u_fifo_generator_0/U_ipml_fifo_fifo_generator_0/U_ipml_fifo_ctrl/ASYN_CTRL.rwptr1[1]' of 'GTP_DFF_C' unit is dangling and will be cleaned.
W: Public-4008: Instance 'u_fifo_generator_0/U_ipml_fifo_fifo_generator_0/U_ipml_fifo_ctrl/ASYN_CTRL.rwptr1[2]' of 'GTP_DFF_C' unit is dangling and will be cleaned.
W: Public-4008: Instance 'u_fifo_generator_0/U_ipml_fifo_fifo_generator_0/U_ipml_fifo_ctrl/ASYN_CTRL.rwptr1[3]' of 'GTP_DFF_C' unit is dangling and will be cleaned.
W: Public-4008: Instance 'u_fifo_generator_0/U_ipml_fifo_fifo_generator_0/U_ipml_fifo_ctrl/ASYN_CTRL.rwptr1[4]' of 'GTP_DFF_C' unit is dangling and will be cleaned.
W: Public-4008: Instance 'u_fifo_generator_0/U_ipml_fifo_fifo_generator_0/U_ipml_fifo_ctrl/ASYN_CTRL.rwptr1[5]' of 'GTP_DFF_C' unit is dangling and will be cleaned.
W: Public-4008: Instance 'u_fifo_generator_0/U_ipml_fifo_fifo_generator_0/U_ipml_fifo_ctrl/ASYN_CTRL.rwptr1[6]' of 'GTP_DFF_C' unit is dangling and will be cleaned.
W: Public-4008: Instance 'u_fifo_generator_0/U_ipml_fifo_fifo_generator_0/U_ipml_fifo_ctrl/ASYN_CTRL.rwptr1[7]' of 'GTP_DFF_C' unit is dangling and will be cleaned.
W: Public-4008: Instance 'u_fifo_generator_0/U_ipml_fifo_fifo_generator_0/U_ipml_fifo_ctrl/ASYN_CTRL.rwptr1[8]' of 'GTP_DFF_C' unit is dangling and will be cleaned.
W: Public-4008: Instance 'u_fifo_generator_0/U_ipml_fifo_fifo_generator_0/U_ipml_fifo_ctrl/ASYN_CTRL.wbin[0]' of 'GTP_DFF_C' unit is dangling and will be cleaned.
W: Public-4008: Instance 'u_fifo_generator_0/U_ipml_fifo_fifo_generator_0/U_ipml_fifo_ctrl/ASYN_CTRL.wbin[1]' of 'GTP_DFF_C' unit is dangling and will be cleaned.
W: Public-4008: Instance 'u_fifo_generator_0/U_ipml_fifo_fifo_generator_0/U_ipml_fifo_ctrl/ASYN_CTRL.wbin[2]' of 'GTP_DFF_C' unit is dangling and will be cleaned.
W: Public-4008: Instance 'u_fifo_generator_0/U_ipml_fifo_fifo_generator_0/U_ipml_fifo_ctrl/ASYN_CTRL.wbin[3]' of 'GTP_DFF_C' unit is dangling and will be cleaned.
W: Public-4008: Instance 'u_fifo_generator_0/U_ipml_fifo_fifo_generator_0/U_ipml_fifo_ctrl/ASYN_CTRL.wbin[4]' of 'GTP_DFF_C' unit is dangling and will be cleaned.
W: Public-4008: Instance 'u_fifo_generator_0/U_ipml_fifo_fifo_generator_0/U_ipml_fifo_ctrl/ASYN_CTRL.wbin[5]' of 'GTP_DFF_C' unit is dangling and will be cleaned.
W: Public-4008: Instance 'u_fifo_generator_0/U_ipml_fifo_fifo_generator_0/U_ipml_fifo_ctrl/ASYN_CTRL.wbin[6]' of 'GTP_DFF_C' unit is dangling and will be cleaned.
W: Public-4008: Instance 'u_fifo_generator_0/U_ipml_fifo_fifo_generator_0/U_ipml_fifo_ctrl/ASYN_CTRL.wbin[7]' of 'GTP_DFF_C' unit is dangling and will be cleaned.
W: Public-4008: Instance 'u_fifo_generator_0/U_ipml_fifo_fifo_generator_0/U_ipml_fifo_ctrl/ASYN_CTRL.wbin[8]' of 'GTP_DFF_C' unit is dangling and will be cleaned.
W: Public-4008: Instance 'u_fifo_generator_0/U_ipml_fifo_fifo_generator_0/U_ipml_fifo_ctrl/ASYN_CTRL.wptr[0]' of 'GTP_DFF_C' unit is dangling and will be cleaned.
W: Public-4008: Instance 'u_fifo_generator_0/U_ipml_fifo_fifo_generator_0/U_ipml_fifo_ctrl/ASYN_CTRL.wptr[1]' of 'GTP_DFF_C' unit is dangling and will be cleaned.
W: Public-4008: Instance 'u_fifo_generator_0/U_ipml_fifo_fifo_generator_0/U_ipml_fifo_ctrl/ASYN_CTRL.wptr[2]' of 'GTP_DFF_C' unit is dangling and will be cleaned.
W: Public-4008: Instance 'u_fifo_generator_0/U_ipml_fifo_fifo_generator_0/U_ipml_fifo_ctrl/ASYN_CTRL.wptr[3]' of 'GTP_DFF_C' unit is dangling and will be cleaned.
W: Public-4008: Instance 'u_fifo_generator_0/U_ipml_fifo_fifo_generator_0/U_ipml_fifo_ctrl/ASYN_CTRL.wptr[4]' of 'GTP_DFF_C' unit is dangling and will be cleaned.
W: Public-4008: Instance 'u_fifo_generator_0/U_ipml_fifo_fifo_generator_0/U_ipml_fifo_ctrl/ASYN_CTRL.wptr[5]' of 'GTP_DFF_C' unit is dangling and will be cleaned.
W: Public-4008: Instance 'u_fifo_generator_0/U_ipml_fifo_fifo_generator_0/U_ipml_fifo_ctrl/ASYN_CTRL.wptr[6]' of 'GTP_DFF_C' unit is dangling and will be cleaned.
W: Public-4008: Instance 'u_fifo_generator_0/U_ipml_fifo_fifo_generator_0/U_ipml_fifo_ctrl/ASYN_CTRL.wptr[7]' of 'GTP_DFF_C' unit is dangling and will be cleaned.
W: Public-4008: Instance 'u_fifo_generator_0/U_ipml_fifo_fifo_generator_0/U_ipml_fifo_ctrl/ASYN_CTRL.wrptr1[0]' of 'GTP_DFF_C' unit is dangling and will be cleaned.
W: Public-4008: Instance 'u_fifo_generator_0/U_ipml_fifo_fifo_generator_0/U_ipml_fifo_ctrl/ASYN_CTRL.wrptr1[1]' of 'GTP_DFF_C' unit is dangling and will be cleaned.
W: Public-4008: Instance 'u_fifo_generator_0/U_ipml_fifo_fifo_generator_0/U_ipml_fifo_ctrl/ASYN_CTRL.wrptr1[2]' of 'GTP_DFF_C' unit is dangling and will be cleaned.
W: Public-4008: Instance 'u_fifo_generator_0/U_ipml_fifo_fifo_generator_0/U_ipml_fifo_ctrl/ASYN_CTRL.wrptr1[3]' of 'GTP_DFF_C' unit is dangling and will be cleaned.
W: Public-4008: Instance 'u_fifo_generator_0/U_ipml_fifo_fifo_generator_0/U_ipml_fifo_ctrl/ASYN_CTRL.wrptr1[4]' of 'GTP_DFF_C' unit is dangling and will be cleaned.
W: Public-4008: Instance 'u_fifo_generator_0/U_ipml_fifo_fifo_generator_0/U_ipml_fifo_ctrl/ASYN_CTRL.wrptr1[5]' of 'GTP_DFF_C' unit is dangling and will be cleaned.
W: Public-4008: Instance 'u_fifo_generator_0/U_ipml_fifo_fifo_generator_0/U_ipml_fifo_ctrl/ASYN_CTRL.wrptr1[6]' of 'GTP_DFF_C' unit is dangling and will be cleaned.
W: Public-4008: Instance 'u_fifo_generator_0/U_ipml_fifo_fifo_generator_0/U_ipml_fifo_ctrl/ASYN_CTRL.wrptr1[7]' of 'GTP_DFF_C' unit is dangling and will be cleaned.
W: Public-4008: Instance 'u_fifo_generator_0/U_ipml_fifo_fifo_generator_0/U_ipml_fifo_ctrl/ASYN_CTRL.wrptr1[8]' of 'GTP_DFF_C' unit is dangling and will be cleaned.
W: Public-4008: Instance 'u_fifo_generator_0/U_ipml_fifo_fifo_generator_0/U_ipml_fifo_ctrl/rd_water_level[0]' of 'GTP_DFF_C' unit is dangling and will be cleaned.
W: Public-4008: Instance 'u_fifo_generator_0/U_ipml_fifo_fifo_generator_0/U_ipml_fifo_ctrl/rd_water_level[1]' of 'GTP_DFF_C' unit is dangling and will be cleaned.
W: Public-4008: Instance 'u_fifo_generator_0/U_ipml_fifo_fifo_generator_0/U_ipml_fifo_ctrl/rd_water_level[2]' of 'GTP_DFF_C' unit is dangling and will be cleaned.
W: Public-4008: Instance 'u_fifo_generator_0/U_ipml_fifo_fifo_generator_0/U_ipml_fifo_ctrl/rd_water_level[3]' of 'GTP_DFF_C' unit is dangling and will be cleaned.
W: Public-4008: Instance 'u_fifo_generator_0/U_ipml_fifo_fifo_generator_0/U_ipml_fifo_ctrl/rd_water_level[4]' of 'GTP_DFF_C' unit is dangling and will be cleaned.
W: Public-4008: Instance 'u_fifo_generator_0/U_ipml_fifo_fifo_generator_0/U_ipml_fifo_ctrl/rd_water_level[5]' of 'GTP_DFF_C' unit is dangling and will be cleaned.
W: Public-4008: Instance 'u_fifo_generator_0/U_ipml_fifo_fifo_generator_0/U_ipml_fifo_ctrl/rd_water_level[6]' of 'GTP_DFF_C' unit is dangling and will be cleaned.
W: Public-4008: Instance 'u_fifo_generator_0/U_ipml_fifo_fifo_generator_0/U_ipml_fifo_ctrl/rd_water_level[7]' of 'GTP_DFF_C' unit is dangling and will be cleaned.
W: Public-4008: Instance 'u_fifo_generator_0/U_ipml_fifo_fifo_generator_0/U_ipml_fifo_ctrl/rd_water_level[8]' of 'GTP_DFF_C' unit is dangling and will be cleaned.
W: Public-4008: Instance 'u_fifo_generator_0/U_ipml_fifo_fifo_generator_0/U_ipml_fifo_ctrl/rwptr2[0]' of 'GTP_DFF_C' unit is dangling and will be cleaned.
W: Public-4008: Instance 'u_fifo_generator_0/U_ipml_fifo_fifo_generator_0/U_ipml_fifo_ctrl/rwptr2[1]' of 'GTP_DFF_C' unit is dangling and will be cleaned.
W: Public-4008: Instance 'u_fifo_generator_0/U_ipml_fifo_fifo_generator_0/U_ipml_fifo_ctrl/rwptr2[2]' of 'GTP_DFF_C' unit is dangling and will be cleaned.
W: Public-4008: Instance 'u_fifo_generator_0/U_ipml_fifo_fifo_generator_0/U_ipml_fifo_ctrl/rwptr2[3]' of 'GTP_DFF_C' unit is dangling and will be cleaned.
W: Public-4008: Instance 'u_fifo_generator_0/U_ipml_fifo_fifo_generator_0/U_ipml_fifo_ctrl/rwptr2[4]' of 'GTP_DFF_C' unit is dangling and will be cleaned.
W: Public-4008: Instance 'u_fifo_generator_0/U_ipml_fifo_fifo_generator_0/U_ipml_fifo_ctrl/rwptr2[5]' of 'GTP_DFF_C' unit is dangling and will be cleaned.
W: Public-4008: Instance 'u_fifo_generator_0/U_ipml_fifo_fifo_generator_0/U_ipml_fifo_ctrl/rwptr2[6]' of 'GTP_DFF_C' unit is dangling and will be cleaned.
W: Public-4008: Instance 'u_fifo_generator_0/U_ipml_fifo_fifo_generator_0/U_ipml_fifo_ctrl/rwptr2[7]' of 'GTP_DFF_C' unit is dangling and will be cleaned.
W: Public-4008: Instance 'u_fifo_generator_0/U_ipml_fifo_fifo_generator_0/U_ipml_fifo_ctrl/rwptr2[8]' of 'GTP_DFF_C' unit is dangling and will be cleaned.
W: Public-4008: Instance 'u_fifo_generator_0/U_ipml_fifo_fifo_generator_0/U_ipml_fifo_ctrl/wr_water_level[0]' of 'GTP_DFF_C' unit is dangling and will be cleaned.
W: Public-4008: Instance 'u_fifo_generator_0/U_ipml_fifo_fifo_generator_0/U_ipml_fifo_ctrl/wr_water_level[1]' of 'GTP_DFF_C' unit is dangling and will be cleaned.
W: Public-4008: Instance 'u_fifo_generator_0/U_ipml_fifo_fifo_generator_0/U_ipml_fifo_ctrl/wr_water_level[2]' of 'GTP_DFF_C' unit is dangling and will be cleaned.
W: Public-4008: Instance 'u_fifo_generator_0/U_ipml_fifo_fifo_generator_0/U_ipml_fifo_ctrl/wr_water_level[3]' of 'GTP_DFF_C' unit is dangling and will be cleaned.
W: Public-4008: Instance 'u_fifo_generator_0/U_ipml_fifo_fifo_generator_0/U_ipml_fifo_ctrl/wr_water_level[4]' of 'GTP_DFF_C' unit is dangling and will be cleaned.
W: Public-4008: Instance 'u_fifo_generator_0/U_ipml_fifo_fifo_generator_0/U_ipml_fifo_ctrl/wr_water_level[5]' of 'GTP_DFF_C' unit is dangling and will be cleaned.
W: Public-4008: Instance 'u_fifo_generator_0/U_ipml_fifo_fifo_generator_0/U_ipml_fifo_ctrl/wr_water_level[6]' of 'GTP_DFF_C' unit is dangling and will be cleaned.
W: Public-4008: Instance 'u_fifo_generator_0/U_ipml_fifo_fifo_generator_0/U_ipml_fifo_ctrl/wr_water_level[7]' of 'GTP_DFF_C' unit is dangling and will be cleaned.
W: Public-4008: Instance 'u_fifo_generator_0/U_ipml_fifo_fifo_generator_0/U_ipml_fifo_ctrl/wr_water_level[8]' of 'GTP_DFF_C' unit is dangling and will be cleaned.
W: Public-4008: Instance 'u_fifo_generator_0/U_ipml_fifo_fifo_generator_0/U_ipml_fifo_ctrl/wrptr2[0]' of 'GTP_DFF_C' unit is dangling and will be cleaned.
W: Public-4008: Instance 'u_fifo_generator_0/U_ipml_fifo_fifo_generator_0/U_ipml_fifo_ctrl/wrptr2[1]' of 'GTP_DFF_C' unit is dangling and will be cleaned.
W: Public-4008: Instance 'u_fifo_generator_0/U_ipml_fifo_fifo_generator_0/U_ipml_fifo_ctrl/wrptr2[2]' of 'GTP_DFF_C' unit is dangling and will be cleaned.
W: Public-4008: Instance 'u_fifo_generator_0/U_ipml_fifo_fifo_generator_0/U_ipml_fifo_ctrl/wrptr2[3]' of 'GTP_DFF_C' unit is dangling and will be cleaned.
W: Public-4008: Instance 'u_fifo_generator_0/U_ipml_fifo_fifo_generator_0/U_ipml_fifo_ctrl/wrptr2[4]' of 'GTP_DFF_C' unit is dangling and will be cleaned.
W: Public-4008: Instance 'u_fifo_generator_0/U_ipml_fifo_fifo_generator_0/U_ipml_fifo_ctrl/wrptr2[5]' of 'GTP_DFF_C' unit is dangling and will be cleaned.
W: Public-4008: Instance 'u_fifo_generator_0/U_ipml_fifo_fifo_generator_0/U_ipml_fifo_ctrl/wrptr2[6]' of 'GTP_DFF_C' unit is dangling and will be cleaned.
W: Public-4008: Instance 'u_fifo_generator_0/U_ipml_fifo_fifo_generator_0/U_ipml_fifo_ctrl/wrptr2[7]' of 'GTP_DFF_C' unit is dangling and will be cleaned.
W: Public-4008: Instance 'u_fifo_generator_0/U_ipml_fifo_fifo_generator_0/U_ipml_fifo_ctrl/wrptr2[8]' of 'GTP_DFF_C' unit is dangling and will be cleaned.
Constructing timing graph ...
Timing graph has been constructed successfully
C: STA-3009: The clock clk is not connected to any clock endpoints,it will be treated as a normal port or pin.
W: Timing-4086: Port 'sys_rst_n' is not constrained, it is treated as combinational input.
Action synthesize: Real time elapsed is 5.000 sec
Action synthesize: CPU time elapsed is 3.760 sec
Action synthesize: Process CPU time elapsed is 3.760 sec
Current time: Tue Jul  5 17:01:34 2022
Action synthesize: Peak memory pool usage is 206,512,128 bytes
