#Build: Fabric Compiler 2022.1, Build 99559, Jul 12 00:20 2022
#Install: E:\PDS_2022.1\Pango\PDS_2022.1\bin
#Application name: pds_shell.exe
#OS: Windows 10 10.0.19044
#Hostname: DESKTOP-HFJ50FN
Generated by Fabric Compiler (version 2022.1 build 99559) at Tue Oct 11 11:43:12 2022
License checkout: fabric_ads
Compiling verification operator library.
Compiling common defs.
Loading technology operator library.
Compiling technology operator library.
Compiling technology operator (valence) library.
Reading design from compile DB
Reading design from compile DB successfully.
Constraint check start.
Compiling prim grid devices.
Building architecture model.
Loading device packaging model.
Building architecture floorplan logic view.
Executing : get_ports sys_clk
Executing : get_ports sys_clk successfully.
Executing : create_clock -name clk [get_ports sys_clk] -period 20 -waveform {0.000 10.000}
Executing : create_clock -name clk [get_ports sys_clk] -period 20 -waveform {0.000 10.000} successfully.
Constraint check end.
Start pre-mapping.
I: Encoding type of FSM 'state_fsm[1:0]' is: onehot.
I: [C:/Users/ch/Desktop/2022.1/ip_fifo/rtl/fifo_rd.v(line number:58)] The user initial state for regs on FSM state_fsm[1:0] is 00 and be encoded 001.
I: Encoding table of FSM 'state_fsm[1:0]':
I: from  u_fifo_rd/state[1] u_fifo_rd/state[0]
I: to  u_fifo_rd/state_2 u_fifo_rd/state_1 u_fifo_rd/state_0
I: 00 => 001
I: 01 => 010
I: 10 => 100
I: Encoding type of FSM 'state_fsm[1:0]' is: onehot.
I: [C:/Users/ch/Desktop/2022.1/ip_fifo/rtl/fifo_wr.v(line number:41)] The user initial state for regs on FSM state_fsm[1:0] is 00 and be encoded 001.
I: Encoding table of FSM 'state_fsm[1:0]':
I: from  u_fifo_wr/state[1] u_fifo_wr/state[0]
I: to  u_fifo_wr/state_2 u_fifo_wr/state_1 u_fifo_wr/state_0
I: 00 => 001
I: 01 => 010
I: 10 => 100
Executing : pre-mapping successfully. Time elapsed: 0.017s wall, 0.016s user + 0.000s system = 0.016s CPU (93.9%)

Start mod-gen.
I: Constant propagation done on out_xor (bmsREDXOR).
I: Constant propagation done on out_xor_1 (bmsREDXOR).
I: Constant propagation done on out_xor_2 (bmsREDXOR).
I: Constant propagation done on out_xor_3 (bmsREDXOR).
I: Constant propagation done on out_xor (bmsREDXOR).
I: Constant propagation done on out_xor_1 (bmsREDXOR).
I: Constant propagation done on out_xor_2 (bmsREDXOR).
I: Constant propagation done on out_xor_3 (bmsREDXOR).
I: Constant propagation done on u_fifo_generator_0/U_ipml_fifo_fifo_generator_0/U_ipml_fifo_ctrl/N144_eq0 (bmsREDXOR).
I: Constant propagation done on u_fifo_generator_0/U_ipml_fifo_fifo_generator_0/U_ipml_fifo_ctrl/N144_mux0 (bmsWIDEMUX).
Executing : mod-gen successfully. Time elapsed: 0.021s wall, 0.016s user + 0.000s system = 0.016s CPU (75.0%)

Start logic-optimization.
Executing : logic-optimization successfully. Time elapsed: 0.035s wall, 0.047s user + 0.000s system = 0.047s CPU (135.2%)

Start tech-mapping phase 1.
Executing : tech-mapping phase 1 successfully. Time elapsed: 0.006s wall, 0.000s user + 0.000s system = 0.000s CPU (n/a%)

Start tech-mapping phase 2.
Executing : tech-mapping phase 2 successfully. Time elapsed: 0.037s wall, 0.031s user + 0.000s system = 0.031s CPU (84.2%)

Start tech-optimization.
Executing : tech-optimization successfully. Time elapsed: 0.011s wall, 0.016s user + 0.000s system = 0.016s CPU (137.6%)

Start phys-optimization.
Executing : phys-optimization successfully. Time elapsed: 0.000s wall, 0.000s user + 0.000s system = 0.000s CPU (n/a%)

Start restore-hierarchy.
Executing : restore-hierarchy successfully. Time elapsed: 0.010s wall, 0.016s user + 0.000s system = 0.016s CPU (152.5%)

W: Unable to honor max fanout constraint for gtp_inv driven net N0
W: Unable to honor max fanout constraint for gtp_inv driven net N0

Cell Usage:
GTP_DFF_C                    73 uses
GTP_DFF_CE                   18 uses
GTP_DFF_P                     1 use
GTP_DFF_R                    10 uses
GTP_DFF_RE                   20 uses
GTP_DFF_SE                    2 uses
GTP_DRM9K                     1 use
GTP_GRS                       1 use
GTP_INV                       3 uses
GTP_LUT2                      7 uses
GTP_LUT3                     26 uses
GTP_LUT4                     19 uses
GTP_LUT5                     24 uses
GTP_LUT5CARRY                52 uses

I/O ports: 2
GTP_INBUF                   2 uses

Mapping Summary:
Total LUTs: 128 of 17536 (0.73%)
	LUTs as dram: 0 of 4440 (0.00%)
	LUTs as logic: 128
Total Registers: 124 of 26304 (0.47%)
Total Latches: 0

DRM18K:
Total DRM18K = 0.5 of 48 (1.04%)

APMs:
Total APMs = 0.00 of 30 (0.00%)

Total I/O ports = 2 of 240 (0.83%)


Overview of Control Sets:

Number of unique control sets : 9

Histogram:
**************************************************************
  Fanout      | Count    | Sync Set/Reset    Async Set/Reset
--------------------------------------------------------------
  [0, 2)      | 0        | 0                 0
  [2, 4)      | 2        | 2                 0
  [4, 6)      | 2        | 2                 0
  [6, 8)      | 0        | 0                 0
  [8, 10)     | 3        | 1                 2
  [10, 12)    | 1        | 1                 0
  [12, 14)    | 0        | 0                 0
  [14, 16)    | 0        | 0                 0
  [16, Inf)   | 1        | 0                 1
--------------------------------------------------------------
  The maximum fanout: 74
==============================================================

Flip-Flop Distribution:
************************************************************************
  Clock Enable    Sync Set/Reset    Async Set/Reset    Total Registers
------------------------------------------------------------------------
  NO              NO                NO                 0
  NO              NO                YES                74
  NO              YES               NO                 10
  YES             NO                NO                 0
  YES             NO                YES                18
  YES             YES               NO                 22
========================================================================

Latch Distribution:
************************************************
  Gate Enable    Preset/Clear    Total Latches
************************************************
  NO             NO              0
  NO             YES             0
  YES            NO              0
  YES            YES             0
************************************************

Design 'ip_fifo' has been successfully synthesized to architecture-specific objects.
Saving design to DB.
Saving design to ip_fifo_syn.vm
W: Public-4008: Instance 'almost_empty_d0' of 'GTP_DFF_R' unit is dangling and will be cleaned.
W: Public-4008: Instance 'almost_empty_d1' of 'GTP_DFF_R' unit is dangling and will be cleaned.
W: Public-4008: Instance 'almost_empty_syn' of 'GTP_DFF_R' unit is dangling and will be cleaned.
W: Public-4008: Instance 'almost_full_d0' of 'GTP_DFF_R' unit is dangling and will be cleaned.
W: Public-4008: Instance 'almost_full_d1' of 'GTP_DFF_R' unit is dangling and will be cleaned.
W: Public-4008: Instance 'almost_full_syn' of 'GTP_DFF_R' unit is dangling and will be cleaned.
W: Public-4008: Instance 'u_fifo_generator_0/U_ipml_fifo_fifo_generator_0/U_ipml_fifo_ctrl/ASYN_CTRL.asyn_rempty' of 'GTP_DFF_P' unit is dangling and will be cleaned.
W: Public-4008: Instance 'u_fifo_rd/almost_full_d0' of 'GTP_DFF_R' unit is dangling and will be cleaned.
W: Public-4008: Instance 'u_fifo_rd/almost_full_syn' of 'GTP_DFF_R' unit is dangling and will be cleaned.
W: Public-4008: Instance 'u_fifo_rd/dly_cnt[0]' of 'GTP_DFF_RE' unit is dangling and will be cleaned.
W: Public-4008: Instance 'u_fifo_rd/dly_cnt[1]' of 'GTP_DFF_RE' unit is dangling and will be cleaned.
W: Public-4008: Instance 'u_fifo_rd/dly_cnt[2]' of 'GTP_DFF_RE' unit is dangling and will be cleaned.
W: Public-4008: Instance 'u_fifo_rd/dly_cnt[3]' of 'GTP_DFF_RE' unit is dangling and will be cleaned.
W: Public-4008: Instance 'u_fifo_rd/fifo_rd_en' of 'GTP_DFF_R' unit is dangling and will be cleaned.
W: Public-4008: Instance 'u_fifo_rd/state_0' of 'GTP_DFF_SE' unit is dangling and will be cleaned.
W: Public-4008: Instance 'u_fifo_rd/state_1' of 'GTP_DFF_RE' unit is dangling and will be cleaned.
W: Public-4008: Instance 'u_fifo_rd/state_2' of 'GTP_DFF_RE' unit is dangling and will be cleaned.
W: Public-4008: Instance 'u_fifo_wr/dly_cnt[0]' of 'GTP_DFF_RE' unit is dangling and will be cleaned.
W: Public-4008: Instance 'u_fifo_wr/dly_cnt[1]' of 'GTP_DFF_RE' unit is dangling and will be cleaned.
W: Public-4008: Instance 'u_fifo_wr/dly_cnt[2]' of 'GTP_DFF_RE' unit is dangling and will be cleaned.
W: Public-4008: Instance 'u_fifo_wr/dly_cnt[3]' of 'GTP_DFF_RE' unit is dangling and will be cleaned.
W: Public-4008: Instance 'u_fifo_wr/fifo_wr_data[0]' of 'GTP_DFF_RE' unit is dangling and will be cleaned.
W: Public-4008: Instance 'u_fifo_wr/fifo_wr_data[1]' of 'GTP_DFF_RE' unit is dangling and will be cleaned.
W: Public-4008: Instance 'u_fifo_wr/fifo_wr_data[2]' of 'GTP_DFF_RE' unit is dangling and will be cleaned.
W: Public-4008: Instance 'u_fifo_wr/fifo_wr_data[3]' of 'GTP_DFF_RE' unit is dangling and will be cleaned.
W: Public-4008: Instance 'u_fifo_wr/fifo_wr_data[4]' of 'GTP_DFF_RE' unit is dangling and will be cleaned.
W: Public-4008: Instance 'u_fifo_wr/fifo_wr_data[5]' of 'GTP_DFF_RE' unit is dangling and will be cleaned.
W: Public-4008: Instance 'u_fifo_wr/fifo_wr_data[6]' of 'GTP_DFF_RE' unit is dangling and will be cleaned.
W: Public-4008: Instance 'u_fifo_wr/fifo_wr_data[7]' of 'GTP_DFF_RE' unit is dangling and will be cleaned.
W: Public-4008: Instance 'u_fifo_wr/fifo_wr_en' of 'GTP_DFF_R' unit is dangling and will be cleaned.
W: Public-4008: Instance 'u_fifo_wr/state_0' of 'GTP_DFF_SE' unit is dangling and will be cleaned.
W: Public-4008: Instance 'u_fifo_wr/state_1' of 'GTP_DFF_RE' unit is dangling and will be cleaned.
W: Public-4008: Instance 'u_fifo_wr/state_2' of 'GTP_DFF_RE' unit is dangling and will be cleaned.
W: Public-4008: Instance 'u_fifo_generator_0/U_ipml_fifo_fifo_generator_0/U_ipml_fifo_ctrl/ASYN_CTRL.asyn_wfull' of 'GTP_DFF_C' unit is dangling and will be cleaned.
W: Public-4008: Instance 'u_fifo_generator_0/U_ipml_fifo_fifo_generator_0/U_ipml_fifo_ctrl/ASYN_CTRL.rbin[0]' of 'GTP_DFF_CE' unit is dangling and will be cleaned.
W: Public-4008: Instance 'u_fifo_generator_0/U_ipml_fifo_fifo_generator_0/U_ipml_fifo_ctrl/ASYN_CTRL.rbin[1]' of 'GTP_DFF_CE' unit is dangling and will be cleaned.
W: Public-4008: Instance 'u_fifo_generator_0/U_ipml_fifo_fifo_generator_0/U_ipml_fifo_ctrl/ASYN_CTRL.rbin[2]' of 'GTP_DFF_CE' unit is dangling and will be cleaned.
W: Public-4008: Instance 'u_fifo_generator_0/U_ipml_fifo_fifo_generator_0/U_ipml_fifo_ctrl/ASYN_CTRL.rbin[3]' of 'GTP_DFF_CE' unit is dangling and will be cleaned.
W: Public-4008: Instance 'u_fifo_generator_0/U_ipml_fifo_fifo_generator_0/U_ipml_fifo_ctrl/ASYN_CTRL.rbin[4]' of 'GTP_DFF_CE' unit is dangling and will be cleaned.
W: Public-4008: Instance 'u_fifo_generator_0/U_ipml_fifo_fifo_generator_0/U_ipml_fifo_ctrl/ASYN_CTRL.rbin[5]' of 'GTP_DFF_CE' unit is dangling and will be cleaned.
W: Public-4008: Instance 'u_fifo_generator_0/U_ipml_fifo_fifo_generator_0/U_ipml_fifo_ctrl/ASYN_CTRL.rbin[6]' of 'GTP_DFF_CE' unit is dangling and will be cleaned.
W: Public-4008: Instance 'u_fifo_generator_0/U_ipml_fifo_fifo_generator_0/U_ipml_fifo_ctrl/ASYN_CTRL.rbin[7]' of 'GTP_DFF_CE' unit is dangling and will be cleaned.
W: Public-4008: Instance 'u_fifo_generator_0/U_ipml_fifo_fifo_generator_0/U_ipml_fifo_ctrl/ASYN_CTRL.rbin[8]' of 'GTP_DFF_CE' unit is dangling and will be cleaned.
W: Public-4008: Instance 'u_fifo_generator_0/U_ipml_fifo_fifo_generator_0/U_ipml_fifo_ctrl/ASYN_CTRL.rptr[0]' of 'GTP_DFF_C' unit is dangling and will be cleaned.
W: Public-4008: Instance 'u_fifo_generator_0/U_ipml_fifo_fifo_generator_0/U_ipml_fifo_ctrl/ASYN_CTRL.rptr[1]' of 'GTP_DFF_C' unit is dangling and will be cleaned.
W: Public-4008: Instance 'u_fifo_generator_0/U_ipml_fifo_fifo_generator_0/U_ipml_fifo_ctrl/ASYN_CTRL.rptr[2]' of 'GTP_DFF_C' unit is dangling and will be cleaned.
W: Public-4008: Instance 'u_fifo_generator_0/U_ipml_fifo_fifo_generator_0/U_ipml_fifo_ctrl/ASYN_CTRL.rptr[3]' of 'GTP_DFF_C' unit is dangling and will be cleaned.
W: Public-4008: Instance 'u_fifo_generator_0/U_ipml_fifo_fifo_generator_0/U_ipml_fifo_ctrl/ASYN_CTRL.rptr[4]' of 'GTP_DFF_C' unit is dangling and will be cleaned.
W: Public-4008: Instance 'u_fifo_generator_0/U_ipml_fifo_fifo_generator_0/U_ipml_fifo_ctrl/ASYN_CTRL.rptr[5]' of 'GTP_DFF_C' unit is dangling and will be cleaned.
W: Public-4008: Instance 'u_fifo_generator_0/U_ipml_fifo_fifo_generator_0/U_ipml_fifo_ctrl/ASYN_CTRL.rptr[6]' of 'GTP_DFF_C' unit is dangling and will be cleaned.
W: Public-4008: Instance 'u_fifo_generator_0/U_ipml_fifo_fifo_generator_0/U_ipml_fifo_ctrl/ASYN_CTRL.rptr[7]' of 'GTP_DFF_C' unit is dangling and will be cleaned.
W: Public-4008: Instance 'u_fifo_generator_0/U_ipml_fifo_fifo_generator_0/U_ipml_fifo_ctrl/ASYN_CTRL.rptr[8]' of 'GTP_DFF_C' unit is dangling and will be cleaned.
W: Public-4008: Instance 'u_fifo_generator_0/U_ipml_fifo_fifo_generator_0/U_ipml_fifo_ctrl/ASYN_CTRL.rwptr1[0]' of 'GTP_DFF_C' unit is dangling and will be cleaned.
W: Public-4008: Instance 'u_fifo_generator_0/U_ipml_fifo_fifo_generator_0/U_ipml_fifo_ctrl/ASYN_CTRL.rwptr1[1]' of 'GTP_DFF_C' unit is dangling and will be cleaned.
W: Public-4008: Instance 'u_fifo_generator_0/U_ipml_fifo_fifo_generator_0/U_ipml_fifo_ctrl/ASYN_CTRL.rwptr1[2]' of 'GTP_DFF_C' unit is dangling and will be cleaned.
W: Public-4008: Instance 'u_fifo_generator_0/U_ipml_fifo_fifo_generator_0/U_ipml_fifo_ctrl/ASYN_CTRL.rwptr1[3]' of 'GTP_DFF_C' unit is dangling and will be cleaned.
W: Public-4008: Instance 'u_fifo_generator_0/U_ipml_fifo_fifo_generator_0/U_ipml_fifo_ctrl/ASYN_CTRL.rwptr1[4]' of 'GTP_DFF_C' unit is dangling and will be cleaned.
W: Public-4008: Instance 'u_fifo_generator_0/U_ipml_fifo_fifo_generator_0/U_ipml_fifo_ctrl/ASYN_CTRL.rwptr1[5]' of 'GTP_DFF_C' unit is dangling and will be cleaned.
W: Public-4008: Instance 'u_fifo_generator_0/U_ipml_fifo_fifo_generator_0/U_ipml_fifo_ctrl/ASYN_CTRL.rwptr1[6]' of 'GTP_DFF_C' unit is dangling and will be cleaned.
W: Public-4008: Instance 'u_fifo_generator_0/U_ipml_fifo_fifo_generator_0/U_ipml_fifo_ctrl/ASYN_CTRL.rwptr1[7]' of 'GTP_DFF_C' unit is dangling and will be cleaned.
W: Public-4008: Instance 'u_fifo_generator_0/U_ipml_fifo_fifo_generator_0/U_ipml_fifo_ctrl/ASYN_CTRL.rwptr1[8]' of 'GTP_DFF_C' unit is dangling and will be cleaned.
W: Public-4008: Instance 'u_fifo_generator_0/U_ipml_fifo_fifo_generator_0/U_ipml_fifo_ctrl/ASYN_CTRL.wbin[0]' of 'GTP_DFF_CE' unit is dangling and will be cleaned.
W: Public-4008: Instance 'u_fifo_generator_0/U_ipml_fifo_fifo_generator_0/U_ipml_fifo_ctrl/ASYN_CTRL.wbin[1]' of 'GTP_DFF_CE' unit is dangling and will be cleaned.
W: Public-4008: Instance 'u_fifo_generator_0/U_ipml_fifo_fifo_generator_0/U_ipml_fifo_ctrl/ASYN_CTRL.wbin[2]' of 'GTP_DFF_CE' unit is dangling and will be cleaned.
W: Public-4008: Instance 'u_fifo_generator_0/U_ipml_fifo_fifo_generator_0/U_ipml_fifo_ctrl/ASYN_CTRL.wbin[3]' of 'GTP_DFF_CE' unit is dangling and will be cleaned.
W: Public-4008: Instance 'u_fifo_generator_0/U_ipml_fifo_fifo_generator_0/U_ipml_fifo_ctrl/ASYN_CTRL.wbin[4]' of 'GTP_DFF_CE' unit is dangling and will be cleaned.
W: Public-4008: Instance 'u_fifo_generator_0/U_ipml_fifo_fifo_generator_0/U_ipml_fifo_ctrl/ASYN_CTRL.wbin[5]' of 'GTP_DFF_CE' unit is dangling and will be cleaned.
W: Public-4008: Instance 'u_fifo_generator_0/U_ipml_fifo_fifo_generator_0/U_ipml_fifo_ctrl/ASYN_CTRL.wbin[6]' of 'GTP_DFF_CE' unit is dangling and will be cleaned.
W: Public-4008: Instance 'u_fifo_generator_0/U_ipml_fifo_fifo_generator_0/U_ipml_fifo_ctrl/ASYN_CTRL.wbin[7]' of 'GTP_DFF_CE' unit is dangling and will be cleaned.
W: Public-4008: Instance 'u_fifo_generator_0/U_ipml_fifo_fifo_generator_0/U_ipml_fifo_ctrl/ASYN_CTRL.wbin[8]' of 'GTP_DFF_CE' unit is dangling and will be cleaned.
W: Public-4008: Instance 'u_fifo_generator_0/U_ipml_fifo_fifo_generator_0/U_ipml_fifo_ctrl/ASYN_CTRL.wptr[0]' of 'GTP_DFF_C' unit is dangling and will be cleaned.
W: Public-4008: Instance 'u_fifo_generator_0/U_ipml_fifo_fifo_generator_0/U_ipml_fifo_ctrl/ASYN_CTRL.wptr[1]' of 'GTP_DFF_C' unit is dangling and will be cleaned.
W: Public-4008: Instance 'u_fifo_generator_0/U_ipml_fifo_fifo_generator_0/U_ipml_fifo_ctrl/ASYN_CTRL.wptr[2]' of 'GTP_DFF_C' unit is dangling and will be cleaned.
W: Public-4008: Instance 'u_fifo_generator_0/U_ipml_fifo_fifo_generator_0/U_ipml_fifo_ctrl/ASYN_CTRL.wptr[3]' of 'GTP_DFF_C' unit is dangling and will be cleaned.
W: Public-4008: Instance 'u_fifo_generator_0/U_ipml_fifo_fifo_generator_0/U_ipml_fifo_ctrl/ASYN_CTRL.wptr[4]' of 'GTP_DFF_C' unit is dangling and will be cleaned.
W: Public-4008: Instance 'u_fifo_generator_0/U_ipml_fifo_fifo_generator_0/U_ipml_fifo_ctrl/ASYN_CTRL.wptr[5]' of 'GTP_DFF_C' unit is dangling and will be cleaned.
W: Public-4008: Instance 'u_fifo_generator_0/U_ipml_fifo_fifo_generator_0/U_ipml_fifo_ctrl/ASYN_CTRL.wptr[6]' of 'GTP_DFF_C' unit is dangling and will be cleaned.
W: Public-4008: Instance 'u_fifo_generator_0/U_ipml_fifo_fifo_generator_0/U_ipml_fifo_ctrl/ASYN_CTRL.wptr[7]' of 'GTP_DFF_C' unit is dangling and will be cleaned.
W: Public-4008: Instance 'u_fifo_generator_0/U_ipml_fifo_fifo_generator_0/U_ipml_fifo_ctrl/ASYN_CTRL.wptr[8]' of 'GTP_DFF_C' unit is dangling and will be cleaned.
W: Public-4008: Instance 'u_fifo_generator_0/U_ipml_fifo_fifo_generator_0/U_ipml_fifo_ctrl/ASYN_CTRL.wrptr1[0]' of 'GTP_DFF_C' unit is dangling and will be cleaned.
W: Public-4008: Instance 'u_fifo_generator_0/U_ipml_fifo_fifo_generator_0/U_ipml_fifo_ctrl/ASYN_CTRL.wrptr1[1]' of 'GTP_DFF_C' unit is dangling and will be cleaned.
W: Public-4008: Instance 'u_fifo_generator_0/U_ipml_fifo_fifo_generator_0/U_ipml_fifo_ctrl/ASYN_CTRL.wrptr1[2]' of 'GTP_DFF_C' unit is dangling and will be cleaned.
W: Public-4008: Instance 'u_fifo_generator_0/U_ipml_fifo_fifo_generator_0/U_ipml_fifo_ctrl/ASYN_CTRL.wrptr1[3]' of 'GTP_DFF_C' unit is dangling and will be cleaned.
W: Public-4008: Instance 'u_fifo_generator_0/U_ipml_fifo_fifo_generator_0/U_ipml_fifo_ctrl/ASYN_CTRL.wrptr1[4]' of 'GTP_DFF_C' unit is dangling and will be cleaned.
W: Public-4008: Instance 'u_fifo_generator_0/U_ipml_fifo_fifo_generator_0/U_ipml_fifo_ctrl/ASYN_CTRL.wrptr1[5]' of 'GTP_DFF_C' unit is dangling and will be cleaned.
W: Public-4008: Instance 'u_fifo_generator_0/U_ipml_fifo_fifo_generator_0/U_ipml_fifo_ctrl/ASYN_CTRL.wrptr1[6]' of 'GTP_DFF_C' unit is dangling and will be cleaned.
W: Public-4008: Instance 'u_fifo_generator_0/U_ipml_fifo_fifo_generator_0/U_ipml_fifo_ctrl/ASYN_CTRL.wrptr1[7]' of 'GTP_DFF_C' unit is dangling and will be cleaned.
W: Public-4008: Instance 'u_fifo_generator_0/U_ipml_fifo_fifo_generator_0/U_ipml_fifo_ctrl/ASYN_CTRL.wrptr1[8]' of 'GTP_DFF_C' unit is dangling and will be cleaned.
W: Public-4008: Instance 'u_fifo_generator_0/U_ipml_fifo_fifo_generator_0/U_ipml_fifo_ctrl/rd_water_level[0]' of 'GTP_DFF_C' unit is dangling and will be cleaned.
W: Public-4008: Instance 'u_fifo_generator_0/U_ipml_fifo_fifo_generator_0/U_ipml_fifo_ctrl/rd_water_level[1]' of 'GTP_DFF_C' unit is dangling and will be cleaned.
W: Public-4008: Instance 'u_fifo_generator_0/U_ipml_fifo_fifo_generator_0/U_ipml_fifo_ctrl/rd_water_level[2]' of 'GTP_DFF_C' unit is dangling and will be cleaned.
W: Public-4008: Instance 'u_fifo_generator_0/U_ipml_fifo_fifo_generator_0/U_ipml_fifo_ctrl/rd_water_level[3]' of 'GTP_DFF_C' unit is dangling and will be cleaned.
W: Public-4008: Instance 'u_fifo_generator_0/U_ipml_fifo_fifo_generator_0/U_ipml_fifo_ctrl/rd_water_level[4]' of 'GTP_DFF_C' unit is dangling and will be cleaned.
W: Public-4008: Instance 'u_fifo_generator_0/U_ipml_fifo_fifo_generator_0/U_ipml_fifo_ctrl/rd_water_level[5]' of 'GTP_DFF_C' unit is dangling and will be cleaned.
W: Public-4008: Instance 'u_fifo_generator_0/U_ipml_fifo_fifo_generator_0/U_ipml_fifo_ctrl/rd_water_level[6]' of 'GTP_DFF_C' unit is dangling and will be cleaned.
W: Public-4008: Instance 'u_fifo_generator_0/U_ipml_fifo_fifo_generator_0/U_ipml_fifo_ctrl/rd_water_level[7]' of 'GTP_DFF_C' unit is dangling and will be cleaned.
W: Public-4008: Instance 'u_fifo_generator_0/U_ipml_fifo_fifo_generator_0/U_ipml_fifo_ctrl/rd_water_level[8]' of 'GTP_DFF_C' unit is dangling and will be cleaned.
W: Public-4008: Instance 'u_fifo_generator_0/U_ipml_fifo_fifo_generator_0/U_ipml_fifo_ctrl/rwptr2[0]' of 'GTP_DFF_C' unit is dangling and will be cleaned.
W: Public-4008: Instance 'u_fifo_generator_0/U_ipml_fifo_fifo_generator_0/U_ipml_fifo_ctrl/rwptr2[1]' of 'GTP_DFF_C' unit is dangling and will be cleaned.
W: Public-4008: Instance 'u_fifo_generator_0/U_ipml_fifo_fifo_generator_0/U_ipml_fifo_ctrl/rwptr2[2]' of 'GTP_DFF_C' unit is dangling and will be cleaned.
W: Public-4008: Instance 'u_fifo_generator_0/U_ipml_fifo_fifo_generator_0/U_ipml_fifo_ctrl/rwptr2[3]' of 'GTP_DFF_C' unit is dangling and will be cleaned.
W: Public-4008: Instance 'u_fifo_generator_0/U_ipml_fifo_fifo_generator_0/U_ipml_fifo_ctrl/rwptr2[4]' of 'GTP_DFF_C' unit is dangling and will be cleaned.
W: Public-4008: Instance 'u_fifo_generator_0/U_ipml_fifo_fifo_generator_0/U_ipml_fifo_ctrl/rwptr2[5]' of 'GTP_DFF_C' unit is dangling and will be cleaned.
W: Public-4008: Instance 'u_fifo_generator_0/U_ipml_fifo_fifo_generator_0/U_ipml_fifo_ctrl/rwptr2[6]' of 'GTP_DFF_C' unit is dangling and will be cleaned.
W: Public-4008: Instance 'u_fifo_generator_0/U_ipml_fifo_fifo_generator_0/U_ipml_fifo_ctrl/rwptr2[7]' of 'GTP_DFF_C' unit is dangling and will be cleaned.
W: Public-4008: Instance 'u_fifo_generator_0/U_ipml_fifo_fifo_generator_0/U_ipml_fifo_ctrl/rwptr2[8]' of 'GTP_DFF_C' unit is dangling and will be cleaned.
W: Public-4008: Instance 'u_fifo_generator_0/U_ipml_fifo_fifo_generator_0/U_ipml_fifo_ctrl/wr_water_level[0]' of 'GTP_DFF_C' unit is dangling and will be cleaned.
W: Public-4008: Instance 'u_fifo_generator_0/U_ipml_fifo_fifo_generator_0/U_ipml_fifo_ctrl/wr_water_level[1]' of 'GTP_DFF_C' unit is dangling and will be cleaned.
W: Public-4008: Instance 'u_fifo_generator_0/U_ipml_fifo_fifo_generator_0/U_ipml_fifo_ctrl/wr_water_level[2]' of 'GTP_DFF_C' unit is dangling and will be cleaned.
W: Public-4008: Instance 'u_fifo_generator_0/U_ipml_fifo_fifo_generator_0/U_ipml_fifo_ctrl/wr_water_level[3]' of 'GTP_DFF_C' unit is dangling and will be cleaned.
W: Public-4008: Instance 'u_fifo_generator_0/U_ipml_fifo_fifo_generator_0/U_ipml_fifo_ctrl/wr_water_level[4]' of 'GTP_DFF_C' unit is dangling and will be cleaned.
W: Public-4008: Instance 'u_fifo_generator_0/U_ipml_fifo_fifo_generator_0/U_ipml_fifo_ctrl/wr_water_level[5]' of 'GTP_DFF_C' unit is dangling and will be cleaned.
W: Public-4008: Instance 'u_fifo_generator_0/U_ipml_fifo_fifo_generator_0/U_ipml_fifo_ctrl/wr_water_level[6]' of 'GTP_DFF_C' unit is dangling and will be cleaned.
W: Public-4008: Instance 'u_fifo_generator_0/U_ipml_fifo_fifo_generator_0/U_ipml_fifo_ctrl/wr_water_level[7]' of 'GTP_DFF_C' unit is dangling and will be cleaned.
W: Public-4008: Instance 'u_fifo_generator_0/U_ipml_fifo_fifo_generator_0/U_ipml_fifo_ctrl/wr_water_level[8]' of 'GTP_DFF_C' unit is dangling and will be cleaned.
W: Public-4008: Instance 'u_fifo_generator_0/U_ipml_fifo_fifo_generator_0/U_ipml_fifo_ctrl/wrptr2[0]' of 'GTP_DFF_C' unit is dangling and will be cleaned.
W: Public-4008: Instance 'u_fifo_generator_0/U_ipml_fifo_fifo_generator_0/U_ipml_fifo_ctrl/wrptr2[1]' of 'GTP_DFF_C' unit is dangling and will be cleaned.
W: Public-4008: Instance 'u_fifo_generator_0/U_ipml_fifo_fifo_generator_0/U_ipml_fifo_ctrl/wrptr2[2]' of 'GTP_DFF_C' unit is dangling and will be cleaned.
W: Public-4008: Instance 'u_fifo_generator_0/U_ipml_fifo_fifo_generator_0/U_ipml_fifo_ctrl/wrptr2[3]' of 'GTP_DFF_C' unit is dangling and will be cleaned.
W: Public-4008: Instance 'u_fifo_generator_0/U_ipml_fifo_fifo_generator_0/U_ipml_fifo_ctrl/wrptr2[4]' of 'GTP_DFF_C' unit is dangling and will be cleaned.
W: Public-4008: Instance 'u_fifo_generator_0/U_ipml_fifo_fifo_generator_0/U_ipml_fifo_ctrl/wrptr2[5]' of 'GTP_DFF_C' unit is dangling and will be cleaned.
W: Public-4008: Instance 'u_fifo_generator_0/U_ipml_fifo_fifo_generator_0/U_ipml_fifo_ctrl/wrptr2[6]' of 'GTP_DFF_C' unit is dangling and will be cleaned.
W: Public-4008: Instance 'u_fifo_generator_0/U_ipml_fifo_fifo_generator_0/U_ipml_fifo_ctrl/wrptr2[7]' of 'GTP_DFF_C' unit is dangling and will be cleaned.
W: Public-4008: Instance 'u_fifo_generator_0/U_ipml_fifo_fifo_generator_0/U_ipml_fifo_ctrl/wrptr2[8]' of 'GTP_DFF_C' unit is dangling and will be cleaned.
Constructing timing graph ...
Timing graph has been constructed successfully
C: STA-3009: The clock clk is not connected to any clock endpoints,it will be treated as a normal port or pin.
W: Timing-4086: Port 'sys_rst_n' is not constrained, it is treated as combinational input.
Action synthesize: Real time elapsed is 0h:0m:3s
Action synthesize: CPU time elapsed is 0h:0m:2s
Action synthesize: Process CPU time elapsed is 0h:0m:2s
Current time: Tue Oct 11 11:43:14 2022
Action synthesize: Peak memory pool usage is 229 MB
