#Build: Fabric Compiler 2021.4-SP1.2, Build 96435, May 30 04:40 2022
#Install: E:\pango\PDS_2021.4-SP1.2\bin
#Application name: pds_shell.exe
#OS: Windows 10 10.0.19044
#Hostname: DESKTOP-HFJ50FN
Generated by Fabric Compiler (version 2021.4-SP1.2 build 96435) at Wed Sep  7 11:49:36 2022
Compiling verification operator library.
Compiling common defs.
Compiling prim grid devices.
Compiling gate devices.
Compiling gate operators.
Building architecture model.
Loading device packaging model.
Reading design from DB.
Start Generating Programming File...
Reading design from DB takes 0.000000 sec.
Generating architecture configuration.
The bitstream file is "C:/Users/ch/Desktop/90/ip_fifo/prj/generate_bitstream/ip_fifo.sbit"
Generate programming file takes 0.921875 sec.
Generating Programming File done.
Action gen_bit_stream: Real time elapsed is 5.000 sec
Action gen_bit_stream: CPU time elapsed is 3.516 sec
Action gen_bit_stream: Process CPU time elapsed is 3.531 sec
Current time: Wed Sep  7 11:49:39 2022
Action gen_bit_stream: Peak memory pool usage is 304,812,032 bytes
