#Build: Fabric Compiler 2022.1, Build 99559, Jul 12 00:20 2022
#Install: E:\PDS_2022.1\Pango\PDS_2022.1\bin
#Application name: pds_shell.exe
#OS: Windows 10 10.0.19044
#Hostname: DESKTOP-HFJ50FN
Generated by Fabric Compiler (version 2022.1 build 99559) at Tue Oct 11 17:13:38 2022
Compiling verification operator library.
Compiling common defs.
Compiling prim grid devices.
Compiling gate devices.
Compiling gate operators.
Building architecture model.
Loading device packaging model.
Reading design from DB.
Start Generating Programming File...
Reading design from DB takes 0.000000 sec.
Generating architecture configuration.
The bitstream file is "C:/Users/ch/Desktop/2022.1/ip_fifo/prj/generate_bitstream/ip_fifo.sbit"
Generate programming file takes 0.640625 sec.
Generating Programming File done.
Action gen_bit_stream: Real time elapsed is 0h:0m:4s
Action gen_bit_stream: CPU time elapsed is 0h:0m:3s
Action gen_bit_stream: Process CPU time elapsed is 0h:0m:3s
Current time: Tue Oct 11 17:13:41 2022
Action gen_bit_stream: Peak memory pool usage is 326 MB
