#Build: Fabric Compiler 2021.4-SP1.2, Build 96435, May 30 04:40 2022
#Install: J:\PDS_2021.4\pango\PDS_2021.4-SP1.2\bin
#Application name: pds_shell.exe
#OS: Windows 7sp1 6.1.7601
#Hostname: USER-20180123QP
Generated by Fabric Compiler (version 2021.4-SP1.2 build 96435) at Tue Jul  5 17:01:54 2022
Compiling verification operator library.
Compiling common defs.
Compiling prim grid devices.
Compiling gate devices.
Compiling gate operators.
Building architecture model.
Loading device packaging model.
Reading design from DB.
Start Generating Programming File...
Reading design from DB takes 0.015600 sec.
Generating architecture configuration.
The bitstream file is "J:/pds/bc/ip_fifo/prj/generate_bitstream/ip_fifo.sbit"
Generate programming file takes 2.121614 sec.
Generating Programming File done.
Action gen_bit_stream: Real time elapsed is 8.000 sec
Action gen_bit_stream: CPU time elapsed is 6.271 sec
Action gen_bit_stream: Process CPU time elapsed is 6.271 sec
Current time: Tue Jul  5 17:02:00 2022
Action gen_bit_stream: Peak memory pool usage is 302,989,312 bytes
