#Build: Fabric Compiler 2021.4-SP1.2, Build 96435, May 30 04:40 2022
#Install: J:\PDS_2021.4\pango\PDS_2021.4-SP1.2\bin
#Application name: pds.exe
#OS: Windows 7sp1 6.1.7601
#Hostname: USER-20180123QP
Generated by Fabric Compiler (version 2021.4-SP1.2 build 96435) at Wed Jul  6 13:43:04 2022
ADS Parser
Compiling architecture definition.
License checkout: fabric_ads
Compiling verification operator library.
Loading technology operator library.
Compiling technology operator library.
Compiling technology operator (valence) library.
Customize IP 'J:/pds/ip_1port_ram/prj/ipcore/ram_1port/ram_1port.idf' ...
C: Flow-2008: IP file modified: "J:/pds/ip_1port_ram/prj/ipcore/ram_1port/ram_1port.idf". 
ADS Parser
Compiling architecture definition.
License checkout: fabric_ads
Compiling verification operator library.
ADS Parser
Compiling architecture definition.
C: Flow-2008: IP file modified: "J:/pds/ip_1port_ram/prj/ipcore/ram_1port/ram_1port.idf". 
ADS Parser
Compiling architecture definition.
License checkout: fabric_ads
Compiling verification operator library.
Loading technology operator library.
Compiling technology operator library.
Compiling technology operator (valence) library.
E: Verilog-4119: [J:/pds/ip_1port_ram/rtl/ip_1port_ram.v(line number: 50)] Referenced port name 'rd_oce' was not defined in module 'ram_1port'
IP Compiler exited.
ADS Parser
I: Flow-6004: Design file modified: "J:/pds/ip_1port_ram/rtl/ip_1port_ram.v". 
Compiling architecture definition.
License checkout: fabric_ads
Compiling verification operator library.
Loading technology operator library.
Compiling technology operator library.
Compiling technology operator (valence) library.
ADS Parser
I: Flow-6004: Design file modified: "J:/pds/ip_1port_ram/rtl/ip_1port_ram.v". 
Compiling architecture definition.
License checkout: fabric_ads
Compiling verification operator library.
Loading technology operator library.
Compiling technology operator library.
Compiling technology operator (valence) library.


Process "Compile" started.
Current time: Wed Jul  6 13:52:13 2022
Compiling architecture definition.
Analyzing project file 'J:/pds/ip_1port_ram/prj/ip_1port_ram.pds'.
License checkout: fabric_ads
Compiling verification operator library.
Loading technology operator library.
Compiling technology operator library.
Compiling technology operator (valence) library.
Start rtl-analyze.
I: Enable Verilog2k features and keywords
Executing : .rtl_analyze -work work -include_path {J:/pds/ip_1port_ram/prj} J:/pds/ip_1port_ram/rtl/ip_1port_ram.v
I: Verilog-0001: Analyzing file J:/pds/ip_1port_ram/rtl/ip_1port_ram.v
I: Verilog-0002: [J:/pds/ip_1port_ram/rtl/ip_1port_ram.v(line number: 22)] Analyzing module ip_1port_ram (library work)
Parsing done.
Executing : .rtl_analyze -work work -include_path {J:/pds/ip_1port_ram/prj} J:/pds/ip_1port_ram/rtl/ip_1port_ram.v successfully.
Executing : .rtl_analyze -work work -include_path {J:/pds/ip_1port_ram/prj} J:/pds/ip_1port_ram/rtl/ram_rw.v
I: Verilog-0001: Analyzing file J:/pds/ip_1port_ram/rtl/ram_rw.v
I: Verilog-0002: [J:/pds/ip_1port_ram/rtl/ram_rw.v(line number: 23)] Analyzing module ram_rw (library work)
Parsing done.
Executing : .rtl_analyze -work work -include_path {J:/pds/ip_1port_ram/prj} J:/pds/ip_1port_ram/rtl/ram_rw.v successfully.
Executing : .rtl_analyze -include_path {J:/pds/ip_1port_ram/prj} J:/pds/ip_1port_ram/prj/ipcore/ram_1port/rtl/ipml_spram_v1_5_ram_1port.v
I: Verilog-0001: Analyzing file J:/pds/ip_1port_ram/prj/ipcore/ram_1port/rtl/ipml_spram_v1_5_ram_1port.v
I: Verilog-0002: [J:/pds/ip_1port_ram/prj/ipcore/ram_1port/rtl/ipml_spram_v1_5_ram_1port.v(line number: 19)] Analyzing module ipml_spram_v1_5_ram_1port (library work)
W: Verilog-2008: [J:/pds/ip_1port_ram/prj/ipcore/ram_1port/rtl/ipml_spram_v1_5_ram_1port.v(line number: 140)] Ignore 'system task' $display
W: Verilog-2008: [J:/pds/ip_1port_ram/prj/ipcore/ram_1port/rtl/ipml_spram_v1_5_ram_1port.v(line number: 144)] Ignore 'system task' $display
W: Verilog-2008: [J:/pds/ip_1port_ram/prj/ipcore/ram_1port/rtl/ipml_spram_v1_5_ram_1port.v(line number: 148)] Ignore 'system task' $display
W: Verilog-2008: [J:/pds/ip_1port_ram/prj/ipcore/ram_1port/rtl/ipml_spram_v1_5_ram_1port.v(line number: 149)] Ignore 'system task' $finish
W: Verilog-2008: [J:/pds/ip_1port_ram/prj/ipcore/ram_1port/rtl/ipml_spram_v1_5_ram_1port.v(line number: 152)] Ignore 'system task' $display
W: Verilog-2008: [J:/pds/ip_1port_ram/prj/ipcore/ram_1port/rtl/ipml_spram_v1_5_ram_1port.v(line number: 153)] Ignore 'system task' $finish
W: Verilog-2008: [J:/pds/ip_1port_ram/prj/ipcore/ram_1port/rtl/ipml_spram_v1_5_ram_1port.v(line number: 156)] Ignore 'system task' $display
W: Verilog-2008: [J:/pds/ip_1port_ram/prj/ipcore/ram_1port/rtl/ipml_spram_v1_5_ram_1port.v(line number: 157)] Ignore 'system task' $finish
W: Verilog-2008: [J:/pds/ip_1port_ram/prj/ipcore/ram_1port/rtl/ipml_spram_v1_5_ram_1port.v(line number: 160)] Ignore 'system task' $display
W: Verilog-2008: [J:/pds/ip_1port_ram/prj/ipcore/ram_1port/rtl/ipml_spram_v1_5_ram_1port.v(line number: 161)] Ignore 'system task' $finish
W: Verilog-2008: [J:/pds/ip_1port_ram/prj/ipcore/ram_1port/rtl/ipml_spram_v1_5_ram_1port.v(line number: 164)] Ignore 'system task' $display
W: Verilog-2008: [J:/pds/ip_1port_ram/prj/ipcore/ram_1port/rtl/ipml_spram_v1_5_ram_1port.v(line number: 165)] Ignore 'system task' $finish
W: Verilog-2008: [J:/pds/ip_1port_ram/prj/ipcore/ram_1port/rtl/ipml_spram_v1_5_ram_1port.v(line number: 168)] Ignore 'system task' $display
W: Verilog-2008: [J:/pds/ip_1port_ram/prj/ipcore/ram_1port/rtl/ipml_spram_v1_5_ram_1port.v(line number: 169)] Ignore 'system task' $finish
W: Verilog-2008: [J:/pds/ip_1port_ram/prj/ipcore/ram_1port/rtl/ipml_spram_v1_5_ram_1port.v(line number: 172)] Ignore 'system task' $display
W: Verilog-2008: [J:/pds/ip_1port_ram/prj/ipcore/ram_1port/rtl/ipml_spram_v1_5_ram_1port.v(line number: 173)] Ignore 'system task' $finish
W: Verilog-2008: [J:/pds/ip_1port_ram/prj/ipcore/ram_1port/rtl/ipml_spram_v1_5_ram_1port.v(line number: 176)] Ignore 'system task' $display
W: Verilog-2008: [J:/pds/ip_1port_ram/prj/ipcore/ram_1port/rtl/ipml_spram_v1_5_ram_1port.v(line number: 177)] Ignore 'system task' $finish
W: Verilog-2008: [J:/pds/ip_1port_ram/prj/ipcore/ram_1port/rtl/ipml_spram_v1_5_ram_1port.v(line number: 180)] Ignore 'system task' $display
W: Verilog-2008: [J:/pds/ip_1port_ram/prj/ipcore/ram_1port/rtl/ipml_spram_v1_5_ram_1port.v(line number: 181)] Ignore 'system task' $finish
W: Verilog-2008: [J:/pds/ip_1port_ram/prj/ipcore/ram_1port/rtl/ipml_spram_v1_5_ram_1port.v(line number: 184)] Ignore 'system task' $display
W: Verilog-2008: [J:/pds/ip_1port_ram/prj/ipcore/ram_1port/rtl/ipml_spram_v1_5_ram_1port.v(line number: 185)] Ignore 'system task' $finish
W: Verilog-2008: [J:/pds/ip_1port_ram/prj/ipcore/ram_1port/rtl/ipml_spram_v1_5_ram_1port.v(line number: 188)] Ignore 'system task' $display
W: Verilog-2008: [J:/pds/ip_1port_ram/prj/ipcore/ram_1port/rtl/ipml_spram_v1_5_ram_1port.v(line number: 189)] Ignore 'system task' $finish
W: Verilog-2008: [J:/pds/ip_1port_ram/prj/ipcore/ram_1port/rtl/ipml_spram_v1_5_ram_1port.v(line number: 192)] Ignore 'system task' $display
W: Verilog-2008: [J:/pds/ip_1port_ram/prj/ipcore/ram_1port/rtl/ipml_spram_v1_5_ram_1port.v(line number: 193)] Ignore 'system task' $finish
W: Verilog-2008: [J:/pds/ip_1port_ram/prj/ipcore/ram_1port/rtl/ipml_spram_v1_5_ram_1port.v(line number: 197)] Ignore 'system task' $display
W: Verilog-2008: [J:/pds/ip_1port_ram/prj/ipcore/ram_1port/rtl/ipml_spram_v1_5_ram_1port.v(line number: 198)] Ignore 'system task' $finish
W: Verilog-2008: [J:/pds/ip_1port_ram/prj/ipcore/ram_1port/rtl/ipml_spram_v1_5_ram_1port.v(line number: 201)] Ignore 'system task' $display
W: Verilog-2008: [J:/pds/ip_1port_ram/prj/ipcore/ram_1port/rtl/ipml_spram_v1_5_ram_1port.v(line number: 202)] Ignore 'system task' $finish
W: Verilog-2008: [J:/pds/ip_1port_ram/prj/ipcore/ram_1port/rtl/ipml_spram_v1_5_ram_1port.v(line number: 206)] Ignore 'system task' $display
W: Verilog-2008: [J:/pds/ip_1port_ram/prj/ipcore/ram_1port/rtl/ipml_spram_v1_5_ram_1port.v(line number: 207)] Ignore 'system task' $finish
W: Verilog-2008: [J:/pds/ip_1port_ram/prj/ipcore/ram_1port/rtl/ipml_spram_v1_5_ram_1port.v(line number: 214)] Ignore 'system task' $display
W: Verilog-2008: [J:/pds/ip_1port_ram/prj/ipcore/ram_1port/rtl/ipml_spram_v1_5_ram_1port.v(line number: 215)] Ignore 'system task' $finish
W: Verilog-2010: [J:/pds/ip_1port_ram/prj/ipcore/ram_1port/rtl/ipml_spram_v1_5_ram_1port.v(line number: 138)] Ignore initial statements except memory $readmemh/$readmemb initialization statements
Parsing done.
Executing : .rtl_analyze -include_path {J:/pds/ip_1port_ram/prj} J:/pds/ip_1port_ram/prj/ipcore/ram_1port/rtl/ipml_spram_v1_5_ram_1port.v successfully.
Executing : .rtl_analyze -include_path {J:/pds/ip_1port_ram/prj} J:/pds/ip_1port_ram/prj/ipcore/ram_1port/ram_1port.v
I: Verilog-0001: Analyzing file J:/pds/ip_1port_ram/prj/ipcore/ram_1port/ram_1port.v
I: Verilog-0002: [J:/pds/ip_1port_ram/prj/ipcore/ram_1port/ram_1port.v(line number: 18)] Analyzing module ram_1port (library work)
Parsing done.
Executing : .rtl_analyze -include_path {J:/pds/ip_1port_ram/prj} J:/pds/ip_1port_ram/prj/ipcore/ram_1port/ram_1port.v successfully.
I: Module "ip_1port_ram" is set as top module.
Executing : rtl-analyze successfully. Time elapsed: 0.830s wall, 0.016s user + 0.016s system = 0.031s CPU (3.8%)

Start rtl-elaborate.
I: Verilog-0003: [J:/pds/ip_1port_ram/rtl/ip_1port_ram.v(line number: 22)] Elaborating module ip_1port_ram
I: Verilog-0004: [J:/pds/ip_1port_ram/rtl/ip_1port_ram.v(line number: 50)] Elaborating instance u_ram_1port
I: Verilog-0003: [J:/pds/ip_1port_ram/prj/ipcore/ram_1port/ram_1port.v(line number: 18)] Elaborating module ram_1port
I: Verilog-0004: [J:/pds/ip_1port_ram/prj/ipcore/ram_1port/ram_1port.v(line number: 126)] Elaborating instance U_ipml_spram_ram_1port
I: Verilog-0003: [J:/pds/ip_1port_ram/prj/ipcore/ram_1port/rtl/ipml_spram_v1_5_ram_1port.v(line number: 19)] Elaborating module ipml_spram_v1_5_ram_1port
I: Module instance {ip_1port_ram.u_ram_1port.U_ipml_spram_ram_1port} parameter value:
    c_SIM_DEVICE = PGL22G
    c_ADDR_WIDTH = 32'b00000000000000000000000000000101
    c_DATA_WIDTH = 32'b00000000000000000000000000001000
    c_OUTPUT_REG = 32'b00000000000000000000000000000000
    c_RD_OCE_EN = 32'b00000000000000000000000000000000
    c_CLK_EN = 32'b00000000000000000000000000000000
    c_ADDR_STROBE_EN = 32'b00000000000000000000000000000000
    c_RESET_TYPE = ASYNC_RESET
    c_POWER_OPT = 32'b00000000000000000000000000000000
    c_CLK_OR_POL_INV = 32'b00000000000000000000000000000000
    c_INIT_FILE = NONE
    c_INIT_FORMAT = BIN
    c_WR_BYTE_EN = 32'b00000000000000000000000000000000
    c_BE_WIDTH = 32'b00000000000000000000000000000001
    c_RAM_MODE = SINGLE_PORT
    c_WRITE_MODE = NORMAL_WRITE
C: [J:/pds/ip_1port_ram/prj/ipcore/ram_1port/rtl/ipml_spram_v1_5_ram_1port.v(line number: 140)] IPSpecCheck: 01030300 ipml_flex_spram parameter setting error !!!: c_ADDR_WIDTH must between 8-20 (module instance : ip_1port_ram.u_ram_1port.U_ipml_spram_ram_1port)
W: Verilog-2038: [J:/pds/ip_1port_ram/prj/ipcore/ram_1port/rtl/ipml_spram_v1_5_ram_1port.v(line number: 265)] Case condition never applies
W: Verilog-2038: [J:/pds/ip_1port_ram/prj/ipcore/ram_1port/rtl/ipml_spram_v1_5_ram_1port.v(line number: 269)] Case condition never applies
W: Verilog-2038: [J:/pds/ip_1port_ram/prj/ipcore/ram_1port/rtl/ipml_spram_v1_5_ram_1port.v(line number: 273)] Case condition never applies
W: Verilog-2038: [J:/pds/ip_1port_ram/prj/ipcore/ram_1port/rtl/ipml_spram_v1_5_ram_1port.v(line number: 277)] Case condition never applies
W: Verilog-2038: [J:/pds/ip_1port_ram/prj/ipcore/ram_1port/rtl/ipml_spram_v1_5_ram_1port.v(line number: 277)] Case condition never applies
W: Verilog-2038: [J:/pds/ip_1port_ram/prj/ipcore/ram_1port/rtl/ipml_spram_v1_5_ram_1port.v(line number: 281)] Case condition never applies
W: Verilog-2038: [J:/pds/ip_1port_ram/prj/ipcore/ram_1port/rtl/ipml_spram_v1_5_ram_1port.v(line number: 281)] Case condition never applies
I: Verilog-0004: [J:/pds/ip_1port_ram/prj/ipcore/ram_1port/rtl/ipml_spram_v1_5_ram_1port.v(line number: 512)] Elaborating instance U_GTP_DRM9K
W: Verilog-2020: [J:/pds/ip_1port_ram/prj/ipcore/ram_1port/rtl/ipml_spram_v1_5_ram_1port.v(line number: 426)] Net DA_bus[8] in ipml_spram_v1_5_ram_1port(original module ipml_spram_v1_5_ram_1port) does not have a driver, tie it to 0
W: Verilog-2020: [J:/pds/ip_1port_ram/prj/ipcore/ram_1port/rtl/ipml_spram_v1_5_ram_1port.v(line number: 426)] Net DA_bus[17] in ipml_spram_v1_5_ram_1port(original module ipml_spram_v1_5_ram_1port) does not have a driver, tie it to 0
W: Verilog-2020: [J:/pds/ip_1port_ram/prj/ipcore/ram_1port/rtl/ipml_spram_v1_5_ram_1port.v(line number: 427)] Net DB_bus[8] in ipml_spram_v1_5_ram_1port(original module ipml_spram_v1_5_ram_1port) does not have a driver, tie it to 0
W: Verilog-2020: [J:/pds/ip_1port_ram/prj/ipcore/ram_1port/rtl/ipml_spram_v1_5_ram_1port.v(line number: 427)] Net DB_bus[17] in ipml_spram_v1_5_ram_1port(original module ipml_spram_v1_5_ram_1port) does not have a driver, tie it to 0
I: Verilog-0004: [J:/pds/ip_1port_ram/rtl/ip_1port_ram.v(line number: 59)] Elaborating instance u_ram_rw
I: Verilog-0003: [J:/pds/ip_1port_ram/rtl/ram_rw.v(line number: 23)] Elaborating module ram_rw
Executing : rtl-elaborate successfully. Time elapsed: 0.024s wall, 0.016s user + 0.000s system = 0.016s CPU (64.2%)

Start rtl-prep.
Executing : rtl-prep successfully. Time elapsed: 0.007s wall, 0.000s user + 0.000s system = 0.000s CPU (n/a%)

Start rtl-infer.
Executing : rtl-infer successfully. Time elapsed: 0.029s wall, 0.016s user + 0.016s system = 0.031s CPU (107.2%)

Start rtl-control-opt.
Executing : rtl-control-opt successfully. Time elapsed: 0.000s wall, 0.000s user + 0.000s system = 0.000s CPU (n/a%)

Start rtl-data-opt.
Executing : rtl-data-opt successfully. Time elapsed: 0.003s wall, 0.016s user + 0.000s system = 0.016s CPU (538.7%)

Start FSM inference.
Executing : FSM inference successfully. Time elapsed: 0.000s wall, 0.000s user + 0.000s system = 0.000s CPU (n/a%)

Start sdm2adm.
I: Constant propagation done on N106 (bmsWIDEINV).
I: Constant propagation done on N109 (bmsREDAND).
I: Constant propagation done on N83 (bmsREDAND).
I: Constant propagation done on N84 (bmsREDAND).
Executing : sdm2adm successfully. Time elapsed: 0.010s wall, 0.000s user + 0.000s system = 0.000s CPU (n/a%)

Saving design to DB.
Action compile: Real time elapsed is 3.000 sec
Action compile: CPU time elapsed is 1.420 sec
Action compile: Process CPU time elapsed is 1.420 sec
Current time: Wed Jul  6 13:52:15 2022
Action compile: Peak memory pool usage is 104,722,432 bytes
Process "Compile" done.


Process "Synthesize" started.
Current time: Wed Jul  6 13:52:15 2022
Compiling architecture definition.
Analyzing project file 'J:/pds/ip_1port_ram/prj/ip_1port_ram.pds'.
License checkout: fabric_ads
Compiling verification operator library.
Compiling common defs.
Loading technology operator library.
Compiling technology operator library.
Compiling technology operator (valence) library.
Reading design from compile DB
Reading design from compile DB successfully.
NOTE: The technology fpga was specified.
NOTE: delay_model specified was generic_cmos.
NOTE: Using the fpga syntax tables...
Totals:
 Calls to malloc = 0
 Calls to calloc = 350860

Constraint check start.
Compiling prim grid devices.
Building architecture model.
Loading device packaging model.
Building architecture floorplan logic view.
Executing : get_ports sys_clk
Executing : get_ports sys_clk successfully.
Executing : create_clock -name clk [get_ports sys_clk] -period 20 -waveform {0.000 10.000}
Executing : create_clock -name clk [get_ports sys_clk] -period 20 -waveform {0.000 10.000} successfully.
W: ConstraintEditor-4019: Port 'addra_tb[0]' unspecified I/O constraint.
W: ConstraintEditor-4019: Port 'addra_tb[1]' unspecified I/O constraint.
W: ConstraintEditor-4019: Port 'addra_tb[2]' unspecified I/O constraint.
W: ConstraintEditor-4019: Port 'addra_tb[3]' unspecified I/O constraint.
W: ConstraintEditor-4019: Port 'addra_tb[4]' unspecified I/O constraint.
W: ConstraintEditor-4019: Port 'dina_tb[0]' unspecified I/O constraint.
W: ConstraintEditor-4019: Port 'dina_tb[1]' unspecified I/O constraint.
W: ConstraintEditor-4019: Port 'dina_tb[2]' unspecified I/O constraint.
W: ConstraintEditor-4019: Port 'dina_tb[3]' unspecified I/O constraint.
W: ConstraintEditor-4019: Port 'dina_tb[4]' unspecified I/O constraint.
W: ConstraintEditor-4019: Port 'dina_tb[5]' unspecified I/O constraint.
W: ConstraintEditor-4019: Port 'dina_tb[6]' unspecified I/O constraint.
W: ConstraintEditor-4019: Port 'dina_tb[7]' unspecified I/O constraint.
W: ConstraintEditor-4019: Port 'douta_tb[0]' unspecified I/O constraint.
W: ConstraintEditor-4019: Port 'douta_tb[1]' unspecified I/O constraint.
W: ConstraintEditor-4019: Port 'douta_tb[2]' unspecified I/O constraint.
W: ConstraintEditor-4019: Port 'douta_tb[3]' unspecified I/O constraint.
W: ConstraintEditor-4019: Port 'douta_tb[4]' unspecified I/O constraint.
W: ConstraintEditor-4019: Port 'douta_tb[5]' unspecified I/O constraint.
W: ConstraintEditor-4019: Port 'douta_tb[6]' unspecified I/O constraint.
W: ConstraintEditor-4019: Port 'douta_tb[7]' unspecified I/O constraint.
W: ConstraintEditor-4019: Port 'ena_tb' unspecified I/O constraint.
W: ConstraintEditor-4019: Port 'wea_tb' unspecified I/O constraint.
Constraint check end.
Start pre-mapping.
I: Constant propagation done on u_ram_1port/U_ipml_spram_ram_1port/N62 (bmsREDAND).
Executing : pre-mapping successfully. Time elapsed: 0.008s wall, 0.000s user + 0.000s system = 0.000s CPU (n/a%)

Start mod-gen.
I: Constant propagation done on u_ram_rw/N1_eq0 (bmsREDXOR).
I: Constant propagation done on u_ram_rw/N1_mux0 (bmsWIDEMUX).
I: Constant propagation done on u_ram_rw/N1_eq1 (bmsREDXOR).
I: Constant propagation done on u_ram_rw/N1_eq2 (bmsREDXOR).
I: Adm-6003: Trying to disconnect un-connected pin 'Z[0]' of instance 'u_ram_rw/N1_mux2'.
I: Constant propagation done on u_ram_rw/N1_mux2 (bmsWIDEMUX).
I: Constant propagation done on u_ram_rw/N1_eq3 (bmsREDXOR).
I: Constant propagation done on u_ram_rw/N1_eq4 (bmsREDXOR).
I: Adm-6003: Trying to disconnect un-connected pin 'Z[0]' of instance 'u_ram_rw/N1_mux4'.
I: Constant propagation done on u_ram_rw/N1_mux4 (bmsWIDEMUX).
I: Constant propagation done on u_ram_rw/N1_eq5 (bmsREDXOR).
I: Adm-6003: Trying to disconnect un-connected pin 'Z[0]' of instance 'u_ram_rw/N1_mux3'.
I: Adm-6003: Trying to disconnect un-connected pin 'Z[0]' of instance 'u_ram_rw/N1_mux5'.
Executing : mod-gen successfully. Time elapsed: 0.017s wall, 0.016s user + 0.000s system = 0.016s CPU (94.3%)

Start logic-optimization.
I: Adm-6003: Trying to disconnect un-connected pin 'Z[0]' of instance 'u_ram_rw/N40[0]'.
I: Adm-6003: Trying to disconnect un-connected pin 'Z[0]' of instance 'u_ram_rw/N40[1]'.
I: Adm-6003: Trying to disconnect un-connected pin 'Z[0]' of instance 'u_ram_rw/N40[2]'.
I: Adm-6003: Trying to disconnect un-connected pin 'Z[0]' of instance 'u_ram_rw/N40[3]'.
I: Adm-6003: Trying to disconnect un-connected pin 'Z[0]' of instance 'u_ram_rw/N40[4]'.
I: Adm-6003: Trying to disconnect un-connected pin 'Z[0]' of instance 'u_ram_rw/N40[5]'.
I: Adm-6003: Trying to disconnect un-connected pin 'Z[0]' of instance 'u_ram_rw/N40[6]'.
I: Adm-6003: Trying to disconnect un-connected pin 'Z[0]' of instance 'u_ram_rw/N40[7]'.
Executing : logic-optimization successfully. Time elapsed: 0.027s wall, 0.000s user + 0.031s system = 0.031s CPU (115.2%)

Start tech-mapping phase 1.
I: Adm-6003: Trying to disconnect un-connected pin 'Z[0]' of instance 'u_ram_rw/N40[0]_1'.
I: Adm-6003: Trying to disconnect un-connected pin 'Z[0]' of instance 'u_ram_rw/N40[1]_1'.
I: Adm-6003: Trying to disconnect un-connected pin 'Z[0]' of instance 'u_ram_rw/N40[2]_1'.
I: Adm-6003: Trying to disconnect un-connected pin 'Z[0]' of instance 'u_ram_rw/N40[3]_1'.
I: Adm-6003: Trying to disconnect un-connected pin 'Z[0]' of instance 'u_ram_rw/N40[4]_1'.
I: Adm-6003: Trying to disconnect un-connected pin 'Z[0]' of instance 'u_ram_rw/N40[5]_1'.
I: Adm-6003: Trying to disconnect un-connected pin 'Z[0]' of instance 'u_ram_rw/N40[6]_1'.
I: Adm-6003: Trying to disconnect un-connected pin 'Z[0]' of instance 'u_ram_rw/N40[7]_1'.
Executing : tech-mapping phase 1 successfully. Time elapsed: 0.008s wall, 0.016s user + 0.000s system = 0.016s CPU (196.7%)

Start tech-mapping phase 2.
Executing : tech-mapping phase 2 successfully. Time elapsed: 0.068s wall, 0.047s user + 0.016s system = 0.062s CPU (92.1%)

Start tech-optimization.
Executing : tech-optimization successfully. Time elapsed: 0.020s wall, 0.016s user + 0.000s system = 0.016s CPU (79.1%)

Start phys-optimization.
Executing : phys-optimization successfully. Time elapsed: 0.000s wall, 0.000s user + 0.000s system = 0.000s CPU (n/a%)

Start restore-hierarchy.
Executing : restore-hierarchy successfully. Time elapsed: 0.002s wall, 0.000s user + 0.000s system = 0.000s CPU (n/a%)

W: Unable to honor max fanout constraint for gtp_inv driven net N1
W: Unable to honor max fanout constraint for gtp_inv driven net N1

Cell Usage:
GTP_DFF_C                    19 uses
GTP_DRM9K                     1 use
GTP_GRS                       1 use
GTP_INV                       2 uses
GTP_LUT1                      2 uses
GTP_LUT2                      3 uses
GTP_LUT3                      1 use
GTP_LUT4                      1 use
GTP_LUT5                      1 use
GTP_LUT5CARRY                12 uses

I/O ports: 25
GTP_INBUF                   2 uses
GTP_OUTBUF                 23 uses

Mapping Summary:
Total LUTs: 20 of 17536 (0.11%)
	LUTs as dram: 0 of 4440 (0.00%)
	LUTs as logic: 20
Total Registers: 19 of 26304 (0.07%)
Total Latches: 0

DRM18K:
Total DRM18K = 0.5 of 48 (1.04%)

APMs:
Total APMs = 0.00 of 30 (0.00%)

Total I/O ports = 25 of 240 (10.42%)

Design 'ip_1port_ram' has been successfully synthesized to architecture-specific objects.
Saving design to DB.
Saving design to ip_1port_ram_syn.vm
Constructing timing graph ...
Timing graph has been constructed successfully
W: Timing-4087: Port 'addra_tb[0]' is not constrained, it is treated as combinational output.
W: Timing-4087: Port 'addra_tb[1]' is not constrained, it is treated as combinational output.
W: Timing-4087: Port 'addra_tb[2]' is not constrained, it is treated as combinational output.
W: Timing-4087: Port 'addra_tb[3]' is not constrained, it is treated as combinational output.
W: Timing-4087: Port 'addra_tb[4]' is not constrained, it is treated as combinational output.
W: Timing-4087: Port 'dina_tb[0]' is not constrained, it is treated as combinational output.
W: Timing-4087: Port 'dina_tb[1]' is not constrained, it is treated as combinational output.
W: Timing-4087: Port 'dina_tb[2]' is not constrained, it is treated as combinational output.
W: Timing-4087: Port 'dina_tb[3]' is not constrained, it is treated as combinational output.
W: Timing-4087: Port 'dina_tb[4]' is not constrained, it is treated as combinational output.
W: Timing-4087: Port 'dina_tb[5]' is not constrained, it is treated as combinational output.
W: Timing-4087: Port 'dina_tb[6]' is not constrained, it is treated as combinational output.
W: Timing-4087: Port 'dina_tb[7]' is not constrained, it is treated as combinational output.
W: Timing-4087: Port 'douta_tb[0]' is not constrained, it is treated as combinational output.
W: Timing-4087: Port 'douta_tb[1]' is not constrained, it is treated as combinational output.
W: Timing-4087: Port 'douta_tb[2]' is not constrained, it is treated as combinational output.
W: Timing-4087: Port 'douta_tb[3]' is not constrained, it is treated as combinational output.
W: Timing-4087: Port 'douta_tb[4]' is not constrained, it is treated as combinational output.
W: Timing-4087: Port 'douta_tb[5]' is not constrained, it is treated as combinational output.
W: Timing-4087: Port 'douta_tb[6]' is not constrained, it is treated as combinational output.
W: Timing-4087: Port 'douta_tb[7]' is not constrained, it is treated as combinational output.
W: Timing-4087: Port 'ena_tb' is not constrained, it is treated as combinational output.
W: Timing-4087: Port 'wea_tb' is not constrained, it is treated as combinational output.
W: Timing-4086: Port 'sys_rst_n' is not constrained, it is treated as combinational input.
Action synthesize: Real time elapsed is 5.000 sec
Action synthesize: CPU time elapsed is 3.338 sec
Action synthesize: Process CPU time elapsed is 3.338 sec
Current time: Wed Jul  6 13:52:19 2022
Action synthesize: Peak memory pool usage is 204,156,928 bytes
Process "Synthesize" done.


Process "Device Map" started.
Current time: Wed Jul  6 13:52:19 2022
Compiling architecture definition.
Analyzing project file 'J:/pds/ip_1port_ram/prj/ip_1port_ram.pds'.
Compiling verification operator library.
Compiling common defs.
Loading technology operator library.
Compiling technology operator library.
Compiling technology operator (valence) library.
Compiling operator packing rules.
Compiling prim grid devices.
Compiling gate devices.
Compiling gate operators.
Compiling tech operator impls.
Building architecture model.
Loading device packaging model.
I: Parameter configuration file J:/pds/ip_1port_ram/prj/testparam.txt cannot open.
Reading design from translate DB.
NOTE: The technology fpga was specified.
NOTE: delay_model specified was generic_cmos.
NOTE: Using the fpga syntax tables...
Totals:
 Calls to malloc = 0
 Calls to calloc = 350860

License checkout: fabric_inserter
Generating cores. Please be patient as this can take several minutes...
  >Generating core DebugCore0...
  >Running ADS for debugcore...
  >Making net connections...
Core Insertion Complete.
Flattening design 'ip_1port_ram'
W: Public-4008: Instance 'u_CORES/u_debug_core_0/u_hub_data_decode/conf_rden[1]' of 'GTP_DFF_C' unit is dangling and will be cleaned.
W: Public-4008: Instance 'u_CORES/u_debug_core_0/u_hub_data_decode/conf_rden[2]' of 'GTP_DFF_C' unit is dangling and will be cleaned.
W: Public-4008: Instance 'u_CORES/u_debug_core_0/u_hub_data_decode/conf_rden[3]' of 'GTP_DFF_C' unit is dangling and will be cleaned.
W: Public-4008: Instance 'u_CORES/u_debug_core_0/u_hub_data_decode/conf_rden[4]' of 'GTP_DFF_C' unit is dangling and will be cleaned.
W: Public-4008: Instance 'u_CORES/u_debug_core_0/u_hub_data_decode/conf_rden[5]' of 'GTP_DFF_C' unit is dangling and will be cleaned.
W: Public-4008: Instance 'u_CORES/u_debug_core_0/u_hub_data_decode/conf_rden[6]' of 'GTP_DFF_C' unit is dangling and will be cleaned.
W: Public-4008: Instance 'u_CORES/u_debug_core_0/u_hub_data_decode/conf_rden[7]' of 'GTP_DFF_C' unit is dangling and will be cleaned.
W: Public-4008: Instance 'u_CORES/u_debug_core_0/u_hub_data_decode/conf_rden[8]' of 'GTP_DFF_C' unit is dangling and will be cleaned.
W: Public-4008: Instance 'u_CORES/u_debug_core_0/u_hub_data_decode/conf_rden[9]' of 'GTP_DFF_C' unit is dangling and will be cleaned.
W: Public-4008: Instance 'u_CORES/u_debug_core_0/u_hub_data_decode/conf_rden[10]' of 'GTP_DFF_C' unit is dangling and will be cleaned.
W: Public-4008: Instance 'u_CORES/u_debug_core_0/u_hub_data_decode/conf_rden[11]' of 'GTP_DFF_C' unit is dangling and will be cleaned.
W: Public-4008: Instance 'u_CORES/u_debug_core_0/u_hub_data_decode/conf_rden[12]' of 'GTP_DFF_C' unit is dangling and will be cleaned.
W: Public-4008: Instance 'u_CORES/u_debug_core_0/u_hub_data_decode/conf_rden[13]' of 'GTP_DFF_C' unit is dangling and will be cleaned.
W: Public-4008: Instance 'u_CORES/u_debug_core_0/u_hub_data_decode/conf_rden[14]' of 'GTP_DFF_C' unit is dangling and will be cleaned.
W: Public-4008: Instance 'u_CORES/u_debug_core_0/u_hub_data_decode/conf_rden[15]' of 'GTP_DFF_C' unit is dangling and will be cleaned.
W: Public-4008: Instance 'u_CORES/u_debug_core_0/u_hub_data_decode/conf_rden[17]' of 'GTP_DFF_C' unit is dangling and will be cleaned.
W: Public-4008: Instance 'u_CORES/u_debug_core_0/u_hub_data_decode/conf_rden[19]' of 'GTP_DFF_C' unit is dangling and will be cleaned.
W: Public-4008: Instance 'u_CORES/u_debug_core_0/u_hub_data_decode/conf_sel_int[1]' of 'GTP_DFF_C' unit is dangling and will be cleaned.
W: Public-4008: Instance 'u_CORES/u_debug_core_0/u_hub_data_decode/conf_sel_int[2]' of 'GTP_DFF_C' unit is dangling and will be cleaned.
W: Public-4008: Instance 'u_CORES/u_debug_core_0/u_hub_data_decode/conf_sel_int[3]' of 'GTP_DFF_C' unit is dangling and will be cleaned.
W: Public-4008: Instance 'u_CORES/u_debug_core_0/u_hub_data_decode/conf_sel_int[4]' of 'GTP_DFF_C' unit is dangling and will be cleaned.
W: Public-4008: Instance 'u_CORES/u_debug_core_0/u_hub_data_decode/conf_sel_int[5]' of 'GTP_DFF_C' unit is dangling and will be cleaned.
W: Public-4008: Instance 'u_CORES/u_debug_core_0/u_hub_data_decode/conf_sel_int[6]' of 'GTP_DFF_C' unit is dangling and will be cleaned.
W: Public-4008: Instance 'u_CORES/u_debug_core_0/u_hub_data_decode/conf_sel_int[7]' of 'GTP_DFF_C' unit is dangling and will be cleaned.
W: Public-4008: Instance 'u_CORES/u_debug_core_0/u_hub_data_decode/conf_sel_int[8]' of 'GTP_DFF_C' unit is dangling and will be cleaned.
W: Public-4008: Instance 'u_CORES/u_debug_core_0/u_hub_data_decode/conf_sel_int[9]' of 'GTP_DFF_C' unit is dangling and will be cleaned.
W: Public-4008: Instance 'u_CORES/u_debug_core_0/u_hub_data_decode/conf_sel_int[10]' of 'GTP_DFF_C' unit is dangling and will be cleaned.
W: Public-4008: Instance 'u_CORES/u_debug_core_0/u_hub_data_decode/conf_sel_int[11]' of 'GTP_DFF_C' unit is dangling and will be cleaned.
W: Public-4008: Instance 'u_CORES/u_debug_core_0/u_hub_data_decode/conf_sel_int[12]' of 'GTP_DFF_C' unit is dangling and will be cleaned.
W: Public-4008: Instance 'u_CORES/u_debug_core_0/u_hub_data_decode/conf_sel_int[13]' of 'GTP_DFF_C' unit is dangling and will be cleaned.
W: Public-4008: Instance 'u_CORES/u_debug_core_0/u_hub_data_decode/conf_sel_int[14]' of 'GTP_DFF_C' unit is dangling and will be cleaned.
W: Public-4008: Instance 'u_CORES/u_debug_core_0/u_hub_data_decode/conf_sel_int[15]' of 'GTP_DFF_C' unit is dangling and will be cleaned.
W: Public-4008: Instance 'u_CORES/u_debug_core_0/u_hub_data_decode/conf_sel_int[17]' of 'GTP_DFF_C' unit is dangling and will be cleaned.
W: Public-4008: Instance 'u_CORES/u_debug_core_0/u_hub_data_decode/conf_sel_int[19]' of 'GTP_DFF_C' unit is dangling and will be cleaned.
Device mapping started.
Optimizing circuit logic.
Checking design netlist.
Processing tech operator.
I: The instance clkbufg_3(GTP_CLKBUFG) has been inserted on the net u_CORES/capt_o in design, driver pin CAPDR(instance u_CORES/u_GTP_SCANCHAIN_PG) -> load pin CLK(instance u_CORES/u_debug_core_0/u_hub_data_decode/id_sample.conf_id[0]).
I: The instance clkbufg_4(GTP_CLKBUFG) has been inserted on the net u_CORES/drck_o in design, driver pin TCK_USER(instance u_CORES/u_GTP_SCANCHAIN_PG) -> load pin CLK(instance u_CORES/u_debug_core_0/u0_trig_unit/conf_reg[0]).
I: The instance clkbufg_5(GTP_CLKBUFG) has been inserted on the net nt_sys_clk in design, driver pin O(instance sys_clk_ibuf) -> load pin CLK(instance u_CORES/u_debug_core_0/DATA_ff[0][0]).
Converting tech operator to gate operator.
Processing gate operator.
I: Infer CARRY group, base inst: u_ram_rw/N13_1_1/gateop, insts:5.
I: Infer CARRY group, base inst: u_ram_rw/N22_1_1/gateop, insts:7.
I: Infer CARRY group, base inst: u_CORES/u_debug_core_0/u_Storage_Condition/N257_1_0/gateop, insts:11.
I: Infer CARRY group, base inst: u_CORES/u_debug_core_0/u_Storage_Condition/N276_1.fsub_1/gateop, insts:10.
I: Infer CARRY group, base inst: u_CORES/u_debug_core_0/u_Storage_Condition/N309_1_1/gateop, insts:10.
I: Infer CARRY group, base inst: u_CORES/u_debug_core_0/u_Storage_Condition/N318_1_1/gateop, insts:10.
I: Infer CARRY group, base inst: u_CORES/u_debug_core_0/u_rd_addr_gen/N2_1_1/gateop, insts:7.
I: Infer CARRY group, base inst: u_CORES/u_debug_core_0/u_rd_addr_gen/N38_1_1/gateop, insts:10.
I: Infer CARRY group, base inst: u_CORES/u_debug_core_0/u0_trig_unit/u_cfg_reg_file/N164_1_0/gateop, insts:7.
Device mapping done.
Total device mapping takes 0.22 sec.

Device Utilization Summary:
+-------------------------------------------------------------------------+
| Logic Utilization     | Used     | Available     | Utilization(%)     
+-------------------------------------------------------------------------+
| APM                   | 0        | 30            | 0                   
| IOCKDLY               | 0        | 24            | 0                   
| FF                    | 581      | 26304         | 3                   
| LUT                   | 572      | 17536         | 4                   
| Distributed RAM       | 0        | 4440          | 0                   
| DLL                   | 0        | 6             | 0                   
| DQSL                  | 0        | 18            | 0                   
| DRM                   | 3.5      | 48            | 8                   
| FUSECODE              | 0        | 1             | 0                   
| IO                    | 25       | 240           | 11                  
| IOCKDIV               | 0        | 12            | 0                   
| IOCKGATE              | 0        | 12            | 0                   
| IPAL                  | 0        | 1             | 0                   
| PLL                   | 0        | 6             | 0                   
| RCKB                  | 0        | 24            | 0                   
| SCANCHAIN             | 1        | 4             | 25                  
| START                 | 0        | 1             | 0                   
| USCM                  | 3        | 20            | 15                  
| HMEMC                 | 0        | 2             | 0                   
| OSC                   | 0        | 1             | 0                   
| ADC                   | 0        | 1             | 0                   
| CRYSTAL               | 0        | 6             | 0                   
| FLSIF                 | 0        | 1             | 0                   
| RESCAL                | 0        | 6             | 0                   
| UDID                  | 0        | 1             | 0                   
+-------------------------------------------------------------------------+

Design 'ip_1port_ram' has been successfully mapped to architecture-specific objects.
Saving design to DB.
W: Public-4010: Pcf file J:/pds/ip_1port_ram/prj/device_map/ip_1port_ram.pcf has been covered.
Action dev_map: Real time elapsed is 19.000 sec
Action dev_map: CPU time elapsed is 4.290 sec
Action dev_map: Process CPU time elapsed is 4.290 sec
Current time: Wed Jul  6 13:52:37 2022
Action dev_map: Peak memory pool usage is 204,382,208 bytes
Process "Device Map" done.


Process "Place & Route" started.
Current time: Wed Jul  6 13:52:37 2022
Compiling architecture definition.
Analyzing project file 'J:/pds/ip_1port_ram/prj/ip_1port_ram.pds'.
Compiling verification operator library.
Compiling common defs.
Compiling prim grid devices.
Compiling gate devices.
Compiling gate operators.
Building architecture model.
Loading device packaging model.
I: Parameter configuration file J:/pds/ip_1port_ram/prj/testparam.txt cannot open.
Building architecture floorplan logic view.
Executing : apply_constraint -f J:/pds/ip_1port_ram/prj/device_map/ip_1port_ram.pcf
Constraint check start.
Executing : def_port sys_clk -LOC B5 -VCCIO 3.3 -IOSTANDARD LVCMOS33 -BUS_KEEPER NONE
Executing : def_port sys_clk -LOC B5 -VCCIO 3.3 -IOSTANDARD LVCMOS33 -BUS_KEEPER NONE successfully.
Executing : def_port sys_rst_n -LOC F2 -VCCIO 1.5 -IOSTANDARD LVCMOS15 -BUS_KEEPER NONE
Executing : def_port sys_rst_n -LOC F2 -VCCIO 1.5 -IOSTANDARD LVCMOS15 -BUS_KEEPER NONE successfully.
W: ConstraintEditor-4019: Port 'addra_tb[0]' unspecified I/O constraint.
W: ConstraintEditor-4019: Port 'addra_tb[1]' unspecified I/O constraint.
W: ConstraintEditor-4019: Port 'addra_tb[2]' unspecified I/O constraint.
W: ConstraintEditor-4019: Port 'addra_tb[3]' unspecified I/O constraint.
W: ConstraintEditor-4019: Port 'addra_tb[4]' unspecified I/O constraint.
W: ConstraintEditor-4019: Port 'dina_tb[0]' unspecified I/O constraint.
W: ConstraintEditor-4019: Port 'dina_tb[1]' unspecified I/O constraint.
W: ConstraintEditor-4019: Port 'dina_tb[2]' unspecified I/O constraint.
W: ConstraintEditor-4019: Port 'dina_tb[3]' unspecified I/O constraint.
W: ConstraintEditor-4019: Port 'dina_tb[4]' unspecified I/O constraint.
W: ConstraintEditor-4019: Port 'dina_tb[5]' unspecified I/O constraint.
W: ConstraintEditor-4019: Port 'dina_tb[6]' unspecified I/O constraint.
W: ConstraintEditor-4019: Port 'dina_tb[7]' unspecified I/O constraint.
W: ConstraintEditor-4019: Port 'douta_tb[0]' unspecified I/O constraint.
W: ConstraintEditor-4019: Port 'douta_tb[1]' unspecified I/O constraint.
W: ConstraintEditor-4019: Port 'douta_tb[2]' unspecified I/O constraint.
W: ConstraintEditor-4019: Port 'douta_tb[3]' unspecified I/O constraint.
W: ConstraintEditor-4019: Port 'douta_tb[4]' unspecified I/O constraint.
W: ConstraintEditor-4019: Port 'douta_tb[5]' unspecified I/O constraint.
W: ConstraintEditor-4019: Port 'douta_tb[6]' unspecified I/O constraint.
W: ConstraintEditor-4019: Port 'douta_tb[7]' unspecified I/O constraint.
W: ConstraintEditor-4019: Port 'ena_tb' unspecified I/O constraint.
W: ConstraintEditor-4019: Port 'wea_tb' unspecified I/O constraint.
Constraint check end.
Executing : apply_constraint -f J:/pds/ip_1port_ram/prj/device_map/ip_1port_ram.pcf successfully.
NOTE: The technology fpga was specified.
NOTE: delay_model specified was generic_cmos.
NOTE: Using the fpga syntax tables...
Totals:
 Calls to malloc = 0
 Calls to calloc = 1345561

I: Column Clock Check close.

Placement started.
Pre global placement started.
Mapping instance u_CORES/u_GTP_SCANCHAIN_PG/scanchain to SCANCHAIN_48_328.
Wirelength after clock region placement is 3352.
Mapping instance clkbufg_5/gopclkbufg to USCM_74_104.
Mapping instance clkbufg_4/gopclkbufg to USCM_74_105.
Mapping instance clkbufg_3/gopclkbufg to USCM_74_106.
Pre global placement takes 4.40 sec.

Global placement started.
Run super clustering :
	Initial slack 13999.
	3 iterations finished.
	Final slack 15945.
Super clustering done.
Design Utilization : 4%.
Wirelength after global placement is 4310.
Global placement takes 0.58 sec.

Post global placement started.
Placed fixed group with base inst sys_clk_ibuf/opit_1 on IOL_7_298.
Placed fixed group with base inst sys_rst_n_ibuf/opit_1 on IOL_7_237.
Placed fixed instance clkbufg_3/gopclkbufg on USCM_74_106.
Placed fixed instance clkbufg_4/gopclkbufg on USCM_74_105.
Placed fixed instance clkbufg_5/gopclkbufg on USCM_74_104.
Placed fixed instance u_CORES/u_GTP_SCANCHAIN_PG/scanchain on SCANCHAIN_48_328.
Placed fixed instance BKCL_auto_0 on BKCL_2_268.
Placed fixed instance BKCL_auto_1 on BKCL_2_144.
IO placement started.
IO placement takes 0.03 sec.

Macro cell placement started.
Wirelength after Macro cell placement is 5647.
Macro cell placement takes 0.00 sec.

Run super clustering :
	Initial slack 13999.
	3 iterations finished.
	Final slack 15945.
Super clustering done.
Design Utilization : 4%.
Wirelength after post global placement is 4779.
Post global placement takes 0.67 sec.

Legalization started.
Wirelength after legalization is 5377.
Legalization takes 0.06 sec.

Timing-driven detailed placement started.
replication start
Worst slack before Replication Place is 17080.
Wirelength after replication placement is 5377.
Legalized cost 17080.000000.
The detailed placement ends at 0th iteration.
Wirelength after detailed placement is 5377.
Timing-driven detailed placement takes 0.17 sec.

Worst slack is 17080, TNS after placement is 0.
Placement done.
Total placement takes 6.32 sec.
Finished placement. (CPU time elapsed 0h:00m:06s)

Routing started.
Building routing graph takes 1.03 sec.
Worst slack is 17080, TNS before global route is 0.
Processing design graph takes 0.22 sec.
Total memory for routing:
	47.394939 M.
Total nets for routing : 950.
Rcf routing step 1 processed 0 nets, it takes 0.00 sec.
Rcf routing step 2 processed 0 nets, it takes 0.00 sec.
Rcf routing step 3 processed 0 nets, it takes 0.00 sec.
Unrouted nets 0 at the end of iteration 0.
Global Routing step 1 processed 132 nets, it takes 0.02 sec.
Unrouted nets 274 at the end of iteration 0.
Unrouted nets 115 at the end of iteration 1.
Unrouted nets 64 at the end of iteration 2.
Unrouted nets 40 at the end of iteration 3.
Unrouted nets 16 at the end of iteration 4.
Unrouted nets 9 at the end of iteration 5.
Unrouted nets 3 at the end of iteration 6.
Unrouted nets 4 at the end of iteration 7.
Unrouted nets 4 at the end of iteration 8.
Unrouted nets 3 at the end of iteration 9.
Unrouted nets 5 at the end of iteration 10.
Unrouted nets 4 at the end of iteration 11.
Unrouted nets 2 at the end of iteration 12.
Unrouted nets 2 at the end of iteration 13.
Unrouted nets 2 at the end of iteration 14.
Unrouted nets 3 at the end of iteration 15.
Unrouted nets 2 at the end of iteration 16.
Unrouted nets 2 at the end of iteration 17.
Unrouted nets 1 at the end of iteration 18.
Unrouted nets 1 at the end of iteration 19.
Unrouted nets 1 at the end of iteration 20.
Unrouted nets 2 at the end of iteration 21.
Unrouted nets 1 at the end of iteration 22.
Unrouted nets 1 at the end of iteration 23.
Unrouted nets 3 at the end of iteration 24.
Unrouted nets 3 at the end of iteration 25.
Unrouted nets 2 at the end of iteration 26.
Unrouted nets 2 at the end of iteration 27.
Unrouted nets 0 at the end of iteration 28.
Global Routing step 2 processed 359 nets, it takes 2.36 sec.
Unrouted nets 1 at the end of iteration 0.
Unrouted nets 1 at the end of iteration 1.
Unrouted nets 1 at the end of iteration 2.
Unrouted nets 1 at the end of iteration 3.
Unrouted nets 1 at the end of iteration 4.
Unrouted nets 1 at the end of iteration 5.
Unrouted nets 1 at the end of iteration 6.
Unrouted nets 1 at the end of iteration 7.
Unrouted nets 1 at the end of iteration 8.
Unrouted nets 0 at the end of iteration 9.
Global Routing step 3 processed 18 nets, it takes 0.03 sec.
Global routing takes 2.42 sec.
Total 977 subnets.
    forward max bucket size 18521 , backward 49.
        Unrouted nets 420 at the end of iteration 0.
    route iteration 0, CPU time elapsed 0.390002 sec.
    forward max bucket size 18513 , backward 101.
        Unrouted nets 301 at the end of iteration 1.
    route iteration 1, CPU time elapsed 0.390003 sec.
    forward max bucket size 79 , backward 63.
        Unrouted nets 220 at the end of iteration 2.
    route iteration 2, CPU time elapsed 0.093601 sec.
    forward max bucket size 41 , backward 58.
        Unrouted nets 197 at the end of iteration 3.
    route iteration 3, CPU time elapsed 0.062400 sec.
    forward max bucket size 45 , backward 114.
        Unrouted nets 135 at the end of iteration 4.
    route iteration 4, CPU time elapsed 0.046800 sec.
    forward max bucket size 22 , backward 156.
        Unrouted nets 114 at the end of iteration 5.
    route iteration 5, CPU time elapsed 0.031200 sec.
    forward max bucket size 29 , backward 144.
        Unrouted nets 92 at the end of iteration 6.
    route iteration 6, CPU time elapsed 0.031200 sec.
    forward max bucket size 24 , backward 41.
        Unrouted nets 59 at the end of iteration 7.
    route iteration 7, CPU time elapsed 0.015600 sec.
    forward max bucket size 30 , backward 19.
        Unrouted nets 44 at the end of iteration 8.
    route iteration 8, CPU time elapsed 0.015600 sec.
    forward max bucket size 25 , backward 25.
        Unrouted nets 22 at the end of iteration 9.
    route iteration 9, CPU time elapsed 0.015600 sec.
    forward max bucket size 16 , backward 19.
        Unrouted nets 10 at the end of iteration 10.
    route iteration 10, CPU time elapsed 0.000000 sec.
    forward max bucket size 17 , backward 26.
        Unrouted nets 8 at the end of iteration 11.
    route iteration 11, CPU time elapsed 0.015600 sec.
    forward max bucket size 14 , backward 17.
        Unrouted nets 6 at the end of iteration 12.
    route iteration 12, CPU time elapsed 0.000000 sec.
    forward max bucket size 9 , backward 25.
        Unrouted nets 7 at the end of iteration 13.
    route iteration 13, CPU time elapsed 0.000000 sec.
    forward max bucket size 10 , backward 42.
        Unrouted nets 6 at the end of iteration 14.
    route iteration 14, CPU time elapsed 0.000000 sec.
    forward max bucket size 9 , backward 41.
        Unrouted nets 2 at the end of iteration 15.
    route iteration 15, CPU time elapsed 0.000000 sec.
    forward max bucket size 14 , backward 45.
        Unrouted nets 3 at the end of iteration 16.
    route iteration 16, CPU time elapsed 0.015600 sec.
    forward max bucket size 8 , backward 10.
        Unrouted nets 3 at the end of iteration 17.
    route iteration 17, CPU time elapsed 0.000000 sec.
    forward max bucket size 10 , backward 15.
        Unrouted nets 2 at the end of iteration 18.
    route iteration 18, CPU time elapsed 0.000000 sec.
    forward max bucket size 8 , backward 10.
        Unrouted nets 2 at the end of iteration 19.
    route iteration 19, CPU time elapsed 0.000000 sec.
    forward max bucket size 10 , backward 12.
        Unrouted nets 0 at the end of iteration 20.
    route iteration 20, CPU time elapsed 0.015600 sec.
C: Route-2036: The clock path from u_CORES/u_GTP_SCANCHAIN_PG/scanchain:TCK_USER to clkbufg_4/gopclkbufg:CLK is routed by SRB.
C: Route-2036: The clock path from u_CORES/u_GTP_SCANCHAIN_PG/scanchain:CAPDR to clkbufg_3/gopclkbufg:CLK is routed by SRB.
Detailed routing takes 1.15 sec.
Start fix hold violation.
Build tmp routing results takes 0.02 sec.
Timing analysis takes 0.12 sec.
Hold violation fix iter 0 takes 0.02 sec, total_step_forward 651.
Incremental timing analysis takes 0.09 sec.
Hold violation fix iter 1 takes 0.00 sec, total_step_forward 0.
Fix hold violation Finished.
Hold Violation Fix in router takes 0.50 sec.

Dispose routing result:
    Collect routing result.
    Delete unused device instances.
    Annotate routing result.
    Change LUT configuration.
    Dispose misc instances.
    Annotate routing result again.
Finish routing takes 0.30 sec.
Used srb routing arc is 7615.
Cleanup routing takes 0.03 sec.
Routing done.
Total routing takes 5.93 sec.

C: Place-2025: The VCCIO 1.5 in BANK BANKL1 is incompatible.

Device Utilization Summary :
+----------------------------------------------------------------------------+
| Logic Utilization        | Used     | Available     | Utilization(%)     
+----------------------------------------------------------------------------+
| Use of ADC               | 0        | 1             | 0                   
| Use of APM               | 0        | 30            | 0                   
| Use of BKCL              | 2        | 6             | 34                  
| Use of CLMA              | 165      | 3274          | 6                   
|   FF                     | 423      | 19644         | 3                   
|   LUT                    | 433      | 13096         | 4                   
|   LUT-FF pairs           | 255      | 13096         | 2                   
| Use of CLMS              | 57       | 1110          | 6                   
|   FF                     | 158      | 6660          | 3                   
|   LUT                    | 157      | 4440          | 4                   
|   LUT-FF pairs           | 103      | 4440          | 3                   
|   Distributed RAM        | 0        | 4440          | 0                   
| Use of CRYSTAL           | 0        | 6             | 0                   
| Use of DLL               | 0        | 6             | 0                   
| Use of DQSL              | 0        | 18            | 0                   
| Use of DRM               | 3.5      | 48            | 8                   
| Use of FLSIF             | 0        | 1             | 0                   
| Use of FUSECODE          | 0        | 1             | 0                   
| Use of HARD0N1           | 0        | 2745          | 0                   
| Use of HMEMC             | 0        | 2             | 0                   
| Use of IO                | 25       | 240           | 11                  
|   IOBD                   | 15       | 120           | 13                  
|   IOBR                   | 1        | 6             | 17                  
|   IOBS                   | 9        | 114           | 8                   
| Use of IOCKDIV           | 0        | 12            | 0                   
| Use of IOCKDLY           | 0        | 24            | 0                   
| Use of IOCKGATE          | 0        | 12            | 0                   
| Use of IOCKGMUX_TEST     | 0        | 12            | 0                   
| Use of IOL               | 25       | 240           | 11                  
| Use of IPAL              | 0        | 1             | 0                   
| Use of MFG_TEST          | 0        | 1             | 0                   
| Use of OSC               | 0        | 1             | 0                   
| Use of PLL               | 0        | 6             | 0                   
| Use of PREGMUX_TEST      | 0        | 6             | 0                   
| Use of RCKB              | 0        | 24            | 0                   
| Use of RCKBMUX_TEST      | 0        | 12            | 0                   
| Use of RESCAL            | 0        | 6             | 0                   
| Use of SCANCHAIN         | 1        | 4             | 25                  
| Use of START             | 1        | 1             | 100                 
| Use of UDID              | 0        | 1             | 0                   
| Use of USCM              | 3        | 20            | 15                  
| Use of USCMMUX_TEST      | 0        | 20            | 0                   
| Use of VCKBMUX_TEST      | 0        | 12            | 0                   
+----------------------------------------------------------------------------+

Finished routing. (CPU time elapsed 0h:00m:05s)
Design 'ip_1port_ram' has been placed and routed successfully.
Saving design to DB.
Finished placement and routing. (CPU time elapsed 0h:00m:17s)
Action pnr: Real time elapsed is 21.000 sec
Action pnr: CPU time elapsed is 19.001 sec
Action pnr: Process CPU time elapsed is 19.001 sec
Current time: Wed Jul  6 13:52:57 2022
Action pnr: Peak memory pool usage is 485,597,184 bytes
Process "Place & Route" done.


Process "Report Timing" started.
Current time: Wed Jul  6 13:52:57 2022
Compiling architecture definition.
Analyzing project file 'J:/pds/ip_1port_ram/prj/ip_1port_ram.pds'.
Compiling verification operator library.
Compiling common defs.
Compiling prim grid devices.
Compiling gate devices.
Compiling gate operators.
Building architecture model.
Loading device packaging model.
Reading design from pnr DB.
Start Report Post-PnR timing.
NOTE: The technology fpga was specified.
NOTE: delay_model specified was generic_cmos.
NOTE: Using the fpga syntax tables...
Totals:
 Calls to malloc = 0
 Calls to calloc = 1345561

Constructing timing graph ...
Timing graph has been constructed successfully
W: Timing-4087: Port 'addra_tb[0]' is not constrained, it is treated as combinational output.
W: Timing-4087: Port 'addra_tb[1]' is not constrained, it is treated as combinational output.
W: Timing-4087: Port 'addra_tb[2]' is not constrained, it is treated as combinational output.
W: Timing-4087: Port 'addra_tb[3]' is not constrained, it is treated as combinational output.
W: Timing-4087: Port 'addra_tb[4]' is not constrained, it is treated as combinational output.
W: Timing-4087: Port 'dina_tb[0]' is not constrained, it is treated as combinational output.
W: Timing-4087: Port 'dina_tb[1]' is not constrained, it is treated as combinational output.
W: Timing-4087: Port 'dina_tb[2]' is not constrained, it is treated as combinational output.
W: Timing-4087: Port 'dina_tb[3]' is not constrained, it is treated as combinational output.
W: Timing-4087: Port 'dina_tb[4]' is not constrained, it is treated as combinational output.
W: Timing-4087: Port 'dina_tb[5]' is not constrained, it is treated as combinational output.
W: Timing-4087: Port 'dina_tb[6]' is not constrained, it is treated as combinational output.
W: Timing-4087: Port 'dina_tb[7]' is not constrained, it is treated as combinational output.
W: Timing-4087: Port 'douta_tb[0]' is not constrained, it is treated as combinational output.
W: Timing-4087: Port 'douta_tb[1]' is not constrained, it is treated as combinational output.
W: Timing-4087: Port 'douta_tb[2]' is not constrained, it is treated as combinational output.
W: Timing-4087: Port 'douta_tb[3]' is not constrained, it is treated as combinational output.
W: Timing-4087: Port 'douta_tb[4]' is not constrained, it is treated as combinational output.
W: Timing-4087: Port 'douta_tb[5]' is not constrained, it is treated as combinational output.
W: Timing-4087: Port 'douta_tb[6]' is not constrained, it is treated as combinational output.
W: Timing-4087: Port 'douta_tb[7]' is not constrained, it is treated as combinational output.
W: Timing-4087: Port 'ena_tb' is not constrained, it is treated as combinational output.
W: Timing-4087: Port 'wea_tb' is not constrained, it is treated as combinational output.
W: Timing-4086: Port 'sys_rst_n' is not constrained, it is treated as combinational input.
Report timing is finished successfully.
Action report_timing: Real time elapsed is 9.000 sec
Action report_timing: CPU time elapsed is 6.505 sec
Action report_timing: Process CPU time elapsed is 6.505 sec
Current time: Wed Jul  6 13:53:05 2022
Action report_timing: Peak memory pool usage is 459,370,496 bytes
Process "Report Timing" done.


Process "Generate Bitstream" started.
Current time: Wed Jul  6 13:53:05 2022
Compiling architecture definition.
Analyzing project file 'J:/pds/ip_1port_ram/prj/ip_1port_ram.pds'.
Compiling verification operator library.
Compiling common defs.
Compiling prim grid devices.
Compiling gate devices.
Compiling gate operators.
Building architecture model.
Loading device packaging model.
Reading design from DB.
Start Generating Programming File...
Reading design from DB takes 0.390002 sec.
Generating architecture configuration.
The bitstream file is "J:/pds/ip_1port_ram/prj/generate_bitstream/ip_1port_ram.sbit"
Generate programming file takes 5.241634 sec.
Generating Programming File done.
Action gen_bit_stream: Real time elapsed is 12.000 sec
Action gen_bit_stream: CPU time elapsed is 9.656 sec
Action gen_bit_stream: Process CPU time elapsed is 9.656 sec
Current time: Wed Jul  6 13:53:16 2022
Action gen_bit_stream: Peak memory pool usage is 326,168,576 bytes
Process "Generate Bitstream" done.
Customize IP 'J:/pds/ip_1port_ram/prj/ipcore/ram_1port/ram_1port.idf' ...
IP Compiler exited.
Process exit normally.
Process exit normally.
