#Build: Fabric Compiler 2021.4-SP1.2, Build 96435, May 30 04:40 2022
#Install: D:\pango\PDS_2021.4-SP1.2\bin
#Application name: pds_shell.exe
#OS: Windows 10 10.0.19044
#Hostname: DESKTOP-HL6DT46
Generated by Fabric Compiler (version 2021.4-SP1.2 build 96435) at Sat Nov  5 16:35:25 2022
Compiling verification operator library.
Compiling common defs.
Compiling prim grid devices.
Compiling gate devices.
Compiling gate operators.
Building architecture model.
Loading device packaging model.
Reading design from DB.
Start Generating Programming File...
Reading design from DB takes 0.171875 sec.
Generating architecture configuration.
The bitstream file is "F:/1_Verilog/11_ip_1port_ram/prj/generate_bitstream/ip_1port_ram.sbit"
Generate programming file takes 2.562500 sec.
Generating Programming File done.
Action gen_bit_stream: Real time elapsed is 7.000 sec
Action gen_bit_stream: CPU time elapsed is 5.703 sec
Action gen_bit_stream: Process CPU time elapsed is 5.703 sec
Current time: Sat Nov  5 16:35:30 2022
Action gen_bit_stream: Peak memory pool usage is 328,015,872 bytes
