#Build: Fabric Compiler 2021.4-SP1.2, Build 96435, May 30 04:40 2022
#Install: D:\pango\PDS_2021.4-SP1.2\bin
#Application name: pds_shell.exe
#OS: Windows 10 10.0.19044
#Hostname: DESKTOP-HL6DT46
Generated by Fabric Compiler (version 2021.4-SP1.2 build 96435) at Sat Nov  5 16:35:08 2022
Compiling verification operator library.
Compiling common defs.
Compiling prim grid devices.
Compiling gate devices.
Compiling gate operators.
Building architecture model.
Loading device packaging model.
I: Parameter configuration file F:/1_Verilog/11_ip_1port_ram/prj/testparam.txt cannot open.
Building architecture floorplan logic view.
Executing : apply_constraint -f F:/1_Verilog/11_ip_1port_ram/prj/device_map/ip_1port_ram.pcf
Constraint check start.
Executing : def_port sys_clk -LOC B5 -VCCIO 3.3 -IOSTANDARD LVCMOS33 -BUS_KEEPER NONE
Executing : def_port sys_clk -LOC B5 -VCCIO 3.3 -IOSTANDARD LVCMOS33 -BUS_KEEPER NONE successfully.
Executing : def_port sys_rst_n -LOC G5 -VCCIO 1.5 -IOSTANDARD LVCMOS15 -BUS_KEEPER NONE
Executing : def_port sys_rst_n -LOC G5 -VCCIO 1.5 -IOSTANDARD LVCMOS15 -BUS_KEEPER NONE successfully.
W: ConstraintEditor-4019: Port 'addra[0]' unspecified I/O constraint.
W: ConstraintEditor-4019: Port 'addra[1]' unspecified I/O constraint.
W: ConstraintEditor-4019: Port 'addra[2]' unspecified I/O constraint.
W: ConstraintEditor-4019: Port 'addra[3]' unspecified I/O constraint.
W: ConstraintEditor-4019: Port 'addra[4]' unspecified I/O constraint.
W: ConstraintEditor-4019: Port 'dina[0]' unspecified I/O constraint.
W: ConstraintEditor-4019: Port 'dina[1]' unspecified I/O constraint.
W: ConstraintEditor-4019: Port 'dina[2]' unspecified I/O constraint.
W: ConstraintEditor-4019: Port 'dina[3]' unspecified I/O constraint.
W: ConstraintEditor-4019: Port 'dina[4]' unspecified I/O constraint.
W: ConstraintEditor-4019: Port 'dina[5]' unspecified I/O constraint.
W: ConstraintEditor-4019: Port 'dina[6]' unspecified I/O constraint.
W: ConstraintEditor-4019: Port 'dina[7]' unspecified I/O constraint.
W: ConstraintEditor-4019: Port 'douta[0]' unspecified I/O constraint.
W: ConstraintEditor-4019: Port 'douta[1]' unspecified I/O constraint.
W: ConstraintEditor-4019: Port 'douta[2]' unspecified I/O constraint.
W: ConstraintEditor-4019: Port 'douta[3]' unspecified I/O constraint.
W: ConstraintEditor-4019: Port 'douta[4]' unspecified I/O constraint.
W: ConstraintEditor-4019: Port 'douta[5]' unspecified I/O constraint.
W: ConstraintEditor-4019: Port 'douta[6]' unspecified I/O constraint.
W: ConstraintEditor-4019: Port 'douta[7]' unspecified I/O constraint.
W: ConstraintEditor-4019: Port 'ena' unspecified I/O constraint.
W: ConstraintEditor-4019: Port 'wea' unspecified I/O constraint.
Constraint check end.
Executing : apply_constraint -f F:/1_Verilog/11_ip_1port_ram/prj/device_map/ip_1port_ram.pcf successfully.
I: Column Clock Check close.

Placement started.
Pre global placement started.
Mapping instance u_CORES/u_GTP_SCANCHAIN_PG/scanchain to SCANCHAIN_48_328.
Wirelength after clock region placement is 4088.
Mapping instance clkbufg_5/gopclkbufg to USCM_74_104.
Mapping instance clkbufg_4/gopclkbufg to USCM_74_105.
Mapping instance clkbufg_3/gopclkbufg to USCM_74_106.
Pre global placement takes 2.61 sec.

Global placement started.
Run super clustering :
	Initial slack 14056.
	3 iterations finished.
	Final slack 16034.
Super clustering done.
Design Utilization : 4%.
Wirelength after global placement is 3942.
Global placement takes 0.38 sec.

Post global placement started.
Placed fixed group with base inst sys_clk_ibuf/opit_1 on IOL_7_298.
Placed fixed group with base inst sys_rst_n_ibuf/opit_1 on IOL_7_241.
Placed fixed instance clkbufg_3/gopclkbufg on USCM_74_106.
Placed fixed instance clkbufg_4/gopclkbufg on USCM_74_105.
Placed fixed instance clkbufg_5/gopclkbufg on USCM_74_104.
Placed fixed instance u_CORES/u_GTP_SCANCHAIN_PG/scanchain on SCANCHAIN_48_328.
Placed fixed instance BKCL_auto_0 on BKCL_2_268.
Placed fixed instance BKCL_auto_1 on BKCL_2_144.
IO placement started.
IO placement takes 0.02 sec.

Macro cell placement started.
Wirelength after Macro cell placement is 4272.
Macro cell placement takes 0.00 sec.

Run super clustering :
	Initial slack 14056.
	3 iterations finished.
	Final slack 16034.
Super clustering done.
Design Utilization : 4%.
Wirelength after post global placement is 3802.
Post global placement takes 0.39 sec.

Legalization started.
Wirelength after legalization is 4348.
Legalization takes 0.05 sec.

Timing-driven detailed placement started.
replication start
Worst slack before Replication Place is 17354.
Wirelength after replication placement is 4348.
Legalized cost 17354.000000.
The detailed placement ends at 0th iteration.
Wirelength after detailed placement is 4348.
Timing-driven detailed placement takes 0.09 sec.

Worst slack is 17354, TNS after placement is 0.
Placement done.
Total placement takes 3.77 sec.
Finished placement. (CPU time elapsed 0h:00m:03s)

Routing started.
Building routing graph takes 0.61 sec.
Worst slack is 17354, TNS before global route is 0.
Processing design graph takes 0.14 sec.
Total memory for routing:
	47.378098 M.
Total nets for routing : 929.
Rcf routing step 1 processed 0 nets, it takes 0.00 sec.
Rcf routing step 2 processed 0 nets, it takes 0.00 sec.
Rcf routing step 3 processed 0 nets, it takes 0.00 sec.
Unrouted nets 0 at the end of iteration 0.
Global Routing step 1 processed 138 nets, it takes 0.00 sec.
Unrouted nets 272 at the end of iteration 0.
Unrouted nets 123 at the end of iteration 1.
Unrouted nets 67 at the end of iteration 2.
Unrouted nets 38 at the end of iteration 3.
Unrouted nets 13 at the end of iteration 4.
Unrouted nets 7 at the end of iteration 5.
Unrouted nets 3 at the end of iteration 6.
Unrouted nets 3 at the end of iteration 7.
Unrouted nets 2 at the end of iteration 8.
Unrouted nets 1 at the end of iteration 9.
Unrouted nets 1 at the end of iteration 10.
Unrouted nets 1 at the end of iteration 11.
Unrouted nets 1 at the end of iteration 12.
Unrouted nets 1 at the end of iteration 13.
Unrouted nets 1 at the end of iteration 14.
Unrouted nets 1 at the end of iteration 15.
Unrouted nets 1 at the end of iteration 16.
Unrouted nets 1 at the end of iteration 17.
Unrouted nets 0 at the end of iteration 18.
Global Routing step 2 processed 359 nets, it takes 1.00 sec.
Unrouted nets 6 at the end of iteration 0.
Unrouted nets 5 at the end of iteration 1.
Unrouted nets 1 at the end of iteration 2.
Unrouted nets 1 at the end of iteration 3.
Unrouted nets 0 at the end of iteration 4.
Global Routing step 3 processed 14 nets, it takes 0.02 sec.
Global routing takes 1.03 sec.
Total 949 subnets.
    forward max bucket size 18521 , backward 152.
        Unrouted nets 414 at the end of iteration 0.
    route iteration 0, CPU time elapsed 0.218750 sec.
    forward max bucket size 18521 , backward 50.
        Unrouted nets 336 at the end of iteration 1.
    route iteration 1, CPU time elapsed 0.109375 sec.
    forward max bucket size 81 , backward 134.
        Unrouted nets 276 at the end of iteration 2.
    route iteration 2, CPU time elapsed 0.046875 sec.
    forward max bucket size 96 , backward 110.
        Unrouted nets 198 at the end of iteration 3.
    route iteration 3, CPU time elapsed 0.031250 sec.
    forward max bucket size 35 , backward 82.
        Unrouted nets 140 at the end of iteration 4.
    route iteration 4, CPU time elapsed 0.015625 sec.
    forward max bucket size 32 , backward 59.
        Unrouted nets 79 at the end of iteration 5.
    route iteration 5, CPU time elapsed 0.015625 sec.
    forward max bucket size 26 , backward 35.
        Unrouted nets 39 at the end of iteration 6.
    route iteration 6, CPU time elapsed 0.000000 sec.
    forward max bucket size 43 , backward 29.
        Unrouted nets 25 at the end of iteration 7.
    route iteration 7, CPU time elapsed 0.015625 sec.
    forward max bucket size 16 , backward 82.
        Unrouted nets 10 at the end of iteration 8.
    route iteration 8, CPU time elapsed 0.000000 sec.
    forward max bucket size 15 , backward 13.
        Unrouted nets 11 at the end of iteration 9.
    route iteration 9, CPU time elapsed 0.000000 sec.
    forward max bucket size 62 , backward 19.
        Unrouted nets 12 at the end of iteration 10.
    route iteration 10, CPU time elapsed 0.000000 sec.
    forward max bucket size 12 , backward 32.
        Unrouted nets 4 at the end of iteration 11.
    route iteration 11, CPU time elapsed 0.000000 sec.
    forward max bucket size 10 , backward 13.
        Unrouted nets 4 at the end of iteration 12.
    route iteration 12, CPU time elapsed 0.000000 sec.
    forward max bucket size 13 , backward 25.
        Unrouted nets 5 at the end of iteration 13.
    route iteration 13, CPU time elapsed 0.015625 sec.
    forward max bucket size 15 , backward 43.
        Unrouted nets 5 at the end of iteration 14.
    route iteration 14, CPU time elapsed 0.000000 sec.
    forward max bucket size 12 , backward 8.
        Unrouted nets 2 at the end of iteration 15.
    route iteration 15, CPU time elapsed 0.000000 sec.
    forward max bucket size 11 , backward 27.
        Unrouted nets 2 at the end of iteration 16.
    route iteration 16, CPU time elapsed 0.000000 sec.
    forward max bucket size 12 , backward 10.
        Unrouted nets 0 at the end of iteration 17.
    route iteration 17, CPU time elapsed 0.000000 sec.
C: Route-2036: The clock path from u_CORES/u_GTP_SCANCHAIN_PG/scanchain:TCK_USER to clkbufg_4/gopclkbufg:CLK is routed by SRB.
C: Route-2036: The clock path from u_CORES/u_GTP_SCANCHAIN_PG/scanchain:CAPDR to clkbufg_3/gopclkbufg:CLK is routed by SRB.
Detailed routing takes 0.48 sec.
Start fix hold violation.
Build tmp routing results takes 0.00 sec.
Timing analysis takes 0.06 sec.
Hold violation fix iter 0 takes 0.00 sec, total_step_forward 229.
Incremental timing analysis takes 0.05 sec.
Hold violation fix iter 1 takes 0.00 sec, total_step_forward 0.
Fix hold violation Finished.
Hold Violation Fix in router takes 0.25 sec.

Dispose routing result:
    Collect routing result.
    Delete unused device instances.
    Annotate routing result.
    Change LUT configuration.
    Dispose misc instances.
    Annotate routing result again.
Finish routing takes 0.14 sec.
Used srb routing arc is 6870.
Cleanup routing takes 0.02 sec.
Routing done.
Total routing takes 2.84 sec.

C: Place-2025: The VCCIO 1.5 in BANK BANKL1 is incompatible.

Device Utilization Summary :
+----------------------------------------------------------------------------+
| Logic Utilization        | Used     | Available     | Utilization(%)     
+----------------------------------------------------------------------------+
| Use of ADC               | 0        | 1             | 0                   
| Use of APM               | 0        | 30            | 0                   
| Use of BKCL              | 2        | 6             | 34                  
| Use of CLMA              | 161      | 3274          | 5                   
|   FF                     | 409      | 19644         | 3                   
|   LUT                    | 417      | 13096         | 4                   
|   LUT-FF pairs           | 248      | 13096         | 2                   
| Use of CLMS              | 56       | 1110          | 6                   
|   FF                     | 154      | 6660          | 3                   
|   LUT                    | 147      | 4440          | 4                   
|   LUT-FF pairs           | 104      | 4440          | 3                   
|   Distributed RAM        | 0        | 4440          | 0                   
| Use of CRYSTAL           | 0        | 6             | 0                   
| Use of DLL               | 0        | 6             | 0                   
| Use of DQSL              | 0        | 18            | 0                   
| Use of DRM               | 1.5      | 48            | 4                   
| Use of FLSIF             | 0        | 1             | 0                   
| Use of FUSECODE          | 0        | 1             | 0                   
| Use of HARD0N1           | 0        | 2745          | 0                   
| Use of HMEMC             | 0        | 2             | 0                   
| Use of IO                | 25       | 240           | 11                  
|   IOBD                   | 13       | 120           | 11                  
|   IOBR                   | 1        | 6             | 17                  
|   IOBS                   | 11       | 114           | 10                  
| Use of IOCKDIV           | 0        | 12            | 0                   
| Use of IOCKDLY           | 0        | 24            | 0                   
| Use of IOCKGATE          | 0        | 12            | 0                   
| Use of IOCKGMUX_TEST     | 0        | 12            | 0                   
| Use of IOL               | 25       | 240           | 11                  
| Use of IPAL              | 0        | 1             | 0                   
| Use of MFG_TEST          | 0        | 1             | 0                   
| Use of OSC               | 0        | 1             | 0                   
| Use of PLL               | 0        | 6             | 0                   
| Use of PREGMUX_TEST      | 0        | 6             | 0                   
| Use of RCKB              | 0        | 24            | 0                   
| Use of RCKBMUX_TEST      | 0        | 12            | 0                   
| Use of RESCAL            | 0        | 6             | 0                   
| Use of SCANCHAIN         | 1        | 4             | 25                  
| Use of START             | 1        | 1             | 100                 
| Use of UDID              | 0        | 1             | 0                   
| Use of USCM              | 3        | 20            | 15                  
| Use of USCMMUX_TEST      | 0        | 20            | 0                   
| Use of VCKBMUX_TEST      | 0        | 12            | 0                   
+----------------------------------------------------------------------------+

Finished routing. (CPU time elapsed 0h:00m:02s)
Design 'ip_1port_ram' has been placed and routed successfully.
Saving design to DB.
Finished placement and routing. (CPU time elapsed 0h:00m:10s)
Action pnr: Real time elapsed is 13.000 sec
Action pnr: CPU time elapsed is 11.203 sec
Action pnr: Process CPU time elapsed is 11.219 sec
Current time: Sat Nov  5 16:35:19 2022
Action pnr: Peak memory pool usage is 485,744,640 bytes
