#Build: Fabric Compiler 2021.4-SP1.2, Build 96435, May 30 04:40 2022
#Install: J:\PDS_2021.4\pango\PDS_2021.4-SP1.2\bin
#Application name: pds_shell.exe
#OS: Windows 7sp1 6.1.7601
#Hostname: USER-20180123QP
Generated by Fabric Compiler (version 2021.4-SP1.2 build 96435) at Wed Jul  6 13:52:16 2022
License checkout: fabric_ads
Compiling verification operator library.
Compiling common defs.
Loading technology operator library.
Compiling technology operator library.
Compiling technology operator (valence) library.
Reading design from compile DB
Reading design from compile DB successfully.
Constraint check start.
Compiling prim grid devices.
Building architecture model.
Loading device packaging model.
Building architecture floorplan logic view.
Executing : get_ports sys_clk
Executing : get_ports sys_clk successfully.
Executing : create_clock -name clk [get_ports sys_clk] -period 20 -waveform {0.000 10.000}
Executing : create_clock -name clk [get_ports sys_clk] -period 20 -waveform {0.000 10.000} successfully.
W: ConstraintEditor-4019: Port 'addra_tb[0]' unspecified I/O constraint.
W: ConstraintEditor-4019: Port 'addra_tb[1]' unspecified I/O constraint.
W: ConstraintEditor-4019: Port 'addra_tb[2]' unspecified I/O constraint.
W: ConstraintEditor-4019: Port 'addra_tb[3]' unspecified I/O constraint.
W: ConstraintEditor-4019: Port 'addra_tb[4]' unspecified I/O constraint.
W: ConstraintEditor-4019: Port 'dina_tb[0]' unspecified I/O constraint.
W: ConstraintEditor-4019: Port 'dina_tb[1]' unspecified I/O constraint.
W: ConstraintEditor-4019: Port 'dina_tb[2]' unspecified I/O constraint.
W: ConstraintEditor-4019: Port 'dina_tb[3]' unspecified I/O constraint.
W: ConstraintEditor-4019: Port 'dina_tb[4]' unspecified I/O constraint.
W: ConstraintEditor-4019: Port 'dina_tb[5]' unspecified I/O constraint.
W: ConstraintEditor-4019: Port 'dina_tb[6]' unspecified I/O constraint.
W: ConstraintEditor-4019: Port 'dina_tb[7]' unspecified I/O constraint.
W: ConstraintEditor-4019: Port 'douta_tb[0]' unspecified I/O constraint.
W: ConstraintEditor-4019: Port 'douta_tb[1]' unspecified I/O constraint.
W: ConstraintEditor-4019: Port 'douta_tb[2]' unspecified I/O constraint.
W: ConstraintEditor-4019: Port 'douta_tb[3]' unspecified I/O constraint.
W: ConstraintEditor-4019: Port 'douta_tb[4]' unspecified I/O constraint.
W: ConstraintEditor-4019: Port 'douta_tb[5]' unspecified I/O constraint.
W: ConstraintEditor-4019: Port 'douta_tb[6]' unspecified I/O constraint.
W: ConstraintEditor-4019: Port 'douta_tb[7]' unspecified I/O constraint.
W: ConstraintEditor-4019: Port 'ena_tb' unspecified I/O constraint.
W: ConstraintEditor-4019: Port 'wea_tb' unspecified I/O constraint.
Constraint check end.
Start pre-mapping.
I: Constant propagation done on u_ram_1port/U_ipml_spram_ram_1port/N62 (bmsREDAND).
Executing : pre-mapping successfully. Time elapsed: 0.008s wall, 0.000s user + 0.000s system = 0.000s CPU (n/a%)

Start mod-gen.
I: Constant propagation done on u_ram_rw/N1_eq0 (bmsREDXOR).
I: Constant propagation done on u_ram_rw/N1_mux0 (bmsWIDEMUX).
I: Constant propagation done on u_ram_rw/N1_eq1 (bmsREDXOR).
I: Constant propagation done on u_ram_rw/N1_eq2 (bmsREDXOR).
I: Adm-6003: Trying to disconnect un-connected pin 'Z[0]' of instance 'u_ram_rw/N1_mux2'.
I: Constant propagation done on u_ram_rw/N1_mux2 (bmsWIDEMUX).
I: Constant propagation done on u_ram_rw/N1_eq3 (bmsREDXOR).
I: Constant propagation done on u_ram_rw/N1_eq4 (bmsREDXOR).
I: Adm-6003: Trying to disconnect un-connected pin 'Z[0]' of instance 'u_ram_rw/N1_mux4'.
I: Constant propagation done on u_ram_rw/N1_mux4 (bmsWIDEMUX).
I: Constant propagation done on u_ram_rw/N1_eq5 (bmsREDXOR).
I: Adm-6003: Trying to disconnect un-connected pin 'Z[0]' of instance 'u_ram_rw/N1_mux3'.
I: Adm-6003: Trying to disconnect un-connected pin 'Z[0]' of instance 'u_ram_rw/N1_mux5'.
Executing : mod-gen successfully. Time elapsed: 0.017s wall, 0.016s user + 0.000s system = 0.016s CPU (94.3%)

Start logic-optimization.
I: Adm-6003: Trying to disconnect un-connected pin 'Z[0]' of instance 'u_ram_rw/N40[0]'.
I: Adm-6003: Trying to disconnect un-connected pin 'Z[0]' of instance 'u_ram_rw/N40[1]'.
I: Adm-6003: Trying to disconnect un-connected pin 'Z[0]' of instance 'u_ram_rw/N40[2]'.
I: Adm-6003: Trying to disconnect un-connected pin 'Z[0]' of instance 'u_ram_rw/N40[3]'.
I: Adm-6003: Trying to disconnect un-connected pin 'Z[0]' of instance 'u_ram_rw/N40[4]'.
I: Adm-6003: Trying to disconnect un-connected pin 'Z[0]' of instance 'u_ram_rw/N40[5]'.
I: Adm-6003: Trying to disconnect un-connected pin 'Z[0]' of instance 'u_ram_rw/N40[6]'.
I: Adm-6003: Trying to disconnect un-connected pin 'Z[0]' of instance 'u_ram_rw/N40[7]'.
Executing : logic-optimization successfully. Time elapsed: 0.027s wall, 0.000s user + 0.031s system = 0.031s CPU (115.2%)

Start tech-mapping phase 1.
I: Adm-6003: Trying to disconnect un-connected pin 'Z[0]' of instance 'u_ram_rw/N40[0]_1'.
I: Adm-6003: Trying to disconnect un-connected pin 'Z[0]' of instance 'u_ram_rw/N40[1]_1'.
I: Adm-6003: Trying to disconnect un-connected pin 'Z[0]' of instance 'u_ram_rw/N40[2]_1'.
I: Adm-6003: Trying to disconnect un-connected pin 'Z[0]' of instance 'u_ram_rw/N40[3]_1'.
I: Adm-6003: Trying to disconnect un-connected pin 'Z[0]' of instance 'u_ram_rw/N40[4]_1'.
I: Adm-6003: Trying to disconnect un-connected pin 'Z[0]' of instance 'u_ram_rw/N40[5]_1'.
I: Adm-6003: Trying to disconnect un-connected pin 'Z[0]' of instance 'u_ram_rw/N40[6]_1'.
I: Adm-6003: Trying to disconnect un-connected pin 'Z[0]' of instance 'u_ram_rw/N40[7]_1'.
Executing : tech-mapping phase 1 successfully. Time elapsed: 0.008s wall, 0.016s user + 0.000s system = 0.016s CPU (196.7%)

Start tech-mapping phase 2.
Executing : tech-mapping phase 2 successfully. Time elapsed: 0.068s wall, 0.047s user + 0.016s system = 0.062s CPU (92.1%)

Start tech-optimization.
Executing : tech-optimization successfully. Time elapsed: 0.020s wall, 0.016s user + 0.000s system = 0.016s CPU (79.1%)

Start phys-optimization.
Executing : phys-optimization successfully. Time elapsed: 0.000s wall, 0.000s user + 0.000s system = 0.000s CPU (n/a%)

Start restore-hierarchy.
Executing : restore-hierarchy successfully. Time elapsed: 0.002s wall, 0.000s user + 0.000s system = 0.000s CPU (n/a%)

W: Unable to honor max fanout constraint for gtp_inv driven net N1
W: Unable to honor max fanout constraint for gtp_inv driven net N1

Cell Usage:
GTP_DFF_C                    19 uses
GTP_DRM9K                     1 use
GTP_GRS                       1 use
GTP_INV                       2 uses
GTP_LUT1                      2 uses
GTP_LUT2                      3 uses
GTP_LUT3                      1 use
GTP_LUT4                      1 use
GTP_LUT5                      1 use
GTP_LUT5CARRY                12 uses

I/O ports: 25
GTP_INBUF                   2 uses
GTP_OUTBUF                 23 uses

Mapping Summary:
Total LUTs: 20 of 17536 (0.11%)
	LUTs as dram: 0 of 4440 (0.00%)
	LUTs as logic: 20
Total Registers: 19 of 26304 (0.07%)
Total Latches: 0

DRM18K:
Total DRM18K = 0.5 of 48 (1.04%)

APMs:
Total APMs = 0.00 of 30 (0.00%)

Total I/O ports = 25 of 240 (10.42%)


Number of unique control sets : 1
  CLK(nt_sys_clk), C(~nt_ena_tb)                   : 19


Number of DFF:CLK Signals : 1
  nt_sys_clk(from GTP_INBUF:O)                     : 19

Number of DFF:CP Signals : 1
  ~nt_ena_tb(from GTP_INV:Z)                       : 19

Design 'ip_1port_ram' has been successfully synthesized to architecture-specific objects.
Saving design to DB.
Saving design to ip_1port_ram_syn.vm
Constructing timing graph ...
Timing graph has been constructed successfully
W: Timing-4087: Port 'addra_tb[0]' is not constrained, it is treated as combinational output.
W: Timing-4087: Port 'addra_tb[1]' is not constrained, it is treated as combinational output.
W: Timing-4087: Port 'addra_tb[2]' is not constrained, it is treated as combinational output.
W: Timing-4087: Port 'addra_tb[3]' is not constrained, it is treated as combinational output.
W: Timing-4087: Port 'addra_tb[4]' is not constrained, it is treated as combinational output.
W: Timing-4087: Port 'dina_tb[0]' is not constrained, it is treated as combinational output.
W: Timing-4087: Port 'dina_tb[1]' is not constrained, it is treated as combinational output.
W: Timing-4087: Port 'dina_tb[2]' is not constrained, it is treated as combinational output.
W: Timing-4087: Port 'dina_tb[3]' is not constrained, it is treated as combinational output.
W: Timing-4087: Port 'dina_tb[4]' is not constrained, it is treated as combinational output.
W: Timing-4087: Port 'dina_tb[5]' is not constrained, it is treated as combinational output.
W: Timing-4087: Port 'dina_tb[6]' is not constrained, it is treated as combinational output.
W: Timing-4087: Port 'dina_tb[7]' is not constrained, it is treated as combinational output.
W: Timing-4087: Port 'douta_tb[0]' is not constrained, it is treated as combinational output.
W: Timing-4087: Port 'douta_tb[1]' is not constrained, it is treated as combinational output.
W: Timing-4087: Port 'douta_tb[2]' is not constrained, it is treated as combinational output.
W: Timing-4087: Port 'douta_tb[3]' is not constrained, it is treated as combinational output.
W: Timing-4087: Port 'douta_tb[4]' is not constrained, it is treated as combinational output.
W: Timing-4087: Port 'douta_tb[5]' is not constrained, it is treated as combinational output.
W: Timing-4087: Port 'douta_tb[6]' is not constrained, it is treated as combinational output.
W: Timing-4087: Port 'douta_tb[7]' is not constrained, it is treated as combinational output.
W: Timing-4087: Port 'ena_tb' is not constrained, it is treated as combinational output.
W: Timing-4087: Port 'wea_tb' is not constrained, it is treated as combinational output.
W: Timing-4086: Port 'sys_rst_n' is not constrained, it is treated as combinational input.
Action synthesize: Real time elapsed is 5.000 sec
Action synthesize: CPU time elapsed is 3.338 sec
Action synthesize: Process CPU time elapsed is 3.338 sec
Current time: Wed Jul  6 13:52:19 2022
Action synthesize: Peak memory pool usage is 204,156,928 bytes
