#Build: Fabric Compiler 2021.4-SP1.2, Build 96435, May 30 04:40 2022
#Install: J:\PDS_2021.4\pango\PDS_2021.4-SP1.2\bin
#Application name: pds_shell.exe
#OS: Windows 7sp1 6.1.7601
#Hostname: USER-20180123QP
Generated by Fabric Compiler (version 2021.4-SP1.2 build 96435) at Mon Jul  4 16:27:34 2022
Compiling verification operator library.
Compiling common defs.
Loading technology operator library.
Compiling technology operator library.
Compiling technology operator (valence) library.
Compiling operator packing rules.
Compiling prim grid devices.
Compiling gate devices.
Compiling gate operators.
Compiling tech operator impls.
Building architecture model.
Loading device packaging model.
I: Parameter configuration file J:/pds/bc/ip_fifo/prj/testparam.txt cannot open.
Reading design from translate DB.
Flattening design 'ip_fifo'
W: Public-4008: Instance 'u_fifo_generator_0/U_ipml_fifo_fifo_generator_0/U_ipml_fifo_ctrl/ASYN_CTRL.asyn_rempty' of 'GTP_DFF_P' unit is dangling and will be cleaned.
W: Public-4008: Instance 'u_fifo_rd/almost_full_d0' of 'GTP_DFF_R' unit is dangling and will be cleaned.
W: Public-4008: Instance 'u_fifo_rd/almost_full_syn' of 'GTP_DFF_R' unit is dangling and will be cleaned.
W: Public-4008: Instance 'u_fifo_rd/dly_cnt[0]' of 'GTP_DFF_RE' unit is dangling and will be cleaned.
W: Public-4008: Instance 'u_fifo_rd/dly_cnt[1]' of 'GTP_DFF_RE' unit is dangling and will be cleaned.
W: Public-4008: Instance 'u_fifo_rd/dly_cnt[2]' of 'GTP_DFF_RE' unit is dangling and will be cleaned.
W: Public-4008: Instance 'u_fifo_rd/dly_cnt[3]' of 'GTP_DFF_RE' unit is dangling and will be cleaned.
W: Public-4008: Instance 'u_fifo_rd/fifo_rd_en' of 'GTP_DFF_R' unit is dangling and will be cleaned.
W: Public-4008: Instance 'u_fifo_rd/state_0' of 'GTP_DFF_SE' unit is dangling and will be cleaned.
W: Public-4008: Instance 'u_fifo_rd/state_1' of 'GTP_DFF_RE' unit is dangling and will be cleaned.
W: Public-4008: Instance 'u_fifo_rd/state_2' of 'GTP_DFF_RE' unit is dangling and will be cleaned.
W: Public-4008: Instance 'u_fifo_wr/almost_empty_d0' of 'GTP_DFF_R' unit is dangling and will be cleaned.
W: Public-4008: Instance 'u_fifo_wr/almost_empty_d1' of 'GTP_DFF_R' unit is dangling and will be cleaned.
W: Public-4008: Instance 'u_fifo_wr/almost_empty_d2' of 'GTP_DFF_R' unit is dangling and will be cleaned.
W: Public-4008: Instance 'u_fifo_wr/almost_empty_d3' of 'GTP_DFF_R' unit is dangling and will be cleaned.
W: Public-4008: Instance 'u_fifo_wr/almost_empty_syn' of 'GTP_DFF_R' unit is dangling and will be cleaned.
W: Public-4008: Instance 'u_fifo_wr/dly_cnt[0]' of 'GTP_DFF_RE' unit is dangling and will be cleaned.
W: Public-4008: Instance 'u_fifo_wr/dly_cnt[1]' of 'GTP_DFF_RE' unit is dangling and will be cleaned.
W: Public-4008: Instance 'u_fifo_wr/dly_cnt[2]' of 'GTP_DFF_RE' unit is dangling and will be cleaned.
W: Public-4008: Instance 'u_fifo_wr/dly_cnt[3]' of 'GTP_DFF_RE' unit is dangling and will be cleaned.
W: Public-4008: Instance 'u_fifo_wr/fifo_wr_data[0]' of 'GTP_DFF_RE' unit is dangling and will be cleaned.
W: Public-4008: Instance 'u_fifo_wr/fifo_wr_data[1]' of 'GTP_DFF_RE' unit is dangling and will be cleaned.
W: Public-4008: Instance 'u_fifo_wr/fifo_wr_data[2]' of 'GTP_DFF_RE' unit is dangling and will be cleaned.
W: Public-4008: Instance 'u_fifo_wr/fifo_wr_data[3]' of 'GTP_DFF_RE' unit is dangling and will be cleaned.
W: Public-4008: Instance 'u_fifo_wr/fifo_wr_data[4]' of 'GTP_DFF_RE' unit is dangling and will be cleaned.
W: Public-4008: Instance 'u_fifo_wr/fifo_wr_data[5]' of 'GTP_DFF_RE' unit is dangling and will be cleaned.
W: Public-4008: Instance 'u_fifo_wr/fifo_wr_data[6]' of 'GTP_DFF_RE' unit is dangling and will be cleaned.
W: Public-4008: Instance 'u_fifo_wr/fifo_wr_data[7]' of 'GTP_DFF_RE' unit is dangling and will be cleaned.
W: Public-4008: Instance 'u_fifo_wr/fifo_wr_en' of 'GTP_DFF_R' unit is dangling and will be cleaned.
W: Public-4008: Instance 'u_fifo_wr/state_0' of 'GTP_DFF_SE' unit is dangling and will be cleaned.
W: Public-4008: Instance 'u_fifo_wr/state_1' of 'GTP_DFF_RE' unit is dangling and will be cleaned.
W: Public-4008: Instance 'u_fifo_wr/state_2' of 'GTP_DFF_RE' unit is dangling and will be cleaned.
W: Public-4008: Instance 'u_fifo_generator_0/U_ipml_fifo_fifo_generator_0/U_ipml_fifo_ctrl/ASYN_CTRL.asyn_wfull' of 'GTP_DFF_C' unit is dangling and will be cleaned.
W: Public-4008: Instance 'u_fifo_generator_0/U_ipml_fifo_fifo_generator_0/U_ipml_fifo_ctrl/ASYN_CTRL.rbin[0]' of 'GTP_DFF_C' unit is dangling and will be cleaned.
W: Public-4008: Instance 'u_fifo_generator_0/U_ipml_fifo_fifo_generator_0/U_ipml_fifo_ctrl/ASYN_CTRL.rbin[1]' of 'GTP_DFF_C' unit is dangling and will be cleaned.
W: Public-4008: Instance 'u_fifo_generator_0/U_ipml_fifo_fifo_generator_0/U_ipml_fifo_ctrl/ASYN_CTRL.rbin[2]' of 'GTP_DFF_C' unit is dangling and will be cleaned.
W: Public-4008: Instance 'u_fifo_generator_0/U_ipml_fifo_fifo_generator_0/U_ipml_fifo_ctrl/ASYN_CTRL.rbin[3]' of 'GTP_DFF_C' unit is dangling and will be cleaned.
W: Public-4008: Instance 'u_fifo_generator_0/U_ipml_fifo_fifo_generator_0/U_ipml_fifo_ctrl/ASYN_CTRL.rbin[4]' of 'GTP_DFF_C' unit is dangling and will be cleaned.
W: Public-4008: Instance 'u_fifo_generator_0/U_ipml_fifo_fifo_generator_0/U_ipml_fifo_ctrl/ASYN_CTRL.rbin[5]' of 'GTP_DFF_C' unit is dangling and will be cleaned.
W: Public-4008: Instance 'u_fifo_generator_0/U_ipml_fifo_fifo_generator_0/U_ipml_fifo_ctrl/ASYN_CTRL.rbin[6]' of 'GTP_DFF_C' unit is dangling and will be cleaned.
W: Public-4008: Instance 'u_fifo_generator_0/U_ipml_fifo_fifo_generator_0/U_ipml_fifo_ctrl/ASYN_CTRL.rbin[7]' of 'GTP_DFF_C' unit is dangling and will be cleaned.
W: Public-4008: Instance 'u_fifo_generator_0/U_ipml_fifo_fifo_generator_0/U_ipml_fifo_ctrl/ASYN_CTRL.rbin[8]' of 'GTP_DFF_C' unit is dangling and will be cleaned.
W: Public-4008: Instance 'u_fifo_generator_0/U_ipml_fifo_fifo_generator_0/U_ipml_fifo_ctrl/ASYN_CTRL.rptr[0]' of 'GTP_DFF_C' unit is dangling and will be cleaned.
W: Public-4008: Instance 'u_fifo_generator_0/U_ipml_fifo_fifo_generator_0/U_ipml_fifo_ctrl/ASYN_CTRL.rptr[1]' of 'GTP_DFF_C' unit is dangling and will be cleaned.
W: Public-4008: Instance 'u_fifo_generator_0/U_ipml_fifo_fifo_generator_0/U_ipml_fifo_ctrl/ASYN_CTRL.rptr[2]' of 'GTP_DFF_C' unit is dangling and will be cleaned.
W: Public-4008: Instance 'u_fifo_generator_0/U_ipml_fifo_fifo_generator_0/U_ipml_fifo_ctrl/ASYN_CTRL.rptr[3]' of 'GTP_DFF_C' unit is dangling and will be cleaned.
W: Public-4008: Instance 'u_fifo_generator_0/U_ipml_fifo_fifo_generator_0/U_ipml_fifo_ctrl/ASYN_CTRL.rptr[4]' of 'GTP_DFF_C' unit is dangling and will be cleaned.
W: Public-4008: Instance 'u_fifo_generator_0/U_ipml_fifo_fifo_generator_0/U_ipml_fifo_ctrl/ASYN_CTRL.rptr[5]' of 'GTP_DFF_C' unit is dangling and will be cleaned.
W: Public-4008: Instance 'u_fifo_generator_0/U_ipml_fifo_fifo_generator_0/U_ipml_fifo_ctrl/ASYN_CTRL.rptr[6]' of 'GTP_DFF_C' unit is dangling and will be cleaned.
W: Public-4008: Instance 'u_fifo_generator_0/U_ipml_fifo_fifo_generator_0/U_ipml_fifo_ctrl/ASYN_CTRL.rptr[7]' of 'GTP_DFF_C' unit is dangling and will be cleaned.
W: Public-4008: Instance 'u_fifo_generator_0/U_ipml_fifo_fifo_generator_0/U_ipml_fifo_ctrl/ASYN_CTRL.rwptr1[0]' of 'GTP_DFF_C' unit is dangling and will be cleaned.
W: Public-4008: Instance 'u_fifo_generator_0/U_ipml_fifo_fifo_generator_0/U_ipml_fifo_ctrl/ASYN_CTRL.rwptr1[1]' of 'GTP_DFF_C' unit is dangling and will be cleaned.
W: Public-4008: Instance 'u_fifo_generator_0/U_ipml_fifo_fifo_generator_0/U_ipml_fifo_ctrl/ASYN_CTRL.rwptr1[2]' of 'GTP_DFF_C' unit is dangling and will be cleaned.
W: Public-4008: Instance 'u_fifo_generator_0/U_ipml_fifo_fifo_generator_0/U_ipml_fifo_ctrl/ASYN_CTRL.rwptr1[3]' of 'GTP_DFF_C' unit is dangling and will be cleaned.
W: Public-4008: Instance 'u_fifo_generator_0/U_ipml_fifo_fifo_generator_0/U_ipml_fifo_ctrl/ASYN_CTRL.rwptr1[4]' of 'GTP_DFF_C' unit is dangling and will be cleaned.
W: Public-4008: Instance 'u_fifo_generator_0/U_ipml_fifo_fifo_generator_0/U_ipml_fifo_ctrl/ASYN_CTRL.rwptr1[5]' of 'GTP_DFF_C' unit is dangling and will be cleaned.
W: Public-4008: Instance 'u_fifo_generator_0/U_ipml_fifo_fifo_generator_0/U_ipml_fifo_ctrl/ASYN_CTRL.rwptr1[6]' of 'GTP_DFF_C' unit is dangling and will be cleaned.
W: Public-4008: Instance 'u_fifo_generator_0/U_ipml_fifo_fifo_generator_0/U_ipml_fifo_ctrl/ASYN_CTRL.rwptr1[7]' of 'GTP_DFF_C' unit is dangling and will be cleaned.
W: Public-4008: Instance 'u_fifo_generator_0/U_ipml_fifo_fifo_generator_0/U_ipml_fifo_ctrl/ASYN_CTRL.rwptr1[8]' of 'GTP_DFF_C' unit is dangling and will be cleaned.
W: Public-4008: Instance 'u_fifo_generator_0/U_ipml_fifo_fifo_generator_0/U_ipml_fifo_ctrl/ASYN_CTRL.wbin[0]' of 'GTP_DFF_C' unit is dangling and will be cleaned.
W: Public-4008: Instance 'u_fifo_generator_0/U_ipml_fifo_fifo_generator_0/U_ipml_fifo_ctrl/ASYN_CTRL.wbin[1]' of 'GTP_DFF_C' unit is dangling and will be cleaned.
W: Public-4008: Instance 'u_fifo_generator_0/U_ipml_fifo_fifo_generator_0/U_ipml_fifo_ctrl/ASYN_CTRL.wbin[2]' of 'GTP_DFF_C' unit is dangling and will be cleaned.
W: Public-4008: Instance 'u_fifo_generator_0/U_ipml_fifo_fifo_generator_0/U_ipml_fifo_ctrl/ASYN_CTRL.wbin[3]' of 'GTP_DFF_C' unit is dangling and will be cleaned.
W: Public-4008: Instance 'u_fifo_generator_0/U_ipml_fifo_fifo_generator_0/U_ipml_fifo_ctrl/ASYN_CTRL.wbin[4]' of 'GTP_DFF_C' unit is dangling and will be cleaned.
W: Public-4008: Instance 'u_fifo_generator_0/U_ipml_fifo_fifo_generator_0/U_ipml_fifo_ctrl/ASYN_CTRL.wbin[5]' of 'GTP_DFF_C' unit is dangling and will be cleaned.
W: Public-4008: Instance 'u_fifo_generator_0/U_ipml_fifo_fifo_generator_0/U_ipml_fifo_ctrl/ASYN_CTRL.wbin[6]' of 'GTP_DFF_C' unit is dangling and will be cleaned.
W: Public-4008: Instance 'u_fifo_generator_0/U_ipml_fifo_fifo_generator_0/U_ipml_fifo_ctrl/ASYN_CTRL.wbin[7]' of 'GTP_DFF_C' unit is dangling and will be cleaned.
W: Public-4008: Instance 'u_fifo_generator_0/U_ipml_fifo_fifo_generator_0/U_ipml_fifo_ctrl/ASYN_CTRL.wbin[8]' of 'GTP_DFF_C' unit is dangling and will be cleaned.
W: Public-4008: Instance 'u_fifo_generator_0/U_ipml_fifo_fifo_generator_0/U_ipml_fifo_ctrl/ASYN_CTRL.wptr[0]' of 'GTP_DFF_C' unit is dangling and will be cleaned.
W: Public-4008: Instance 'u_fifo_generator_0/U_ipml_fifo_fifo_generator_0/U_ipml_fifo_ctrl/ASYN_CTRL.wptr[1]' of 'GTP_DFF_C' unit is dangling and will be cleaned.
W: Public-4008: Instance 'u_fifo_generator_0/U_ipml_fifo_fifo_generator_0/U_ipml_fifo_ctrl/ASYN_CTRL.wptr[2]' of 'GTP_DFF_C' unit is dangling and will be cleaned.
W: Public-4008: Instance 'u_fifo_generator_0/U_ipml_fifo_fifo_generator_0/U_ipml_fifo_ctrl/ASYN_CTRL.wptr[3]' of 'GTP_DFF_C' unit is dangling and will be cleaned.
W: Public-4008: Instance 'u_fifo_generator_0/U_ipml_fifo_fifo_generator_0/U_ipml_fifo_ctrl/ASYN_CTRL.wptr[4]' of 'GTP_DFF_C' unit is dangling and will be cleaned.
W: Public-4008: Instance 'u_fifo_generator_0/U_ipml_fifo_fifo_generator_0/U_ipml_fifo_ctrl/ASYN_CTRL.wptr[5]' of 'GTP_DFF_C' unit is dangling and will be cleaned.
W: Public-4008: Instance 'u_fifo_generator_0/U_ipml_fifo_fifo_generator_0/U_ipml_fifo_ctrl/ASYN_CTRL.wptr[6]' of 'GTP_DFF_C' unit is dangling and will be cleaned.
W: Public-4008: Instance 'u_fifo_generator_0/U_ipml_fifo_fifo_generator_0/U_ipml_fifo_ctrl/ASYN_CTRL.wptr[7]' of 'GTP_DFF_C' unit is dangling and will be cleaned.
W: Public-4008: Instance 'u_fifo_generator_0/U_ipml_fifo_fifo_generator_0/U_ipml_fifo_ctrl/ASYN_CTRL.wrptr1[0]' of 'GTP_DFF_C' unit is dangling and will be cleaned.
W: Public-4008: Instance 'u_fifo_generator_0/U_ipml_fifo_fifo_generator_0/U_ipml_fifo_ctrl/ASYN_CTRL.wrptr1[1]' of 'GTP_DFF_C' unit is dangling and will be cleaned.
W: Public-4008: Instance 'u_fifo_generator_0/U_ipml_fifo_fifo_generator_0/U_ipml_fifo_ctrl/ASYN_CTRL.wrptr1[2]' of 'GTP_DFF_C' unit is dangling and will be cleaned.
W: Public-4008: Instance 'u_fifo_generator_0/U_ipml_fifo_fifo_generator_0/U_ipml_fifo_ctrl/ASYN_CTRL.wrptr1[3]' of 'GTP_DFF_C' unit is dangling and will be cleaned.
W: Public-4008: Instance 'u_fifo_generator_0/U_ipml_fifo_fifo_generator_0/U_ipml_fifo_ctrl/ASYN_CTRL.wrptr1[4]' of 'GTP_DFF_C' unit is dangling and will be cleaned.
W: Public-4008: Instance 'u_fifo_generator_0/U_ipml_fifo_fifo_generator_0/U_ipml_fifo_ctrl/ASYN_CTRL.wrptr1[5]' of 'GTP_DFF_C' unit is dangling and will be cleaned.
W: Public-4008: Instance 'u_fifo_generator_0/U_ipml_fifo_fifo_generator_0/U_ipml_fifo_ctrl/ASYN_CTRL.wrptr1[6]' of 'GTP_DFF_C' unit is dangling and will be cleaned.
W: Public-4008: Instance 'u_fifo_generator_0/U_ipml_fifo_fifo_generator_0/U_ipml_fifo_ctrl/ASYN_CTRL.wrptr1[7]' of 'GTP_DFF_C' unit is dangling and will be cleaned.
W: Public-4008: Instance 'u_fifo_generator_0/U_ipml_fifo_fifo_generator_0/U_ipml_fifo_ctrl/ASYN_CTRL.wrptr1[8]' of 'GTP_DFF_C' unit is dangling and will be cleaned.
W: Public-4008: Instance 'u_fifo_generator_0/U_ipml_fifo_fifo_generator_0/U_ipml_fifo_ctrl/rd_water_level[0]' of 'GTP_DFF_C' unit is dangling and will be cleaned.
W: Public-4008: Instance 'u_fifo_generator_0/U_ipml_fifo_fifo_generator_0/U_ipml_fifo_ctrl/rd_water_level[1]' of 'GTP_DFF_C' unit is dangling and will be cleaned.
W: Public-4008: Instance 'u_fifo_generator_0/U_ipml_fifo_fifo_generator_0/U_ipml_fifo_ctrl/rd_water_level[2]' of 'GTP_DFF_C' unit is dangling and will be cleaned.
W: Public-4008: Instance 'u_fifo_generator_0/U_ipml_fifo_fifo_generator_0/U_ipml_fifo_ctrl/rd_water_level[3]' of 'GTP_DFF_C' unit is dangling and will be cleaned.
W: Public-4008: Instance 'u_fifo_generator_0/U_ipml_fifo_fifo_generator_0/U_ipml_fifo_ctrl/rd_water_level[4]' of 'GTP_DFF_C' unit is dangling and will be cleaned.
W: Public-4008: Instance 'u_fifo_generator_0/U_ipml_fifo_fifo_generator_0/U_ipml_fifo_ctrl/rd_water_level[5]' of 'GTP_DFF_C' unit is dangling and will be cleaned.
W: Public-4008: Instance 'u_fifo_generator_0/U_ipml_fifo_fifo_generator_0/U_ipml_fifo_ctrl/rd_water_level[6]' of 'GTP_DFF_C' unit is dangling and will be cleaned.
W: Public-4008: Instance 'u_fifo_generator_0/U_ipml_fifo_fifo_generator_0/U_ipml_fifo_ctrl/rd_water_level[7]' of 'GTP_DFF_C' unit is dangling and will be cleaned.
W: Public-4008: Instance 'u_fifo_generator_0/U_ipml_fifo_fifo_generator_0/U_ipml_fifo_ctrl/rd_water_level[8]' of 'GTP_DFF_C' unit is dangling and will be cleaned.
W: Public-4008: Instance 'u_fifo_generator_0/U_ipml_fifo_fifo_generator_0/U_ipml_fifo_ctrl/rwptr2[0]' of 'GTP_DFF_C' unit is dangling and will be cleaned.
W: Public-4008: Instance 'u_fifo_generator_0/U_ipml_fifo_fifo_generator_0/U_ipml_fifo_ctrl/rwptr2[1]' of 'GTP_DFF_C' unit is dangling and will be cleaned.
W: Public-4008: Instance 'u_fifo_generator_0/U_ipml_fifo_fifo_generator_0/U_ipml_fifo_ctrl/rwptr2[2]' of 'GTP_DFF_C' unit is dangling and will be cleaned.
W: Public-4008: Instance 'u_fifo_generator_0/U_ipml_fifo_fifo_generator_0/U_ipml_fifo_ctrl/rwptr2[3]' of 'GTP_DFF_C' unit is dangling and will be cleaned.
W: Public-4008: Instance 'u_fifo_generator_0/U_ipml_fifo_fifo_generator_0/U_ipml_fifo_ctrl/rwptr2[4]' of 'GTP_DFF_C' unit is dangling and will be cleaned.
W: Public-4008: Instance 'u_fifo_generator_0/U_ipml_fifo_fifo_generator_0/U_ipml_fifo_ctrl/rwptr2[5]' of 'GTP_DFF_C' unit is dangling and will be cleaned.
W: Public-4008: Instance 'u_fifo_generator_0/U_ipml_fifo_fifo_generator_0/U_ipml_fifo_ctrl/rwptr2[6]' of 'GTP_DFF_C' unit is dangling and will be cleaned.
W: Public-4008: Instance 'u_fifo_generator_0/U_ipml_fifo_fifo_generator_0/U_ipml_fifo_ctrl/rwptr2[7]' of 'GTP_DFF_C' unit is dangling and will be cleaned.
W: Public-4008: Instance 'u_fifo_generator_0/U_ipml_fifo_fifo_generator_0/U_ipml_fifo_ctrl/rwptr2[8]' of 'GTP_DFF_C' unit is dangling and will be cleaned.
W: Public-4008: Instance 'u_fifo_generator_0/U_ipml_fifo_fifo_generator_0/U_ipml_fifo_ctrl/wr_water_level[2]' of 'GTP_DFF_C' unit is dangling and will be cleaned.
W: Public-4008: Instance 'u_fifo_generator_0/U_ipml_fifo_fifo_generator_0/U_ipml_fifo_ctrl/wr_water_level[3]' of 'GTP_DFF_C' unit is dangling and will be cleaned.
W: Public-4008: Instance 'u_fifo_generator_0/U_ipml_fifo_fifo_generator_0/U_ipml_fifo_ctrl/wr_water_level[4]' of 'GTP_DFF_C' unit is dangling and will be cleaned.
W: Public-4008: Instance 'u_fifo_generator_0/U_ipml_fifo_fifo_generator_0/U_ipml_fifo_ctrl/wr_water_level[5]' of 'GTP_DFF_C' unit is dangling and will be cleaned.
W: Public-4008: Instance 'u_fifo_generator_0/U_ipml_fifo_fifo_generator_0/U_ipml_fifo_ctrl/wr_water_level[6]' of 'GTP_DFF_C' unit is dangling and will be cleaned.
W: Public-4008: Instance 'u_fifo_generator_0/U_ipml_fifo_fifo_generator_0/U_ipml_fifo_ctrl/wr_water_level[7]' of 'GTP_DFF_C' unit is dangling and will be cleaned.
W: Public-4008: Instance 'u_fifo_generator_0/U_ipml_fifo_fifo_generator_0/U_ipml_fifo_ctrl/wr_water_level[8]' of 'GTP_DFF_C' unit is dangling and will be cleaned.
W: Public-4008: Instance 'u_fifo_generator_0/U_ipml_fifo_fifo_generator_0/U_ipml_fifo_ctrl/wrptr2[0]' of 'GTP_DFF_C' unit is dangling and will be cleaned.
W: Public-4008: Instance 'u_fifo_generator_0/U_ipml_fifo_fifo_generator_0/U_ipml_fifo_ctrl/wrptr2[1]' of 'GTP_DFF_C' unit is dangling and will be cleaned.
W: Public-4008: Instance 'u_fifo_generator_0/U_ipml_fifo_fifo_generator_0/U_ipml_fifo_ctrl/wrptr2[2]' of 'GTP_DFF_C' unit is dangling and will be cleaned.
W: Public-4008: Instance 'u_fifo_generator_0/U_ipml_fifo_fifo_generator_0/U_ipml_fifo_ctrl/wrptr2[3]' of 'GTP_DFF_C' unit is dangling and will be cleaned.
W: Public-4008: Instance 'u_fifo_generator_0/U_ipml_fifo_fifo_generator_0/U_ipml_fifo_ctrl/wrptr2[4]' of 'GTP_DFF_C' unit is dangling and will be cleaned.
W: Public-4008: Instance 'u_fifo_generator_0/U_ipml_fifo_fifo_generator_0/U_ipml_fifo_ctrl/wrptr2[5]' of 'GTP_DFF_C' unit is dangling and will be cleaned.
W: Public-4008: Instance 'u_fifo_generator_0/U_ipml_fifo_fifo_generator_0/U_ipml_fifo_ctrl/wrptr2[6]' of 'GTP_DFF_C' unit is dangling and will be cleaned.
W: Public-4008: Instance 'u_fifo_generator_0/U_ipml_fifo_fifo_generator_0/U_ipml_fifo_ctrl/wrptr2[7]' of 'GTP_DFF_C' unit is dangling and will be cleaned.
W: Public-4008: Instance 'u_fifo_generator_0/U_ipml_fifo_fifo_generator_0/U_ipml_fifo_ctrl/wrptr2[8]' of 'GTP_DFF_C' unit is dangling and will be cleaned.
Device mapping started.
Optimizing circuit logic.
Checking design netlist.
Processing tech operator.
Converting tech operator to gate operator.
Processing gate operator.
Device mapping done.
Total device mapping takes 0.00 sec.

Device Utilization Summary:
+-------------------------------------------------------------------------+
| Logic Utilization     | Used     | Available     | Utilization(%)     
+-------------------------------------------------------------------------+
| APM                   | 0        | 30            | 0                   
| IOCKDLY               | 0        | 24            | 0                   
| FF                    | 0        | 26304         | 0                   
| LUT                   | 0        | 17536         | 0                   
| Distributed RAM       | 0        | 4440          | 0                   
| DLL                   | 0        | 6             | 0                   
| DQSL                  | 0        | 18            | 0                   
| DRM                   | 0        | 48            | 0                   
| FUSECODE              | 0        | 1             | 0                   
| IO                    | 2        | 240           | 1                   
| IOCKDIV               | 0        | 12            | 0                   
| IOCKGATE              | 0        | 12            | 0                   
| IPAL                  | 0        | 1             | 0                   
| PLL                   | 0        | 6             | 0                   
| RCKB                  | 0        | 24            | 0                   
| SCANCHAIN             | 0        | 4             | 0                   
| START                 | 0        | 1             | 0                   
| USCM                  | 0        | 20            | 0                   
| HMEMC                 | 0        | 2             | 0                   
| OSC                   | 0        | 1             | 0                   
| ADC                   | 0        | 1             | 0                   
| CRYSTAL               | 0        | 6             | 0                   
| FLSIF                 | 0        | 1             | 0                   
| RESCAL                | 0        | 6             | 0                   
| UDID                  | 0        | 1             | 0                   
+-------------------------------------------------------------------------+

Design 'ip_fifo' has been successfully mapped to architecture-specific objects.
Saving design to DB.
W: Public-4010: Pcf file J:/pds/bc/ip_fifo/prj/device_map/ip_fifo.pcf has been covered.
Action dev_map: Real time elapsed is 5.000 sec
Action dev_map: CPU time elapsed is 3.728 sec
Action dev_map: Process CPU time elapsed is 3.728 sec
Current time: Mon Jul  4 16:27:37 2022
Action dev_map: Peak memory pool usage is 203,284,480 bytes
